#
# There is insufficient memory for the Java Runtime Environment to continue.
# Native memory allocation (malloc) failed to allocate 1603552 bytes for Chunk::new
# Possible reasons:
#   The system is out of physical RAM or swap space
#   The process is running with CompressedOops enabled, and the Java Heap may be blocking the growth of the native heap
# Possible solutions:
#   Reduce memory load on the system
#   Increase physical memory or swap space
#   Check if swap backing store is full
#   Decrease Java heap size (-Xmx/-Xms)
#   Decrease number of Java threads
#   Decrease Java thread stack sizes (-Xss)
#   Set larger code cache with -XX:ReservedCodeCacheSize=
#   JVM is running with Unscaled Compressed Oops mode in which the Java heap is
#     placed in the first 4GB address space. The Java Heap base address is the
#     maximum limit for the native heap growth. Please use -XX:HeapBaseMinAddress
#     to set the Java Heap base and to place the Java Heap above 4GB virtual address.
# This output file may be truncated or incomplete.
#
#  Out of Memory Error (arena.cpp:191), pid=17592, tid=21484
#
# JRE version: OpenJDK Runtime Environment Microsoft-8902769 (17.0.10+7) (build 17.0.10+7-LTS)
# Java VM: OpenJDK 64-Bit Server VM Microsoft-8902769 (17.0.10+7-LTS, mixed mode, sharing, tiered, compressed oops, compressed class ptrs, g1 gc, windows-amd64)
# No core dump will be written. Minidumps are not enabled by default on client versions of Windows
#

---------------  S U M M A R Y ------------

Command Line: -XX:MaxMetaspaceSize=512m --add-opens=java.base/java.util=ALL-UNNAMED --add-opens=java.base/java.lang=ALL-UNNAMED --add-opens=java.base/java.lang.invoke=ALL-UNNAMED --add-opens=java.prefs/java.util.prefs=ALL-UNNAMED --add-opens=java.base/java.nio.charset=ALL-UNNAMED --add-opens=java.base/java.net=ALL-UNNAMED --add-opens=java.base/java.util.concurrent.atomic=ALL-UNNAMED -Xmx2048m -Dfile.encoding=utf8 -Duser.country=US -Duser.language=en -Duser.variant -javaagent:C:\Users\muham\.gradle\wrapper\dists\gradle-8.3-all\6en3ugtfdg5xnpx44z4qbwgas\gradle-8.3\lib\agents\gradle-instrumentation-agent-8.3.jar org.gradle.launcher.daemon.bootstrap.GradleDaemon 8.3

Host: Intel(R) Core(TM) i7-7600U CPU @ 2.80GHz, 4 cores, 7G,  Windows 10 , 64 bit Build 19041 (10.0.19041.3636)
Time: Wed May 29 06:24:25 2024 Pakistan Standard Time elapsed time: 107.322405 seconds (0d 0h 1m 47s)

---------------  T H R E A D  ---------------

Current thread (0x000001fd16bf8790):  JavaThread "C2 CompilerThread0" daemon [_thread_in_native, id=21484, stack(0x0000007bbd500000,0x0000007bbd600000)]


Current CompileTask:
C2: 107322 8788 %     4       org.gradle.internal.instantiation.generator.AbstractClassGenerator::inspectType @ 107 (560 bytes)

Stack: [0x0000007bbd500000,0x0000007bbd600000]
Native frames: (J=compiled Java code, j=interpreted, Vv=VM code, C=native code)
V  [jvm.dll+0x67f829]
V  [jvm.dll+0x83750a]
V  [jvm.dll+0x838fce]
V  [jvm.dll+0x839633]
V  [jvm.dll+0x247cbf]
V  [jvm.dll+0xac524]
V  [jvm.dll+0xacb6c]
V  [jvm.dll+0x368cf7]
V  [jvm.dll+0x1bd1c2]
V  [jvm.dll+0x21a559]
V  [jvm.dll+0x219821]
V  [jvm.dll+0x1a5176]
V  [jvm.dll+0x22957e]
V  [jvm.dll+0x22774c]
V  [jvm.dll+0x7ec5d7]
V  [jvm.dll+0x7e69da]
V  [jvm.dll+0x67e715]
C  [ucrtbase.dll+0x21bb2]
C  [KERNEL32.DLL+0x17344]
C  [ntdll.dll+0x526b1]


---------------  P R O C E S S  ---------------

Threads class SMR info:
_java_thread_list=0x000001fd3ac58d40, length=47, elements={
0x000001fd78e921d0, 0x000001fd16bd7180, 0x000001fd16bd8f20, 0x000001fd16bef690,
0x000001fd16bf0420, 0x000001fd16bf3d10, 0x000001fd16bf45e0, 0x000001fd16bf8790,
0x000001fd16c01160, 0x000001fd16c01a70, 0x000001fd16bc23b0, 0x000001fd361a4b40,
0x000001fd36e0a970, 0x000001fd38305010, 0x000001fd36d80e70, 0x000001fd379b51b0,
0x000001fd36eb3a20, 0x000001fd3798d160, 0x000001fd36fb2f20, 0x000001fd380db580,
0x000001fd380dba90, 0x000001fd380dced0, 0x000001fd380dd3e0, 0x000001fd380dd8f0,
0x000001fd380dbfa0, 0x000001fd380de310, 0x000001fd380dc4b0, 0x000001fd380dde00,
0x000001fd380de820, 0x000001fd39827560, 0x000001fd39826b40, 0x000001fd39828eb0,
0x000001fd39826630, 0x000001fd3982a2f0, 0x000001fd39827a70, 0x000001fd39827f80,
0x000001fd3982b730, 0x000001fd39828490, 0x000001fd3982c660, 0x000001fd3982a800,
0x000001fd398289a0, 0x000001fd398298d0, 0x000001fd3982ad10, 0x000001fd39829de0,
0x000001fd3982bc40, 0x000001fd3982c150, 0x000001fd389fbad0
}

Java Threads: ( => current thread )
  0x000001fd78e921d0 JavaThread "main" [_thread_blocked, id=8420, stack(0x0000007bbc800000,0x0000007bbc900000)]
  0x000001fd16bd7180 JavaThread "Reference Handler" daemon [_thread_blocked, id=3316, stack(0x0000007bbcf00000,0x0000007bbd000000)]
  0x000001fd16bd8f20 JavaThread "Finalizer" daemon [_thread_blocked, id=16416, stack(0x0000007bbd000000,0x0000007bbd100000)]
  0x000001fd16bef690 JavaThread "Signal Dispatcher" daemon [_thread_blocked, id=15012, stack(0x0000007bbd100000,0x0000007bbd200000)]
  0x000001fd16bf0420 JavaThread "Attach Listener" daemon [_thread_blocked, id=16968, stack(0x0000007bbd200000,0x0000007bbd300000)]
  0x000001fd16bf3d10 JavaThread "Service Thread" daemon [_thread_blocked, id=14752, stack(0x0000007bbd300000,0x0000007bbd400000)]
  0x000001fd16bf45e0 JavaThread "Monitor Deflation Thread" daemon [_thread_blocked, id=9832, stack(0x0000007bbd400000,0x0000007bbd500000)]
=>0x000001fd16bf8790 JavaThread "C2 CompilerThread0" daemon [_thread_in_native, id=21484, stack(0x0000007bbd500000,0x0000007bbd600000)]
  0x000001fd16c01160 JavaThread "C1 CompilerThread0" daemon [_thread_blocked, id=16780, stack(0x0000007bbd600000,0x0000007bbd700000)]
  0x000001fd16c01a70 JavaThread "Sweeper thread" daemon [_thread_blocked, id=19436, stack(0x0000007bbd700000,0x0000007bbd800000)]
  0x000001fd16bc23b0 JavaThread "Common-Cleaner" daemon [_thread_blocked, id=1868, stack(0x0000007bbd800000,0x0000007bbd900000)]
  0x000001fd361a4b40 JavaThread "Notification Thread" daemon [_thread_blocked, id=15264, stack(0x0000007bbd900000,0x0000007bbda00000)]
  0x000001fd36e0a970 JavaThread "Daemon health stats" [_thread_blocked, id=17352, stack(0x0000007bbdb00000,0x0000007bbdc00000)]
  0x000001fd38305010 JavaThread "Incoming local TCP Connector on port 49658" [_thread_in_native, id=14452, stack(0x0000007bbdf00000,0x0000007bbe000000)]
  0x000001fd36d80e70 JavaThread "Daemon periodic checks" [_thread_blocked, id=16932, stack(0x0000007bbe100000,0x0000007bbe200000)]
  0x000001fd379b51b0 JavaThread "Daemon" [_thread_blocked, id=8116, stack(0x0000007bbe200000,0x0000007bbe300000)]
  0x000001fd36eb3a20 JavaThread "Handler for socket connection from /127.0.0.1:49658 to /127.0.0.1:49659" [_thread_in_native, id=10280, stack(0x0000007bbe300000,0x0000007bbe400000)]
  0x000001fd3798d160 JavaThread "Cancel handler" [_thread_blocked, id=6208, stack(0x0000007bbe000000,0x0000007bbe100000)]
  0x000001fd36fb2f20 JavaThread "Daemon worker" [_thread_in_Java, id=21328, stack(0x0000007bbe400000,0x0000007bbe500000)]
  0x000001fd380db580 JavaThread "Asynchronous log dispatcher for DefaultDaemonConnection: socket connection from /127.0.0.1:49658 to /127.0.0.1:49659" [_thread_blocked, id=3448, stack(0x0000007bbe500000,0x0000007bbe600000)]
  0x000001fd380dba90 JavaThread "Daemon client event forwarder" [_thread_blocked, id=12748, stack(0x0000007bbe700000,0x0000007bbe800000)]
  0x000001fd380dced0 JavaThread "Cache worker for journal cache (C:\Users\muham\.gradle\caches\journal-1)" [_thread_blocked, id=9652, stack(0x0000007bbe800000,0x0000007bbe900000)]
  0x000001fd380dd3e0 JavaThread "File lock request listener" [_thread_in_native, id=18596, stack(0x0000007bbe900000,0x0000007bbea00000)]
  0x000001fd380dd8f0 JavaThread "Cache worker for file hash cache (C:\Users\muham\.gradle\caches\8.3\fileHashes)" [_thread_blocked, id=18536, stack(0x0000007bbea00000,0x0000007bbeb00000)]
  0x000001fd380dbfa0 JavaThread "File watcher server" daemon [_thread_in_native, id=4752, stack(0x0000007bbec00000,0x0000007bbed00000)]
  0x000001fd380de310 JavaThread "File watcher consumer" daemon [_thread_blocked, id=10032, stack(0x0000007bbeb00000,0x0000007bbec00000)]
  0x000001fd380dc4b0 JavaThread "Cache worker for checksums cache (D:\Study Material\6th Semester\MAD\Projects\Practice\android\.gradle\8.3\checksums)" [_thread_blocked, id=17404, stack(0x0000007bbed00000,0x0000007bbee00000)]
  0x000001fd380dde00 JavaThread "Cache worker for file hash cache (D:\Study Material\6th Semester\MAD\Projects\Practice\android\.gradle\8.3\fileHashes)" [_thread_blocked, id=10560, stack(0x0000007bbef00000,0x0000007bbf000000)]
  0x000001fd380de820 JavaThread "Cache worker for cache directory md-supplier (C:\Users\muham\.gradle\caches\8.3\md-supplier)" [_thread_blocked, id=6344, stack(0x0000007bbf000000,0x0000007bbf100000)]
  0x000001fd39827560 JavaThread "Cache worker for file content cache (C:\Users\muham\.gradle\caches\8.3\fileContent)" [_thread_blocked, id=12516, stack(0x0000007bbf100000,0x0000007bbf200000)]
  0x000001fd39826b40 JavaThread "Cache worker for cache directory md-rule (C:\Users\muham\.gradle\caches\8.3\md-rule)" [_thread_blocked, id=15092, stack(0x0000007bbf200000,0x0000007bbf300000)]
  0x000001fd39828eb0 JavaThread "Cache worker for execution history cache (C:\Users\muham\.gradle\caches\8.3\executionHistory)" [_thread_blocked, id=4916, stack(0x0000007bbf300000,0x0000007bbf400000)]
  0x000001fd39826630 JavaThread "jar transforms" [_thread_blocked, id=1756, stack(0x0000007bbf500000,0x0000007bbf600000)]
  0x000001fd3982a2f0 JavaThread "jar transforms Thread 2" [_thread_blocked, id=20216, stack(0x0000007bbf400000,0x0000007bbf500000)]
  0x000001fd39827a70 JavaThread "jar transforms Thread 3" [_thread_blocked, id=5184, stack(0x0000007bbf700000,0x0000007bbf800000)]
  0x000001fd39827f80 JavaThread "jar transforms Thread 4" [_thread_blocked, id=8100, stack(0x0000007bbf800000,0x0000007bbf900000)]
  0x000001fd3982b730 JavaThread "Cache worker for kotlin-dsl (C:\Users\muham\.gradle\caches\8.3\kotlin-dsl)" [_thread_blocked, id=1460, stack(0x0000007bbc500000,0x0000007bbc600000)]
  0x000001fd39828490 JavaThread "File lock release action executor" [_thread_blocked, id=3528, stack(0x0000007bbc700000,0x0000007bbc800000)]
  0x000001fd3982c660 JavaThread "Unconstrained build operations" [_thread_blocked, id=3288, stack(0x0000007bbe600000,0x0000007bbe700000)]
  0x000001fd3982a800 JavaThread "Unconstrained build operations Thread 2" [_thread_blocked, id=11600, stack(0x0000007bbfa00000,0x0000007bbfb00000)]
  0x000001fd398289a0 JavaThread "Cache worker for dependencies-accessors (D:\Study Material\6th Semester\MAD\Projects\Practice\android\.gradle\8.3\dependencies-accessors)" [_thread_blocked, id=17560, stack(0x0000007bbfc00000,0x0000007bbfd00000)]
  0x000001fd398298d0 JavaThread "Cache worker for Build Output Cleanup Cache (D:\Study Material\6th Semester\MAD\Projects\Practice\node_modules\@react-native\gradle-plugin\.gradle\buildOutputCleanup)" [_thread_blocked, id=21168, stack(0x0000007bbfb00000,0x0000007bbfc00000)]
  0x000001fd3982ad10 JavaThread "Unconstrained build operations Thread 3" [_thread_blocked, id=16928, stack(0x0000007bbfd00000,0x0000007bbfe00000)]
  0x000001fd39829de0 JavaThread "Unconstrained build operations Thread 4" [_thread_blocked, id=17848, stack(0x0000007bbfe00000,0x0000007bbff00000)]
  0x000001fd3982bc40 JavaThread "Unconstrained build operations Thread 5" [_thread_blocked, id=20368, stack(0x0000007bbff00000,0x0000007bc0000000)]
  0x000001fd3982c150 JavaThread "Memory manager" [_thread_blocked, id=3808, stack(0x0000007bc0100000,0x0000007bc0200000)]
  0x000001fd389fbad0 JavaThread "Cache worker for Build Output Cleanup Cache (D:\Study Material\6th Semester\MAD\Projects\Practice\android\.gradle\buildOutputCleanup)" [_thread_blocked, id=6728, stack(0x0000007bc0000000,0x0000007bc0100000)]

Other Threads:
  0x000001fd16bd0640 VMThread "VM Thread" [stack: 0x0000007bbce00000,0x0000007bbcf00000] [id=7908] _threads_hazard_ptr=0x000001fd3ac58d40
  0x000001fd78e930a0 WatcherThread [stack: 0x0000007bbda00000,0x0000007bbdb00000] [id=10788]
  0x000001fd78eedf10 GCTaskThread "GC Thread#0" [stack: 0x0000007bbc900000,0x0000007bbca00000] [id=10572]
  0x000001fd36498620 GCTaskThread "GC Thread#1" [stack: 0x0000007bbdc00000,0x0000007bbdd00000] [id=1332]
  0x000001fd362c43a0 GCTaskThread "GC Thread#2" [stack: 0x0000007bbdd00000,0x0000007bbde00000] [id=18920]
  0x000001fd36c22f70 GCTaskThread "GC Thread#3" [stack: 0x0000007bbde00000,0x0000007bbdf00000] [id=16292]
  0x000001fd78effd80 ConcurrentGCThread "G1 Main Marker" [stack: 0x0000007bbca00000,0x0000007bbcb00000] [id=19216]
  0x000001fd78f00e50 ConcurrentGCThread "G1 Conc#0" [stack: 0x0000007bbcb00000,0x0000007bbcc00000] [id=5376]
  0x000001fd78f48b10 ConcurrentGCThread "G1 Refine#0" [stack: 0x0000007bbcc00000,0x0000007bbcd00000] [id=12440]
  0x000001fd395b9350 ConcurrentGCThread "G1 Refine#1" [stack: 0x0000007bbee00000,0x0000007bbef00000] [id=3292]
  0x000001fd78f49450 ConcurrentGCThread "G1 Service" [stack: 0x0000007bbcd00000,0x0000007bbce00000] [id=16788]

Threads with active compile tasks:
C2 CompilerThread0   107395 8788 %     4       org.gradle.internal.instantiation.generator.AbstractClassGenerator::inspectType @ 107 (560 bytes)

VM state: synchronizing (normal execution)

VM Mutex/Monitor currently owned by a thread:  ([mutex/lock_event])
[0x000001fd78e8e210] Threads_lock - owner thread: 0x000001fd16bd0640

Heap address: 0x0000000080000000, size: 2048 MB, Compressed Oops mode: 32-bit

CDS archive(s) mapped at: [0x000001fd17000000-0x000001fd17bb0000-0x000001fd17bb0000), size 12255232, SharedBaseAddress: 0x000001fd17000000, ArchiveRelocationMode: 1.
Compressed class space mapped at: 0x000001fd18000000-0x000001fd32000000, reserved size: 436207616
Narrow klass base: 0x000001fd17000000, Narrow klass shift: 0, Narrow klass range: 0x100000000

GC Precious Log:
 CPUs: 4 total, 4 available
 Memory: 8067M
 Large Page Support: Disabled
 NUMA Support: Disabled
 Compressed Oops: Enabled (32-bit)
 Heap Region Size: 1M
 Heap Min Capacity: 8M
 Heap Initial Capacity: 128M
 Heap Max Capacity: 2G
 Pre-touch: Disabled
 Parallel Workers: 4
 Concurrent Workers: 1
 Concurrent Refinement Workers: 4
 Periodic GC: Disabled

Heap:
 garbage-first heap   total 215040K, used 75748K [0x0000000080000000, 0x0000000100000000)
  region size 1024K, 12 young (12288K), 7 survivors (7168K)
 Metaspace       used 74713K, committed 75456K, reserved 491520K
  class space    used 10408K, committed 10752K, reserved 425984K

Heap Regions: E=young(eden), S=young(survivor), O=old, HS=humongous(starts), HC=humongous(continues), CS=collection set, F=free, OA=open archive, CA=closed archive, TAMS=top-at-mark-start (previous, next)
|   0|0x0000000080000000, 0x0000000080100000, 0x0000000080100000|100%| O|  |TAMS 0x0000000080100000, 0x0000000080000000| Untracked 
|   1|0x0000000080100000, 0x0000000080200000, 0x0000000080200000|100%| O|  |TAMS 0x0000000080200000, 0x0000000080100000| Untracked 
|   2|0x0000000080200000, 0x0000000080300000, 0x0000000080300000|100%|HS|  |TAMS 0x0000000080300000, 0x0000000080200000| Complete 
|   3|0x0000000080300000, 0x0000000080400000, 0x0000000080400000|100%|HC|  |TAMS 0x0000000080400000, 0x0000000080300000| Complete 
|   4|0x0000000080400000, 0x0000000080500000, 0x0000000080500000|100%|HC|  |TAMS 0x0000000080500000, 0x0000000080400000| Complete 
|   5|0x0000000080500000, 0x0000000080600000, 0x0000000080600000|100%|HC|  |TAMS 0x0000000080600000, 0x0000000080500000| Complete 
|   6|0x0000000080600000, 0x0000000080600000, 0x0000000080700000|  0%| F|  |TAMS 0x0000000080600000, 0x0000000080600000| Untracked 
|   7|0x0000000080700000, 0x0000000080800000, 0x0000000080800000|100%| O|  |TAMS 0x0000000080800000, 0x0000000080700000| Untracked 
|   8|0x0000000080800000, 0x0000000080900000, 0x0000000080900000|100%| O|  |TAMS 0x0000000080900000, 0x0000000080800000| Untracked 
|   9|0x0000000080900000, 0x0000000080a00000, 0x0000000080a00000|100%| O|  |TAMS 0x0000000080a00000, 0x0000000080900000| Untracked 
|  10|0x0000000080a00000, 0x0000000080b00000, 0x0000000080b00000|100%| O|  |TAMS 0x0000000080b00000, 0x0000000080a00000| Untracked 
|  11|0x0000000080b00000, 0x0000000080c00000, 0x0000000080c00000|100%| O|  |TAMS 0x0000000080c00000, 0x0000000080b00000| Untracked 
|  12|0x0000000080c00000, 0x0000000080d00000, 0x0000000080d00000|100%| O|  |TAMS 0x0000000080d00000, 0x0000000080c00000| Untracked 
|  13|0x0000000080d00000, 0x0000000080e00000, 0x0000000080e00000|100%| O|  |TAMS 0x0000000080e00000, 0x0000000080d00000| Untracked 
|  14|0x0000000080e00000, 0x0000000080f00000, 0x0000000080f00000|100%| O|  |TAMS 0x0000000080f00000, 0x0000000080e00000| Untracked 
|  15|0x0000000080f00000, 0x0000000081000000, 0x0000000081000000|100%| O|  |TAMS 0x0000000081000000, 0x0000000080f00000| Untracked 
|  16|0x0000000081000000, 0x0000000081100000, 0x0000000081100000|100%| O|  |TAMS 0x0000000081100000, 0x0000000081000000| Untracked 
|  17|0x0000000081100000, 0x0000000081200000, 0x0000000081200000|100%| O|  |TAMS 0x0000000081200000, 0x0000000081100000| Untracked 
|  18|0x0000000081200000, 0x0000000081300000, 0x0000000081300000|100%| O|  |TAMS 0x0000000081300000, 0x0000000081200000| Untracked 
|  19|0x0000000081300000, 0x0000000081400000, 0x0000000081400000|100%| O|  |TAMS 0x0000000081400000, 0x0000000081300000| Untracked 
|  20|0x0000000081400000, 0x0000000081500000, 0x0000000081500000|100%| O|  |TAMS 0x0000000081500000, 0x0000000081400000| Untracked 
|  21|0x0000000081500000, 0x0000000081600000, 0x0000000081600000|100%| O|  |TAMS 0x0000000081600000, 0x0000000081500000| Untracked 
|  22|0x0000000081600000, 0x0000000081700000, 0x0000000081700000|100%| O|  |TAMS 0x0000000081700000, 0x0000000081600000| Untracked 
|  23|0x0000000081700000, 0x0000000081800000, 0x0000000081800000|100%| O|  |TAMS 0x0000000081800000, 0x0000000081700000| Untracked 
|  24|0x0000000081800000, 0x0000000081900000, 0x0000000081900000|100%| O|  |TAMS 0x0000000081900000, 0x0000000081800000| Untracked 
|  25|0x0000000081900000, 0x0000000081a00000, 0x0000000081a00000|100%| O|  |TAMS 0x0000000081a00000, 0x0000000081900000| Untracked 
|  26|0x0000000081a00000, 0x0000000081b00000, 0x0000000081b00000|100%| O|  |TAMS 0x0000000081b00000, 0x0000000081a00000| Untracked 
|  27|0x0000000081b00000, 0x0000000081c00000, 0x0000000081c00000|100%| O|  |TAMS 0x0000000081c00000, 0x0000000081b00000| Untracked 
|  28|0x0000000081c00000, 0x0000000081d00000, 0x0000000081d00000|100%| O|  |TAMS 0x0000000081d00000, 0x0000000081c00000| Untracked 
|  29|0x0000000081d00000, 0x0000000081e00000, 0x0000000081e00000|100%| O|  |TAMS 0x0000000081e00000, 0x0000000081d00000| Untracked 
|  30|0x0000000081e00000, 0x0000000081f00000, 0x0000000081f00000|100%| O|  |TAMS 0x0000000081f00000, 0x0000000081e00000| Untracked 
|  31|0x0000000081f00000, 0x0000000082000000, 0x0000000082000000|100%| O|  |TAMS 0x0000000082000000, 0x0000000081f00000| Untracked 
|  32|0x0000000082000000, 0x0000000082100000, 0x0000000082100000|100%| O|  |TAMS 0x0000000082100000, 0x0000000082000000| Untracked 
|  33|0x0000000082100000, 0x0000000082200000, 0x0000000082200000|100%| O|  |TAMS 0x0000000082200000, 0x0000000082100000| Untracked 
|  34|0x0000000082200000, 0x0000000082300000, 0x0000000082300000|100%| O|  |TAMS 0x0000000082300000, 0x0000000082200000| Untracked 
|  35|0x0000000082300000, 0x0000000082400000, 0x0000000082400000|100%| O|  |TAMS 0x0000000082400000, 0x0000000082300000| Untracked 
|  36|0x0000000082400000, 0x0000000082500000, 0x0000000082500000|100%| O|  |TAMS 0x0000000082500000, 0x0000000082400000| Untracked 
|  37|0x0000000082500000, 0x0000000082600000, 0x0000000082600000|100%| O|  |TAMS 0x0000000082600000, 0x0000000082500000| Untracked 
|  38|0x0000000082600000, 0x0000000082700000, 0x0000000082700000|100%| O|  |TAMS 0x0000000082700000, 0x0000000082600000| Untracked 
|  39|0x0000000082700000, 0x0000000082800000, 0x0000000082800000|100%| O|  |TAMS 0x0000000082800000, 0x0000000082700000| Untracked 
|  40|0x0000000082800000, 0x0000000082900000, 0x0000000082900000|100%| O|  |TAMS 0x0000000082900000, 0x0000000082800000| Untracked 
|  41|0x0000000082900000, 0x0000000082a00000, 0x0000000082a00000|100%| O|  |TAMS 0x0000000082a00000, 0x0000000082900000| Untracked 
|  42|0x0000000082a00000, 0x0000000082b00000, 0x0000000082b00000|100%| O|  |TAMS 0x0000000082b00000, 0x0000000082a00000| Untracked 
|  43|0x0000000082b00000, 0x0000000082c00000, 0x0000000082c00000|100%| O|  |TAMS 0x0000000082c00000, 0x0000000082b00000| Untracked 
|  44|0x0000000082c00000, 0x0000000082d00000, 0x0000000082d00000|100%| O|  |TAMS 0x0000000082c00000, 0x0000000082c00000| Untracked 
|  45|0x0000000082d00000, 0x0000000082e00000, 0x0000000082e00000|100%| O|  |TAMS 0x0000000082e00000, 0x0000000082d00000| Untracked 
|  46|0x0000000082e00000, 0x0000000082f00000, 0x0000000082f00000|100%| O|  |TAMS 0x0000000082f00000, 0x0000000082e00000| Untracked 
|  47|0x0000000082f00000, 0x0000000083000000, 0x0000000083000000|100%| O|  |TAMS 0x0000000083000000, 0x0000000082f00000| Untracked 
|  48|0x0000000083000000, 0x0000000083100000, 0x0000000083100000|100%| O|  |TAMS 0x0000000083100000, 0x0000000083000000| Untracked 
|  49|0x0000000083100000, 0x0000000083200000, 0x0000000083200000|100%|HS|  |TAMS 0x0000000083200000, 0x0000000083100000| Complete 
|  50|0x0000000083200000, 0x0000000083300000, 0x0000000083300000|100%|HC|  |TAMS 0x0000000083300000, 0x0000000083200000| Complete 
|  51|0x0000000083300000, 0x0000000083400000, 0x0000000083400000|100%|HS|  |TAMS 0x0000000083400000, 0x0000000083300000| Complete 
|  52|0x0000000083400000, 0x0000000083500000, 0x0000000083500000|100%|HC|  |TAMS 0x0000000083500000, 0x0000000083400000| Complete 
|  53|0x0000000083500000, 0x0000000083600000, 0x0000000083600000|100%|HS|  |TAMS 0x0000000083600000, 0x0000000083500000| Complete 
|  54|0x0000000083600000, 0x0000000083700000, 0x0000000083700000|100%|HC|  |TAMS 0x0000000083700000, 0x0000000083600000| Complete 
|  55|0x0000000083700000, 0x0000000083800000, 0x0000000083800000|100%|HC|  |TAMS 0x0000000083800000, 0x0000000083700000| Complete 
|  56|0x0000000083800000, 0x0000000083900000, 0x0000000083900000|100%|HC|  |TAMS 0x0000000083900000, 0x0000000083800000| Complete 
|  57|0x0000000083900000, 0x0000000083a00000, 0x0000000083a00000|100%| O|  |TAMS 0x0000000083a00000, 0x0000000083900000| Untracked 
|  58|0x0000000083a00000, 0x0000000083b00000, 0x0000000083b00000|100%| O|  |TAMS 0x0000000083af0000, 0x0000000083a00000| Untracked 
|  59|0x0000000083b00000, 0x0000000083c00000, 0x0000000083c00000|100%|HS|  |TAMS 0x0000000083b00000, 0x0000000083b00000| Complete 
|  60|0x0000000083c00000, 0x0000000083d00000, 0x0000000083d00000|100%|HC|  |TAMS 0x0000000083c00000, 0x0000000083c00000| Complete 
|  61|0x0000000083d00000, 0x0000000083e00000, 0x0000000083e00000|100%|HC|  |TAMS 0x0000000083d00000, 0x0000000083d00000| Complete 
|  62|0x0000000083e00000, 0x0000000083f00000, 0x0000000083f00000|100%|HC|  |TAMS 0x0000000083e00000, 0x0000000083e00000| Complete 
|  63|0x0000000083f00000, 0x0000000084000000, 0x0000000084000000|100%| O|  |TAMS 0x0000000083f00000, 0x0000000083f00000| Untracked 
|  64|0x0000000084000000, 0x0000000084057800, 0x0000000084100000| 34%| O|  |TAMS 0x0000000084000000, 0x0000000084000000| Untracked 
|  65|0x0000000084100000, 0x0000000084100000, 0x0000000084200000|  0%| F|  |TAMS 0x0000000084100000, 0x0000000084100000| Untracked 
|  66|0x0000000084200000, 0x0000000084200000, 0x0000000084300000|  0%| F|  |TAMS 0x0000000084200000, 0x0000000084200000| Untracked 
|  67|0x0000000084300000, 0x0000000084300000, 0x0000000084400000|  0%| F|  |TAMS 0x0000000084300000, 0x0000000084300000| Untracked 
|  68|0x0000000084400000, 0x0000000084400000, 0x0000000084500000|  0%| F|  |TAMS 0x0000000084400000, 0x0000000084400000| Untracked 
|  69|0x0000000084500000, 0x0000000084500000, 0x0000000084600000|  0%| F|  |TAMS 0x0000000084500000, 0x0000000084500000| Untracked 
|  70|0x0000000084600000, 0x0000000084600000, 0x0000000084700000|  0%| F|  |TAMS 0x0000000084600000, 0x0000000084600000| Untracked 
|  71|0x0000000084700000, 0x0000000084700000, 0x0000000084800000|  0%| F|  |TAMS 0x0000000084700000, 0x0000000084700000| Untracked 
|  72|0x0000000084800000, 0x0000000084800000, 0x0000000084900000|  0%| F|  |TAMS 0x0000000084800000, 0x0000000084800000| Untracked 
|  73|0x0000000084900000, 0x0000000084900000, 0x0000000084a00000|  0%| F|  |TAMS 0x0000000084900000, 0x0000000084900000| Untracked 
|  74|0x0000000084a00000, 0x0000000084a00000, 0x0000000084b00000|  0%| F|  |TAMS 0x0000000084a00000, 0x0000000084a00000| Untracked 
|  75|0x0000000084b00000, 0x0000000084b00000, 0x0000000084c00000|  0%| F|  |TAMS 0x0000000084b00000, 0x0000000084b00000| Untracked 
|  76|0x0000000084c00000, 0x0000000084c00000, 0x0000000084d00000|  0%| F|  |TAMS 0x0000000084c00000, 0x0000000084c00000| Untracked 
|  77|0x0000000084d00000, 0x0000000084d00000, 0x0000000084e00000|  0%| F|  |TAMS 0x0000000084d00000, 0x0000000084d00000| Untracked 
|  78|0x0000000084e00000, 0x0000000084e00000, 0x0000000084f00000|  0%| F|  |TAMS 0x0000000084e00000, 0x0000000084e00000| Untracked 
|  79|0x0000000084f00000, 0x0000000084f00000, 0x0000000085000000|  0%| F|  |TAMS 0x0000000084f00000, 0x0000000084f00000| Untracked 
|  80|0x0000000085000000, 0x0000000085000000, 0x0000000085100000|  0%| F|  |TAMS 0x0000000085000000, 0x0000000085000000| Untracked 
|  81|0x0000000085100000, 0x0000000085100000, 0x0000000085200000|  0%| F|  |TAMS 0x0000000085100000, 0x0000000085100000| Untracked 
|  82|0x0000000085200000, 0x0000000085200000, 0x0000000085300000|  0%| F|  |TAMS 0x0000000085200000, 0x0000000085200000| Untracked 
|  83|0x0000000085300000, 0x0000000085300000, 0x0000000085400000|  0%| F|  |TAMS 0x0000000085300000, 0x0000000085300000| Untracked 
|  84|0x0000000085400000, 0x0000000085400000, 0x0000000085500000|  0%| F|  |TAMS 0x0000000085400000, 0x0000000085400000| Untracked 
|  85|0x0000000085500000, 0x0000000085500000, 0x0000000085600000|  0%| F|  |TAMS 0x0000000085500000, 0x0000000085500000| Untracked 
|  86|0x0000000085600000, 0x0000000085600000, 0x0000000085700000|  0%| F|  |TAMS 0x0000000085600000, 0x0000000085600000| Untracked 
|  87|0x0000000085700000, 0x0000000085700000, 0x0000000085800000|  0%| F|  |TAMS 0x0000000085700000, 0x0000000085700000| Untracked 
|  88|0x0000000085800000, 0x0000000085800000, 0x0000000085900000|  0%| F|  |TAMS 0x0000000085800000, 0x0000000085800000| Untracked 
|  89|0x0000000085900000, 0x0000000085900000, 0x0000000085a00000|  0%| F|  |TAMS 0x0000000085900000, 0x0000000085900000| Untracked 
|  90|0x0000000085a00000, 0x0000000085a00000, 0x0000000085b00000|  0%| F|  |TAMS 0x0000000085a00000, 0x0000000085a00000| Untracked 
|  91|0x0000000085b00000, 0x0000000085b00000, 0x0000000085c00000|  0%| F|  |TAMS 0x0000000085b00000, 0x0000000085b00000| Untracked 
|  92|0x0000000085c00000, 0x0000000085c00000, 0x0000000085d00000|  0%| F|  |TAMS 0x0000000085c00000, 0x0000000085c00000| Untracked 
|  93|0x0000000085d00000, 0x0000000085d00000, 0x0000000085e00000|  0%| F|  |TAMS 0x0000000085d00000, 0x0000000085d00000| Untracked 
|  94|0x0000000085e00000, 0x0000000085e00000, 0x0000000085f00000|  0%| F|  |TAMS 0x0000000085e00000, 0x0000000085e00000| Untracked 
|  95|0x0000000085f00000, 0x0000000085f00000, 0x0000000086000000|  0%| F|  |TAMS 0x0000000085f00000, 0x0000000085f00000| Untracked 
|  96|0x0000000086000000, 0x0000000086000000, 0x0000000086100000|  0%| F|  |TAMS 0x0000000086000000, 0x0000000086000000| Untracked 
|  97|0x0000000086100000, 0x0000000086100000, 0x0000000086200000|  0%| F|  |TAMS 0x0000000086100000, 0x0000000086100000| Untracked 
|  98|0x0000000086200000, 0x0000000086200000, 0x0000000086300000|  0%| F|  |TAMS 0x0000000086200000, 0x0000000086200000| Untracked 
|  99|0x0000000086300000, 0x0000000086300000, 0x0000000086400000|  0%| F|  |TAMS 0x0000000086300000, 0x0000000086300000| Untracked 
| 100|0x0000000086400000, 0x0000000086400000, 0x0000000086500000|  0%| F|  |TAMS 0x0000000086400000, 0x0000000086400000| Untracked 
| 101|0x0000000086500000, 0x0000000086500000, 0x0000000086600000|  0%| F|  |TAMS 0x0000000086500000, 0x0000000086500000| Untracked 
| 102|0x0000000086600000, 0x0000000086600000, 0x0000000086700000|  0%| F|  |TAMS 0x0000000086600000, 0x0000000086600000| Untracked 
| 103|0x0000000086700000, 0x00000000867a1a80, 0x0000000086800000| 63%| S|CS|TAMS 0x0000000086700000, 0x0000000086700000| Complete 
| 104|0x0000000086800000, 0x0000000086900000, 0x0000000086900000|100%| S|CS|TAMS 0x0000000086800000, 0x0000000086800000| Complete 
| 105|0x0000000086900000, 0x0000000086a00000, 0x0000000086a00000|100%| S|CS|TAMS 0x0000000086900000, 0x0000000086900000| Complete 
| 106|0x0000000086a00000, 0x0000000086b00000, 0x0000000086b00000|100%| S|CS|TAMS 0x0000000086a00000, 0x0000000086a00000| Complete 
| 107|0x0000000086b00000, 0x0000000086c00000, 0x0000000086c00000|100%| S|CS|TAMS 0x0000000086b00000, 0x0000000086b00000| Complete 
| 108|0x0000000086c00000, 0x0000000086d00000, 0x0000000086d00000|100%| S|CS|TAMS 0x0000000086c00000, 0x0000000086c00000| Complete 
| 109|0x0000000086d00000, 0x0000000086e00000, 0x0000000086e00000|100%| S|CS|TAMS 0x0000000086d00000, 0x0000000086d00000| Complete 
| 110|0x0000000086e00000, 0x0000000086e00000, 0x0000000086f00000|  0%| F|  |TAMS 0x0000000086e00000, 0x0000000086e00000| Untracked 
| 111|0x0000000086f00000, 0x0000000086f00000, 0x0000000087000000|  0%| F|  |TAMS 0x0000000086f00000, 0x0000000086f00000| Untracked 
| 112|0x0000000087000000, 0x0000000087000000, 0x0000000087100000|  0%| F|  |TAMS 0x0000000087000000, 0x0000000087000000| Untracked 
| 113|0x0000000087100000, 0x0000000087100000, 0x0000000087200000|  0%| F|  |TAMS 0x0000000087100000, 0x0000000087100000| Untracked 
| 114|0x0000000087200000, 0x0000000087200000, 0x0000000087300000|  0%| F|  |TAMS 0x0000000087200000, 0x0000000087200000| Untracked 
| 115|0x0000000087300000, 0x0000000087300000, 0x0000000087400000|  0%| F|  |TAMS 0x0000000087300000, 0x0000000087300000| Untracked 
| 116|0x0000000087400000, 0x0000000087400000, 0x0000000087500000|  0%| F|  |TAMS 0x0000000087400000, 0x0000000087400000| Untracked 
| 117|0x0000000087500000, 0x0000000087500000, 0x0000000087600000|  0%| F|  |TAMS 0x0000000087500000, 0x0000000087500000| Untracked 
| 118|0x0000000087600000, 0x0000000087600000, 0x0000000087700000|  0%| F|  |TAMS 0x0000000087600000, 0x0000000087600000| Untracked 
| 119|0x0000000087700000, 0x0000000087700000, 0x0000000087800000|  0%| F|  |TAMS 0x0000000087700000, 0x0000000087700000| Untracked 
| 120|0x0000000087800000, 0x0000000087800000, 0x0000000087900000|  0%| F|  |TAMS 0x0000000087800000, 0x0000000087800000| Untracked 
| 121|0x0000000087900000, 0x0000000087900000, 0x0000000087a00000|  0%| F|  |TAMS 0x0000000087900000, 0x0000000087900000| Untracked 
| 122|0x0000000087a00000, 0x0000000087a00000, 0x0000000087b00000|  0%| F|  |TAMS 0x0000000087a00000, 0x0000000087a00000| Untracked 
| 123|0x0000000087b00000, 0x0000000087b00000, 0x0000000087c00000|  0%| F|  |TAMS 0x0000000087b00000, 0x0000000087b00000| Untracked 
| 124|0x0000000087c00000, 0x0000000087c00000, 0x0000000087d00000|  0%| F|  |TAMS 0x0000000087c00000, 0x0000000087c00000| Untracked 
| 125|0x0000000087d00000, 0x0000000087d00000, 0x0000000087e00000|  0%| F|  |TAMS 0x0000000087d00000, 0x0000000087d00000| Untracked 
| 126|0x0000000087e00000, 0x0000000087e00000, 0x0000000087f00000|  0%| F|  |TAMS 0x0000000087e00000, 0x0000000087e00000| Untracked 
| 127|0x0000000087f00000, 0x0000000087f00000, 0x0000000088000000|  0%| F|  |TAMS 0x0000000087f00000, 0x0000000087f00000| Untracked 
| 128|0x0000000088000000, 0x0000000088000000, 0x0000000088100000|  0%| F|  |TAMS 0x0000000088000000, 0x0000000088000000| Untracked 
| 129|0x0000000088100000, 0x0000000088100000, 0x0000000088200000|  0%| F|  |TAMS 0x0000000088100000, 0x0000000088100000| Untracked 
| 130|0x0000000088200000, 0x0000000088200000, 0x0000000088300000|  0%| F|  |TAMS 0x0000000088200000, 0x0000000088200000| Untracked 
| 131|0x0000000088300000, 0x0000000088300000, 0x0000000088400000|  0%| F|  |TAMS 0x0000000088300000, 0x0000000088300000| Untracked 
| 132|0x0000000088400000, 0x0000000088400000, 0x0000000088500000|  0%| F|  |TAMS 0x0000000088400000, 0x0000000088400000| Untracked 
| 133|0x0000000088500000, 0x0000000088500000, 0x0000000088600000|  0%| F|  |TAMS 0x0000000088500000, 0x0000000088500000| Untracked 
| 134|0x0000000088600000, 0x0000000088600000, 0x0000000088700000|  0%| F|  |TAMS 0x0000000088600000, 0x0000000088600000| Untracked 
| 135|0x0000000088700000, 0x0000000088700000, 0x0000000088800000|  0%| F|  |TAMS 0x0000000088700000, 0x0000000088700000| Untracked 
| 136|0x0000000088800000, 0x0000000088800000, 0x0000000088900000|  0%| F|  |TAMS 0x0000000088800000, 0x0000000088800000| Untracked 
| 137|0x0000000088900000, 0x0000000088900000, 0x0000000088a00000|  0%| F|  |TAMS 0x0000000088900000, 0x0000000088900000| Untracked 
| 138|0x0000000088a00000, 0x0000000088a00000, 0x0000000088b00000|  0%| F|  |TAMS 0x0000000088a00000, 0x0000000088a00000| Untracked 
| 139|0x0000000088b00000, 0x0000000088b00000, 0x0000000088c00000|  0%| F|  |TAMS 0x0000000088b00000, 0x0000000088b00000| Untracked 
| 140|0x0000000088c00000, 0x0000000088c00000, 0x0000000088d00000|  0%| F|  |TAMS 0x0000000088c00000, 0x0000000088c00000| Untracked 
| 141|0x0000000088d00000, 0x0000000088d00000, 0x0000000088e00000|  0%| F|  |TAMS 0x0000000088d00000, 0x0000000088d00000| Untracked 
| 142|0x0000000088e00000, 0x0000000088e00000, 0x0000000088f00000|  0%| F|  |TAMS 0x0000000088e00000, 0x0000000088e00000| Untracked 
| 143|0x0000000088f00000, 0x0000000088f00000, 0x0000000089000000|  0%| F|  |TAMS 0x0000000088f00000, 0x0000000088f00000| Untracked 
| 144|0x0000000089000000, 0x0000000089000000, 0x0000000089100000|  0%| F|  |TAMS 0x0000000089000000, 0x0000000089000000| Untracked 
| 145|0x0000000089100000, 0x0000000089100000, 0x0000000089200000|  0%| F|  |TAMS 0x0000000089100000, 0x0000000089100000| Untracked 
| 146|0x0000000089200000, 0x0000000089200000, 0x0000000089300000|  0%| F|  |TAMS 0x0000000089200000, 0x0000000089200000| Untracked 
| 147|0x0000000089300000, 0x0000000089300000, 0x0000000089400000|  0%| F|  |TAMS 0x0000000089300000, 0x0000000089300000| Untracked 
| 148|0x0000000089400000, 0x0000000089400000, 0x0000000089500000|  0%| F|  |TAMS 0x0000000089400000, 0x0000000089400000| Untracked 
| 149|0x0000000089500000, 0x0000000089500000, 0x0000000089600000|  0%| F|  |TAMS 0x0000000089500000, 0x0000000089500000| Untracked 
| 150|0x0000000089600000, 0x0000000089600000, 0x0000000089700000|  0%| F|  |TAMS 0x0000000089600000, 0x0000000089600000| Untracked 
| 151|0x0000000089700000, 0x0000000089700000, 0x0000000089800000|  0%| F|  |TAMS 0x0000000089700000, 0x0000000089700000| Untracked 
| 152|0x0000000089800000, 0x0000000089800000, 0x0000000089900000|  0%| F|  |TAMS 0x0000000089800000, 0x0000000089800000| Untracked 
| 153|0x0000000089900000, 0x0000000089900000, 0x0000000089a00000|  0%| F|  |TAMS 0x0000000089900000, 0x0000000089900000| Untracked 
| 154|0x0000000089a00000, 0x0000000089a00000, 0x0000000089b00000|  0%| F|  |TAMS 0x0000000089a00000, 0x0000000089a00000| Untracked 
| 155|0x0000000089b00000, 0x0000000089b00000, 0x0000000089c00000|  0%| F|  |TAMS 0x0000000089b00000, 0x0000000089b00000| Untracked 
| 156|0x0000000089c00000, 0x0000000089c00000, 0x0000000089d00000|  0%| F|  |TAMS 0x0000000089c00000, 0x0000000089c00000| Untracked 
| 157|0x0000000089d00000, 0x0000000089d00000, 0x0000000089e00000|  0%| F|  |TAMS 0x0000000089d00000, 0x0000000089d00000| Untracked 
| 158|0x0000000089e00000, 0x0000000089e00000, 0x0000000089f00000|  0%| F|  |TAMS 0x0000000089e00000, 0x0000000089e00000| Untracked 
| 159|0x0000000089f00000, 0x0000000089f00000, 0x000000008a000000|  0%| F|  |TAMS 0x0000000089f00000, 0x0000000089f00000| Untracked 
| 160|0x000000008a000000, 0x000000008a000000, 0x000000008a100000|  0%| F|  |TAMS 0x000000008a000000, 0x000000008a000000| Untracked 
| 161|0x000000008a100000, 0x000000008a100000, 0x000000008a200000|  0%| F|  |TAMS 0x000000008a100000, 0x000000008a100000| Untracked 
| 162|0x000000008a200000, 0x000000008a200000, 0x000000008a300000|  0%| F|  |TAMS 0x000000008a200000, 0x000000008a200000| Untracked 
| 163|0x000000008a300000, 0x000000008a300000, 0x000000008a400000|  0%| F|  |TAMS 0x000000008a300000, 0x000000008a300000| Untracked 
| 164|0x000000008a400000, 0x000000008a400000, 0x000000008a500000|  0%| F|  |TAMS 0x000000008a400000, 0x000000008a400000| Untracked 
| 165|0x000000008a500000, 0x000000008a500000, 0x000000008a600000|  0%| F|  |TAMS 0x000000008a500000, 0x000000008a500000| Untracked 
| 166|0x000000008a600000, 0x000000008a600000, 0x000000008a700000|  0%| F|  |TAMS 0x000000008a600000, 0x000000008a600000| Untracked 
| 167|0x000000008a700000, 0x000000008a700000, 0x000000008a800000|  0%| F|  |TAMS 0x000000008a700000, 0x000000008a700000| Untracked 
| 168|0x000000008a800000, 0x000000008a800000, 0x000000008a900000|  0%| F|  |TAMS 0x000000008a800000, 0x000000008a800000| Untracked 
| 169|0x000000008a900000, 0x000000008a900000, 0x000000008aa00000|  0%| F|  |TAMS 0x000000008a900000, 0x000000008a900000| Untracked 
| 170|0x000000008aa00000, 0x000000008aa00000, 0x000000008ab00000|  0%| F|  |TAMS 0x000000008aa00000, 0x000000008aa00000| Untracked 
| 171|0x000000008ab00000, 0x000000008ab00000, 0x000000008ac00000|  0%| F|  |TAMS 0x000000008ab00000, 0x000000008ab00000| Untracked 
| 172|0x000000008ac00000, 0x000000008ac00000, 0x000000008ad00000|  0%| F|  |TAMS 0x000000008ac00000, 0x000000008ac00000| Untracked 
| 173|0x000000008ad00000, 0x000000008ad00000, 0x000000008ae00000|  0%| F|  |TAMS 0x000000008ad00000, 0x000000008ad00000| Untracked 
| 174|0x000000008ae00000, 0x000000008ae00000, 0x000000008af00000|  0%| F|  |TAMS 0x000000008ae00000, 0x000000008ae00000| Untracked 
| 175|0x000000008af00000, 0x000000008af00000, 0x000000008b000000|  0%| F|  |TAMS 0x000000008af00000, 0x000000008af00000| Untracked 
| 176|0x000000008b000000, 0x000000008b000000, 0x000000008b100000|  0%| F|  |TAMS 0x000000008b000000, 0x000000008b000000| Untracked 
| 177|0x000000008b100000, 0x000000008b100000, 0x000000008b200000|  0%| F|  |TAMS 0x000000008b100000, 0x000000008b100000| Untracked 
| 178|0x000000008b200000, 0x000000008b200000, 0x000000008b300000|  0%| F|  |TAMS 0x000000008b200000, 0x000000008b200000| Untracked 
| 179|0x000000008b300000, 0x000000008b300000, 0x000000008b400000|  0%| F|  |TAMS 0x000000008b300000, 0x000000008b300000| Untracked 
| 180|0x000000008b400000, 0x000000008b400000, 0x000000008b500000|  0%| F|  |TAMS 0x000000008b400000, 0x000000008b400000| Untracked 
| 181|0x000000008b500000, 0x000000008b500000, 0x000000008b600000|  0%| F|  |TAMS 0x000000008b500000, 0x000000008b500000| Untracked 
| 182|0x000000008b600000, 0x000000008b600000, 0x000000008b700000|  0%| F|  |TAMS 0x000000008b600000, 0x000000008b600000| Untracked 
| 183|0x000000008b700000, 0x000000008b700000, 0x000000008b800000|  0%| F|  |TAMS 0x000000008b700000, 0x000000008b700000| Untracked 
| 184|0x000000008b800000, 0x000000008b800000, 0x000000008b900000|  0%| F|  |TAMS 0x000000008b800000, 0x000000008b800000| Untracked 
| 185|0x000000008b900000, 0x000000008b900000, 0x000000008ba00000|  0%| F|  |TAMS 0x000000008b900000, 0x000000008b900000| Untracked 
| 186|0x000000008ba00000, 0x000000008ba00000, 0x000000008bb00000|  0%| F|  |TAMS 0x000000008ba00000, 0x000000008ba00000| Untracked 
| 187|0x000000008bb00000, 0x000000008bb00000, 0x000000008bc00000|  0%| F|  |TAMS 0x000000008bb00000, 0x000000008bb00000| Untracked 
| 188|0x000000008bc00000, 0x000000008bc00000, 0x000000008bd00000|  0%| F|  |TAMS 0x000000008bc00000, 0x000000008bc00000| Untracked 
| 189|0x000000008bd00000, 0x000000008bd00000, 0x000000008be00000|  0%| F|  |TAMS 0x000000008bd00000, 0x000000008bd00000| Untracked 
| 190|0x000000008be00000, 0x000000008be00000, 0x000000008bf00000|  0%| F|  |TAMS 0x000000008be00000, 0x000000008be00000| Untracked 
| 191|0x000000008bf00000, 0x000000008bf00000, 0x000000008c000000|  0%| F|  |TAMS 0x000000008bf00000, 0x000000008bf00000| Untracked 
| 192|0x000000008c000000, 0x000000008c000000, 0x000000008c100000|  0%| F|  |TAMS 0x000000008c000000, 0x000000008c000000| Untracked 
| 193|0x000000008c100000, 0x000000008c100000, 0x000000008c200000|  0%| F|  |TAMS 0x000000008c100000, 0x000000008c100000| Untracked 
| 194|0x000000008c200000, 0x000000008c200000, 0x000000008c300000|  0%| F|  |TAMS 0x000000008c200000, 0x000000008c200000| Untracked 
| 195|0x000000008c300000, 0x000000008c300000, 0x000000008c400000|  0%| F|  |TAMS 0x000000008c300000, 0x000000008c300000| Untracked 
| 196|0x000000008c400000, 0x000000008c400000, 0x000000008c500000|  0%| F|  |TAMS 0x000000008c400000, 0x000000008c400000| Untracked 
| 197|0x000000008c500000, 0x000000008c500000, 0x000000008c600000|  0%| F|  |TAMS 0x000000008c500000, 0x000000008c500000| Untracked 
| 198|0x000000008c600000, 0x000000008c600000, 0x000000008c700000|  0%| F|  |TAMS 0x000000008c600000, 0x000000008c600000| Untracked 
| 199|0x000000008c700000, 0x000000008c700000, 0x000000008c800000|  0%| F|  |TAMS 0x000000008c700000, 0x000000008c700000| Untracked 
| 200|0x000000008c800000, 0x000000008c800000, 0x000000008c900000|  0%| F|  |TAMS 0x000000008c800000, 0x000000008c800000| Untracked 
| 201|0x000000008c900000, 0x000000008c900000, 0x000000008ca00000|  0%| F|  |TAMS 0x000000008c900000, 0x000000008c900000| Untracked 
| 202|0x000000008ca00000, 0x000000008ca00000, 0x000000008cb00000|  0%| F|  |TAMS 0x000000008ca00000, 0x000000008ca00000| Untracked 
| 203|0x000000008cb00000, 0x000000008cb00000, 0x000000008cc00000|  0%| F|  |TAMS 0x000000008cb00000, 0x000000008cb00000| Untracked 
| 204|0x000000008cc00000, 0x000000008cc00000, 0x000000008cd00000|  0%| F|  |TAMS 0x000000008cc00000, 0x000000008cc00000| Untracked 
| 205|0x000000008cd00000, 0x000000008ce00000, 0x000000008ce00000|100%| E|  |TAMS 0x000000008cd00000, 0x000000008cd00000| Complete 
| 206|0x000000008ce00000, 0x000000008cf00000, 0x000000008cf00000|100%| E|CS|TAMS 0x000000008ce00000, 0x000000008ce00000| Complete 
| 207|0x000000008cf00000, 0x000000008d000000, 0x000000008d000000|100%| E|CS|TAMS 0x000000008cf00000, 0x000000008cf00000| Complete 
| 208|0x000000008d000000, 0x000000008d100000, 0x000000008d100000|100%| E|CS|TAMS 0x000000008d000000, 0x000000008d000000| Complete 
| 209|0x000000008d100000, 0x000000008d200000, 0x000000008d200000|100%| E|CS|TAMS 0x000000008d100000, 0x000000008d100000| Complete 

Card table byte_map: [0x000001fd79350000,0x000001fd79750000] _byte_map_base: 0x000001fd78f50000

Marking Bits (Prev, Next): (CMBitMap*) 0x000001fd78eef450, (CMBitMap*) 0x000001fd78eef490
 Prev Bits: [0x000001fd79b50000, 0x000001fd7bb50000)
 Next Bits: [0x000001fd7bb50000, 0x000001fd7db50000)

Polling page: 0x000001fd78650000

Metaspace:

Usage:
  Non-class:     62.80 MB used.
      Class:     10.16 MB used.
       Both:     72.96 MB used.

Virtual space:
  Non-class space:       64.00 MB reserved,      63.19 MB ( 99%) committed,  1 nodes.
      Class space:      416.00 MB reserved,      10.50 MB (  3%) committed,  1 nodes.
             Both:      480.00 MB reserved,      73.69 MB ( 15%) committed. 

Chunk freelists:
   Non-Class:  592.00 KB
       Class:  5.47 MB
        Both:  6.05 MB

MaxMetaspaceSize: 512.00 MB
CompressedClassSpaceSize: 416.00 MB
Initial GC threshold: 21.00 MB
Current GC threshold: 104.69 MB
CDS: on
MetaspaceReclaimPolicy: balanced
 - commit_granule_bytes: 65536.
 - commit_granule_words: 8192.
 - virtual_space_node_default_size: 8388608.
 - enlarge_chunks_in_place: 1.
 - new_chunks_are_fully_committed: 0.
 - uncommit_free_chunks: 1.
 - use_allocation_guard: 0.
 - handle_deallocations: 1.


Internal statistics:

num_allocs_failed_limit: 9.
num_arena_births: 852.
num_arena_deaths: 2.
num_vsnodes_births: 2.
num_vsnodes_deaths: 0.
num_space_committed: 1179.
num_space_uncommitted: 0.
num_chunks_returned_to_freelist: 15.
num_chunks_taken_from_freelist: 3715.
num_chunk_merges: 6.
num_chunk_splits: 2463.
num_chunks_enlarged: 1657.
num_inconsistent_stats: 0.

CodeHeap 'non-profiled nmethods': size=120000Kb used=4424Kb max_used=5169Kb free=115575Kb
 bounds [0x000001fd0f530000, 0x000001fd0fa50000, 0x000001fd16a60000]
CodeHeap 'profiled nmethods': size=120000Kb used=13744Kb max_used=15445Kb free=106256Kb
 bounds [0x000001fd07a60000, 0x000001fd08980000, 0x000001fd0ef90000]
CodeHeap 'non-nmethods': size=5760Kb used=2413Kb max_used=2494Kb free=3346Kb
 bounds [0x000001fd0ef90000, 0x000001fd0f220000, 0x000001fd0f530000]
 total_blobs=8251 nmethods=7303 adapters=860
 compilation: enabled
              stopped_count=0, restarted_count=0
 full_count=0

Compilation events (20 events):
Event: 106.866 Thread 0x000001fd16c01160 8798       3       org.gradle.internal.Describables::of (10 bytes)
Event: 106.867 Thread 0x000001fd16c01160 nmethod 8798 0x000001fd07fec310 code [0x000001fd07fec4c0, 0x000001fd07fec838]
Event: 106.867 Thread 0x000001fd16c01160 8799       3       com.google.common.collect.ImmutableList$Builder::add (6 bytes)
Event: 106.867 Thread 0x000001fd16c01160 nmethod 8799 0x000001fd07de2e10 code [0x000001fd07de2fa0, 0x000001fd07de30e8]
Event: 106.904 Thread 0x000001fd16c01160 8800       3       org.objectweb.asm.Frame::getAbstractTypeFromDescriptor (462 bytes)
Event: 106.910 Thread 0x000001fd16c01160 nmethod 8800 0x000001fd0801c590 code [0x000001fd0801caa0, 0x000001fd0801f378]
Event: 106.917 Thread 0x000001fd16c01160 8801       3       org.objectweb.asm.Frame::execute (2318 bytes)
Event: 106.936 Thread 0x000001fd16c01160 nmethod 8801 0x000001fd08695910 code [0x000001fd08696840, 0x000001fd0869d3b8]
Event: 106.936 Thread 0x000001fd16c01160 8805       3       org.objectweb.asm.MethodWriter::computeAllFrames (510 bytes)
Event: 106.939 Thread 0x000001fd16c01160 nmethod 8805 0x000001fd0837d590 code [0x000001fd0837d8e0, 0x000001fd0837ed48]
Event: 106.939 Thread 0x000001fd16c01160 8803       3       org.objectweb.asm.Type::getArgumentsAndReturnSizes (140 bytes)
Event: 106.943 Thread 0x000001fd16c01160 nmethod 8803 0x000001fd07d67510 code [0x000001fd07d67920, 0x000001fd07d69918]
Event: 106.943 Thread 0x000001fd16c01160 8802       3       org.objectweb.asm.MethodWriter::visitVarInsn (302 bytes)
Event: 106.946 Thread 0x000001fd16c01160 nmethod 8802 0x000001fd07b0e090 code [0x000001fd07b0e2e0, 0x000001fd07b0ece8]
Event: 106.946 Thread 0x000001fd16c01160 8804       3       org.objectweb.asm.Frame::push (59 bytes)
Event: 106.946 Thread 0x000001fd16c01160 nmethod 8804 0x000001fd07d50310 code [0x000001fd07d50540, 0x000001fd07d50cf8]
Event: 107.017 Thread 0x000001fd16c01160 8806       3       org.objectweb.asm.ClassVisitor::visitMethod (24 bytes)
Event: 107.018 Thread 0x000001fd16c01160 nmethod 8806 0x000001fd07f67290 code [0x000001fd07f67440, 0x000001fd07f67688]
Event: 107.243 Thread 0x000001fd16c01160 8807       3       com.google.common.collect.Maps::capacity (34 bytes)
Event: 107.244 Thread 0x000001fd16c01160 nmethod 8807 0x000001fd0807fa90 code [0x000001fd0807fc60, 0x000001fd0807fe88]

GC Heap History (20 events):
Event: 96.292 GC heap before
{Heap before GC invocations=23 (full 0):
 garbage-first heap   total 86016K, used 67626K [0x0000000080000000, 0x0000000100000000)
  region size 1024K, 24 young (24576K), 3 survivors (3072K)
 Metaspace       used 59360K, committed 59968K, reserved 491520K
  class space    used 8220K, committed 8448K, reserved 425984K
}
Event: 96.302 GC heap after
{Heap after GC invocations=24 (full 0):
 garbage-first heap   total 86016K, used 49088K [0x0000000080000000, 0x0000000100000000)
  region size 1024K, 3 young (3072K), 3 survivors (3072K)
 Metaspace       used 59360K, committed 59968K, reserved 491520K
  class space    used 8220K, committed 8448K, reserved 425984K
}
Event: 96.391 GC heap before
{Heap before GC invocations=24 (full 0):
 garbage-first heap   total 86016K, used 50112K [0x0000000080000000, 0x0000000100000000)
  region size 1024K, 4 young (4096K), 3 survivors (3072K)
 Metaspace       used 59384K, committed 59968K, reserved 491520K
  class space    used 8220K, committed 8448K, reserved 425984K
}
Event: 96.397 GC heap after
{Heap after GC invocations=25 (full 0):
 garbage-first heap   total 86016K, used 48964K [0x0000000080000000, 0x0000000100000000)
  region size 1024K, 1 young (1024K), 1 survivors (1024K)
 Metaspace       used 59384K, committed 59968K, reserved 491520K
  class space    used 8220K, committed 8448K, reserved 425984K
}
Event: 96.421 GC heap before
{Heap before GC invocations=25 (full 0):
 garbage-first heap   total 86016K, used 48964K [0x0000000080000000, 0x0000000100000000)
  region size 1024K, 2 young (2048K), 1 survivors (1024K)
 Metaspace       used 59396K, committed 59968K, reserved 491520K
  class space    used 8220K, committed 8448K, reserved 425984K
}
Event: 96.422 GC heap after
{Heap after GC invocations=26 (full 0):
 garbage-first heap   total 86016K, used 49004K [0x0000000080000000, 0x0000000100000000)
  region size 1024K, 1 young (1024K), 1 survivors (1024K)
 Metaspace       used 59396K, committed 59968K, reserved 491520K
  class space    used 8220K, committed 8448K, reserved 425984K
}
Event: 97.745 GC heap before
{Heap before GC invocations=27 (full 0):
 garbage-first heap   total 94208K, used 76652K [0x0000000080000000, 0x0000000100000000)
  region size 1024K, 20 young (20480K), 1 survivors (1024K)
 Metaspace       used 61794K, committed 62400K, reserved 491520K
  class space    used 8521K, committed 8768K, reserved 425984K
}
Event: 97.750 GC heap after
{Heap after GC invocations=28 (full 0):
 garbage-first heap   total 94208K, used 59827K [0x0000000080000000, 0x0000000100000000)
  region size 1024K, 3 young (3072K), 3 survivors (3072K)
 Metaspace       used 61794K, committed 62400K, reserved 491520K
  class space    used 8521K, committed 8768K, reserved 425984K
}
Event: 97.780 GC heap before
{Heap before GC invocations=28 (full 0):
 garbage-first heap   total 94208K, used 60851K [0x0000000080000000, 0x0000000100000000)
  region size 1024K, 4 young (4096K), 3 survivors (3072K)
 Metaspace       used 61887K, committed 62528K, reserved 491520K
  class space    used 8530K, committed 8832K, reserved 425984K
}
Event: 97.786 GC heap after
{Heap after GC invocations=29 (full 0):
 garbage-first heap   total 94208K, used 59561K [0x0000000080000000, 0x0000000100000000)
  region size 1024K, 1 young (1024K), 1 survivors (1024K)
 Metaspace       used 61887K, committed 62528K, reserved 491520K
  class space    used 8530K, committed 8832K, reserved 425984K
}
Event: 98.869 GC heap before
{Heap before GC invocations=29 (full 0):
 garbage-first heap   total 94208K, used 75945K [0x0000000080000000, 0x0000000100000000)
  region size 1024K, 17 young (17408K), 1 survivors (1024K)
 Metaspace       used 63326K, committed 64000K, reserved 491520K
  class space    used 8763K, committed 9088K, reserved 425984K
}
Event: 98.873 GC heap after
{Heap after GC invocations=30 (full 0):
 garbage-first heap   total 94208K, used 59901K [0x0000000080000000, 0x0000000100000000)
  region size 1024K, 1 young (1024K), 1 survivors (1024K)
 Metaspace       used 63326K, committed 64000K, reserved 491520K
  class space    used 8763K, committed 9088K, reserved 425984K
}
Event: 99.649 GC heap before
{Heap before GC invocations=31 (full 0):
 garbage-first heap   total 107520K, used 79357K [0x0000000080000000, 0x0000000100000000)
  region size 1024K, 17 young (17408K), 1 survivors (1024K)
 Metaspace       used 64775K, committed 65472K, reserved 491520K
  class space    used 9003K, committed 9344K, reserved 425984K
}
Event: 99.654 GC heap after
{Heap after GC invocations=32 (full 0):
 garbage-first heap   total 107520K, used 65198K [0x0000000080000000, 0x0000000100000000)
  region size 1024K, 2 young (2048K), 2 survivors (2048K)
 Metaspace       used 64775K, committed 65472K, reserved 491520K
  class space    used 9003K, committed 9344K, reserved 425984K
}
Event: 99.762 GC heap before
{Heap before GC invocations=32 (full 0):
 garbage-first heap   total 107520K, used 67246K [0x0000000080000000, 0x0000000100000000)
  region size 1024K, 5 young (5120K), 2 survivors (2048K)
 Metaspace       used 65047K, committed 65728K, reserved 491520K
  class space    used 9023K, committed 9344K, reserved 425984K
}
Event: 99.768 GC heap after
{Heap after GC invocations=33 (full 0):
 garbage-first heap   total 107520K, used 65164K [0x0000000080000000, 0x0000000100000000)
  region size 1024K, 1 young (1024K), 1 survivors (1024K)
 Metaspace       used 65047K, committed 65728K, reserved 491520K
  class space    used 9023K, committed 9344K, reserved 425984K
}
Event: 100.739 GC heap before
{Heap before GC invocations=33 (full 0):
 garbage-first heap   total 107520K, used 86668K [0x0000000080000000, 0x0000000100000000)
  region size 1024K, 23 young (23552K), 1 survivors (1024K)
 Metaspace       used 66614K, committed 67264K, reserved 491520K
  class space    used 9241K, committed 9536K, reserved 425984K
}
Event: 100.744 GC heap after
{Heap after GC invocations=34 (full 0):
 garbage-first heap   total 215040K, used 65886K [0x0000000080000000, 0x0000000100000000)
  region size 1024K, 1 young (1024K), 1 survivors (1024K)
 Metaspace       used 66614K, committed 67264K, reserved 491520K
  class space    used 9241K, committed 9536K, reserved 425984K
}
Event: 106.352 GC heap before
{Heap before GC invocations=34 (full 0):
 garbage-first heap   total 215040K, used 167262K [0x0000000080000000, 0x0000000100000000)
  region size 1024K, 101 young (103424K), 1 survivors (1024K)
 Metaspace       used 74384K, committed 75136K, reserved 491520K
  class space    used 10354K, committed 10688K, reserved 425984K
}
Event: 106.392 GC heap after
{Heap after GC invocations=35 (full 0):
 garbage-first heap   total 215040K, used 71652K [0x0000000080000000, 0x0000000100000000)
  region size 1024K, 7 young (7168K), 7 survivors (7168K)
 Metaspace       used 74384K, committed 75136K, reserved 491520K
  class space    used 10354K, committed 10688K, reserved 425984K
}

Dll operation events (15 events):
Event: 0.017 Loaded shared library C:\Program Files\Microsoft\jdk-17.0.10.7-hotspot\bin\java.dll
Event: 0.047 Loaded shared library C:\Program Files\Microsoft\jdk-17.0.10.7-hotspot\bin\jsvml.dll
Event: 0.123 Loaded shared library C:\Program Files\Microsoft\jdk-17.0.10.7-hotspot\bin\zip.dll
Event: 0.128 Loaded shared library C:\Program Files\Microsoft\jdk-17.0.10.7-hotspot\bin\instrument.dll
Event: 0.138 Loaded shared library C:\Program Files\Microsoft\jdk-17.0.10.7-hotspot\bin\net.dll
Event: 0.141 Loaded shared library C:\Program Files\Microsoft\jdk-17.0.10.7-hotspot\bin\nio.dll
Event: 0.145 Loaded shared library C:\Program Files\Microsoft\jdk-17.0.10.7-hotspot\bin\zip.dll
Event: 0.520 Loaded shared library C:\Program Files\Microsoft\jdk-17.0.10.7-hotspot\bin\jimage.dll
Event: 0.630 Loaded shared library C:\Program Files\Microsoft\jdk-17.0.10.7-hotspot\bin\verify.dll
Event: 1.280 Loaded shared library C:\Users\muham\.gradle\native\68d5fa5c4cc2d200863cafc0d521ce42e7d3e7ee720ec0a83991735586a16f82\windows-amd64\native-platform.dll
Event: 1.325 Loaded shared library C:\Users\muham\.gradle\native\e376f236ea51e6404a007f0833ffe2c6e607c4080706a723a18a27aeea778392\windows-amd64\native-platform-file-events.dll
Event: 4.044 Loaded shared library C:\Program Files\Microsoft\jdk-17.0.10.7-hotspot\bin\management.dll
Event: 4.050 Loaded shared library C:\Program Files\Microsoft\jdk-17.0.10.7-hotspot\bin\management_ext.dll
Event: 4.846 Loaded shared library C:\Program Files\Microsoft\jdk-17.0.10.7-hotspot\bin\extnet.dll
Event: 5.612 Loaded shared library C:\Program Files\Microsoft\jdk-17.0.10.7-hotspot\bin\sunmscapi.dll

Deoptimization events (20 events):
Event: 106.903 Thread 0x000001fd36fb2f20 Uncommon trap: trap_request=0xffffff45 fr.pc=0x000001fd0f8d1398 relative=0x0000000000001a38
Event: 106.903 Thread 0x000001fd36fb2f20 Uncommon trap: reason=unstable_if action=reinterpret pc=0x000001fd0f8d1398 method=org.objectweb.asm.Frame.getAbstractTypeFromDescriptor(Lorg/objectweb/asm/SymbolTable;Ljava/lang/String;I)I @ 5 c2
Event: 106.903 Thread 0x000001fd36fb2f20 DEOPT PACKING pc=0x000001fd0f8d1398 sp=0x0000007bbe4f5620
Event: 106.903 Thread 0x000001fd36fb2f20 DEOPT UNPACKING pc=0x000001fd0efe69a3 sp=0x0000007bbe4f55e0 mode 2
Event: 106.903 Thread 0x000001fd36fb2f20 Uncommon trap: trap_request=0xffffff45 fr.pc=0x000001fd0f99b26c relative=0x00000000000008cc
Event: 106.903 Thread 0x000001fd36fb2f20 Uncommon trap: reason=unstable_if action=reinterpret pc=0x000001fd0f99b26c method=org.objectweb.asm.Frame.push(Lorg/objectweb/asm/SymbolTable;Ljava/lang/String;)V @ 42 c2
Event: 106.903 Thread 0x000001fd36fb2f20 DEOPT PACKING pc=0x000001fd0f99b26c sp=0x0000007bbe4f56a0
Event: 106.903 Thread 0x000001fd36fb2f20 DEOPT UNPACKING pc=0x000001fd0efe69a3 sp=0x0000007bbe4f5678 mode 2
Event: 106.903 Thread 0x000001fd36fb2f20 Uncommon trap: trap_request=0xffffff45 fr.pc=0x000001fd0f8ee56c relative=0x000000000000046c
Event: 106.903 Thread 0x000001fd36fb2f20 Uncommon trap: reason=unstable_if action=reinterpret pc=0x000001fd0f8ee56c method=org.objectweb.asm.Type.getArgumentsAndReturnSizes(Ljava/lang/String;)I @ 19 c2
Event: 106.903 Thread 0x000001fd36fb2f20 DEOPT PACKING pc=0x000001fd0f8ee56c sp=0x0000007bbe4f55e0
Event: 106.903 Thread 0x000001fd36fb2f20 DEOPT UNPACKING pc=0x000001fd0efe69a3 sp=0x0000007bbe4f5560 mode 2
Event: 106.904 Thread 0x000001fd36fb2f20 Uncommon trap: trap_request=0xffffff45 fr.pc=0x000001fd0f8e0f90 relative=0x0000000000000430
Event: 106.904 Thread 0x000001fd36fb2f20 Uncommon trap: reason=unstable_if action=reinterpret pc=0x000001fd0f8e0f90 method=org.objectweb.asm.MethodWriter.visitVarInsn(II)V @ 224 c2
Event: 106.904 Thread 0x000001fd36fb2f20 DEOPT PACKING pc=0x000001fd0f8e0f90 sp=0x0000007bbe4f59c0
Event: 106.904 Thread 0x000001fd36fb2f20 DEOPT UNPACKING pc=0x000001fd0efe69a3 sp=0x0000007bbe4f5968 mode 2
Event: 106.904 Thread 0x000001fd36fb2f20 Uncommon trap: trap_request=0xffffff45 fr.pc=0x000001fd0f93ddb0 relative=0x0000000000004af0
Event: 106.904 Thread 0x000001fd36fb2f20 Uncommon trap: reason=unstable_if action=reinterpret pc=0x000001fd0f93ddb0 method=org.objectweb.asm.Type.getTypeInternal(Ljava/lang/String;II)Lorg/objectweb/asm/Type; @ 5 c2
Event: 106.904 Thread 0x000001fd36fb2f20 DEOPT PACKING pc=0x000001fd0f93ddb0 sp=0x0000007bbe4f5b40
Event: 106.904 Thread 0x000001fd36fb2f20 DEOPT UNPACKING pc=0x000001fd0efe69a3 sp=0x0000007bbe4f5970 mode 2

Classes unloaded (5 events):
Event: 82.709 Thread 0x000001fd16bd0640 Unloading class 0x000001fd18519000 '_BuildScript_$_run_closure1$_closure2'
Event: 82.709 Thread 0x000001fd16bd0640 Unloading class 0x000001fd18518a98 '_BuildScript_$_run_closure1'
Event: 82.709 Thread 0x000001fd16bd0640 Unloading class 0x000001fd18518568 '_BuildScript_'
Event: 82.709 Thread 0x000001fd16bd0640 Unloading class 0x000001fd185182b0 'GradleAnnotationProcessorPatchPlugin$AnnotationProcessorModelBuilder'
Event: 82.709 Thread 0x000001fd16bd0640 Unloading class 0x000001fd18518000 'GradleAnnotationProcessorPatchPlugin'

Classes redefined (0 events):
No events

Internal exceptions (20 events):
Event: 104.594 Thread 0x000001fd36fb2f20 Exception <a 'java/lang/ClassNotFoundException'{0x0000000088a76490}: build_bfb1rv82oafou80dvr8xhdvfmBeanInfo> (0x0000000088a76490) 
thrown [s\src\hotspot\share\classfile\systemDictionary.cpp, line 256]
Event: 104.596 Thread 0x000001fd36fb2f20 Exception <a 'java/lang/ClassNotFoundException'{0x0000000088a80dd0}: org/gradle/api/internal/project/ProjectScriptBeanInfo> (0x0000000088a80dd0) 
thrown [s\src\hotspot\share\classfile\systemDictionary.cpp, line 256]
Event: 104.597 Thread 0x000001fd36fb2f20 Exception <a 'java/lang/ClassNotFoundException'{0x0000000088a8b7a0}: org/gradle/api/internal/project/ProjectScriptCustomizer> (0x0000000088a8b7a0) 
thrown [s\src\hotspot\share\classfile\systemDictionary.cpp, line 256]
Event: 104.599 Thread 0x000001fd36fb2f20 Exception <a 'java/lang/ClassNotFoundException'{0x0000000088aa2e80}: build_bfb1rv82oafou80dvr8xhdvfmCustomizer> (0x0000000088aa2e80) 
thrown [s\src\hotspot\share\classfile\systemDictionary.cpp, line 256]
Event: 104.614 Thread 0x000001fd36fb2f20 Exception <a 'java/lang/ClassNotFoundException'{0x0000000088af8478}: org/gradle/api/internal/initialization/DefaultScriptHandlerBeanInfo> (0x0000000088af8478) 
thrown [s\src\hotspot\share\classfile\systemDictionary.cpp, line 256]
Event: 104.616 Thread 0x000001fd36fb2f20 Exception <a 'java/lang/ClassNotFoundException'{0x00000000889093d0}: org/gradle/api/internal/initialization/DefaultScriptHandlerCustomizer> (0x00000000889093d0) 
thrown [s\src\hotspot\share\classfile\systemDictionary.cpp, line 256]
Event: 104.658 Thread 0x000001fd36fb2f20 Exception <a 'java/lang/ClassNotFoundException'{0x00000000886ff6b8}: org/gradle/api/internal/artifacts/dsl/DefaultRepositoryHandler_DecoratedBeanInfo> (0x00000000886ff6b8) 
thrown [s\src\hotspot\share\classfile\systemDictionary.cpp, line 256]
Event: 104.660 Thread 0x000001fd36fb2f20 Exception <a 'java/lang/ClassNotFoundException'{0x00000000885162d0}: org/gradle/api/internal/artifacts/dsl/DefaultRepositoryHandlerBeanInfo> (0x00000000885162d0) 
thrown [s\src\hotspot\share\classfile\systemDictionary.cpp, line 256]
Event: 104.663 Thread 0x000001fd36fb2f20 Exception <a 'java/lang/ClassNotFoundException'{0x000000008852d090}: org/gradle/api/internal/artifacts/DefaultArtifactRepositoryContainerBeanInfo> (0x000000008852d090) 
thrown [s\src\hotspot\share\classfile\systemDictionary.cpp, line 256]
Event: 104.666 Thread 0x000001fd36fb2f20 Exception <a 'java/lang/ClassNotFoundException'{0x0000000088540d80}: org/gradle/api/internal/DefaultNamedDomainObjectListBeanInfo> (0x0000000088540d80) 
thrown [s\src\hotspot\share\classfile\systemDictionary.cpp, line 256]
Event: 104.667 Thread 0x000001fd36fb2f20 Exception <a 'java/lang/ClassNotFoundException'{0x0000000088554e70}: org/gradle/api/internal/DefaultNamedDomainObjectCollectionBeanInfo> (0x0000000088554e70) 
thrown [s\src\hotspot\share\classfile\systemDictionary.cpp, line 256]
Event: 104.669 Thread 0x000001fd36fb2f20 Exception <a 'java/lang/ClassNotFoundException'{0x0000000088568f60}: org/gradle/api/internal/DefaultNamedDomainObjectCollectionCustomizer> (0x0000000088568f60) 
thrown [s\src\hotspot\share\classfile\systemDictionary.cpp, line 256]
Event: 104.673 Thread 0x000001fd36fb2f20 Exception <a 'java/lang/ClassNotFoundException'{0x00000000885a4a70}: org/gradle/api/internal/DefaultNamedDomainObjectListCustomizer> (0x00000000885a4a70) 
thrown [s\src\hotspot\share\classfile\systemDictionary.cpp, line 256]
Event: 104.676 Thread 0x000001fd36fb2f20 Exception <a 'java/lang/ClassNotFoundException'{0x00000000885d63f0}: org/gradle/api/internal/artifacts/DefaultArtifactRepositoryContainerCustomizer> (0x00000000885d63f0) 
thrown [s\src\hotspot\share\classfile\systemDictionary.cpp, line 256]
Event: 104.715 Thread 0x000001fd36fb2f20 Exception <a 'java/lang/ClassNotFoundException'{0x00000000885fed18}: org/gradle/api/internal/artifacts/dsl/DefaultRepositoryHandlerCustomizer> (0x00000000885fed18) 
thrown [s\src\hotspot\share\classfile\systemDictionary.cpp, line 256]
Event: 104.720 Thread 0x000001fd36fb2f20 Exception <a 'java/lang/ClassNotFoundException'{0x0000000088435310}: org/gradle/api/internal/artifacts/dsl/DefaultRepositoryHandler_DecoratedCustomizer> (0x0000000088435310) 
thrown [s\src\hotspot\share\classfile\systemDictionary.cpp, line 256]
Event: 104.739 Thread 0x000001fd36fb2f20 Exception <a 'java/lang/ClassNotFoundException'{0x00000000884ce980}: org/gradle/api/internal/artifacts/dsl/dependencies/DefaultDependencyHandler_DecoratedBeanInfo> (0x00000000884ce980) 
thrown [s\src\hotspot\share\classfile\systemDictionary.cpp, line 256]
Event: 104.741 Thread 0x000001fd36fb2f20 Exception <a 'java/lang/ClassNotFoundException'{0x00000000884e4b68}: org/gradle/api/internal/artifacts/dsl/dependencies/DefaultDependencyHandlerBeanInfo> (0x00000000884e4b68) 
thrown [s\src\hotspot\share\classfile\systemDictionary.cpp, line 256]
Event: 104.743 Thread 0x000001fd36fb2f20 Exception <a 'java/lang/ClassNotFoundException'{0x00000000884fa7c0}: org/gradle/api/internal/artifacts/dsl/dependencies/DefaultDependencyHandlerCustomizer> (0x00000000884fa7c0) 
thrown [s\src\hotspot\share\classfile\systemDictionary.cpp, line 256]
Event: 104.747 Thread 0x000001fd36fb2f20 Exception <a 'java/lang/ClassNotFoundException'{0x0000000088337ae0}: org/gradle/api/internal/artifacts/dsl/dependencies/DefaultDependencyHandler_DecoratedCustomizer> (0x0000000088337ae0) 
thrown [s\src\hotspot\share\classfile\systemDictionary.cpp, line 256]

VM Operations (20 events):
Event: 102.756 Executing VM operation: Cleanup
Event: 102.756 Executing VM operation: Cleanup done
Event: 103.768 Executing VM operation: ICBufferFull
Event: 103.768 Executing VM operation: ICBufferFull done
Event: 104.261 Executing VM operation: HandshakeAllThreads
Event: 104.277 Executing VM operation: HandshakeAllThreads done
Event: 104.281 Executing VM operation: HandshakeAllThreads
Event: 104.282 Executing VM operation: HandshakeAllThreads done
Event: 104.506 Executing VM operation: HandshakeAllThreads
Event: 104.507 Executing VM operation: HandshakeAllThreads done
Event: 104.923 Executing VM operation: HandshakeAllThreads
Event: 104.923 Executing VM operation: HandshakeAllThreads done
Event: 104.923 Executing VM operation: Cleanup
Event: 104.923 Executing VM operation: Cleanup done
Event: 104.923 Executing VM operation: HandshakeAllThreads
Event: 104.924 Executing VM operation: HandshakeAllThreads done
Event: 105.937 Executing VM operation: Cleanup
Event: 105.938 Executing VM operation: Cleanup done
Event: 106.352 Executing VM operation: G1CollectForAllocation
Event: 106.392 Executing VM operation: G1CollectForAllocation done

Events (20 events):
Event: 104.939 Thread 0x000001fd16c01a70 flushing nmethod 0x000001fd086c9190
Event: 104.939 Thread 0x000001fd16c01a70 flushing nmethod 0x000001fd08724b90
Event: 104.939 Thread 0x000001fd16c01a70 flushing nmethod 0x000001fd08734490
Event: 104.940 Thread 0x000001fd16c01a70 flushing nmethod 0x000001fd08740910
Event: 104.940 Thread 0x000001fd16c01a70 flushing nmethod 0x000001fd0875f590
Event: 104.940 Thread 0x000001fd16c01a70 flushing nmethod 0x000001fd08761d90
Event: 104.940 Thread 0x000001fd16c01a70 flushing nmethod 0x000001fd08768910
Event: 104.940 Thread 0x000001fd16c01a70 flushing nmethod 0x000001fd08776710
Event: 104.940 Thread 0x000001fd16c01a70 flushing nmethod 0x000001fd087aeb10
Event: 104.940 Thread 0x000001fd16c01a70 flushing nmethod 0x000001fd087ee210
Event: 104.940 Thread 0x000001fd16c01a70 flushing nmethod 0x000001fd08806b90
Event: 104.941 Thread 0x000001fd16c01a70 flushing nmethod 0x000001fd0888fe90
Event: 104.941 Thread 0x000001fd16c01a70 flushing nmethod 0x000001fd088a2010
Event: 104.941 Thread 0x000001fd16c01a70 flushing nmethod 0x000001fd088a9090
Event: 104.941 Thread 0x000001fd16c01a70 flushing nmethod 0x000001fd088b0190
Event: 104.941 Thread 0x000001fd16c01a70 flushing nmethod 0x000001fd088c7a90
Event: 104.941 Thread 0x000001fd16c01a70 flushing nmethod 0x000001fd088cc290
Event: 104.942 Thread 0x000001fd16c01a70 flushing nmethod 0x000001fd08956c90
Event: 105.200 loading class java/net/InetAddress$CachedLocalHost
Event: 105.200 loading class java/net/InetAddress$CachedLocalHost done


Dynamic libraries:
0x00007ff6257a0000 - 0x00007ff6257ae000 	C:\Program Files\Microsoft\jdk-17.0.10.7-hotspot\bin\java.exe
0x00007ffda8ab0000 - 0x00007ffda8ca8000 	C:\Windows\SYSTEM32\ntdll.dll
0x00007ffda6da0000 - 0x00007ffda6e5d000 	C:\Windows\System32\KERNEL32.DLL
0x00007ffda6430000 - 0x00007ffda6726000 	C:\Windows\System32\KERNELBASE.dll
0x00007ffda6730000 - 0x00007ffda6830000 	C:\Windows\System32\ucrtbase.dll
0x00007ffd78720000 - 0x00007ffd7873b000 	C:\Program Files\Microsoft\jdk-17.0.10.7-hotspot\bin\VCRUNTIME140.dll
0x00007ffd7a6d0000 - 0x00007ffd7a6e7000 	C:\Program Files\Microsoft\jdk-17.0.10.7-hotspot\bin\jli.dll
0x00007ffda6ae0000 - 0x00007ffda6c7f000 	C:\Windows\System32\USER32.dll
0x00007ffda6ab0000 - 0x00007ffda6ad2000 	C:\Windows\System32\win32u.dll
0x00007ffda7870000 - 0x00007ffda789b000 	C:\Windows\System32\GDI32.dll
0x00007ffda5520000 - 0x00007ffda57ba000 	C:\Windows\WinSxS\amd64_microsoft.windows.common-controls_6595b64144ccf1df_6.0.19041.4355_none_60b8b9eb71f62e16\COMCTL32.dll
0x00007ffda6160000 - 0x00007ffda6277000 	C:\Windows\System32\gdi32full.dll
0x00007ffda6d00000 - 0x00007ffda6d9e000 	C:\Windows\System32\msvcrt.dll
0x00007ffda6830000 - 0x00007ffda68cd000 	C:\Windows\System32\msvcp_win.dll
0x00007ffda7930000 - 0x00007ffda7962000 	C:\Windows\System32\IMM32.DLL
0x00007ffda4240000 - 0x00007ffda424c000 	C:\Program Files\Microsoft\jdk-17.0.10.7-hotspot\bin\vcruntime140_1.dll
0x00007ffd61950000 - 0x00007ffd619dd000 	C:\Program Files\Microsoft\jdk-17.0.10.7-hotspot\bin\msvcp140.dll
0x00007ffd307d0000 - 0x00007ffd31435000 	C:\Program Files\Microsoft\jdk-17.0.10.7-hotspot\bin\server\jvm.dll
0x00007ffda6f10000 - 0x00007ffda6fc0000 	C:\Windows\System32\ADVAPI32.dll
0x00007ffda84f0000 - 0x00007ffda8590000 	C:\Windows\System32\sechost.dll
0x00007ffda7030000 - 0x00007ffda7153000 	C:\Windows\System32\RPCRT4.dll
0x00007ffda6980000 - 0x00007ffda69a7000 	C:\Windows\System32\bcrypt.dll
0x00007ffda5d50000 - 0x00007ffda5d9b000 	C:\Windows\SYSTEM32\POWRPROF.dll
0x00007ffda3810000 - 0x00007ffda3819000 	C:\Windows\SYSTEM32\WSOCK32.dll
0x00007ffda8a00000 - 0x00007ffda8a6b000 	C:\Windows\System32\WS2_32.dll
0x00007ffd91bb0000 - 0x00007ffd91bd7000 	C:\Windows\SYSTEM32\WINMM.dll
0x00007ffda41b0000 - 0x00007ffda41ba000 	C:\Windows\SYSTEM32\VERSION.dll
0x00007ffda58b0000 - 0x00007ffda58c2000 	C:\Windows\SYSTEM32\UMPDC.dll
0x00007ffda42c0000 - 0x00007ffda42d2000 	C:\Windows\SYSTEM32\kernel.appcore.dll
0x00007ffd7a350000 - 0x00007ffd7a35a000 	C:\Program Files\Microsoft\jdk-17.0.10.7-hotspot\bin\jimage.dll
0x00007ffda5b60000 - 0x00007ffda5d44000 	C:\Windows\SYSTEM32\DBGHELP.DLL
0x00007ffda5aa0000 - 0x00007ffda5ad4000 	C:\Windows\SYSTEM32\dbgcore.DLL
0x00007ffda69b0000 - 0x00007ffda6a32000 	C:\Windows\System32\bcryptPrimitives.dll
0x00007ffd7a110000 - 0x00007ffd7a11e000 	C:\Program Files\Microsoft\jdk-17.0.10.7-hotspot\bin\instrument.dll
0x00007ffd69db0000 - 0x00007ffd69dd5000 	C:\Program Files\Microsoft\jdk-17.0.10.7-hotspot\bin\java.dll
0x00007ffd59fe0000 - 0x00007ffd5a0b7000 	C:\Program Files\Microsoft\jdk-17.0.10.7-hotspot\bin\jsvml.dll
0x00007ffda7d80000 - 0x00007ffda84eb000 	C:\Windows\System32\SHELL32.dll
0x00007ffda3a10000 - 0x00007ffda41ad000 	C:\Windows\SYSTEM32\windows.storage.dll
0x00007ffda86a0000 - 0x00007ffda89f3000 	C:\Windows\System32\combase.dll
0x00007ffda53c0000 - 0x00007ffda53ee000 	C:\Windows\SYSTEM32\Wldp.dll
0x00007ffda7970000 - 0x00007ffda7a3d000 	C:\Windows\System32\OLEAUT32.dll
0x00007ffda85f0000 - 0x00007ffda869d000 	C:\Windows\System32\SHCORE.dll
0x00007ffda7630000 - 0x00007ffda7685000 	C:\Windows\System32\shlwapi.dll
0x00007ffda6090000 - 0x00007ffda60b4000 	C:\Windows\SYSTEM32\profapi.dll
0x00007ffd76cc0000 - 0x00007ffd76cd8000 	C:\Program Files\Microsoft\jdk-17.0.10.7-hotspot\bin\zip.dll
0x00007ffd6ca50000 - 0x00007ffd6ca69000 	C:\Program Files\Microsoft\jdk-17.0.10.7-hotspot\bin\net.dll
0x00007ffd9cc10000 - 0x00007ffd9cd1a000 	C:\Windows\SYSTEM32\WINHTTP.dll
0x00007ffda5180000 - 0x00007ffda51ea000 	C:\Windows\system32\mswsock.dll
0x00007ffd6c0e0000 - 0x00007ffd6c0f6000 	C:\Program Files\Microsoft\jdk-17.0.10.7-hotspot\bin\nio.dll
0x00007ffd77550000 - 0x00007ffd77560000 	C:\Program Files\Microsoft\jdk-17.0.10.7-hotspot\bin\verify.dll
0x00007ffd71af0000 - 0x00007ffd71b17000 	C:\Users\muham\.gradle\native\68d5fa5c4cc2d200863cafc0d521ce42e7d3e7ee720ec0a83991735586a16f82\windows-amd64\native-platform.dll
0x00007ffd59e90000 - 0x00007ffd59fd4000 	C:\Users\muham\.gradle\native\e376f236ea51e6404a007f0833ffe2c6e607c4080706a723a18a27aeea778392\windows-amd64\native-platform-file-events.dll
0x00007ffd6cb10000 - 0x00007ffd6cb19000 	C:\Program Files\Microsoft\jdk-17.0.10.7-hotspot\bin\management.dll
0x00007ffd6ca00000 - 0x00007ffd6ca0b000 	C:\Program Files\Microsoft\jdk-17.0.10.7-hotspot\bin\management_ext.dll
0x00007ffda6fc0000 - 0x00007ffda6fc8000 	C:\Windows\System32\PSAPI.DLL
0x00007ffda5ec0000 - 0x00007ffda5ed8000 	C:\Windows\SYSTEM32\CRYPTSP.dll
0x00007ffda4b20000 - 0x00007ffda4b54000 	C:\Windows\system32\rsaenh.dll
0x00007ffda6040000 - 0x00007ffda606e000 	C:\Windows\SYSTEM32\USERENV.dll
0x00007ffda5310000 - 0x00007ffda531c000 	C:\Windows\SYSTEM32\CRYPTBASE.dll
0x00007ffda4e80000 - 0x00007ffda4ebb000 	C:\Windows\SYSTEM32\IPHLPAPI.DLL
0x00007ffda7b60000 - 0x00007ffda7b68000 	C:\Windows\System32\NSI.dll
0x00007ffd9de60000 - 0x00007ffd9de77000 	C:\Windows\SYSTEM32\dhcpcsvc6.DLL
0x00007ffd9e0b0000 - 0x00007ffd9e0cd000 	C:\Windows\SYSTEM32\dhcpcsvc.DLL
0x00007ffda4ec0000 - 0x00007ffda4f8b000 	C:\Windows\SYSTEM32\DNSAPI.dll
0x00007ffd6c080000 - 0x00007ffd6c089000 	C:\Program Files\Microsoft\jdk-17.0.10.7-hotspot\bin\extnet.dll
0x00007ffd6bf40000 - 0x00007ffd6bf4e000 	C:\Program Files\Microsoft\jdk-17.0.10.7-hotspot\bin\sunmscapi.dll
0x00007ffda62d0000 - 0x00007ffda642e000 	C:\Windows\System32\CRYPT32.dll
0x00007ffda54f0000 - 0x00007ffda5519000 	C:\Windows\SYSTEM32\ncrypt.dll
0x00007ffda54b0000 - 0x00007ffda54eb000 	C:\Windows\SYSTEM32\NTASN1.dll
0x00007ffd6bf50000 - 0x00007ffd6bf57000 	C:\Windows\system32\wshunix.dll
0x00007ffd942c0000 - 0x00007ffd942ca000 	C:\Windows\System32\rasadhlp.dll
0x00007ffd95070000 - 0x00007ffd950f0000 	C:\Windows\System32\fwpuclnt.dll
0x00007ffd84290000 - 0x00007ffd842a7000 	C:\Windows\system32\napinsp.dll
0x00007ffd84240000 - 0x00007ffd8425b000 	C:\Windows\system32\pnrpnsp.dll
0x00007ffd84220000 - 0x00007ffd84235000 	C:\Windows\system32\wshbth.dll
0x00007ffda1440000 - 0x00007ffda145d000 	C:\Windows\system32\NLAapi.dll
0x00007ffd84200000 - 0x00007ffd84212000 	C:\Windows\System32\winrnr.dll

dbghelp: loaded successfully - version: 4.0.5 - missing functions: none
symbol engine: initialized successfully - sym options: 0x614 - pdb path: .;C:\Program Files\Microsoft\jdk-17.0.10.7-hotspot\bin;C:\Windows\SYSTEM32;C:\Windows\WinSxS\amd64_microsoft.windows.common-controls_6595b64144ccf1df_6.0.19041.4355_none_60b8b9eb71f62e16;C:\Program Files\Microsoft\jdk-17.0.10.7-hotspot\bin\server;C:\Users\muham\.gradle\native\68d5fa5c4cc2d200863cafc0d521ce42e7d3e7ee720ec0a83991735586a16f82\windows-amd64;C:\Users\muham\.gradle\native\e376f236ea51e6404a007f0833ffe2c6e607c4080706a723a18a27aeea778392\windows-amd64

VM Arguments:
jvm_args: -XX:MaxMetaspaceSize=512m --add-opens=java.base/java.util=ALL-UNNAMED --add-opens=java.base/java.lang=ALL-UNNAMED --add-opens=java.base/java.lang.invoke=ALL-UNNAMED --add-opens=java.prefs/java.util.prefs=ALL-UNNAMED --add-opens=java.base/java.nio.charset=ALL-UNNAMED --add-opens=java.base/java.net=ALL-UNNAMED --add-opens=java.base/java.util.concurrent.atomic=ALL-UNNAMED -Xmx2048m -Dfile.encoding=utf8 -Duser.country=US -Duser.language=en -Duser.variant -javaagent:C:\Users\muham\.gradle\wrapper\dists\gradle-8.3-all\6en3ugtfdg5xnpx44z4qbwgas\gradle-8.3\lib\agents\gradle-instrumentation-agent-8.3.jar 
java_command: org.gradle.launcher.daemon.bootstrap.GradleDaemon 8.3
java_class_path (initial): C:\Users\muham\.gradle\wrapper\dists\gradle-8.3-all\6en3ugtfdg5xnpx44z4qbwgas\gradle-8.3\lib\gradle-launcher-8.3.jar
Launcher Type: SUN_STANDARD

[Global flags]
     intx CICompilerCount                          = 3                                         {product} {ergonomic}
   size_t CompressedClassSpaceSize                 = 436207616                                 {product} {ergonomic}
     uint ConcGCThreads                            = 1                                         {product} {ergonomic}
     uint G1ConcRefinementThreads                  = 4                                         {product} {ergonomic}
   size_t G1HeapRegionSize                         = 1048576                                   {product} {ergonomic}
    uintx GCDrainStackTargetSize                   = 64                                        {product} {ergonomic}
   size_t InitialHeapSize                          = 134217728                                 {product} {ergonomic}
   size_t MarkStackSize                            = 4194304                                   {product} {ergonomic}
   size_t MaxHeapSize                              = 2147483648                                {product} {command line}
   size_t MaxMetaspaceSize                         = 536870912                                 {product} {command line}
   size_t MaxNewSize                               = 1287651328                                {product} {ergonomic}
   size_t MinHeapDeltaBytes                        = 1048576                                   {product} {ergonomic}
   size_t MinHeapSize                              = 8388608                                   {product} {ergonomic}
    uintx NonNMethodCodeHeapSize                   = 5832780                                {pd product} {ergonomic}
    uintx NonProfiledCodeHeapSize                  = 122912730                              {pd product} {ergonomic}
    uintx ProfiledCodeHeapSize                     = 122912730                              {pd product} {ergonomic}
    uintx ReservedCodeCacheSize                    = 251658240                              {pd product} {ergonomic}
     bool SegmentedCodeCache                       = true                                      {product} {ergonomic}
   size_t SoftMaxHeapSize                          = 2147483648                             {manageable} {ergonomic}
     bool UseCompressedClassPointers               = true                           {product lp64_product} {ergonomic}
     bool UseCompressedOops                        = true                           {product lp64_product} {ergonomic}
     bool UseG1GC                                  = true                                      {product} {ergonomic}
     bool UseLargePagesIndividualAllocation        = false                                  {pd product} {ergonomic}

Logging:
Log output configuration:
 #0: stdout all=warning uptime,level,tags
 #1: stderr all=off uptime,level,tags

Environment Variables:
JAVA_HOME=C:\Program Files\Microsoft\jdk-17.0.10.7-hotspot\
PATH=C:\Program Files\Microsoft\jdk-17.0.10.7-hotspot\bin;C:\Python312\Scripts\;C:\Python312\;C:\Windows\system32;C:\Windows;C:\Windows\System32\Wbem;C:\Windows\System32\WindowsPowerShell\v1.0\;C:\Windows\System32\OpenSSH\;C:\xampp\php;C:\composer;C:\Program Files\Git\bin;D:\Softwares\Xampp\Xampp\php;D:\Softwares\PHP Composer;C:\ProgramData\ComposerSetup\bin;C:\Program Files (x86)\Microsoft SQL Server\160\Tools\Binn\;C:\Program Files\Microsoft SQL Server\160\Tools\Binn\;C:\Program Files\Microsoft SQL Server\Client SDK\ODBC\170\Tools\Binn\;C:\Program Files\Microsoft SQL Server\160\DTS\Binn\;C:\Program Files\Azure Data Studio\bin;D:\Softwares\Java\jdk-21.0.2\bin;C:\Program Files\nodejs\;C:\ProgramData\chocolatey\bin;D:\Softwares\Flutter\flutter\bin;C:\Program Files\MongoDB\Server\7.0\bin;D:\Softwares\Graphiz\Graphviz\bin\dot.exe;D:\Softwares\AndroidStudio\AndroidStudio\bin;C:\Users\muham\AppData\Local\Android\Sdk\platform-tools;C:\Users\muham\AppData\Local\jdk-11.0.2\bin;C:\Users\muham\.cargo\bin;C:\Users\muham\AppData\Local\Microsoft\WindowsApps;C:\Users\muham\AppData\Local\Programs\Microsoft VS Code\bin;C:\Users\muham\AppData\Roaming\Composer\vendor\bin;C:\Program Files\Git\bin;C:\Program Files\Azure Data Studio\bin;D:\Softwares\Java\jdk-21.0.2\bin;C:\Users\muham\AppData\Roaming\npm;D:\Softwares\Flutter\flutter\bin;C:\Program Files\mongosh\;C:\Program Files\MongoDB\Server\7.0\bin;C:\Users\muham\AppData\Roaming\Python\Python312\Scripts;D:\Softwares\Graphiz\Graphviz\bin;C:\Users\muham\AppData\Local\Android\Sdk\platform-tools;
USERNAME=muham
OS=Windows_NT
PROCESSOR_IDENTIFIER=Intel64 Family 6 Model 142 Stepping 9, GenuineIntel
TMP=C:\Users\muham\AppData\Local\Temp
TEMP=C:\Users\muham\AppData\Local\Temp



Periodic native trim disabled


---------------  S Y S T E M  ---------------

OS:
 Windows 10 , 64 bit Build 19041 (10.0.19041.3636)
OS uptime: 3 days 2:21 hours
Hyper-V role detected

CPU: total 4 (initial active 4) (2 cores per cpu, 2 threads per core) family 6 model 142 stepping 9 microcode 0xf4, cx8, cmov, fxsr, ht, mmx, 3dnowpref, sse, sse2, sse3, ssse3, sse4.1, sse4.2, popcnt, lzcnt, tsc, tscinvbit, avx, avx2, aes, erms, clmul, bmi1, bmi2, rtm, adx, fma, vzeroupper, clflush, clflushopt, hv
Processor Information for all 4 processors :
  Max Mhz: 2904, Current Mhz: 801, Mhz Limit: 784

Memory: 4k page, system-wide physical 8067M (247M free)
TotalPageFile size 12163M (AvailPageFile size 5M)
current process WorkingSet (physical memory assigned to process): 398M, peak: 402M
current process commit charge ("private bytes"): 457M, peak: 459M

vm_info: OpenJDK 64-Bit Server VM (17.0.10+7-LTS) for windows-amd64 JRE (17.0.10+7-LTS), built on Jan 10 2024 19:47:12 by "MicrosoftCorporation" with MS VC++ 16.10 / 16.11 (VS2019)

END.
