#
# There is insufficient memory for the Java Runtime Environment to continue.
# Native memory allocation (malloc) failed to allocate 1128016 bytes for Chunk::new
# Possible reasons:
#   The system is out of physical RAM or swap space
#   The process is running with CompressedOops enabled, and the Java Heap may be blocking the growth of the native heap
# Possible solutions:
#   Reduce memory load on the system
#   Increase physical memory or swap space
#   Check if swap backing store is full
#   Decrease Java heap size (-Xmx/-Xms)
#   Decrease number of Java threads
#   Decrease Java thread stack sizes (-Xss)
#   Set larger code cache with -XX:ReservedCodeCacheSize=
#   JVM is running with Unscaled Compressed Oops mode in which the Java heap is
#     placed in the first 4GB address space. The Java Heap base address is the
#     maximum limit for the native heap growth. Please use -XX:HeapBaseMinAddress
#     to set the Java Heap base and to place the Java Heap above 4GB virtual address.
# This output file may be truncated or incomplete.
#
#  Out of Memory Error (arena.cpp:191), pid=11996, tid=13320
#
# JRE version: OpenJDK Runtime Environment Temurin-17.0.10+7 (17.0.10+7) (build 17.0.10+7)
# Java VM: OpenJDK 64-Bit Server VM Temurin-17.0.10+7 (17.0.10+7, mixed mode, tiered, compressed oops, compressed class ptrs, parallel gc, windows-amd64)
# No core dump will be written. Minidumps are not enabled by default on client versions of Windows
#

---------------  S U M M A R Y ------------

Command Line: --add-modules=ALL-SYSTEM --add-opens=java.base/java.util=ALL-UNNAMED --add-opens=java.base/java.lang=ALL-UNNAMED --add-opens=java.base/sun.nio.fs=ALL-UNNAMED -Declipse.application=org.eclipse.jdt.ls.core.id1 -Dosgi.bundles.defaultStartLevel=4 -Declipse.product=org.eclipse.jdt.ls.core.product -Djava.import.generatesMetadataFilesAtProjectRoot=false -DDetectVMInstallationsJob.disabled=true -Dfile.encoding=utf8 -XX:+UseParallelGC -XX:GCTimeRatio=4 -XX:AdaptiveSizePolicyWeight=90 -Dsun.zip.disableMemoryMapping=true -Xmx1G -Xms100m -Xlog:disable -javaagent:c:\Users\muham\.vscode\extensions\redhat.java-1.30.0-win32-x64\lombok\lombok-1.18.32.jar -XX:+HeapDumpOnOutOfMemoryError -XX:HeapDumpPath=c:\Users\muham\AppData\Roaming\Code\User\workspaceStorage\7ffdf9d5c1b61d00b24c9bc57f35e4a0\redhat.java -Daether.dependencyCollector.impl=bf c:\Users\muham\.vscode\extensions\redhat.java-1.30.0-win32-x64\server\plugins\org.eclipse.equinox.launcher_1.6.800.v20240330-1250.jar -configuration c:\Users\muham\AppData\Roaming\Code\User\globalStorage\redhat.java\1.30.0\config_win -data c:\Users\muham\AppData\Roaming\Code\User\workspaceStorage\7ffdf9d5c1b61d00b24c9bc57f35e4a0\redhat.java\jdt_ws --pipe=\\.\pipe\lsp-6c17ce0197249b1ec0bbff3d13cc3c26-sock

Host: Intel(R) Core(TM) i7-7600U CPU @ 2.80GHz, 4 cores, 7G,  Windows 10 , 64 bit Build 19041 (10.0.19041.3636)
Time: Wed May 29 06:31:43 2024 Pakistan Standard Time elapsed time: 600.337652 seconds (0d 0h 10m 0s)

---------------  T H R E A D  ---------------

Current thread (0x0000021eb0e2e7e0):  JavaThread "C2 CompilerThread0" daemon [_thread_in_native, id=13320, stack(0x000000668b500000,0x000000668b600000)]


Current CompileTask:
C2: 600337 11229       4       org.eclipse.jdt.internal.compiler.parser.Parser::consumeRule (7943 bytes)

Stack: [0x000000668b500000,0x000000668b600000]
Native frames: (J=compiled Java code, j=interpreted, Vv=VM code, C=native code)
V  [jvm.dll+0x67d2c9]
V  [jvm.dll+0x834afa]
V  [jvm.dll+0x8365be]
V  [jvm.dll+0x836c23]
V  [jvm.dll+0x2477ff]
V  [jvm.dll+0xac514]
V  [jvm.dll+0xacb5c]
V  [jvm.dll+0x366782]
V  [jvm.dll+0x330bfa]
V  [jvm.dll+0x33009a]
V  [jvm.dll+0x219ef1]
V  [jvm.dll+0x219311]
V  [jvm.dll+0x1a502d]
V  [jvm.dll+0x2290de]
V  [jvm.dll+0x2272ac]
V  [jvm.dll+0x7e9bb7]
V  [jvm.dll+0x7e3fba]
V  [jvm.dll+0x67c1b5]
C  [ucrtbase.dll+0x21bb2]
C  [KERNEL32.DLL+0x17344]
C  [ntdll.dll+0x526b1]


---------------  P R O C E S S  ---------------

Threads class SMR info:
_java_thread_list=0x0000021eb9a75370, length=39, elements={
0x0000021e9b0963e0, 0x0000021eb0e1f3a0, 0x0000021eb0e20ec0, 0x0000021eb0e5f130,
0x0000021eb0e5ffb0, 0x0000021eb0e61ce0, 0x0000021eb0e647b0, 0x0000021eb0e2e7e0,
0x0000021eb6027d90, 0x0000021eb602ab50, 0x0000021eb608d370, 0x0000021eb6315840,
0x0000021eb6a14660, 0x0000021eb6a46290, 0x0000021eb6a46a40, 0x0000021eb6e41a10,
0x0000021eb71a3cf0, 0x0000021eb6a562f0, 0x0000021eb6a58150, 0x0000021eb6a57730,
0x0000021eb6a59aa0, 0x0000021eb6f03000, 0x0000021eb6f00780, 0x0000021eb6efd4e0,
0x0000021eb6efbb90, 0x0000021eb6efcfd0, 0x0000021eb6f00c90, 0x0000021eb6f020d0,
0x0000021eb6efe920, 0x0000021eb6efd9f0, 0x0000021eb6f011a0, 0x0000021eb6efc5b0,
0x0000021eb6f025e0, 0x0000021eb6efcac0, 0x0000021eb6effd60, 0x0000021eb6efdf00,
0x0000021eb6f00270, 0x0000021eb6efe410, 0x0000021eb8ffd8a0
}

Java Threads: ( => current thread )
  0x0000021e9b0963e0 JavaThread "main" [_thread_blocked, id=17644, stack(0x000000668ab00000,0x000000668ac00000)]
  0x0000021eb0e1f3a0 JavaThread "Reference Handler" daemon [_thread_blocked, id=9972, stack(0x000000668af00000,0x000000668b000000)]
  0x0000021eb0e20ec0 JavaThread "Finalizer" daemon [_thread_blocked, id=3156, stack(0x000000668b000000,0x000000668b100000)]
  0x0000021eb0e5f130 JavaThread "Signal Dispatcher" daemon [_thread_blocked, id=18008, stack(0x000000668b100000,0x000000668b200000)]
  0x0000021eb0e5ffb0 JavaThread "Attach Listener" daemon [_thread_blocked, id=12872, stack(0x000000668b200000,0x000000668b300000)]
  0x0000021eb0e61ce0 JavaThread "Service Thread" daemon [_thread_blocked, id=7368, stack(0x000000668b300000,0x000000668b400000)]
  0x0000021eb0e647b0 JavaThread "Monitor Deflation Thread" daemon [_thread_blocked, id=6764, stack(0x000000668b400000,0x000000668b500000)]
=>0x0000021eb0e2e7e0 JavaThread "C2 CompilerThread0" daemon [_thread_in_native, id=13320, stack(0x000000668b500000,0x000000668b600000)]
  0x0000021eb6027d90 JavaThread "C1 CompilerThread0" daemon [_thread_blocked, id=20064, stack(0x000000668b600000,0x000000668b700000)]
  0x0000021eb602ab50 JavaThread "Sweeper thread" daemon [_thread_blocked, id=252, stack(0x000000668b700000,0x000000668b800000)]
  0x0000021eb608d370 JavaThread "Common-Cleaner" daemon [_thread_blocked, id=19028, stack(0x000000668b800000,0x000000668b900000)]
  0x0000021eb6315840 JavaThread "Notification Thread" daemon [_thread_blocked, id=912, stack(0x000000668b900000,0x000000668ba00000)]
  0x0000021eb6a14660 JavaThread "Active Thread: Equinox Container: c3422358-7c17-43f6-bfd6-1a174cb5b482" [_thread_blocked, id=8108, stack(0x000000668bf00000,0x000000668c000000)]
  0x0000021eb6a46290 JavaThread "Framework Event Dispatcher: Equinox Container: c3422358-7c17-43f6-bfd6-1a174cb5b482" daemon [_thread_blocked, id=3080, stack(0x000000668be00000,0x000000668bf00000)]
  0x0000021eb6a46a40 JavaThread "Start Level: Equinox Container: c3422358-7c17-43f6-bfd6-1a174cb5b482" daemon [_thread_blocked, id=20516, stack(0x000000668c000000,0x000000668c100000)]
  0x0000021eb6e41a10 JavaThread "Bundle File Closer" daemon [_thread_blocked, id=4012, stack(0x000000668c200000,0x000000668c300000)]
  0x0000021eb71a3cf0 JavaThread "SCR Component Actor" daemon [_thread_blocked, id=1476, stack(0x000000668c300000,0x000000668c400000)]
  0x0000021eb6a562f0 JavaThread "Worker-JM" [_thread_blocked, id=18916, stack(0x000000668c500000,0x000000668c600000)]
  0x0000021eb6a58150 JavaThread "Worker-1: Building" [_thread_in_Java, id=16236, stack(0x000000668c700000,0x000000668c800000)]
  0x0000021eb6a57730 JavaThread "Java indexing" daemon [_thread_in_Java, id=19076, stack(0x000000668c100000,0x000000668c200000)]
  0x0000021eb6a59aa0 JavaThread "JNA Cleaner" daemon [_thread_blocked, id=17812, stack(0x000000668cb00000,0x000000668cc00000)]
  0x0000021eb6f03000 JavaThread "Thread-2" daemon [_thread_in_native, id=19728, stack(0x000000668ce00000,0x000000668cf00000)]
  0x0000021eb6f00780 JavaThread "Thread-3" daemon [_thread_in_native, id=17460, stack(0x000000668cf00000,0x000000668d000000)]
  0x0000021eb6efd4e0 JavaThread "Thread-4" daemon [_thread_in_native, id=4076, stack(0x000000668d000000,0x000000668d100000)]
  0x0000021eb6efbb90 JavaThread "Thread-5" daemon [_thread_in_native, id=15236, stack(0x000000668d100000,0x000000668d200000)]
  0x0000021eb6efcfd0 JavaThread "Thread-6" daemon [_thread_in_native, id=5972, stack(0x000000668d200000,0x000000668d300000)]
  0x0000021eb6f00c90 JavaThread "pool-2-thread-1" [_thread_blocked, id=11808, stack(0x000000668d300000,0x000000668d400000)]
  0x0000021eb6f020d0 JavaThread "WorkspaceEventsHandler" [_thread_in_vm, id=17196, stack(0x000000668d400000,0x000000668d500000)]
  0x0000021eb6efe920 JavaThread "pool-1-thread-1" [_thread_blocked, id=11192, stack(0x000000668d500000,0x000000668d600000)]
  0x0000021eb6efd9f0 JavaThread "Timer-0" [_thread_blocked, id=20548, stack(0x000000668d800000,0x000000668d900000)]
  0x0000021eb6f011a0 JavaThread "Timer-1" [_thread_blocked, id=2440, stack(0x000000668d900000,0x000000668da00000)]
  0x0000021eb6efc5b0 JavaThread "Timer-2" [_thread_blocked, id=11760, stack(0x000000668db00000,0x000000668dc00000)]
  0x0000021eb6f025e0 JavaThread "Timer-3" [_thread_blocked, id=796, stack(0x000000668dd00000,0x000000668de00000)]
  0x0000021eb6efcac0 JavaThread "Timer-4" [_thread_blocked, id=16100, stack(0x000000668df00000,0x000000668e000000)]
  0x0000021eb6effd60 JavaThread "Timer-5" [_thread_blocked, id=15752, stack(0x000000668dc00000,0x000000668dd00000)]
  0x0000021eb6efdf00 JavaThread "Timer-6" [_thread_blocked, id=10324, stack(0x000000668e000000,0x000000668e100000)]
  0x0000021eb6f00270 JavaThread "Worker-5: Java indexing... " [_thread_blocked, id=17780, stack(0x000000668de00000,0x000000668df00000)]
  0x0000021eb6efe410 JavaThread "Worker-6" [_thread_blocked, id=5364, stack(0x000000668ac00000,0x000000668ad00000)]
  0x0000021eb8ffd8a0 JavaThread "C2 CompilerThread1" daemon [_thread_in_native, id=17848, stack(0x000000668aa00000,0x000000668ab00000)]

Other Threads:
  0x0000021eb0e0c9a0 VMThread "VM Thread" [stack: 0x000000668ae00000,0x000000668af00000] [id=12532]
  0x0000021eb6315d20 WatcherThread [stack: 0x000000668ba00000,0x000000668bb00000] [id=12684]
  0x0000021e9b0a9d40 GCTaskThread "GC Thread#0" [stack: 0x000000668ad00000,0x000000668ae00000] [id=11316]
  0x0000021eb64cfe80 GCTaskThread "GC Thread#1" [stack: 0x000000668bb00000,0x000000668bc00000] [id=5064]
  0x0000021eb685d5f0 GCTaskThread "GC Thread#2" [stack: 0x000000668bc00000,0x000000668bd00000] [id=18352]
  0x0000021eb685d8b0 GCTaskThread "GC Thread#3" [stack: 0x000000668bd00000,0x000000668be00000] [id=2692]

Threads with active compile tasks:
C2 CompilerThread0   600396 11229       4       org.eclipse.jdt.internal.compiler.parser.Parser::consumeRule (7943 bytes)
C2 CompilerThread1   600396 11236   !   4       org.eclipse.jdt.internal.compiler.parser.Scanner::getNextToken0 (2518 bytes)

VM state: not at safepoint (normal execution)

VM Mutex/Monitor currently owned by a thread: None

Heap address: 0x00000000c0000000, size: 1024 MB, Compressed Oops mode: 32-bit

CDS archive(s) not mapped
Compressed class space mapped at: 0x0000000100000000-0x0000000140000000, reserved size: 1073741824
Narrow klass base: 0x0000000000000000, Narrow klass shift: 3, Narrow klass range: 0x140000000

GC Precious Log:
 CPUs: 4 total, 4 available
 Memory: 8067M
 Large Page Support: Disabled
 NUMA Support: Disabled
 Compressed Oops: Enabled (32-bit)
 Alignments: Space 512K, Generation 512K, Heap 2M
 Heap Min Capacity: 100M
 Heap Initial Capacity: 100M
 Heap Max Capacity: 1G
 Pre-touch: Disabled
 Parallel Workers: 4

Heap:
 PSYoungGen      total 17920K, used 15386K [0x00000000eab00000, 0x00000000ebf00000, 0x0000000100000000)
  eden space 17408K, 85% used [0x00000000eab00000,0x00000000eb9898a0,0x00000000ebc00000)
  from space 512K, 97% used [0x00000000ebd80000,0x00000000ebdfd2a0,0x00000000ebe00000)
  to   space 1536K, 0% used [0x00000000ebc00000,0x00000000ebc00000,0x00000000ebd80000)
 ParOldGen       total 90112K, used 75248K [0x00000000c0000000, 0x00000000c5800000, 0x00000000eab00000)
  object space 90112K, 83% used [0x00000000c0000000,0x00000000c497c2d8,0x00000000c5800000)
 Metaspace       used 83890K, committed 85120K, reserved 1179648K
  class space    used 9855K, committed 10368K, reserved 1048576K

Card table byte_map: [0x0000021eae6f0000,0x0000021eae900000] _byte_map_base: 0x0000021eae0f0000

Marking Bits: (ParMarkBitMap*) 0x00007ffd31fdd7d0
 Begin Bits: [0x0000021eaea60000, 0x0000021eafa60000)
 End Bits:   [0x0000021eafa60000, 0x0000021eb0a60000)

Polling page: 0x0000021e9b150000

Metaspace:

Usage:
  Non-class:     72.30 MB used.
      Class:      9.62 MB used.
       Both:     81.92 MB used.

Virtual space:
  Non-class space:      128.00 MB reserved,      73.00 MB ( 57%) committed,  2 nodes.
      Class space:        1.00 GB reserved,      10.12 MB ( <1%) committed,  1 nodes.
             Both:        1.12 GB reserved,      83.12 MB (  7%) committed. 

Chunk freelists:
   Non-Class:  6.66 MB
       Class:  5.77 MB
        Both:  12.42 MB

MaxMetaspaceSize: unlimited
CompressedClassSpaceSize: 1.00 GB
Initial GC threshold: 21.00 MB
Current GC threshold: 126.88 MB
CDS: off
MetaspaceReclaimPolicy: balanced
 - commit_granule_bytes: 65536.
 - commit_granule_words: 8192.
 - virtual_space_node_default_size: 8388608.
 - enlarge_chunks_in_place: 1.
 - new_chunks_are_fully_committed: 0.
 - uncommit_free_chunks: 1.
 - use_allocation_guard: 0.
 - handle_deallocations: 1.


Internal statistics:

num_allocs_failed_limit: 9.
num_arena_births: 800.
num_arena_deaths: 16.
num_vsnodes_births: 3.
num_vsnodes_deaths: 0.
num_space_committed: 1330.
num_space_uncommitted: 0.
num_chunks_returned_to_freelist: 26.
num_chunks_taken_from_freelist: 3985.
num_chunk_merges: 12.
num_chunk_splits: 2552.
num_chunks_enlarged: 1616.
num_inconsistent_stats: 0.

CodeHeap 'non-profiled nmethods': size=120000Kb used=7333Kb max_used=7333Kb free=112666Kb
 bounds [0x0000021ea6fd0000, 0x0000021ea7700000, 0x0000021eae500000]
CodeHeap 'profiled nmethods': size=120000Kb used=18988Kb max_used=18988Kb free=101011Kb
 bounds [0x0000021e9f500000, 0x0000021ea0790000, 0x0000021ea6a30000]
CodeHeap 'non-nmethods': size=5760Kb used=1410Kb max_used=1501Kb free=4349Kb
 bounds [0x0000021ea6a30000, 0x0000021ea6ca0000, 0x0000021ea6fd0000]
 total_blobs=9909 nmethods=9142 adapters=678
 compilation: enabled
              stopped_count=0, restarted_count=0
 full_count=0

Compilation events (20 events):
Event: 600.260 Thread 0x0000021eb8ffd8a0 nmethod 11224 0x0000021ea76f8210 code [0x0000021ea76f8440, 0x0000021ea76f8b38]
Event: 600.265 Thread 0x0000021eb0e2e7e0 11229       4       org.eclipse.jdt.internal.compiler.parser.Parser::consumeRule (7943 bytes)
Event: 600.269 Thread 0x0000021eb6027d90 nmethod 11227 0x0000021ea0773c90 code [0x0000021ea0774a20, 0x0000021ea077fd58]
Event: 600.269 Thread 0x0000021eb6027d90 11228       3       org.eclipse.jdt.internal.compiler.parser.Scanner::maybeAtLambdaOrCast (126 bytes)
Event: 600.269 Thread 0x0000021eb6027d90 nmethod 11228 0x0000021ea0781c10 code [0x0000021ea0781de0, 0x0000021ea0782388]
Event: 600.281 Thread 0x0000021eb6027d90 11230       3       org.eclipse.jdt.internal.compiler.parser.Parser::consumeExpression (85 bytes)
Event: 600.282 Thread 0x0000021eb6027d90 nmethod 11230 0x0000021ea0782510 code [0x0000021ea07826e0, 0x0000021ea0782b98]
Event: 600.282 Thread 0x0000021eb6027d90 11231       3       org.eclipse.jdt.internal.compiler.parser.Parser::consumeInvocationExpression (1 bytes)
Event: 600.282 Thread 0x0000021eb6027d90 nmethod 11231 0x0000021ea0782d90 code [0x0000021ea0782f20, 0x0000021ea0783038]
Event: 600.284 Thread 0x0000021eb6027d90 11232       3       org.eclipse.jdt.internal.compiler.parser.Scanner::mayBeAtCasePattern (24 bytes)
Event: 600.285 Thread 0x0000021eb6027d90 nmethod 11232 0x0000021ea0783110 code [0x0000021ea07832c0, 0x0000021ea0783618]
Event: 600.286 Thread 0x0000021eb6027d90 11233       3       org.eclipse.jdt.internal.compiler.parser.Parser::pushOnGenericsIdentifiersLengthStack (53 bytes)
Event: 600.286 Thread 0x0000021eb6027d90 nmethod 11233 0x0000021ea0783710 code [0x0000021ea07838c0, 0x0000021ea0783ba8]
Event: 600.286 Thread 0x0000021eb6027d90 11234       3       org.eclipse.jdt.internal.compiler.parser.Scanner::getNextToken (182 bytes)
Event: 600.288 Thread 0x0000021eb6027d90 nmethod 11234 0x0000021ea0783d10 code [0x0000021ea0783f80, 0x0000021ea0784f38]
Event: 600.288 Thread 0x0000021eb8ffd8a0 11235       4       org.eclipse.jdt.internal.compiler.parser.Scanner::areRestrictedModuleKeywordsActive (21 bytes)
Event: 600.289 Thread 0x0000021eb8ffd8a0 nmethod 11235 0x0000021ea76f9190 code [0x0000021ea76f9300, 0x0000021ea76f93b8]
Event: 600.290 Thread 0x0000021eb8ffd8a0 11236   !   4       org.eclipse.jdt.internal.compiler.parser.Scanner::getNextToken0 (2518 bytes)
Event: 600.294 Thread 0x0000021eb6027d90 11237       3       org.eclipse.jdt.internal.compiler.parser.Parser::newMessageSend (65 bytes)
Event: 600.295 Thread 0x0000021eb6027d90 nmethod 11237 0x0000021ea0785190 code [0x0000021ea0785360, 0x0000021ea0785908]

GC Heap History (20 events):
Event: 167.205 GC heap before
{Heap before GC invocations=94 (full 4):
 PSYoungGen      total 18944K, used 18944K [0x00000000eab00000, 0x00000000ec700000, 0x0000000100000000)
  eden space 17408K, 100% used [0x00000000eab00000,0x00000000ebc00000,0x00000000ebc00000)
  from space 1536K, 100% used [0x00000000ec080000,0x00000000ec200000,0x00000000ec200000)
  to   space 4608K, 0% used [0x00000000ebc00000,0x00000000ebc00000,0x00000000ec080000)
 ParOldGen       total 90112K, used 67534K [0x00000000c0000000, 0x00000000c5800000, 0x00000000eab00000)
  object space 90112K, 74% used [0x00000000c0000000,0x00000000c41f3938,0x00000000c5800000)
 Metaspace       used 76792K, committed 78016K, reserved 1179648K
  class space    used 9146K, committed 9728K, reserved 1048576K
}
Event: 167.209 GC heap after
{Heap after GC invocations=94 (full 4):
 PSYoungGen      total 19456K, used 1600K [0x00000000eab00000, 0x00000000ec100000, 0x0000000100000000)
  eden space 17408K, 0% used [0x00000000eab00000,0x00000000eab00000,0x00000000ebc00000)
  from space 2048K, 78% used [0x00000000ebc00000,0x00000000ebd90000,0x00000000ebe00000)
  to   space 2560K, 0% used [0x00000000ebe80000,0x00000000ebe80000,0x00000000ec100000)
 ParOldGen       total 90112K, used 69086K [0x00000000c0000000, 0x00000000c5800000, 0x00000000eab00000)
  object space 90112K, 76% used [0x00000000c0000000,0x00000000c4377938,0x00000000c5800000)
 Metaspace       used 76792K, committed 78016K, reserved 1179648K
  class space    used 9146K, committed 9728K, reserved 1048576K
}
Event: 168.031 GC heap before
{Heap before GC invocations=95 (full 4):
 PSYoungGen      total 19456K, used 19008K [0x00000000eab00000, 0x00000000ec100000, 0x0000000100000000)
  eden space 17408K, 100% used [0x00000000eab00000,0x00000000ebc00000,0x00000000ebc00000)
  from space 2048K, 78% used [0x00000000ebc00000,0x00000000ebd90000,0x00000000ebe00000)
  to   space 2560K, 0% used [0x00000000ebe80000,0x00000000ebe80000,0x00000000ec100000)
 ParOldGen       total 90112K, used 69086K [0x00000000c0000000, 0x00000000c5800000, 0x00000000eab00000)
  object space 90112K, 76% used [0x00000000c0000000,0x00000000c4377938,0x00000000c5800000)
 Metaspace       used 76977K, committed 78208K, reserved 1179648K
  class space    used 9160K, committed 9728K, reserved 1048576K
}
Event: 168.035 GC heap after
{Heap after GC invocations=95 (full 4):
 PSYoungGen      total 18432K, used 752K [0x00000000eab00000, 0x00000000ebf80000, 0x0000000100000000)
  eden space 17408K, 0% used [0x00000000eab00000,0x00000000eab00000,0x00000000ebc00000)
  from space 1024K, 73% used [0x00000000ebe80000,0x00000000ebf3c010,0x00000000ebf80000)
  to   space 1536K, 0% used [0x00000000ebc80000,0x00000000ebc80000,0x00000000ebe00000)
 ParOldGen       total 90112K, used 70646K [0x00000000c0000000, 0x00000000c5800000, 0x00000000eab00000)
  object space 90112K, 78% used [0x00000000c0000000,0x00000000c44fd938,0x00000000c5800000)
 Metaspace       used 76977K, committed 78208K, reserved 1179648K
  class space    used 9160K, committed 9728K, reserved 1048576K
}
Event: 245.051 GC heap before
{Heap before GC invocations=96 (full 4):
 PSYoungGen      total 18432K, used 18160K [0x00000000eab00000, 0x00000000ebf80000, 0x0000000100000000)
  eden space 17408K, 100% used [0x00000000eab00000,0x00000000ebc00000,0x00000000ebc00000)
  from space 1024K, 73% used [0x00000000ebe80000,0x00000000ebf3c010,0x00000000ebf80000)
  to   space 1536K, 0% used [0x00000000ebc80000,0x00000000ebc80000,0x00000000ebe00000)
 ParOldGen       total 90112K, used 70646K [0x00000000c0000000, 0x00000000c5800000, 0x00000000eab00000)
  object space 90112K, 78% used [0x00000000c0000000,0x00000000c44fd938,0x00000000c5800000)
 Metaspace       used 77409K, committed 78592K, reserved 1179648K
  class space    used 9212K, committed 9728K, reserved 1048576K
}
Event: 245.053 GC heap after
{Heap after GC invocations=96 (full 4):
 PSYoungGen      total 18944K, used 352K [0x00000000eab00000, 0x00000000ebf00000, 0x0000000100000000)
  eden space 17408K, 0% used [0x00000000eab00000,0x00000000eab00000,0x00000000ebc00000)
  from space 1536K, 22% used [0x00000000ebc80000,0x00000000ebcd8040,0x00000000ebe00000)
  to   space 1024K, 0% used [0x00000000ebe00000,0x00000000ebe00000,0x00000000ebf00000)
 ParOldGen       total 90112K, used 71182K [0x00000000c0000000, 0x00000000c5800000, 0x00000000eab00000)
  object space 90112K, 78% used [0x00000000c0000000,0x00000000c4583938,0x00000000c5800000)
 Metaspace       used 77409K, committed 78592K, reserved 1179648K
  class space    used 9212K, committed 9728K, reserved 1048576K
}
Event: 593.639 GC heap before
{Heap before GC invocations=97 (full 4):
 PSYoungGen      total 18944K, used 17760K [0x00000000eab00000, 0x00000000ebf00000, 0x0000000100000000)
  eden space 17408K, 100% used [0x00000000eab00000,0x00000000ebc00000,0x00000000ebc00000)
  from space 1536K, 22% used [0x00000000ebc80000,0x00000000ebcd8040,0x00000000ebe00000)
  to   space 1024K, 0% used [0x00000000ebe00000,0x00000000ebe00000,0x00000000ebf00000)
 ParOldGen       total 90112K, used 71182K [0x00000000c0000000, 0x00000000c5800000, 0x00000000eab00000)
  object space 90112K, 78% used [0x00000000c0000000,0x00000000c4583938,0x00000000c5800000)
 Metaspace       used 77583K, committed 78784K, reserved 1179648K
  class space    used 9233K, committed 9792K, reserved 1048576K
}
Event: 593.642 GC heap after
{Heap after GC invocations=97 (full 4):
 PSYoungGen      total 17920K, used 128K [0x00000000eab00000, 0x00000000ebe80000, 0x0000000100000000)
  eden space 17408K, 0% used [0x00000000eab00000,0x00000000eab00000,0x00000000ebc00000)
  from space 512K, 25% used [0x00000000ebe00000,0x00000000ebe20000,0x00000000ebe80000)
  to   space 512K, 0% used [0x00000000ebd80000,0x00000000ebd80000,0x00000000ebe00000)
 ParOldGen       total 90112K, used 71475K [0x00000000c0000000, 0x00000000c5800000, 0x00000000eab00000)
  object space 90112K, 79% used [0x00000000c0000000,0x00000000c45ccdf8,0x00000000c5800000)
 Metaspace       used 77583K, committed 78784K, reserved 1179648K
  class space    used 9233K, committed 9792K, reserved 1048576K
}
Event: 594.288 GC heap before
{Heap before GC invocations=98 (full 4):
 PSYoungGen      total 17920K, used 17536K [0x00000000eab00000, 0x00000000ebe80000, 0x0000000100000000)
  eden space 17408K, 100% used [0x00000000eab00000,0x00000000ebc00000,0x00000000ebc00000)
  from space 512K, 25% used [0x00000000ebe00000,0x00000000ebe20000,0x00000000ebe80000)
  to   space 512K, 0% used [0x00000000ebd80000,0x00000000ebd80000,0x00000000ebe00000)
 ParOldGen       total 90112K, used 71475K [0x00000000c0000000, 0x00000000c5800000, 0x00000000eab00000)
  object space 90112K, 79% used [0x00000000c0000000,0x00000000c45ccdf8,0x00000000c5800000)
 Metaspace       used 78411K, committed 79616K, reserved 1179648K
  class space    used 9305K, committed 9856K, reserved 1048576K
}
Event: 594.291 GC heap after
{Heap after GC invocations=98 (full 4):
 PSYoungGen      total 17920K, used 497K [0x00000000eab00000, 0x00000000ebf00000, 0x0000000100000000)
  eden space 17408K, 0% used [0x00000000eab00000,0x00000000eab00000,0x00000000ebc00000)
  from space 512K, 97% used [0x00000000ebd80000,0x00000000ebdfc6f0,0x00000000ebe00000)
  to   space 1024K, 0% used [0x00000000ebe00000,0x00000000ebe00000,0x00000000ebf00000)
 ParOldGen       total 90112K, used 72112K [0x00000000c0000000, 0x00000000c5800000, 0x00000000eab00000)
  object space 90112K, 80% used [0x00000000c0000000,0x00000000c466c370,0x00000000c5800000)
 Metaspace       used 78411K, committed 79616K, reserved 1179648K
  class space    used 9305K, committed 9856K, reserved 1048576K
}
Event: 594.500 GC heap before
{Heap before GC invocations=99 (full 4):
 PSYoungGen      total 17920K, used 17856K [0x00000000eab00000, 0x00000000ebf00000, 0x0000000100000000)
  eden space 17408K, 99% used [0x00000000eab00000,0x00000000ebbf39e0,0x00000000ebc00000)
  from space 512K, 97% used [0x00000000ebd80000,0x00000000ebdfc6f0,0x00000000ebe00000)
  to   space 1024K, 0% used [0x00000000ebe00000,0x00000000ebe00000,0x00000000ebf00000)
 ParOldGen       total 90112K, used 72112K [0x00000000c0000000, 0x00000000c5800000, 0x00000000eab00000)
  object space 90112K, 80% used [0x00000000c0000000,0x00000000c466c370,0x00000000c5800000)
 Metaspace       used 78431K, committed 79616K, reserved 1179648K
  class space    used 9305K, committed 9856K, reserved 1048576K
}
Event: 594.505 GC heap after
{Heap after GC invocations=99 (full 4):
 PSYoungGen      total 18432K, used 1005K [0x00000000eab00000, 0x00000000ec000000, 0x0000000100000000)
  eden space 17408K, 0% used [0x00000000eab00000,0x00000000eab00000,0x00000000ebc00000)
  from space 1024K, 98% used [0x00000000ebe00000,0x00000000ebefb538,0x00000000ebf00000)
  to   space 2048K, 0% used [0x00000000ebc00000,0x00000000ebc00000,0x00000000ebe00000)
 ParOldGen       total 90112K, used 72771K [0x00000000c0000000, 0x00000000c5800000, 0x00000000eab00000)
  object space 90112K, 80% used [0x00000000c0000000,0x00000000c4710fd8,0x00000000c5800000)
 Metaspace       used 78431K, committed 79616K, reserved 1179648K
  class space    used 9305K, committed 9856K, reserved 1048576K
}
Event: 595.264 GC heap before
{Heap before GC invocations=100 (full 4):
 PSYoungGen      total 18432K, used 18413K [0x00000000eab00000, 0x00000000ec000000, 0x0000000100000000)
  eden space 17408K, 100% used [0x00000000eab00000,0x00000000ebc00000,0x00000000ebc00000)
  from space 1024K, 98% used [0x00000000ebe00000,0x00000000ebefb538,0x00000000ebf00000)
  to   space 2048K, 0% used [0x00000000ebc00000,0x00000000ebc00000,0x00000000ebe00000)
 ParOldGen       total 90112K, used 72771K [0x00000000c0000000, 0x00000000c5800000, 0x00000000eab00000)
  object space 90112K, 80% used [0x00000000c0000000,0x00000000c4710fd8,0x00000000c5800000)
 Metaspace       used 80118K, committed 81344K, reserved 1179648K
  class space    used 9456K, committed 9984K, reserved 1048576K
}
Event: 595.266 GC heap after
{Heap after GC invocations=100 (full 4):
 PSYoungGen      total 17920K, used 160K [0x00000000eab00000, 0x00000000ebe80000, 0x0000000100000000)
  eden space 17408K, 0% used [0x00000000eab00000,0x00000000eab00000,0x00000000ebc00000)
  from space 512K, 31% used [0x00000000ebc00000,0x00000000ebc28000,0x00000000ebc80000)
  to   space 1024K, 0% used [0x00000000ebd80000,0x00000000ebd80000,0x00000000ebe80000)
 ParOldGen       total 90112K, used 73606K [0x00000000c0000000, 0x00000000c5800000, 0x00000000eab00000)
  object space 90112K, 81% used [0x00000000c0000000,0x00000000c47e1898,0x00000000c5800000)
 Metaspace       used 80118K, committed 81344K, reserved 1179648K
  class space    used 9456K, committed 9984K, reserved 1048576K
}
Event: 596.171 GC heap before
{Heap before GC invocations=101 (full 4):
 PSYoungGen      total 17920K, used 17568K [0x00000000eab00000, 0x00000000ebe80000, 0x0000000100000000)
  eden space 17408K, 100% used [0x00000000eab00000,0x00000000ebc00000,0x00000000ebc00000)
  from space 512K, 31% used [0x00000000ebc00000,0x00000000ebc28000,0x00000000ebc80000)
  to   space 1024K, 0% used [0x00000000ebd80000,0x00000000ebd80000,0x00000000ebe80000)
 ParOldGen       total 90112K, used 73606K [0x00000000c0000000, 0x00000000c5800000, 0x00000000eab00000)
  object space 90112K, 81% used [0x00000000c0000000,0x00000000c47e1898,0x00000000c5800000)
 Metaspace       used 80700K, committed 81920K, reserved 1179648K
  class space    used 9545K, committed 10048K, reserved 1048576K
}
Event: 596.172 GC heap after
{Heap after GC invocations=101 (full 4):
 PSYoungGen      total 17920K, used 256K [0x00000000eab00000, 0x00000000ebe00000, 0x0000000100000000)
  eden space 17408K, 0% used [0x00000000eab00000,0x00000000eab00000,0x00000000ebc00000)
  from space 512K, 50% used [0x00000000ebd80000,0x00000000ebdc0000,0x00000000ebe00000)
  to   space 512K, 0% used [0x00000000ebc00000,0x00000000ebc00000,0x00000000ebc80000)
 ParOldGen       total 90112K, used 73750K [0x00000000c0000000, 0x00000000c5800000, 0x00000000eab00000)
  object space 90112K, 81% used [0x00000000c0000000,0x00000000c4805898,0x00000000c5800000)
 Metaspace       used 80700K, committed 81920K, reserved 1179648K
  class space    used 9545K, committed 10048K, reserved 1048576K
}
Event: 597.104 GC heap before
{Heap before GC invocations=102 (full 4):
 PSYoungGen      total 17920K, used 17664K [0x00000000eab00000, 0x00000000ebe00000, 0x0000000100000000)
  eden space 17408K, 100% used [0x00000000eab00000,0x00000000ebc00000,0x00000000ebc00000)
  from space 512K, 50% used [0x00000000ebd80000,0x00000000ebdc0000,0x00000000ebe00000)
  to   space 512K, 0% used [0x00000000ebc00000,0x00000000ebc00000,0x00000000ebc80000)
 ParOldGen       total 90112K, used 73750K [0x00000000c0000000, 0x00000000c5800000, 0x00000000eab00000)
  object space 90112K, 81% used [0x00000000c0000000,0x00000000c4805898,0x00000000c5800000)
 Metaspace       used 81973K, committed 83136K, reserved 1179648K
  class space    used 9653K, committed 10176K, reserved 1048576K
}
Event: 597.107 GC heap after
{Heap after GC invocations=102 (full 4):
 PSYoungGen      total 17920K, used 288K [0x00000000eab00000, 0x00000000ebe00000, 0x0000000100000000)
  eden space 17408K, 0% used [0x00000000eab00000,0x00000000eab00000,0x00000000ebc00000)
  from space 512K, 56% used [0x00000000ebc00000,0x00000000ebc48000,0x00000000ebc80000)
  to   space 512K, 0% used [0x00000000ebd80000,0x00000000ebd80000,0x00000000ebe00000)
 ParOldGen       total 90112K, used 74731K [0x00000000c0000000, 0x00000000c5800000, 0x00000000eab00000)
  object space 90112K, 82% used [0x00000000c0000000,0x00000000c48fada8,0x00000000c5800000)
 Metaspace       used 81973K, committed 83136K, reserved 1179648K
  class space    used 9653K, committed 10176K, reserved 1048576K
}
Event: 598.827 GC heap before
{Heap before GC invocations=103 (full 4):
 PSYoungGen      total 17920K, used 17696K [0x00000000eab00000, 0x00000000ebe00000, 0x0000000100000000)
  eden space 17408K, 100% used [0x00000000eab00000,0x00000000ebc00000,0x00000000ebc00000)
  from space 512K, 56% used [0x00000000ebc00000,0x00000000ebc48000,0x00000000ebc80000)
  to   space 512K, 0% used [0x00000000ebd80000,0x00000000ebd80000,0x00000000ebe00000)
 ParOldGen       total 90112K, used 74731K [0x00000000c0000000, 0x00000000c5800000, 0x00000000eab00000)
  object space 90112K, 82% used [0x00000000c0000000,0x00000000c48fada8,0x00000000c5800000)
 Metaspace       used 83606K, committed 84864K, reserved 1179648K
  class space    used 9831K, committed 10368K, reserved 1048576K
}
Event: 598.829 GC heap after
{Heap after GC invocations=103 (full 4):
 PSYoungGen      total 17920K, used 500K [0x00000000eab00000, 0x00000000ebf00000, 0x0000000100000000)
  eden space 17408K, 0% used [0x00000000eab00000,0x00000000eab00000,0x00000000ebc00000)
  from space 512K, 97% used [0x00000000ebd80000,0x00000000ebdfd2a0,0x00000000ebe00000)
  to   space 1536K, 0% used [0x00000000ebc00000,0x00000000ebc00000,0x00000000ebd80000)
 ParOldGen       total 90112K, used 75248K [0x00000000c0000000, 0x00000000c5800000, 0x00000000eab00000)
  object space 90112K, 83% used [0x00000000c0000000,0x00000000c497c2d8,0x00000000c5800000)
 Metaspace       used 83606K, committed 84864K, reserved 1179648K
  class space    used 9831K, committed 10368K, reserved 1048576K
}

Dll operation events (15 events):
Event: 0.014 Loaded shared library c:\Users\muham\.vscode\extensions\redhat.java-1.30.0-win32-x64\jre\17.0.10-win32-x86_64\bin\java.dll
Event: 0.670 Loaded shared library c:\Users\muham\.vscode\extensions\redhat.java-1.30.0-win32-x64\jre\17.0.10-win32-x86_64\bin\zip.dll
Event: 0.675 Loaded shared library C:\Users\muham\.vscode\extensions\redhat.java-1.30.0-win32-x64\jre\17.0.10-win32-x86_64\bin\instrument.dll
Event: 0.725 Loaded shared library C:\Users\muham\.vscode\extensions\redhat.java-1.30.0-win32-x64\jre\17.0.10-win32-x86_64\bin\net.dll
Event: 0.732 Loaded shared library C:\Users\muham\.vscode\extensions\redhat.java-1.30.0-win32-x64\jre\17.0.10-win32-x86_64\bin\nio.dll
Event: 0.745 Loaded shared library C:\Users\muham\.vscode\extensions\redhat.java-1.30.0-win32-x64\jre\17.0.10-win32-x86_64\bin\zip.dll
Event: 0.806 Loaded shared library C:\Users\muham\.vscode\extensions\redhat.java-1.30.0-win32-x64\jre\17.0.10-win32-x86_64\bin\jimage.dll
Event: 0.964 Loaded shared library c:\Users\muham\.vscode\extensions\redhat.java-1.30.0-win32-x64\jre\17.0.10-win32-x86_64\bin\verify.dll
Event: 4.362 Loaded shared library C:\Users\muham\AppData\Roaming\Code\User\globalStorage\redhat.java\1.30.0\config_win\org.eclipse.equinox.launcher\org.eclipse.equinox.launcher.win32.win32.x86_64_1.2.900.v20240213-1244\eclipse_11900.dll
Event: 11.627 Loaded shared library C:\Users\muham\AppData\Local\Temp\jna-104252396\jna17581709695581050576.dll
Event: 14.393 Loaded shared library C:\Users\muham\.vscode\extensions\redhat.java-1.30.0-win32-x64\jre\17.0.10-win32-x86_64\bin\sunmscapi.dll
Event: 14.876 Loaded shared library C:\Users\muham\.vscode\extensions\redhat.java-1.30.0-win32-x64\jre\17.0.10-win32-x86_64\bin\extnet.dll
Event: 19.246 Loaded shared library C:\Users\muham\.gradle\native\68d5fa5c4cc2d200863cafc0d521ce42e7d3e7ee720ec0a83991735586a16f82\windows-amd64\native-platform.dll
Event: 22.136 Loaded shared library C:\Users\muham\.vscode\extensions\redhat.java-1.30.0-win32-x64\jre\17.0.10-win32-x86_64\bin\management.dll
Event: 22.143 Loaded shared library C:\Users\muham\.vscode\extensions\redhat.java-1.30.0-win32-x64\jre\17.0.10-win32-x86_64\bin\management_ext.dll

Deoptimization events (20 events):
Event: 599.769 Thread 0x0000021eb6a57730 Uncommon trap: trap_request=0xffffffc6 fr.pc=0x0000021ea76c3440 relative=0x0000000000000180
Event: 599.769 Thread 0x0000021eb6a57730 Uncommon trap: reason=bimorphic_or_optimized_type_check action=maybe_recompile pc=0x0000021ea76c3440 method=org.eclipse.jdt.internal.compiler.parser.Parser.consumeRule(I)V @ 4538 c2
Event: 599.769 Thread 0x0000021eb6a57730 DEOPT PACKING pc=0x0000021ea76c3440 sp=0x000000668c1fea50
Event: 599.769 Thread 0x0000021eb6a57730 DEOPT UNPACKING pc=0x0000021ea6a866a3 sp=0x000000668c1fe9e8 mode 2
Event: 599.769 Thread 0x0000021eb6a57730 Uncommon trap: trap_request=0xffffffc6 fr.pc=0x0000021ea76c3504 relative=0x0000000000000244
Event: 599.769 Thread 0x0000021eb6a57730 Uncommon trap: reason=bimorphic_or_optimized_type_check action=maybe_recompile pc=0x0000021ea76c3504 method=org.eclipse.jdt.internal.compiler.parser.Parser.consumeRule(I)V @ 4458 c2
Event: 599.769 Thread 0x0000021eb6a57730 DEOPT PACKING pc=0x0000021ea76c3504 sp=0x000000668c1fea50
Event: 599.769 Thread 0x0000021eb6a57730 DEOPT UNPACKING pc=0x0000021ea6a866a3 sp=0x000000668c1fe9e8 mode 2
Event: 599.769 Thread 0x0000021eb6a57730 Uncommon trap: trap_request=0xffffffc6 fr.pc=0x0000021ea76c3504 relative=0x0000000000000244
Event: 599.769 Thread 0x0000021eb6a57730 Uncommon trap: reason=bimorphic_or_optimized_type_check action=maybe_recompile pc=0x0000021ea76c3504 method=org.eclipse.jdt.internal.compiler.parser.Parser.consumeRule(I)V @ 4458 c2
Event: 599.769 Thread 0x0000021eb6a57730 DEOPT PACKING pc=0x0000021ea76c3504 sp=0x000000668c1fea50
Event: 599.769 Thread 0x0000021eb6a57730 DEOPT UNPACKING pc=0x0000021ea6a866a3 sp=0x000000668c1fe9e8 mode 2
Event: 600.242 Thread 0x0000021eb6f020d0 Uncommon trap: trap_request=0xffffff45 fr.pc=0x0000021ea76ee1dc relative=0x0000000000001a3c
Event: 600.242 Thread 0x0000021eb6f020d0 Uncommon trap: reason=unstable_if action=reinterpret pc=0x0000021ea76ee1dc method=org.eclipse.jdt.internal.compiler.parser.Scanner.internalScanIdentifierOrKeyword(II[C)I @ 4375 c2
Event: 600.242 Thread 0x0000021eb6f020d0 DEOPT PACKING pc=0x0000021ea76ee1dc sp=0x000000668d4fe8e0
Event: 600.242 Thread 0x0000021eb6f020d0 DEOPT UNPACKING pc=0x0000021ea6a866a3 sp=0x000000668d4fe868 mode 2
Event: 600.282 Thread 0x0000021eb6f020d0 Uncommon trap: trap_request=0xffffff45 fr.pc=0x0000021ea76f8950 relative=0x0000000000000510
Event: 600.282 Thread 0x0000021eb6f020d0 Uncommon trap: reason=unstable_if action=reinterpret pc=0x0000021ea76f8950 method=org.eclipse.jdt.internal.compiler.parser.Scanner.updateCase(I)V @ 3 c2
Event: 600.282 Thread 0x0000021eb6f020d0 DEOPT PACKING pc=0x0000021ea76f8950 sp=0x000000668d4feba0
Event: 600.282 Thread 0x0000021eb6f020d0 DEOPT UNPACKING pc=0x0000021ea6a866a3 sp=0x000000668d4fead0 mode 2

Classes unloaded (8 events):
Event: 10.247 Thread 0x0000021eb0e0c9a0 Unloading class 0x000000010034a400 'java/lang/invoke/LambdaForm$MH+0x000000010034a400'
Event: 10.247 Thread 0x0000021eb0e0c9a0 Unloading class 0x0000000100250400 'java/lang/invoke/LambdaForm$MH+0x0000000100250400'
Event: 10.247 Thread 0x0000021eb0e0c9a0 Unloading class 0x0000000100250000 'java/lang/invoke/LambdaForm$MH+0x0000000100250000'
Event: 10.247 Thread 0x0000021eb0e0c9a0 Unloading class 0x000000010024bc00 'java/lang/invoke/LambdaForm$MH+0x000000010024bc00'
Event: 10.247 Thread 0x0000021eb0e0c9a0 Unloading class 0x000000010024b800 'java/lang/invoke/LambdaForm$MH+0x000000010024b800'
Event: 10.247 Thread 0x0000021eb0e0c9a0 Unloading class 0x000000010024b400 'java/lang/invoke/LambdaForm$BMH+0x000000010024b400'
Event: 10.247 Thread 0x0000021eb0e0c9a0 Unloading class 0x000000010024b000 'java/lang/invoke/LambdaForm$DMH+0x000000010024b000'
Event: 10.247 Thread 0x0000021eb0e0c9a0 Unloading class 0x0000000100248400 'java/lang/invoke/LambdaForm$DMH+0x0000000100248400'

Classes redefined (0 events):
No events

Internal exceptions (20 events):
Event: 598.627 Thread 0x0000021eb6a58150 Exception <a 'sun/nio/fs/WindowsException'{0x00000000ebb52ef8}> (0x00000000ebb52ef8) 
thrown [s\src\hotspot\share\prims\jni.cpp, line 516]
Event: 598.873 Thread 0x0000021eb6f020d0 Exception <a 'sun/nio/fs/WindowsException'{0x00000000eab8da58}> (0x00000000eab8da58) 
thrown [s\src\hotspot\share\prims\jni.cpp, line 516]
Event: 598.884 Thread 0x0000021eb6f020d0 Exception <a 'sun/nio/fs/WindowsException'{0x00000000eabb8a70}> (0x00000000eabb8a70) 
thrown [s\src\hotspot\share\prims\jni.cpp, line 516]
Event: 598.944 Thread 0x0000021eb6f020d0 Exception <a 'sun/nio/fs/WindowsException'{0x00000000ead3cce8}> (0x00000000ead3cce8) 
thrown [s\src\hotspot\share\prims\jni.cpp, line 516]
Event: 598.959 Thread 0x0000021eb6f020d0 Exception <a 'sun/nio/fs/WindowsException'{0x00000000ead71f88}> (0x00000000ead71f88) 
thrown [s\src\hotspot\share\prims\jni.cpp, line 516]
Event: 599.038 Thread 0x0000021eb6f020d0 Exception <a 'sun/nio/fs/WindowsException'{0x00000000eae57738}> (0x00000000eae57738) 
thrown [s\src\hotspot\share\prims\jni.cpp, line 516]
Event: 599.040 Thread 0x0000021eb6f020d0 Exception <a 'sun/nio/fs/WindowsException'{0x00000000eae5d0a8}> (0x00000000eae5d0a8) 
thrown [s\src\hotspot\share\prims\jni.cpp, line 516]
Event: 599.102 Thread 0x0000021eb6f020d0 Exception <a 'sun/nio/fs/WindowsException'{0x00000000eaf74070}> (0x00000000eaf74070) 
thrown [s\src\hotspot\share\prims\jni.cpp, line 516]
Event: 599.114 Thread 0x0000021eb6f020d0 Exception <a 'sun/nio/fs/WindowsException'{0x00000000eafa3118}> (0x00000000eafa3118) 
thrown [s\src\hotspot\share\prims\jni.cpp, line 516]
Event: 599.269 Thread 0x0000021eb6f020d0 Exception <a 'sun/nio/fs/WindowsException'{0x00000000eb0bcc90}> (0x00000000eb0bcc90) 
thrown [s\src\hotspot\share\prims\jni.cpp, line 516]
Event: 599.341 Thread 0x0000021eb6f020d0 Exception <a 'sun/nio/fs/WindowsException'{0x00000000eb0ee0f0}> (0x00000000eb0ee0f0) 
thrown [s\src\hotspot\share\prims\jni.cpp, line 516]
Event: 599.358 Thread 0x0000021eb6f020d0 Implicit null exception at 0x0000021ea745b433 to 0x0000021ea745bafc
Event: 599.485 Thread 0x0000021eb6f020d0 Exception <a 'sun/nio/fs/WindowsException'{0x00000000eb2b1470}> (0x00000000eb2b1470) 
thrown [s\src\hotspot\share\prims\jni.cpp, line 516]
Event: 599.718 Thread 0x0000021eb6f020d0 Exception <a 'sun/nio/fs/WindowsException'{0x00000000eb2e4768}> (0x00000000eb2e4768) 
thrown [s\src\hotspot\share\prims\jni.cpp, line 516]
Event: 599.861 Thread 0x0000021eb6f020d0 Exception <a 'sun/nio/fs/WindowsException'{0x00000000eb429698}> (0x00000000eb429698) 
thrown [s\src\hotspot\share\prims\jni.cpp, line 516]
Event: 599.873 Thread 0x0000021eb6f020d0 Exception <a 'sun/nio/fs/WindowsException'{0x00000000eb45eb18}> (0x00000000eb45eb18) 
thrown [s\src\hotspot\share\prims\jni.cpp, line 516]
Event: 599.931 Thread 0x0000021eb6f020d0 Exception <a 'sun/nio/fs/WindowsException'{0x00000000eb58ece0}> (0x00000000eb58ece0) 
thrown [s\src\hotspot\share\prims\jni.cpp, line 516]
Event: 600.051 Thread 0x0000021eb6f020d0 Exception <a 'sun/nio/fs/WindowsException'{0x00000000eb5cccd8}> (0x00000000eb5cccd8) 
thrown [s\src\hotspot\share\prims\jni.cpp, line 516]
Event: 600.174 Thread 0x0000021eb6f020d0 Exception <a 'sun/nio/fs/WindowsException'{0x00000000eb705010}> (0x00000000eb705010) 
thrown [s\src\hotspot\share\prims\jni.cpp, line 516]
Event: 600.185 Thread 0x0000021eb6f020d0 Exception <a 'sun/nio/fs/WindowsException'{0x00000000eb73e4f0}> (0x00000000eb73e4f0) 
thrown [s\src\hotspot\share\prims\jni.cpp, line 516]

VM Operations (20 events):
Event: 594.500 Executing VM operation: ParallelGCFailedAllocation
Event: 594.505 Executing VM operation: ParallelGCFailedAllocation done
Event: 595.264 Executing VM operation: ParallelGCFailedAllocation
Event: 595.266 Executing VM operation: ParallelGCFailedAllocation done
Event: 596.171 Executing VM operation: ParallelGCFailedAllocation
Event: 596.172 Executing VM operation: ParallelGCFailedAllocation done
Event: 597.046 Executing VM operation: HandshakeAllThreads
Event: 597.046 Executing VM operation: HandshakeAllThreads done
Event: 597.076 Executing VM operation: HandshakeAllThreads
Event: 597.076 Executing VM operation: HandshakeAllThreads done
Event: 597.104 Executing VM operation: ParallelGCFailedAllocation
Event: 597.107 Executing VM operation: ParallelGCFailedAllocation done
Event: 597.637 Executing VM operation: HandshakeAllThreads
Event: 597.637 Executing VM operation: HandshakeAllThreads done
Event: 598.636 Executing VM operation: Cleanup
Event: 598.811 Executing VM operation: Cleanup done
Event: 598.823 Executing VM operation: ParallelGCFailedAllocation
Event: 598.853 Executing VM operation: ParallelGCFailedAllocation done
Event: 599.704 Executing VM operation: HandshakeAllThreads
Event: 599.705 Executing VM operation: HandshakeAllThreads done

Events (20 events):
Event: 597.108 loading class sun/nio/cs/ThreadLocalCoders$2
Event: 597.108 loading class sun/nio/cs/ThreadLocalCoders$2 done
Event: 597.113 Thread 0x0000021eb8ffd8a0 Thread added: 0x0000021eb8ffd8a0
Event: 597.162 Thread 0x0000021eb6efe410 Thread added: 0x0000021eb6efe410
Event: 597.254 Thread 0x0000021eb8ffd8a0 Thread exited: 0x0000021eb8ffd8a0
Event: 597.635 loading class java/util/stream/ReduceOps$4
Event: 597.635 loading class java/util/stream/ReduceOps$4 done
Event: 597.635 loading class java/util/stream/ReduceOps$4ReducingSink
Event: 597.636 loading class java/util/stream/ReduceOps$4ReducingSink done
Event: 597.641 loading class java/nio/file/Files$2
Event: 597.641 loading class java/nio/file/Files$2 done
Event: 597.850 Thread 0x0000021eb6f016b0 Thread added: 0x0000021eb6f016b0
Event: 598.457 loading class java/util/Hashtable$ValueCollection
Event: 598.457 loading class java/util/Hashtable$ValueCollection done
Event: 598.458 Thread 0x0000021eb6f016b0 Thread exited: 0x0000021eb6f016b0
Event: 598.951 Thread 0x0000021eb8ffd8a0 Thread added: 0x0000021eb8ffd8a0
Event: 599.721 Thread 0x0000021eb602ab50 flushing nmethod 0x0000021ea00d0390
Event: 599.721 Thread 0x0000021eb602ab50 flushing nmethod 0x0000021ea00e1090
Event: 599.726 Thread 0x0000021eb602ab50 flushing nmethod 0x0000021ea05c9310
Event: 599.726 Thread 0x0000021eb602ab50 flushing nmethod 0x0000021ea05cac90


Dynamic libraries:
0x00007ff6e23d0000 - 0x00007ff6e23de000 	c:\Users\muham\.vscode\extensions\redhat.java-1.30.0-win32-x64\jre\17.0.10-win32-x86_64\bin\java.exe
0x00007ffda8ab0000 - 0x00007ffda8ca8000 	C:\Windows\SYSTEM32\ntdll.dll
0x00007ffda6da0000 - 0x00007ffda6e5d000 	C:\Windows\System32\KERNEL32.DLL
0x00007ffda6430000 - 0x00007ffda6726000 	C:\Windows\System32\KERNELBASE.dll
0x00007ffda6730000 - 0x00007ffda6830000 	C:\Windows\System32\ucrtbase.dll
0x00007ffda3690000 - 0x00007ffda36a7000 	c:\Users\muham\.vscode\extensions\redhat.java-1.30.0-win32-x64\jre\17.0.10-win32-x86_64\bin\jli.dll
0x00007ffda6ae0000 - 0x00007ffda6c7f000 	C:\Windows\System32\USER32.dll
0x00007ffda6ab0000 - 0x00007ffda6ad2000 	C:\Windows\System32\win32u.dll
0x00007ffda7870000 - 0x00007ffda789b000 	C:\Windows\System32\GDI32.dll
0x00007ffda6160000 - 0x00007ffda6277000 	C:\Windows\System32\gdi32full.dll
0x00007ffda6830000 - 0x00007ffda68cd000 	C:\Windows\System32\msvcp_win.dll
0x00007ffda3650000 - 0x00007ffda366b000 	c:\Users\muham\.vscode\extensions\redhat.java-1.30.0-win32-x64\jre\17.0.10-win32-x86_64\bin\VCRUNTIME140.dll
0x00007ffda5520000 - 0x00007ffda57ba000 	C:\Windows\WinSxS\amd64_microsoft.windows.common-controls_6595b64144ccf1df_6.0.19041.4355_none_60b8b9eb71f62e16\COMCTL32.dll
0x00007ffda6d00000 - 0x00007ffda6d9e000 	C:\Windows\System32\msvcrt.dll
0x00007ffda7930000 - 0x00007ffda7962000 	C:\Windows\System32\IMM32.DLL
0x00007ffd94c00000 - 0x00007ffd94c0c000 	c:\Users\muham\.vscode\extensions\redhat.java-1.30.0-win32-x64\jre\17.0.10-win32-x86_64\bin\vcruntime140_1.dll
0x00007ffd63ce0000 - 0x00007ffd63d6d000 	c:\Users\muham\.vscode\extensions\redhat.java-1.30.0-win32-x64\jre\17.0.10-win32-x86_64\bin\msvcp140.dll
0x00007ffd31440000 - 0x00007ffd320a2000 	c:\Users\muham\.vscode\extensions\redhat.java-1.30.0-win32-x64\jre\17.0.10-win32-x86_64\bin\server\jvm.dll
0x00007ffda6f10000 - 0x00007ffda6fc0000 	C:\Windows\System32\ADVAPI32.dll
0x00007ffda84f0000 - 0x00007ffda8590000 	C:\Windows\System32\sechost.dll
0x00007ffda7030000 - 0x00007ffda7153000 	C:\Windows\System32\RPCRT4.dll
0x00007ffda6980000 - 0x00007ffda69a7000 	C:\Windows\System32\bcrypt.dll
0x00007ffda5d50000 - 0x00007ffda5d9b000 	C:\Windows\SYSTEM32\POWRPROF.dll
0x00007ffda3810000 - 0x00007ffda3819000 	C:\Windows\SYSTEM32\WSOCK32.dll
0x00007ffda8a00000 - 0x00007ffda8a6b000 	C:\Windows\System32\WS2_32.dll
0x00007ffd91bb0000 - 0x00007ffd91bd7000 	C:\Windows\SYSTEM32\WINMM.dll
0x00007ffda41b0000 - 0x00007ffda41ba000 	C:\Windows\SYSTEM32\VERSION.dll
0x00007ffda58b0000 - 0x00007ffda58c2000 	C:\Windows\SYSTEM32\UMPDC.dll
0x00007ffda42c0000 - 0x00007ffda42d2000 	C:\Windows\SYSTEM32\kernel.appcore.dll
0x00007ffd7e350000 - 0x00007ffd7e35a000 	c:\Users\muham\.vscode\extensions\redhat.java-1.30.0-win32-x64\jre\17.0.10-win32-x86_64\bin\jimage.dll
0x00007ffda5b60000 - 0x00007ffda5d44000 	C:\Windows\SYSTEM32\DBGHELP.DLL
0x00007ffda5aa0000 - 0x00007ffda5ad4000 	C:\Windows\SYSTEM32\dbgcore.DLL
0x00007ffda69b0000 - 0x00007ffda6a32000 	C:\Windows\System32\bcryptPrimitives.dll
0x00007ffd7e2f0000 - 0x00007ffd7e2fe000 	c:\Users\muham\.vscode\extensions\redhat.java-1.30.0-win32-x64\jre\17.0.10-win32-x86_64\bin\instrument.dll
0x00007ffd7d910000 - 0x00007ffd7d935000 	c:\Users\muham\.vscode\extensions\redhat.java-1.30.0-win32-x64\jre\17.0.10-win32-x86_64\bin\java.dll
0x00007ffd7da40000 - 0x00007ffd7da58000 	c:\Users\muham\.vscode\extensions\redhat.java-1.30.0-win32-x64\jre\17.0.10-win32-x86_64\bin\zip.dll
0x00007ffda7d80000 - 0x00007ffda84eb000 	C:\Windows\System32\SHELL32.dll
0x00007ffda3a10000 - 0x00007ffda41ad000 	C:\Windows\SYSTEM32\windows.storage.dll
0x00007ffda86a0000 - 0x00007ffda89f3000 	C:\Windows\System32\combase.dll
0x00007ffda53c0000 - 0x00007ffda53ee000 	C:\Windows\SYSTEM32\Wldp.dll
0x00007ffda7970000 - 0x00007ffda7a3d000 	C:\Windows\System32\OLEAUT32.dll
0x00007ffda85f0000 - 0x00007ffda869d000 	C:\Windows\System32\SHCORE.dll
0x00007ffda7630000 - 0x00007ffda7685000 	C:\Windows\System32\shlwapi.dll
0x00007ffda6090000 - 0x00007ffda60b4000 	C:\Windows\SYSTEM32\profapi.dll
0x00007ffd7d8f0000 - 0x00007ffd7d909000 	C:\Users\muham\.vscode\extensions\redhat.java-1.30.0-win32-x64\jre\17.0.10-win32-x86_64\bin\net.dll
0x00007ffd9cc10000 - 0x00007ffd9cd1a000 	C:\Windows\SYSTEM32\WINHTTP.dll
0x00007ffda5180000 - 0x00007ffda51ea000 	C:\Windows\system32\mswsock.dll
0x00007ffd7a990000 - 0x00007ffd7a9a6000 	C:\Users\muham\.vscode\extensions\redhat.java-1.30.0-win32-x64\jre\17.0.10-win32-x86_64\bin\nio.dll
0x00007ffd7c010000 - 0x00007ffd7c020000 	c:\Users\muham\.vscode\extensions\redhat.java-1.30.0-win32-x64\jre\17.0.10-win32-x86_64\bin\verify.dll
0x00007ffd6a210000 - 0x00007ffd6a24e000 	C:\Users\muham\AppData\Roaming\Code\User\globalStorage\redhat.java\1.30.0\config_win\org.eclipse.equinox.launcher\org.eclipse.equinox.launcher.win32.win32.x86_64_1.2.900.v20240213-1244\eclipse_11900.dll
0x00007ffda7b70000 - 0x00007ffda7c9b000 	C:\Windows\System32\ole32.dll
0x00007ffda5ec0000 - 0x00007ffda5ed8000 	C:\Windows\SYSTEM32\CRYPTSP.dll
0x00007ffda4b20000 - 0x00007ffda4b54000 	C:\Windows\system32\rsaenh.dll
0x00007ffda6040000 - 0x00007ffda606e000 	C:\Windows\SYSTEM32\USERENV.dll
0x00007ffda5310000 - 0x00007ffda531c000 	C:\Windows\SYSTEM32\CRYPTBASE.dll
0x00007ffda4e80000 - 0x00007ffda4ebb000 	C:\Windows\SYSTEM32\IPHLPAPI.DLL
0x00007ffda7b60000 - 0x00007ffda7b68000 	C:\Windows\System32\NSI.dll
0x00007ffd9de60000 - 0x00007ffd9de77000 	C:\Windows\SYSTEM32\dhcpcsvc6.DLL
0x00007ffd9e0b0000 - 0x00007ffd9e0cd000 	C:\Windows\SYSTEM32\dhcpcsvc.DLL
0x00007ffda4ec0000 - 0x00007ffda4f8b000 	C:\Windows\SYSTEM32\DNSAPI.dll
0x00007ffd63800000 - 0x00007ffd63845000 	C:\Users\muham\AppData\Local\Temp\jna-104252396\jna17581709695581050576.dll
0x00007ffda6fc0000 - 0x00007ffda6fc8000 	C:\Windows\System32\PSAPI.DLL
0x00007ffd7bd90000 - 0x00007ffd7bd9e000 	C:\Users\muham\.vscode\extensions\redhat.java-1.30.0-win32-x64\jre\17.0.10-win32-x86_64\bin\sunmscapi.dll
0x00007ffda62d0000 - 0x00007ffda642e000 	C:\Windows\System32\CRYPT32.dll
0x00007ffda54f0000 - 0x00007ffda5519000 	C:\Windows\SYSTEM32\ncrypt.dll
0x00007ffda54b0000 - 0x00007ffda54eb000 	C:\Windows\SYSTEM32\NTASN1.dll
0x00007ffd942c0000 - 0x00007ffd942ca000 	C:\Windows\System32\rasadhlp.dll
0x00007ffd95070000 - 0x00007ffd950f0000 	C:\Windows\System32\fwpuclnt.dll
0x00007ffd7b8c0000 - 0x00007ffd7b8c9000 	C:\Users\muham\.vscode\extensions\redhat.java-1.30.0-win32-x64\jre\17.0.10-win32-x86_64\bin\extnet.dll
0x00007ffd71af0000 - 0x00007ffd71b17000 	C:\Users\muham\.gradle\native\68d5fa5c4cc2d200863cafc0d521ce42e7d3e7ee720ec0a83991735586a16f82\windows-amd64\native-platform.dll
0x00007ffd7ac20000 - 0x00007ffd7ac29000 	C:\Users\muham\.vscode\extensions\redhat.java-1.30.0-win32-x64\jre\17.0.10-win32-x86_64\bin\management.dll
0x00007ffd7a860000 - 0x00007ffd7a86b000 	C:\Users\muham\.vscode\extensions\redhat.java-1.30.0-win32-x64\jre\17.0.10-win32-x86_64\bin\management_ext.dll
0x00007ffd6bf50000 - 0x00007ffd6bf57000 	C:\Windows\system32\wshunix.dll

dbghelp: loaded successfully - version: 4.0.5 - missing functions: none
symbol engine: initialized successfully - sym options: 0x614 - pdb path: .;c:\Users\muham\.vscode\extensions\redhat.java-1.30.0-win32-x64\jre\17.0.10-win32-x86_64\bin;C:\Windows\SYSTEM32;C:\Windows\WinSxS\amd64_microsoft.windows.common-controls_6595b64144ccf1df_6.0.19041.4355_none_60b8b9eb71f62e16;c:\Users\muham\.vscode\extensions\redhat.java-1.30.0-win32-x64\jre\17.0.10-win32-x86_64\bin\server;C:\Users\muham\AppData\Roaming\Code\User\globalStorage\redhat.java\1.30.0\config_win\org.eclipse.equinox.launcher\org.eclipse.equinox.launcher.win32.win32.x86_64_1.2.900.v20240213-1244;C:\Users\muham\AppData\Local\Temp\jna-104252396;C:\Users\muham\.gradle\native\68d5fa5c4cc2d200863cafc0d521ce42e7d3e7ee720ec0a83991735586a16f82\windows-amd64

VM Arguments:
jvm_args: --add-modules=ALL-SYSTEM --add-opens=java.base/java.util=ALL-UNNAMED --add-opens=java.base/java.lang=ALL-UNNAMED --add-opens=java.base/sun.nio.fs=ALL-UNNAMED -Declipse.application=org.eclipse.jdt.ls.core.id1 -Dosgi.bundles.defaultStartLevel=4 -Declipse.product=org.eclipse.jdt.ls.core.product -Djava.import.generatesMetadataFilesAtProjectRoot=false -DDetectVMInstallationsJob.disabled=true -Dfile.encoding=utf8 -XX:+UseParallelGC -XX:GCTimeRatio=4 -XX:AdaptiveSizePolicyWeight=90 -Dsun.zip.disableMemoryMapping=true -Xmx1G -Xms100m -Xlog:disable -javaagent:c:\Users\muham\.vscode\extensions\redhat.java-1.30.0-win32-x64\lombok\lombok-1.18.32.jar -XX:+HeapDumpOnOutOfMemoryError -XX:HeapDumpPath=c:\Users\muham\AppData\Roaming\Code\User\workspaceStorage\7ffdf9d5c1b61d00b24c9bc57f35e4a0\redhat.java -Daether.dependencyCollector.impl=bf 
java_command: c:\Users\muham\.vscode\extensions\redhat.java-1.30.0-win32-x64\server\plugins\org.eclipse.equinox.launcher_1.6.800.v20240330-1250.jar -configuration c:\Users\muham\AppData\Roaming\Code\User\globalStorage\redhat.java\1.30.0\config_win -data c:\Users\muham\AppData\Roaming\Code\User\workspaceStorage\7ffdf9d5c1b61d00b24c9bc57f35e4a0\redhat.java\jdt_ws --pipe=\\.\pipe\lsp-6c17ce0197249b1ec0bbff3d13cc3c26-sock
java_class_path (initial): c:\Users\muham\.vscode\extensions\redhat.java-1.30.0-win32-x64\server\plugins\org.eclipse.equinox.launcher_1.6.800.v20240330-1250.jar
Launcher Type: SUN_STANDARD

[Global flags]
    uintx AdaptiveSizePolicyWeight                 = 90                                        {product} {command line}
     intx CICompilerCount                          = 3                                         {product} {ergonomic}
    uintx GCTimeRatio                              = 4                                         {product} {command line}
     bool HeapDumpOnOutOfMemoryError               = true                                   {manageable} {command line}
    ccstr HeapDumpPath                             = c:\Users\muham\AppData\Roaming\Code\User\workspaceStorage\7ffdf9d5c1b61d00b24c9bc57f35e4a0\redhat.java         {manageable} {command line}
   size_t InitialHeapSize                          = 104857600                                 {product} {command line}
   size_t MaxHeapSize                              = 1073741824                                {product} {command line}
   size_t MaxNewSize                               = 357564416                                 {product} {ergonomic}
   size_t MinHeapDeltaBytes                        = 524288                                    {product} {ergonomic}
   size_t MinHeapSize                              = 104857600                                 {product} {command line}
   size_t NewSize                                  = 34603008                                  {product} {ergonomic}
    uintx NonNMethodCodeHeapSize                   = 5832780                                {pd product} {ergonomic}
    uintx NonProfiledCodeHeapSize                  = 122912730                              {pd product} {ergonomic}
   size_t OldSize                                  = 70254592                                  {product} {ergonomic}
    uintx ProfiledCodeHeapSize                     = 122912730                              {pd product} {ergonomic}
    uintx ReservedCodeCacheSize                    = 251658240                              {pd product} {ergonomic}
     bool SegmentedCodeCache                       = true                                      {product} {ergonomic}
   size_t SoftMaxHeapSize                          = 1073741824                             {manageable} {ergonomic}
     bool UseCompressedClassPointers               = true                           {product lp64_product} {ergonomic}
     bool UseCompressedOops                        = true                           {product lp64_product} {ergonomic}
     bool UseLargePagesIndividualAllocation        = false                                  {pd product} {ergonomic}
     bool UseParallelGC                            = true                                      {product} {command line}

Logging:
Log output configuration:
 #0: stdout all=off uptime,level,tags
 #1: stderr all=off uptime,level,tags

Environment Variables:
JAVA_HOME=C:\Program Files\Microsoft\jdk-17.0.10.7-hotspot\
PATH=C:\Program Files\Microsoft\jdk-17.0.10.7-hotspot\bin;C:\Python312\Scripts\;C:\Python312\;C:\Windows\system32;C:\Windows;C:\Windows\System32\Wbem;C:\Windows\System32\WindowsPowerShell\v1.0\;C:\Windows\System32\OpenSSH\;C:\xampp\php;C:\composer;C:\Program Files\Git\bin;D:\Softwares\Xampp\Xampp\php;D:\Softwares\PHP Composer;C:\ProgramData\ComposerSetup\bin;C:\Program Files (x86)\Microsoft SQL Server\160\Tools\Binn\;C:\Program Files\Microsoft SQL Server\160\Tools\Binn\;C:\Program Files\Microsoft SQL Server\Client SDK\ODBC\170\Tools\Binn\;C:\Program Files\Microsoft SQL Server\160\DTS\Binn\;C:\Program Files\Azure Data Studio\bin;D:\Softwares\Java\jdk-21.0.2\bin;C:\Program Files\nodejs\;C:\ProgramData\chocolatey\bin;D:\Softwares\Flutter\flutter\bin;C:\Program Files\MongoDB\Server\7.0\bin;D:\Softwares\Graphiz\Graphviz\bin\dot.exe;D:\Softwares\AndroidStudio\AndroidStudio\bin;C:\Users\muham\AppData\Local\Android\Sdk\platform-tools;C:\Users\muham\AppData\Local\jdk-11.0.2\bin;C:\Users\muham\.cargo\bin;C:\Users\muham\AppData\Local\Microsoft\WindowsApps;C:\Users\muham\AppData\Local\Programs\Microsoft VS Code\bin;C:\Users\muham\AppData\Roaming\Composer\vendor\bin;C:\Program Files\Git\bin;C:\Program Files\Azure Data Studio\bin;D:\Softwares\Java\jdk-21.0.2\bin;C:\Users\muham\AppData\Roaming\npm;D:\Softwares\Flutter\flutter\bin;C:\Program Files\mongosh\;C:\Program Files\MongoDB\Server\7.0\bin;C:\Users\muham\AppData\Roaming\Python\Python312\Scripts;D:\Softwares\Graphiz\Graphviz\bin;C:\Users\muham\AppData\Local\Android\Sdk\platform-tools;
USERNAME=muham
OS=Windows_NT
PROCESSOR_IDENTIFIER=Intel64 Family 6 Model 142 Stepping 9, GenuineIntel
TMP=C:\Users\muham\AppData\Local\Temp
TEMP=C:\Users\muham\AppData\Local\Temp



Periodic native trim disabled


---------------  S Y S T E M  ---------------

OS:
 Windows 10 , 64 bit Build 19041 (10.0.19041.3636)
OS uptime: 3 days 2:28 hours
Hyper-V role detected

CPU: total 4 (initial active 4) (2 cores per cpu, 2 threads per core) family 6 model 142 stepping 9 microcode 0xf4, cx8, cmov, fxsr, ht, mmx, 3dnowpref, sse, sse2, sse3, ssse3, sse4.1, sse4.2, popcnt, lzcnt, tsc, tscinvbit, avx, avx2, aes, erms, clmul, bmi1, bmi2, rtm, adx, fma, vzeroupper, clflush, clflushopt, hv
Processor Information for all 4 processors :
  Max Mhz: 2904, Current Mhz: 801, Mhz Limit: 784

Memory: 4k page, system-wide physical 8067M (388M free)
TotalPageFile size 12163M (AvailPageFile size 0M)
current process WorkingSet (physical memory assigned to process): 295M, peak: 308M
current process commit charge ("private bytes"): 384M, peak: 391M

vm_info: OpenJDK 64-Bit Server VM (17.0.10+7) for windows-amd64 JRE (17.0.10+7), built on Jan 16 2024 23:25:11 by "admin" with MS VC++ 16.10 / 16.11 (VS2019)

END.
