#
# There is insufficient memory for the Java Runtime Environment to continue.
# Native memory allocation (mmap) failed to map 7340032 bytes for G1 virtual space
# Possible reasons:
#   The system is out of physical RAM or swap space
#   The process is running with CompressedOops enabled, and the Java Heap may be blocking the growth of the native heap
# Possible solutions:
#   Reduce memory load on the system
#   Increase physical memory or swap space
#   Check if swap backing store is full
#   Decrease Java heap size (-Xmx/-Xms)
#   Decrease number of Java threads
#   Decrease Java thread stack sizes (-Xss)
#   Set larger code cache with -XX:ReservedCodeCacheSize=
#   JVM is running with Unscaled Compressed Oops mode in which the Java heap is
#     placed in the first 4GB address space. The Java Heap base address is the
#     maximum limit for the native heap growth. Please use -XX:HeapBaseMinAddress
#     to set the Java Heap base and to place the Java Heap above 4GB virtual address.
# This output file may be truncated or incomplete.
#
#  Out of Memory Error (os_windows.cpp:3613), pid=14452, tid=16296
#
# JRE version: OpenJDK Runtime Environment Microsoft-8902769 (17.0.10+7) (build 17.0.10+7-LTS)
# Java VM: OpenJDK 64-Bit Server VM Microsoft-8902769 (17.0.10+7-LTS, mixed mode, sharing, tiered, compressed oops, compressed class ptrs, g1 gc, windows-amd64)
# No core dump will be written. Minidumps are not enabled by default on client versions of Windows
#

---------------  S U M M A R Y ------------

Command Line: -XX:MaxMetaspaceSize=512m --add-opens=java.base/java.util=ALL-UNNAMED --add-opens=java.base/java.lang=ALL-UNNAMED --add-opens=java.base/java.lang.invoke=ALL-UNNAMED --add-opens=java.prefs/java.util.prefs=ALL-UNNAMED --add-opens=java.base/java.nio.charset=ALL-UNNAMED --add-opens=java.base/java.net=ALL-UNNAMED --add-opens=java.base/java.util.concurrent.atomic=ALL-UNNAMED -Xmx2048m -Dfile.encoding=windows-1252 -Duser.country=US -Duser.language=en -Duser.variant -javaagent:C:\Users\muham\.gradle\wrapper\dists\gradle-8.3-all\6en3ugtfdg5xnpx44z4qbwgas\gradle-8.3\lib\agents\gradle-instrumentation-agent-8.3.jar org.gradle.launcher.daemon.bootstrap.GradleDaemon 8.3

Host: Intel(R) Core(TM) i7-7600U CPU @ 2.80GHz, 4 cores, 7G,  Windows 10 , 64 bit Build 19041 (10.0.19041.3636)
Time: Wed May 22 21:47:34 2024 Pakistan Standard Time elapsed time: 23.166192 seconds (0d 0h 0m 23s)

---------------  T H R E A D  ---------------

Current thread (0x000001d29dd1d820):  VMThread "VM Thread" [stack: 0x0000001eb2f00000,0x0000001eb3000000] [id=16296]

Stack: [0x0000001eb2f00000,0x0000001eb3000000]
Native frames: (J=compiled Java code, j=interpreted, Vv=VM code, C=native code)
V  [jvm.dll+0x67f829]
V  [jvm.dll+0x83750a]
V  [jvm.dll+0x838fce]
V  [jvm.dll+0x839633]
V  [jvm.dll+0x247cbf]
V  [jvm.dll+0x67c669]
V  [jvm.dll+0x6710da]
V  [jvm.dll+0x309b8b]
V  [jvm.dll+0x311036]
V  [jvm.dll+0x360d5e]
V  [jvm.dll+0x360f8f]
V  [jvm.dll+0x2e0798]
V  [jvm.dll+0x2e3816]
V  [jvm.dll+0x2edf0a]
V  [jvm.dll+0x322220]
V  [jvm.dll+0x83db2b]
V  [jvm.dll+0x83e871]
V  [jvm.dll+0x83ed8d]
V  [jvm.dll+0x83f164]
V  [jvm.dll+0x83f230]
V  [jvm.dll+0x7e69da]
V  [jvm.dll+0x67e715]
C  [ucrtbase.dll+0x21bb2]
C  [KERNEL32.DLL+0x17344]
C  [ntdll.dll+0x526b1]

VM_Operation (0x0000001eb2bffa10): G1PauseRemark, mode: safepoint, requested by thread 0x000001d2ffa12f40


---------------  P R O C E S S  ---------------

Threads class SMR info:
_java_thread_list=0x000001d2bd96cfb0, length=46, elements={
0x000001d2ff9a2ed0, 0x000001d29dd25b10, 0x000001d29dd268a0, 0x000001d29dd41ec0,
0x000001d29dd42c50, 0x000001d29dd466a0, 0x000001d29dd46f70, 0x000001d29dd47c20,
0x000001d29dd485e0, 0x000001d29dd4af00, 0x000001d29dd11450, 0x000001d2bd2075f0,
0x000001d2bea56260, 0x000001d2bdd9e040, 0x000001d2be51b390, 0x000001d2bf137150,
0x000001d2be8d4030, 0x000001d2be41c620, 0x000001d2be2ab7f0, 0x000001d2be6015e0,
0x000001d2be6010d0, 0x000001d2be603950, 0x000001d2be602510, 0x000001d2be601af0,
0x000001d2be602a20, 0x000001d2be603440, 0x000001d2be603e60, 0x000001d2be604370,
0x000001d2be604880, 0x000001d2be602000, 0x000001d2c0532c60, 0x000001d2c0532240,
0x000001d2c0534ac0, 0x000001d2c0532750, 0x000001d2c05345b0, 0x000001d2c052f4b0,
0x000001d2c05308f0, 0x000001d2c0533b90, 0x000001d2c0530e00, 0x000001d2c052f9c0,
0x000001d2c052db60, 0x000001d2c0533170, 0x000001d2c052ea90, 0x000001d2c052fed0,
0x000001d2c05354e0, 0x000001d2c0531310
}

Java Threads: ( => current thread )
  0x000001d2ff9a2ed0 JavaThread "main" [_thread_blocked, id=5524, stack(0x0000001eb2900000,0x0000001eb2a00000)]
  0x000001d29dd25b10 JavaThread "Reference Handler" daemon [_thread_blocked, id=17916, stack(0x0000001eb3000000,0x0000001eb3100000)]
  0x000001d29dd268a0 JavaThread "Finalizer" daemon [_thread_blocked, id=4008, stack(0x0000001eb3100000,0x0000001eb3200000)]
  0x000001d29dd41ec0 JavaThread "Signal Dispatcher" daemon [_thread_blocked, id=4084, stack(0x0000001eb3200000,0x0000001eb3300000)]
  0x000001d29dd42c50 JavaThread "Attach Listener" daemon [_thread_blocked, id=3908, stack(0x0000001eb3300000,0x0000001eb3400000)]
  0x000001d29dd466a0 JavaThread "Service Thread" daemon [_thread_blocked, id=15024, stack(0x0000001eb3400000,0x0000001eb3500000)]
  0x000001d29dd46f70 JavaThread "Monitor Deflation Thread" daemon [_thread_blocked, id=15824, stack(0x0000001eb3500000,0x0000001eb3600000)]
  0x000001d29dd47c20 JavaThread "C2 CompilerThread0" daemon [_thread_blocked, id=12328, stack(0x0000001eb3600000,0x0000001eb3700000)]
  0x000001d29dd485e0 JavaThread "C1 CompilerThread0" daemon [_thread_blocked, id=14848, stack(0x0000001eb3700000,0x0000001eb3800000)]
  0x000001d29dd4af00 JavaThread "Sweeper thread" daemon [_thread_blocked, id=17896, stack(0x0000001eb3800000,0x0000001eb3900000)]
  0x000001d29dd11450 JavaThread "Common-Cleaner" daemon [_thread_blocked, id=16324, stack(0x0000001eb3900000,0x0000001eb3a00000)]
  0x000001d2bd2075f0 JavaThread "Notification Thread" daemon [_thread_blocked, id=15860, stack(0x0000001eb3a00000,0x0000001eb3b00000)]
  0x000001d2bea56260 JavaThread "Daemon health stats" [_thread_blocked, id=15296, stack(0x0000001eb4000000,0x0000001eb4100000)]
  0x000001d2bdd9e040 JavaThread "Incoming local TCP Connector on port 51211" [_thread_in_native, id=14328, stack(0x0000001eb3c00000,0x0000001eb3d00000)]
  0x000001d2be51b390 JavaThread "Daemon periodic checks" [_thread_blocked, id=6016, stack(0x0000001eb4100000,0x0000001eb4200000)]
  0x000001d2bf137150 JavaThread "Daemon" [_thread_blocked, id=14124, stack(0x0000001eb4200000,0x0000001eb4300000)]
  0x000001d2be8d4030 JavaThread "Handler for socket connection from /127.0.0.1:51211 to /127.0.0.1:51212" [_thread_in_native, id=3232, stack(0x0000001eb4300000,0x0000001eb4400000)]
  0x000001d2be41c620 JavaThread "Cancel handler" [_thread_blocked, id=3300, stack(0x0000001eb4400000,0x0000001eb4500000)]
  0x000001d2be2ab7f0 JavaThread "Daemon worker" [_thread_blocked, id=13464, stack(0x0000001eb4500000,0x0000001eb4600000)]
  0x000001d2be6015e0 JavaThread "Asynchronous log dispatcher for DefaultDaemonConnection: socket connection from /127.0.0.1:51211 to /127.0.0.1:51212" [_thread_blocked, id=15656, stack(0x0000001eb4600000,0x0000001eb4700000)]
  0x000001d2be6010d0 JavaThread "Stdin handler" [_thread_blocked, id=16012, stack(0x0000001eb4700000,0x0000001eb4800000)]
  0x000001d2be603950 JavaThread "Daemon client event forwarder" [_thread_blocked, id=17956, stack(0x0000001eb4800000,0x0000001eb4900000)]
  0x000001d2be602510 JavaThread "Cache worker for journal cache (C:\Users\muham\.gradle\caches\journal-1)" [_thread_blocked, id=18096, stack(0x0000001eb4900000,0x0000001eb4a00000)]
  0x000001d2be601af0 JavaThread "File lock request listener" [_thread_in_native, id=6192, stack(0x0000001eb4a00000,0x0000001eb4b00000)]
  0x000001d2be602a20 JavaThread "Cache worker for file hash cache (C:\Users\muham\.gradle\caches\8.3\fileHashes)" [_thread_blocked, id=6688, stack(0x0000001eb4b00000,0x0000001eb4c00000)]
  0x000001d2be603440 JavaThread "File watcher server" daemon [_thread_blocked, id=2268, stack(0x0000001eb4d00000,0x0000001eb4e00000)]
  0x000001d2be603e60 JavaThread "File watcher consumer" daemon [_thread_blocked, id=1884, stack(0x0000001eb4e00000,0x0000001eb4f00000)]
  0x000001d2be604370 JavaThread "Cache worker for checksums cache (D:\Study Material\6th Semester\MAD\Projects\Practice\android\.gradle\8.3\checksums)" [_thread_blocked, id=6392, stack(0x0000001eb4f00000,0x0000001eb5000000)]
  0x000001d2be604880 JavaThread "Cache worker for file hash cache (D:\Study Material\6th Semester\MAD\Projects\Practice\android\.gradle\8.3\fileHashes)" [_thread_blocked, id=8784, stack(0x0000001eb5000000,0x0000001eb5100000)]
  0x000001d2be602000 JavaThread "Cache worker for cache directory md-supplier (C:\Users\muham\.gradle\caches\8.3\md-supplier)" [_thread_blocked, id=3192, stack(0x0000001eb5100000,0x0000001eb5200000)]
  0x000001d2c0532c60 JavaThread "Cache worker for file content cache (C:\Users\muham\.gradle\caches\8.3\fileContent)" [_thread_blocked, id=17648, stack(0x0000001eb5200000,0x0000001eb5300000)]
  0x000001d2c0532240 JavaThread "Cache worker for cache directory md-rule (C:\Users\muham\.gradle\caches\8.3\md-rule)" [_thread_blocked, id=15464, stack(0x0000001eb4c00000,0x0000001eb4d00000)]
  0x000001d2c0534ac0 JavaThread "Cache worker for execution history cache (C:\Users\muham\.gradle\caches\8.3\executionHistory)" [_thread_blocked, id=16052, stack(0x0000001eb5500000,0x0000001eb5600000)]
  0x000001d2c0532750 JavaThread "jar transforms" [_thread_blocked, id=17472, stack(0x0000001eb5700000,0x0000001eb5800000)]
  0x000001d2c05345b0 JavaThread "jar transforms Thread 2" [_thread_blocked, id=17848, stack(0x0000001eb5800000,0x0000001eb5900000)]
  0x000001d2c052f4b0 JavaThread "jar transforms Thread 3" [_thread_blocked, id=6608, stack(0x0000001eb5900000,0x0000001eb5a00000)]
  0x000001d2c05308f0 JavaThread "jar transforms Thread 4" [_thread_blocked, id=12688, stack(0x0000001eb5a00000,0x0000001eb5b00000)]
  0x000001d2c0533b90 JavaThread "Cache worker for kotlin-dsl (C:\Users\muham\.gradle\caches\8.3\kotlin-dsl)" [_thread_blocked, id=8316, stack(0x0000001eb5b00000,0x0000001eb5c00000)]
  0x000001d2c0530e00 JavaThread "Unconstrained build operations" [_thread_blocked, id=18196, stack(0x0000001eb5c00000,0x0000001eb5d00000)]
  0x000001d2c052f9c0 JavaThread "Unconstrained build operations Thread 2" [_thread_blocked, id=16788, stack(0x0000001eb5d00000,0x0000001eb5e00000)]
  0x000001d2c052db60 JavaThread "Cache worker for dependencies-accessors (D:\Study Material\6th Semester\MAD\Projects\Practice\android\.gradle\8.3\dependencies-accessors)" [_thread_blocked, id=17528, stack(0x0000001eb5e00000,0x0000001eb5f00000)]
  0x000001d2c0533170 JavaThread "Cache worker for Build Output Cleanup Cache (D:\Study Material\6th Semester\MAD\Projects\Practice\node_modules\@react-native\gradle-plugin\.gradle\buildOutputCleanup)" [_thread_blocked, id=11364, stack(0x0000001eb5f00000,0x0000001eb6000000)]
  0x000001d2c052ea90 JavaThread "Unconstrained build operations Thread 3" [_thread_blocked, id=12296, stack(0x0000001eb6000000,0x0000001eb6100000)]
  0x000001d2c052fed0 JavaThread "Unconstrained build operations Thread 4" [_thread_blocked, id=18148, stack(0x0000001eb6100000,0x0000001eb6200000)]
  0x000001d2c05354e0 JavaThread "Unconstrained build operations Thread 5" [_thread_blocked, id=13792, stack(0x0000001eb6200000,0x0000001eb6300000)]
  0x000001d2c0531310 JavaThread "Memory manager" [_thread_blocked, id=17660, stack(0x0000001eb6300000,0x0000001eb6400000)]

Other Threads:
=>0x000001d29dd1d820 VMThread "VM Thread" [stack: 0x0000001eb2f00000,0x0000001eb3000000] [id=16296]
  0x000001d2bd207ad0 WatcherThread [stack: 0x0000001eb3b00000,0x0000001eb3c00000] [id=14052]
  0x000001d2ffa010d0 GCTaskThread "GC Thread#0" [stack: 0x0000001eb2a00000,0x0000001eb2b00000] [id=14644]
  0x000001d2bd328550 GCTaskThread "GC Thread#1" [stack: 0x0000001eb3d00000,0x0000001eb3e00000] [id=11356]
  0x000001d2bd3fda80 GCTaskThread "GC Thread#2" [stack: 0x0000001eb3e00000,0x0000001eb3f00000] [id=15872]
  0x000001d2bdd6cb20 GCTaskThread "GC Thread#3" [stack: 0x0000001eb3f00000,0x0000001eb4000000] [id=4232]
  0x000001d2ffa12f40 ConcurrentGCThread "G1 Main Marker" [stack: 0x0000001eb2b00000,0x0000001eb2c00000] [id=9428]
  0x000001d2ffa13870 ConcurrentGCThread "G1 Conc#0" [stack: 0x0000001eb2c00000,0x0000001eb2d00000] [id=15796]
  0x000001d2ffa57ff0 ConcurrentGCThread "G1 Refine#0" [stack: 0x0000001eb2d00000,0x0000001eb2e00000] [id=17564]
  0x000001d2bec8eb40 ConcurrentGCThread "G1 Refine#1" [stack: 0x0000001eb5300000,0x0000001eb5400000] [id=4396]
  0x000001d2c0253510 ConcurrentGCThread "G1 Refine#2" [stack: 0x0000001eb5400000,0x0000001eb5500000] [id=17412]
  0x000001d2ffa58930 ConcurrentGCThread "G1 Service" [stack: 0x0000001eb2e00000,0x0000001eb2f00000] [id=10836]

Threads with active compile tasks:

VM state: at safepoint (normal execution)

VM Mutex/Monitor currently owned by a thread:  ([mutex/lock_event])
[0x000001d2ff99f2c0] Threads_lock - owner thread: 0x000001d29dd1d820
[0x000001d2ff99fa10] Heap_lock - owner thread: 0x000001d2ffa12f40

Heap address: 0x0000000080000000, size: 2048 MB, Compressed Oops mode: 32-bit

CDS archive(s) mapped at: [0x000001d29e000000-0x000001d29ebb0000-0x000001d29ebb0000), size 12255232, SharedBaseAddress: 0x000001d29e000000, ArchiveRelocationMode: 1.
Compressed class space mapped at: 0x000001d29f000000-0x000001d2b9000000, reserved size: 436207616
Narrow klass base: 0x000001d29e000000, Narrow klass shift: 0, Narrow klass range: 0x100000000

GC Precious Log:
 CPUs: 4 total, 4 available
 Memory: 8067M
 Large Page Support: Disabled
 NUMA Support: Disabled
 Compressed Oops: Enabled (32-bit)
 Heap Region Size: 1M
 Heap Min Capacity: 8M
 Heap Initial Capacity: 128M
 Heap Max Capacity: 2G
 Pre-touch: Disabled
 Parallel Workers: 4
 Concurrent Workers: 1
 Concurrent Refinement Workers: 4
 Periodic GC: Disabled

Heap:
 garbage-first heap   total 99328K, used 61755K [0x0000000080000000, 0x0000000100000000)
  region size 1024K, 9 young (9216K), 3 survivors (3072K)
 Metaspace       used 56937K, committed 57600K, reserved 491520K
  class space    used 8046K, committed 8384K, reserved 425984K

Heap Regions: E=young(eden), S=young(survivor), O=old, HS=humongous(starts), HC=humongous(continues), CS=collection set, F=free, OA=open archive, CA=closed archive, TAMS=top-at-mark-start (previous, next)
|   0|0x0000000080000000, 0x0000000080100000, 0x0000000080100000|100%| O|  |TAMS 0x0000000080100000, 0x0000000080000000| Untracked 
|   1|0x0000000080100000, 0x0000000080200000, 0x0000000080200000|100%| O|  |TAMS 0x0000000080200000, 0x0000000080100000| Untracked 
|   2|0x0000000080200000, 0x0000000080300000, 0x0000000080300000|100%|HS|  |TAMS 0x0000000080300000, 0x0000000080200000| Complete 
|   3|0x0000000080300000, 0x0000000080400000, 0x0000000080400000|100%|HC|  |TAMS 0x0000000080400000, 0x0000000080300000| Complete 
|   4|0x0000000080400000, 0x0000000080500000, 0x0000000080500000|100%|HC|  |TAMS 0x0000000080500000, 0x0000000080400000| Complete 
|   5|0x0000000080500000, 0x0000000080600000, 0x0000000080600000|100%|HC|  |TAMS 0x0000000080600000, 0x0000000080500000| Complete 
|   6|0x0000000080600000, 0x0000000080700000, 0x0000000080700000|100%| O|  |TAMS 0x0000000080700000, 0x0000000080600000| Untracked 
|   7|0x0000000080700000, 0x0000000080800000, 0x0000000080800000|100%| O|  |TAMS 0x0000000080800000, 0x0000000080700000| Updating 
|   8|0x0000000080800000, 0x0000000080900000, 0x0000000080900000|100%| O|  |TAMS 0x0000000080900000, 0x0000000080800000| Untracked 
|   9|0x0000000080900000, 0x0000000080a00000, 0x0000000080a00000|100%| O|  |TAMS 0x0000000080a00000, 0x0000000080900000| Untracked 
|  10|0x0000000080a00000, 0x0000000080b00000, 0x0000000080b00000|100%| O|  |TAMS 0x0000000080b00000, 0x0000000080a00000| Untracked 
|  11|0x0000000080b00000, 0x0000000080c00000, 0x0000000080c00000|100%| O|  |TAMS 0x0000000080c00000, 0x0000000080b00000| Untracked 
|  12|0x0000000080c00000, 0x0000000080d00000, 0x0000000080d00000|100%| O|  |TAMS 0x0000000080d00000, 0x0000000080c00000| Untracked 
|  13|0x0000000080d00000, 0x0000000080e00000, 0x0000000080e00000|100%| O|  |TAMS 0x0000000080e00000, 0x0000000080d00000| Untracked 
|  14|0x0000000080e00000, 0x0000000080f00000, 0x0000000080f00000|100%| O|  |TAMS 0x0000000080f00000, 0x0000000080e00000| Untracked 
|  15|0x0000000080f00000, 0x0000000081000000, 0x0000000081000000|100%| O|  |TAMS 0x0000000081000000, 0x0000000080f00000| Untracked 
|  16|0x0000000081000000, 0x0000000081100000, 0x0000000081100000|100%| O|  |TAMS 0x0000000081100000, 0x0000000081000000| Untracked 
|  17|0x0000000081100000, 0x0000000081200000, 0x0000000081200000|100%| O|  |TAMS 0x0000000081200000, 0x0000000081100000| Untracked 
|  18|0x0000000081200000, 0x0000000081300000, 0x0000000081300000|100%| O|  |TAMS 0x0000000081300000, 0x0000000081200000| Untracked 
|  19|0x0000000081300000, 0x00000000813ba800, 0x0000000081400000| 72%| O|  |TAMS 0x00000000813ba800, 0x0000000081300000| Updating 
|  20|0x0000000081400000, 0x0000000081500000, 0x0000000081500000|100%| O|  |TAMS 0x0000000081500000, 0x0000000081400000| Untracked 
|  21|0x0000000081500000, 0x0000000081600000, 0x0000000081600000|100%| O|  |TAMS 0x0000000081600000, 0x0000000081500000| Untracked 
|  22|0x0000000081600000, 0x0000000081700000, 0x0000000081700000|100%| O|  |TAMS 0x0000000081700000, 0x0000000081600000| Updating 
|  23|0x0000000081700000, 0x0000000081800000, 0x0000000081800000|100%| O|  |TAMS 0x0000000081800000, 0x0000000081700000| Untracked 
|  24|0x0000000081800000, 0x0000000081900000, 0x0000000081900000|100%| O|  |TAMS 0x0000000081900000, 0x0000000081800000| Untracked 
|  25|0x0000000081900000, 0x0000000081a00000, 0x0000000081a00000|100%| O|  |TAMS 0x0000000081a00000, 0x0000000081900000| Untracked 
|  26|0x0000000081a00000, 0x0000000081b00000, 0x0000000081b00000|100%| O|  |TAMS 0x0000000081b00000, 0x0000000081a00000| Untracked 
|  27|0x0000000081b00000, 0x0000000081c00000, 0x0000000081c00000|100%| O|  |TAMS 0x0000000081c00000, 0x0000000081b00000| Untracked 
|  28|0x0000000081c00000, 0x0000000081d00000, 0x0000000081d00000|100%| O|  |TAMS 0x0000000081d00000, 0x0000000081c00000| Updating 
|  29|0x0000000081d00000, 0x0000000081e00000, 0x0000000081e00000|100%|HS|  |TAMS 0x0000000081e00000, 0x0000000081d00000| Complete 
|  30|0x0000000081e00000, 0x0000000081f00000, 0x0000000081f00000|100%|HC|  |TAMS 0x0000000081f00000, 0x0000000081e00000| Complete 
|  31|0x0000000081f00000, 0x0000000082000000, 0x0000000082000000|100%| O|  |TAMS 0x0000000082000000, 0x0000000081f00000| Untracked 
|  32|0x0000000082000000, 0x0000000082100000, 0x0000000082100000|100%| O|  |TAMS 0x0000000082100000, 0x0000000082000000| Untracked 
|  33|0x0000000082100000, 0x0000000082200000, 0x0000000082200000|100%| O|  |TAMS 0x0000000082200000, 0x0000000082100000| Untracked 
|  34|0x0000000082200000, 0x0000000082300000, 0x0000000082300000|100%| O|  |TAMS 0x0000000082300000, 0x0000000082200000| Untracked 
|  35|0x0000000082300000, 0x0000000082400000, 0x0000000082400000|100%| O|  |TAMS 0x0000000082400000, 0x0000000082300000| Untracked 
|  36|0x0000000082400000, 0x0000000082500000, 0x0000000082500000|100%| O|  |TAMS 0x0000000082500000, 0x0000000082400000| Untracked 
|  37|0x0000000082500000, 0x0000000082600000, 0x0000000082600000|100%|HS|  |TAMS 0x0000000082600000, 0x0000000082500000| Complete 
|  38|0x0000000082600000, 0x0000000082700000, 0x0000000082700000|100%|HC|  |TAMS 0x0000000082700000, 0x0000000082600000| Complete 
|  39|0x0000000082700000, 0x0000000082800000, 0x0000000082800000|100%|HS|  |TAMS 0x0000000082800000, 0x0000000082700000| Complete 
|  40|0x0000000082800000, 0x0000000082900000, 0x0000000082900000|100%|HC|  |TAMS 0x0000000082900000, 0x0000000082800000| Complete 
|  41|0x0000000082900000, 0x0000000082a00000, 0x0000000082a00000|100%|HC|  |TAMS 0x0000000082a00000, 0x0000000082900000| Complete 
|  42|0x0000000082a00000, 0x0000000082b00000, 0x0000000082b00000|100%|HC|  |TAMS 0x0000000082b00000, 0x0000000082a00000| Complete 
|  43|0x0000000082b00000, 0x0000000082c00000, 0x0000000082c00000|100%| O|  |TAMS 0x0000000082c00000, 0x0000000082b00000| Untracked 
|  44|0x0000000082c00000, 0x0000000082d00000, 0x0000000082d00000|100%| O|  |TAMS 0x0000000082d00000, 0x0000000082c00000| Untracked 
|  45|0x0000000082d00000, 0x0000000082e00000, 0x0000000082e00000|100%| O|  |TAMS 0x0000000082e00000, 0x0000000082d00000| Untracked 
|  46|0x0000000082e00000, 0x0000000082f00000, 0x0000000082f00000|100%| O|  |TAMS 0x0000000082f00000, 0x0000000082e00000| Untracked 
|  47|0x0000000082f00000, 0x0000000083000000, 0x0000000083000000|100%|HS|  |TAMS 0x0000000083000000, 0x0000000082f00000| Complete 
|  48|0x0000000083000000, 0x0000000083100000, 0x0000000083100000|100%|HC|  |TAMS 0x0000000083100000, 0x0000000083000000| Complete 
|  49|0x0000000083100000, 0x0000000083200000, 0x0000000083200000|100%|HC|  |TAMS 0x0000000083200000, 0x0000000083100000| Complete 
|  50|0x0000000083200000, 0x0000000083300000, 0x0000000083300000|100%|HC|  |TAMS 0x0000000083300000, 0x0000000083200000| Complete 
|  51|0x0000000083300000, 0x0000000083400000, 0x0000000083400000|100%| O|  |TAMS 0x00000000833efa00, 0x0000000083300000| Untracked 
|  52|0x0000000083400000, 0x00000000834a9400, 0x0000000083500000| 66%| O|  |TAMS 0x0000000083400000, 0x0000000083400000| Updating 
|  53|0x0000000083500000, 0x0000000083500000, 0x0000000083600000|  0%| F|  |TAMS 0x0000000083500000, 0x0000000083500000| Untracked 
|  54|0x0000000083600000, 0x0000000083600000, 0x0000000083700000|  0%| F|  |TAMS 0x0000000083600000, 0x0000000083600000| Untracked 
|  55|0x0000000083700000, 0x0000000083700000, 0x0000000083800000|  0%| F|  |TAMS 0x0000000083700000, 0x0000000083700000| Untracked 
|  56|0x0000000083800000, 0x0000000083800000, 0x0000000083900000|  0%| F|  |TAMS 0x0000000083800000, 0x0000000083800000| Untracked 
|  57|0x0000000083900000, 0x0000000083900000, 0x0000000083a00000|  0%| F|  |TAMS 0x0000000083900000, 0x0000000083900000| Untracked 
|  58|0x0000000083a00000, 0x0000000083a00000, 0x0000000083b00000|  0%| F|  |TAMS 0x0000000083a00000, 0x0000000083a00000| Untracked 
|  59|0x0000000083b00000, 0x0000000083b00000, 0x0000000083c00000|  0%| F|  |TAMS 0x0000000083b00000, 0x0000000083b00000| Untracked 
|  60|0x0000000083c00000, 0x0000000083c00000, 0x0000000083d00000|  0%| F|  |TAMS 0x0000000083c00000, 0x0000000083c00000| Untracked 
|  61|0x0000000083d00000, 0x0000000083d00000, 0x0000000083e00000|  0%| F|  |TAMS 0x0000000083d00000, 0x0000000083d00000| Untracked 
|  62|0x0000000083e00000, 0x0000000083e00000, 0x0000000083f00000|  0%| F|  |TAMS 0x0000000083e00000, 0x0000000083e00000| Untracked 
|  63|0x0000000083f00000, 0x0000000083f00000, 0x0000000084000000|  0%| F|  |TAMS 0x0000000083f00000, 0x0000000083f00000| Untracked 
|  64|0x0000000084000000, 0x0000000084000000, 0x0000000084100000|  0%| F|  |TAMS 0x0000000084000000, 0x0000000084000000| Untracked 
|  65|0x0000000084100000, 0x00000000841eb288, 0x0000000084200000| 91%| S|CS|TAMS 0x0000000084100000, 0x0000000084100000| Complete 
|  66|0x0000000084200000, 0x0000000084300000, 0x0000000084300000|100%| S|CS|TAMS 0x0000000084200000, 0x0000000084200000| Complete 
|  67|0x0000000084300000, 0x0000000084300000, 0x0000000084400000|  0%| F|  |TAMS 0x0000000084300000, 0x0000000084300000| Untracked 
|  68|0x0000000084400000, 0x0000000084400000, 0x0000000084500000|  0%| F|  |TAMS 0x0000000084400000, 0x0000000084400000| Untracked 
|  69|0x0000000084500000, 0x0000000084500000, 0x0000000084600000|  0%| F|  |TAMS 0x0000000084500000, 0x0000000084500000| Untracked 
|  70|0x0000000084600000, 0x0000000084700000, 0x0000000084700000|100%| S|CS|TAMS 0x0000000084600000, 0x0000000084600000| Complete 
|  71|0x0000000084700000, 0x0000000084700000, 0x0000000084800000|  0%| F|  |TAMS 0x0000000084700000, 0x0000000084700000| Untracked 
|  72|0x0000000084800000, 0x0000000084800000, 0x0000000084900000|  0%| F|  |TAMS 0x0000000084800000, 0x0000000084800000| Untracked 
|  73|0x0000000084900000, 0x0000000084900000, 0x0000000084a00000|  0%| F|  |TAMS 0x0000000084900000, 0x0000000084900000| Untracked 
|  74|0x0000000084a00000, 0x0000000084a00000, 0x0000000084b00000|  0%| F|  |TAMS 0x0000000084a00000, 0x0000000084a00000| Untracked 
|  75|0x0000000084b00000, 0x0000000084b00000, 0x0000000084c00000|  0%| F|  |TAMS 0x0000000084b00000, 0x0000000084b00000| Untracked 
|  76|0x0000000084c00000, 0x0000000084c00000, 0x0000000084d00000|  0%| F|  |TAMS 0x0000000084c00000, 0x0000000084c00000| Untracked 
|  77|0x0000000084d00000, 0x0000000084d00000, 0x0000000084e00000|  0%| F|  |TAMS 0x0000000084d00000, 0x0000000084d00000| Untracked 
|  78|0x0000000084e00000, 0x0000000084e00000, 0x0000000084f00000|  0%| F|  |TAMS 0x0000000084e00000, 0x0000000084e00000| Untracked 
|  79|0x0000000084f00000, 0x0000000084f00000, 0x0000000085000000|  0%| F|  |TAMS 0x0000000084f00000, 0x0000000084f00000| Untracked 
|  80|0x0000000085000000, 0x0000000085000000, 0x0000000085100000|  0%| F|  |TAMS 0x0000000085000000, 0x0000000085000000| Untracked 
|  81|0x0000000085100000, 0x0000000085100000, 0x0000000085200000|  0%| F|  |TAMS 0x0000000085100000, 0x0000000085100000| Untracked 
|  82|0x0000000085200000, 0x0000000085200000, 0x0000000085300000|  0%| F|  |TAMS 0x0000000085200000, 0x0000000085200000| Untracked 
|  83|0x0000000085300000, 0x0000000085300000, 0x0000000085400000|  0%| F|  |TAMS 0x0000000085300000, 0x0000000085300000| Untracked 
|  84|0x0000000085400000, 0x0000000085400000, 0x0000000085500000|  0%| F|  |TAMS 0x0000000085400000, 0x0000000085400000| Untracked 
|  85|0x0000000085500000, 0x0000000085500000, 0x0000000085600000|  0%| F|  |TAMS 0x0000000085500000, 0x0000000085500000| Untracked 
|  86|0x0000000085600000, 0x0000000085600000, 0x0000000085700000|  0%| F|  |TAMS 0x0000000085600000, 0x0000000085600000| Untracked 
|  87|0x0000000085700000, 0x0000000085700000, 0x0000000085800000|  0%| F|  |TAMS 0x0000000085700000, 0x0000000085700000| Untracked 
|  88|0x0000000085800000, 0x0000000085800000, 0x0000000085900000|  0%| F|  |TAMS 0x0000000085800000, 0x0000000085800000| Untracked 
|  89|0x0000000085900000, 0x0000000085900000, 0x0000000085a00000|  0%| F|  |TAMS 0x0000000085900000, 0x0000000085900000| Untracked 
|  90|0x0000000085a00000, 0x0000000085a00000, 0x0000000085b00000|  0%| F|  |TAMS 0x0000000085a00000, 0x0000000085a00000| Untracked 
|  91|0x0000000085b00000, 0x0000000085c00000, 0x0000000085c00000|100%| E|  |TAMS 0x0000000085b00000, 0x0000000085b00000| Complete 
|  92|0x0000000085c00000, 0x0000000085d00000, 0x0000000085d00000|100%| E|CS|TAMS 0x0000000085c00000, 0x0000000085c00000| Complete 
|  93|0x0000000085d00000, 0x0000000085e00000, 0x0000000085e00000|100%| E|CS|TAMS 0x0000000085d00000, 0x0000000085d00000| Complete 
|  94|0x0000000085e00000, 0x0000000085f00000, 0x0000000085f00000|100%| E|CS|TAMS 0x0000000085e00000, 0x0000000085e00000| Complete 
|  95|0x0000000085f00000, 0x0000000086000000, 0x0000000086000000|100%| E|CS|TAMS 0x0000000085f00000, 0x0000000085f00000| Complete 
| 127|0x0000000087f00000, 0x0000000088000000, 0x0000000088000000|100%| E|CS|TAMS 0x0000000087f00000, 0x0000000087f00000| Complete 

Card table byte_map: [0x000001d296f70000,0x000001d297370000] _byte_map_base: 0x000001d296b70000

Marking Bits (Prev, Next): (CMBitMap*) 0x000001d2ffa02610, (CMBitMap*) 0x000001d2ffa02650
 Prev Bits: [0x000001d297770000, 0x000001d299770000)
 Next Bits: [0x000001d299770000, 0x000001d29b770000)

Polling page: 0x000001d2fe160000

Metaspace:

Usage:
  Non-class:     47.75 MB used.
      Class:      7.86 MB used.
       Both:     55.60 MB used.

Virtual space:
  Non-class space:       64.00 MB reserved,      48.06 MB ( 75%) committed,  1 nodes.
      Class space:      416.00 MB reserved,       8.19 MB (  2%) committed,  1 nodes.
             Both:      480.00 MB reserved,      56.25 MB ( 12%) committed. 

Chunk freelists:
   Non-Class:  15.45 MB
       Class:  7.83 MB
        Both:  23.28 MB

MaxMetaspaceSize: 512.00 MB
CompressedClassSpaceSize: 416.00 MB
Initial GC threshold: 21.00 MB
Current GC threshold: 85.94 MB
CDS: on
MetaspaceReclaimPolicy: balanced
 - commit_granule_bytes: 65536.
 - commit_granule_words: 8192.
 - virtual_space_node_default_size: 8388608.
 - enlarge_chunks_in_place: 1.
 - new_chunks_are_fully_committed: 0.
 - uncommit_free_chunks: 1.
 - use_allocation_guard: 0.
 - handle_deallocations: 1.


Internal statistics:

num_allocs_failed_limit: 6.
num_arena_births: 744.
num_arena_deaths: 0.
num_vsnodes_births: 2.
num_vsnodes_deaths: 0.
num_space_committed: 900.
num_space_uncommitted: 0.
num_chunks_returned_to_freelist: 6.
num_chunks_taken_from_freelist: 3002.
num_chunk_merges: 6.
num_chunk_splits: 2010.
num_chunks_enlarged: 1344.
num_inconsistent_stats: 0.

CodeHeap 'non-profiled nmethods': size=120000Kb used=3249Kb max_used=3249Kb free=116750Kb
 bounds [0x000001d28f530000, 0x000001d28f860000, 0x000001d296a60000]
CodeHeap 'profiled nmethods': size=120000Kb used=10689Kb max_used=10689Kb free=109310Kb
 bounds [0x000001d287a60000, 0x000001d2884e0000, 0x000001d28ef90000]
CodeHeap 'non-nmethods': size=5760Kb used=2353Kb max_used=2414Kb free=3406Kb
 bounds [0x000001d28ef90000, 0x000001d28f200000, 0x000001d28f530000]
 total_blobs=6423 nmethods=5543 adapters=790
 compilation: enabled
              stopped_count=0, restarted_count=0
 full_count=0

Compilation events (20 events):
Event: 22.949 Thread 0x000001d29dd485e0 6287       3       kotlin.reflect.jvm.internal.ReflectProperties$LazySoftVal::<init> (43 bytes)
Event: 22.950 Thread 0x000001d29dd485e0 nmethod 6287 0x000001d2884cb410 code [0x000001d2884cb620, 0x000001d2884cbe28]
Event: 22.950 Thread 0x000001d29dd485e0 6288       3       kotlin.reflect.jvm.internal.ReflectProperties::lazySoft (14 bytes)
Event: 22.950 Thread 0x000001d29dd485e0 nmethod 6288 0x000001d2884cc090 code [0x000001d2884cc260, 0x000001d2884cc548]
Event: 22.950 Thread 0x000001d29dd485e0 6290       3       kotlin.LazyKt__LazyJVMKt::lazy (102 bytes)
Event: 22.951 Thread 0x000001d29dd485e0 nmethod 6290 0x000001d2884cc690 code [0x000001d2884ccaa0, 0x000001d2884ce5d8]
Event: 22.951 Thread 0x000001d29dd485e0 6289       3       kotlin.SafePublicationLazyImpl::<init> (30 bytes)
Event: 22.952 Thread 0x000001d29dd485e0 nmethod 6289 0x000001d2884cee90 code [0x000001d2884cf0c0, 0x000001d2884cf818]
Event: 22.967 Thread 0x000001d29dd485e0 6291       3       kotlin.reflect.jvm.internal.impl.renderer.DescriptorRendererOptionsImpl::property (20 bytes)
Event: 22.967 Thread 0x000001d29dd485e0 nmethod 6291 0x000001d2884cfa90 code [0x000001d2884cfc40, 0x000001d2884cff78]
Event: 22.968 Thread 0x000001d29dd485e0 6292       3       kotlin.reflect.jvm.internal.impl.renderer.DescriptorRendererOptionsImpl$property$$inlined$vetoable$1::<init> (11 bytes)
Event: 22.972 Thread 0x000001d29dd485e0 nmethod 6292 0x000001d2884d0090 code [0x000001d2884d0240, 0x000001d2884d04b8]
Event: 22.982 Thread 0x000001d29dd47c20 6293       4       java.lang.ClassLoader::postDefineClass (39 bytes)
Event: 23.044 Thread 0x000001d29dd47c20 nmethod 6293 0x000001d28f857790 code [0x000001d28f8579c0, 0x000001d28f858fb0]
Event: 23.045 Thread 0x000001d29dd47c20 6294       4       java.lang.ClassLoader::getNamedPackage (73 bytes)
Event: 23.075 Thread 0x000001d29dd47c20 nmethod 6294 0x000001d28f859c90 code [0x000001d28f859e80, 0x000001d28f85a9f0]
Event: 23.076 Thread 0x000001d29dd47c20 6295       4       java.lang.ClassLoader::preDefineClass (118 bytes)
Event: 23.076 Thread 0x000001d29dd485e0 6296       1       java.util.Formatter$FixedString::index (3 bytes)
Event: 23.076 Thread 0x000001d29dd485e0 nmethod 6296 0x000001d28f85b110 code [0x000001d28f85b2a0, 0x000001d28f85b378]
Event: 23.100 Thread 0x000001d29dd47c20 nmethod 6295 0x000001d28f85b410 code [0x000001d28f85b5e0, 0x000001d28f85c048]

GC Heap History (20 events):
Event: 16.673 GC heap before
{Heap before GC invocations=9 (full 0):
 garbage-first heap   total 81920K, used 48471K [0x0000000080000000, 0x0000000100000000)
  region size 1024K, 18 young (18432K), 3 survivors (3072K)
 Metaspace       used 35693K, committed 36160K, reserved 491520K
  class space    used 4861K, committed 5056K, reserved 425984K
}
Event: 16.679 GC heap after
{Heap after GC invocations=10 (full 0):
 garbage-first heap   total 81920K, used 33747K [0x0000000080000000, 0x0000000100000000)
  region size 1024K, 1 young (1024K), 1 survivors (1024K)
 Metaspace       used 35693K, committed 36160K, reserved 491520K
  class space    used 4861K, committed 5056K, reserved 425984K
}
Event: 17.990 GC heap before
{Heap before GC invocations=11 (full 0):
 garbage-first heap   total 81920K, used 64467K [0x0000000080000000, 0x0000000100000000)
  region size 1024K, 31 young (31744K), 1 survivors (1024K)
 Metaspace       used 38931K, committed 39424K, reserved 491520K
  class space    used 5401K, committed 5632K, reserved 425984K
}
Event: 17.993 GC heap after
{Heap after GC invocations=12 (full 0):
 garbage-first heap   total 81920K, used 33853K [0x0000000080000000, 0x0000000100000000)
  region size 1024K, 2 young (2048K), 2 survivors (2048K)
 Metaspace       used 38931K, committed 39424K, reserved 491520K
  class space    used 5401K, committed 5632K, reserved 425984K
}
Event: 19.021 GC heap before
{Heap before GC invocations=12 (full 0):
 garbage-first heap   total 81920K, used 65597K [0x0000000080000000, 0x0000000100000000)
  region size 1024K, 33 young (33792K), 2 survivors (2048K)
 Metaspace       used 42329K, committed 42816K, reserved 491520K
  class space    used 5927K, committed 6144K, reserved 425984K
}
Event: 19.029 GC heap after
{Heap after GC invocations=13 (full 0):
 garbage-first heap   total 81920K, used 35413K [0x0000000080000000, 0x0000000100000000)
  region size 1024K, 4 young (4096K), 4 survivors (4096K)
 Metaspace       used 42329K, committed 42816K, reserved 491520K
  class space    used 5927K, committed 6144K, reserved 425984K
}
Event: 20.040 GC heap before
{Heap before GC invocations=13 (full 0):
 garbage-first heap   total 81920K, used 65109K [0x0000000080000000, 0x0000000100000000)
  region size 1024K, 33 young (33792K), 4 survivors (4096K)
 Metaspace       used 45833K, committed 46464K, reserved 491520K
  class space    used 6486K, committed 6784K, reserved 425984K
}
Event: 20.046 GC heap after
{Heap after GC invocations=14 (full 0):
 garbage-first heap   total 81920K, used 36913K [0x0000000080000000, 0x0000000100000000)
  region size 1024K, 4 young (4096K), 4 survivors (4096K)
 Metaspace       used 45833K, committed 46464K, reserved 491520K
  class space    used 6486K, committed 6784K, reserved 425984K
}
Event: 20.412 GC heap before
{Heap before GC invocations=14 (full 0):
 garbage-first heap   total 81920K, used 45105K [0x0000000080000000, 0x0000000100000000)
  region size 1024K, 12 young (12288K), 4 survivors (4096K)
 Metaspace       used 46406K, committed 47040K, reserved 491520K
  class space    used 6558K, committed 6848K, reserved 425984K
}
Event: 20.420 GC heap after
{Heap after GC invocations=15 (full 0):
 garbage-first heap   total 81920K, used 40055K [0x0000000080000000, 0x0000000100000000)
  region size 1024K, 3 young (3072K), 3 survivors (3072K)
 Metaspace       used 46406K, committed 47040K, reserved 491520K
  class space    used 6558K, committed 6848K, reserved 425984K
}
Event: 21.148 GC heap before
{Heap before GC invocations=16 (full 0):
 garbage-first heap   total 81920K, used 71799K [0x0000000080000000, 0x0000000100000000)
  region size 1024K, 29 young (29696K), 3 survivors (3072K)
 Metaspace       used 49182K, committed 49728K, reserved 491520K
  class space    used 6914K, committed 7168K, reserved 425984K
}
Event: 21.155 GC heap after
{Heap after GC invocations=17 (full 0):
 garbage-first heap   total 81920K, used 49083K [0x0000000080000000, 0x0000000100000000)
  region size 1024K, 4 young (4096K), 4 survivors (4096K)
 Metaspace       used 49182K, committed 49728K, reserved 491520K
  class space    used 6914K, committed 7168K, reserved 425984K
}
Event: 21.629 GC heap before
{Heap before GC invocations=17 (full 0):
 garbage-first heap   total 81920K, used 68539K [0x0000000080000000, 0x0000000100000000)
  region size 1024K, 23 young (23552K), 4 survivors (4096K)
 Metaspace       used 51009K, committed 51648K, reserved 491520K
  class space    used 7216K, committed 7552K, reserved 425984K
}
Event: 21.639 GC heap after
{Heap after GC invocations=18 (full 0):
 garbage-first heap   total 81920K, used 49832K [0x0000000080000000, 0x0000000100000000)
  region size 1024K, 1 young (1024K), 1 survivors (1024K)
 Metaspace       used 51009K, committed 51648K, reserved 491520K
  class space    used 7216K, committed 7552K, reserved 425984K
}
Event: 21.873 GC heap before
{Heap before GC invocations=19 (full 0):
 garbage-first heap   total 91136K, used 58024K [0x0000000080000000, 0x0000000100000000)
  region size 1024K, 10 young (10240K), 1 survivors (1024K)
 Metaspace       used 51839K, committed 52544K, reserved 491520K
  class space    used 7360K, committed 7680K, reserved 425984K
}
Event: 21.878 GC heap after
{Heap after GC invocations=20 (full 0):
 garbage-first heap   total 91136K, used 50159K [0x0000000080000000, 0x0000000100000000)
  region size 1024K, 2 young (2048K), 2 survivors (2048K)
 Metaspace       used 51839K, committed 52544K, reserved 491520K
  class space    used 7360K, committed 7680K, reserved 425984K
}
Event: 22.512 GC heap before
{Heap before GC invocations=21 (full 0):
 garbage-first heap   total 99328K, used 78831K [0x0000000080000000, 0x0000000100000000)
  region size 1024K, 27 young (27648K), 2 survivors (2048K)
 Metaspace       used 53699K, committed 54400K, reserved 491520K
  class space    used 7598K, committed 7936K, reserved 425984K
}
Event: 22.517 GC heap after
{Heap after GC invocations=22 (full 0):
 garbage-first heap   total 99328K, used 55249K [0x0000000080000000, 0x0000000100000000)
  region size 1024K, 3 young (3072K), 3 survivors (3072K)
 Metaspace       used 53699K, committed 54400K, reserved 491520K
  class space    used 7598K, committed 7936K, reserved 425984K
}
Event: 23.048 GC heap before
{Heap before GC invocations=22 (full 0):
 garbage-first heap   total 99328K, used 81873K [0x0000000080000000, 0x0000000100000000)
  region size 1024K, 29 young (29696K), 3 survivors (3072K)
 Metaspace       used 56175K, committed 56896K, reserved 491520K
  class space    used 7950K, committed 8320K, reserved 425984K
}
Event: 23.053 GC heap after
{Heap after GC invocations=23 (full 0):
 garbage-first heap   total 99328K, used 56635K [0x0000000080000000, 0x0000000100000000)
  region size 1024K, 3 young (3072K), 3 survivors (3072K)
 Metaspace       used 56175K, committed 56896K, reserved 491520K
  class space    used 7950K, committed 8320K, reserved 425984K
}

Dll operation events (15 events):
Event: 0.013 Loaded shared library C:\Program Files\Microsoft\jdk-17.0.10.7-hotspot\bin\java.dll
Event: 0.040 Loaded shared library C:\Program Files\Microsoft\jdk-17.0.10.7-hotspot\bin\jsvml.dll
Event: 0.184 Loaded shared library C:\Program Files\Microsoft\jdk-17.0.10.7-hotspot\bin\zip.dll
Event: 0.188 Loaded shared library C:\Program Files\Microsoft\jdk-17.0.10.7-hotspot\bin\instrument.dll
Event: 0.195 Loaded shared library C:\Program Files\Microsoft\jdk-17.0.10.7-hotspot\bin\net.dll
Event: 0.197 Loaded shared library C:\Program Files\Microsoft\jdk-17.0.10.7-hotspot\bin\nio.dll
Event: 0.203 Loaded shared library C:\Program Files\Microsoft\jdk-17.0.10.7-hotspot\bin\zip.dll
Event: 0.722 Loaded shared library C:\Program Files\Microsoft\jdk-17.0.10.7-hotspot\bin\jimage.dll
Event: 0.865 Loaded shared library C:\Program Files\Microsoft\jdk-17.0.10.7-hotspot\bin\verify.dll
Event: 1.306 Loaded shared library C:\Users\muham\.gradle\native\68d5fa5c4cc2d200863cafc0d521ce42e7d3e7ee720ec0a83991735586a16f82\windows-amd64\native-platform.dll
Event: 1.314 Loaded shared library C:\Users\muham\.gradle\native\e376f236ea51e6404a007f0833ffe2c6e607c4080706a723a18a27aeea778392\windows-amd64\native-platform-file-events.dll
Event: 3.083 Loaded shared library C:\Program Files\Microsoft\jdk-17.0.10.7-hotspot\bin\management.dll
Event: 3.087 Loaded shared library C:\Program Files\Microsoft\jdk-17.0.10.7-hotspot\bin\management_ext.dll
Event: 3.841 Loaded shared library C:\Program Files\Microsoft\jdk-17.0.10.7-hotspot\bin\extnet.dll
Event: 4.239 Loaded shared library C:\Program Files\Microsoft\jdk-17.0.10.7-hotspot\bin\sunmscapi.dll

Deoptimization events (20 events):
Event: 22.454 Thread 0x000001d2be2ab7f0 Uncommon trap: trap_request=0xffffff45 fr.pc=0x000001d28f6e3118 relative=0x00000000000002d8
Event: 22.454 Thread 0x000001d2be2ab7f0 Uncommon trap: reason=unstable_if action=reinterpret pc=0x000001d28f6e3118 method=org.gradle.internal.instantiation.generator.AbstractClassGenerator$InjectionAnnotationValidator.validateMethod(Ljava/lang/reflect/Method;Lorg/gradle/internal/reflect/Propert
Event: 22.454 Thread 0x000001d2be2ab7f0 DEOPT PACKING pc=0x000001d28f6e3118 sp=0x0000001eb45f6230
Event: 22.454 Thread 0x000001d2be2ab7f0 DEOPT UNPACKING pc=0x000001d28efe69a3 sp=0x0000001eb45f61e0 mode 2
Event: 22.454 Thread 0x000001d2be2ab7f0 Uncommon trap: trap_request=0xffffffde fr.pc=0x000001d28f6d2fd0 relative=0x00000000000004d0
Event: 22.454 Thread 0x000001d2be2ab7f0 Uncommon trap: reason=class_check action=maybe_recompile pc=0x000001d28f6d2fd0 method=org.gradle.internal.instantiation.generator.AbstractClassGenerator$InjectionAnnotationValidator.validateMethod(Ljava/lang/reflect/Method;Lorg/gradle/internal/reflect/Pro
Event: 22.454 Thread 0x000001d2be2ab7f0 DEOPT PACKING pc=0x000001d28f6d2fd0 sp=0x0000001eb45f6160
Event: 22.454 Thread 0x000001d2be2ab7f0 DEOPT UNPACKING pc=0x000001d28efe69a3 sp=0x0000001eb45f6130 mode 2
Event: 22.467 Thread 0x000001d2be2ab7f0 Uncommon trap: trap_request=0xffffffc6 fr.pc=0x000001d28f5aa280 relative=0x00000000000033c0
Event: 22.467 Thread 0x000001d2be2ab7f0 Uncommon trap: reason=bimorphic_or_optimized_type_check action=maybe_recompile pc=0x000001d28f5aa280 method=java.util.AbstractCollection.addAll(Ljava/util/Collection;)Z @ 29 c2
Event: 22.467 Thread 0x000001d2be2ab7f0 DEOPT PACKING pc=0x000001d28f5aa280 sp=0x0000001eb45f6f40
Event: 22.467 Thread 0x000001d2be2ab7f0 DEOPT UNPACKING pc=0x000001d28efe69a3 sp=0x0000001eb45f6f30 mode 2
Event: 22.815 Thread 0x000001d2be2ab7f0 Uncommon trap: trap_request=0xffffff45 fr.pc=0x000001d28f5ba1a8 relative=0x00000000000019a8
Event: 22.815 Thread 0x000001d2be2ab7f0 Uncommon trap: reason=unstable_if action=reinterpret pc=0x000001d28f5ba1a8 method=java.util.jar.JarFile.getEntry(Ljava/lang/String;)Ljava/util/zip/ZipEntry; @ 15 c2
Event: 22.815 Thread 0x000001d2be2ab7f0 DEOPT PACKING pc=0x000001d28f5ba1a8 sp=0x0000001eb45f7320
Event: 22.815 Thread 0x000001d2be2ab7f0 DEOPT UNPACKING pc=0x000001d28efe69a3 sp=0x0000001eb45f7328 mode 2
Event: 22.982 Thread 0x000001d2be2ab7f0 Uncommon trap: trap_request=0xffffff45 fr.pc=0x000001d28f56dfa4 relative=0x0000000000000664
Event: 22.982 Thread 0x000001d2be2ab7f0 Uncommon trap: reason=unstable_if action=reinterpret pc=0x000001d28f56dfa4 method=java.lang.AbstractStringBuilder.append(Ljava/lang/String;)Ljava/lang/AbstractStringBuilder; @ 1 c2
Event: 22.982 Thread 0x000001d2be2ab7f0 DEOPT PACKING pc=0x000001d28f56dfa4 sp=0x0000001eb45f7680
Event: 22.982 Thread 0x000001d2be2ab7f0 DEOPT UNPACKING pc=0x000001d28efe69a3 sp=0x0000001eb45f7600 mode 2

Classes unloaded (0 events):
No events

Classes redefined (0 events):
No events

Internal exceptions (20 events):
Event: 22.059 Thread 0x000001d2be2ab7f0 Exception <a 'java/lang/ClassNotFoundException'{0x0000000085ebd528}: org/gradle/api/plugins/BasePluginConventionCustomizer> (0x0000000085ebd528) 
thrown [s\src\hotspot\share\classfile\systemDictionary.cpp, line 256]
Event: 22.062 Thread 0x000001d2be2ab7f0 Exception <a 'java/lang/ClassNotFoundException'{0x0000000085ee61d0}: org/gradle/api/internal/plugins/NaggingBasePluginConventionCustomizer> (0x0000000085ee61d0) 
thrown [s\src\hotspot\share\classfile\systemDictionary.cpp, line 256]
Event: 22.067 Thread 0x000001d2be2ab7f0 Exception <a 'java/lang/ClassNotFoundException'{0x0000000085d38ee0}: org/gradle/api/plugins/internal/NaggingJavaPluginConventionBeanInfo> (0x0000000085d38ee0) 
thrown [s\src\hotspot\share\classfile\systemDictionary.cpp, line 256]
Event: 22.070 Thread 0x000001d2be2ab7f0 Exception <a 'java/lang/ClassNotFoundException'{0x0000000085d57350}: org/gradle/api/plugins/JavaPluginConventionBeanInfo> (0x0000000085d57350) 
thrown [s\src\hotspot\share\classfile\systemDictionary.cpp, line 256]
Event: 22.072 Thread 0x000001d2be2ab7f0 Exception <a 'java/lang/ClassNotFoundException'{0x0000000085d75790}: org/gradle/api/plugins/JavaPluginConventionCustomizer> (0x0000000085d75790) 
thrown [s\src\hotspot\share\classfile\systemDictionary.cpp, line 256]
Event: 22.074 Thread 0x000001d2be2ab7f0 Exception <a 'java/lang/ClassNotFoundException'{0x0000000085da8340}: org/gradle/api/plugins/internal/NaggingJavaPluginConventionCustomizer> (0x0000000085da8340) 
thrown [s\src\hotspot\share\classfile\systemDictionary.cpp, line 256]
Event: 22.423 Thread 0x000001d2be2ab7f0 Exception <a 'java/lang/NoSuchMethodError'{0x0000000084963828}: 'int java.lang.invoke.DirectMethodHandle$Holder.invokeInterface(java.lang.Object, java.lang.Object, java.lang.Object, java.lang.Object)'> (0x0000000084963828) 
thrown [s\src\hotspot\share\interpreter\linkResolver.cpp, line 759]
Event: 22.619 Thread 0x000001d2be2ab7f0 Exception <a 'java/lang/ClassNotFoundException'{0x0000000085b843b0}: org/jetbrains/kotlin/gradle/targets/js/npm/DefaultNpmDependencyExtensionBeanInfo> (0x0000000085b843b0) 
thrown [s\src\hotspot\share\classfile\systemDictionary.cpp, line 256]
Event: 22.620 Thread 0x000001d2be2ab7f0 Exception <a 'java/lang/ClassNotFoundException'{0x0000000085b97238}: org/jetbrains/kotlin/gradle/targets/js/npm/DefaultNpmDependencyExtensionCustomizer> (0x0000000085b97238) 
thrown [s\src\hotspot\share\classfile\systemDictionary.cpp, line 256]
Event: 22.634 Thread 0x000001d2be2ab7f0 Exception <a 'java/lang/ClassNotFoundException'{0x0000000085a36cd0}: org/jetbrains/kotlin/gradle/targets/js/npm/NpmDependencyExtensionKt$defaultNpmDependencyDelegate$1BeanInfo> (0x0000000085a36cd0) 
thrown [s\src\hotspot\share\classfile\systemDictionary.cpp, line 256]
Event: 22.635 Thread 0x000001d2be2ab7f0 Exception <a 'java/lang/ClassNotFoundException'{0x0000000085a49b80}: org/jetbrains/kotlin/gradle/targets/js/npm/NpmDependencyExtensionDelegateBeanInfo> (0x0000000085a49b80) 
thrown [s\src\hotspot\share\classfile\systemDictionary.cpp, line 256]
Event: 22.636 Thread 0x000001d2be2ab7f0 Exception <a 'java/lang/ClassNotFoundException'{0x0000000085a5ca48}: org/jetbrains/kotlin/gradle/targets/js/npm/NpmDependencyExtensionDelegateCustomizer> (0x0000000085a5ca48) 
thrown [s\src\hotspot\share\classfile\systemDictionary.cpp, line 256]
Event: 22.638 Thread 0x000001d2be2ab7f0 Exception <a 'java/lang/ClassNotFoundException'{0x0000000085a88fb8}: org/jetbrains/kotlin/gradle/targets/js/npm/NpmDependencyExtensionKt$defaultNpmDependencyDelegate$1Customizer> (0x0000000085a88fb8) 
thrown [s\src\hotspot\share\classfile\systemDictionary.cpp, line 256]
Event: 22.645 Thread 0x000001d2be2ab7f0 Exception <a 'java/lang/ClassNotFoundException'{0x0000000085acfc70}: org/jetbrains/kotlin/gradle/targets/js/npm/DefaultDevNpmDependencyExtensionBeanInfo> (0x0000000085acfc70) 
thrown [s\src\hotspot\share\classfile\systemDictionary.cpp, line 256]
Event: 22.646 Thread 0x000001d2be2ab7f0 Exception <a 'java/lang/ClassNotFoundException'{0x0000000085ae2bf0}: org/jetbrains/kotlin/gradle/targets/js/npm/DefaultDevNpmDependencyExtensionCustomizer> (0x0000000085ae2bf0) 
thrown [s\src\hotspot\share\classfile\systemDictionary.cpp, line 256]
Event: 22.650 Thread 0x000001d2be2ab7f0 Exception <a 'java/lang/ClassNotFoundException'{0x000000008592d2f8}: org/jetbrains/kotlin/gradle/targets/js/npm/DefaultPeerNpmDependencyExtensionBeanInfo> (0x000000008592d2f8) 
thrown [s\src\hotspot\share\classfile\systemDictionary.cpp, line 256]
Event: 22.651 Thread 0x000001d2be2ab7f0 Exception <a 'java/lang/ClassNotFoundException'{0x0000000085943328}: org/jetbrains/kotlin/gradle/targets/js/npm/DefaultPeerNpmDependencyExtensionCustomizer> (0x0000000085943328) 
thrown [s\src\hotspot\share\classfile\systemDictionary.cpp, line 256]
Event: 22.656 Thread 0x000001d2be2ab7f0 Exception <a 'java/lang/ClassNotFoundException'{0x0000000085994020}: org/jetbrains/kotlin/gradle/targets/js/npm/DefaultPeerNpmDependencyExtension$delegate$1BeanInfo> (0x0000000085994020) 
thrown [s\src\hotspot\share\classfile\systemDictionary.cpp, line 256]
Event: 22.657 Thread 0x000001d2be2ab7f0 Exception <a 'java/lang/ClassNotFoundException'{0x00000000859a70b8}: org/jetbrains/kotlin/gradle/targets/js/npm/DefaultPeerNpmDependencyExtension$delegate$1Customizer> (0x00000000859a70b8) 
thrown [s\src\hotspot\share\classfile\systemDictionary.cpp, line 256]
Event: 22.982 Thread 0x000001d2be2ab7f0 Implicit null exception at 0x000001d28f56d972 to 0x000001d28f56df8c

VM Operations (20 events):
Event: 21.639 Executing VM operation: G1CollectForAllocation done
Event: 21.738 Executing VM operation: G1PauseRemark
Event: 21.744 Executing VM operation: G1PauseRemark done
Event: 21.790 Executing VM operation: G1PauseCleanup
Event: 21.791 Executing VM operation: G1PauseCleanup done
Event: 21.873 Executing VM operation: G1TryInitiateConcMark
Event: 21.878 Executing VM operation: G1TryInitiateConcMark done
Event: 21.985 Executing VM operation: G1PauseRemark
Event: 21.990 Executing VM operation: G1PauseRemark done
Event: 22.041 Executing VM operation: G1PauseCleanup
Event: 22.053 Executing VM operation: G1PauseCleanup done
Event: 22.412 Executing VM operation: HandshakeAllThreads
Event: 22.412 Executing VM operation: HandshakeAllThreads done
Event: 22.422 Executing VM operation: HandshakeAllThreads
Event: 22.422 Executing VM operation: HandshakeAllThreads done
Event: 22.512 Executing VM operation: G1CollectForAllocation
Event: 22.517 Executing VM operation: G1CollectForAllocation done
Event: 23.048 Executing VM operation: G1CollectForAllocation
Event: 23.053 Executing VM operation: G1CollectForAllocation done
Event: 23.158 Executing VM operation: G1PauseRemark

Events (20 events):
Event: 21.482 loading class java/util/regex/Pattern$SliceI
Event: 21.483 loading class java/util/regex/Pattern$SliceI done
Event: 21.502 loading class javax/management/InstanceNotFoundException
Event: 21.503 loading class javax/management/InstanceNotFoundException done
Event: 21.503 loading class javax/management/ReflectionException
Event: 21.503 loading class javax/management/ReflectionException done
Event: 21.503 loading class javax/management/MalformedObjectNameException
Event: 21.503 loading class javax/management/MalformedObjectNameException done
Event: 21.503 loading class javax/management/MBeanException
Event: 21.503 loading class javax/management/MBeanException done
Event: 21.503 loading class javax/management/AttributeNotFoundException
Event: 21.504 loading class javax/management/AttributeNotFoundException done
Event: 21.504 loading class sun/reflect/misc/MethodUtil
Event: 21.505 loading class sun/reflect/misc/MethodUtil done
Event: 21.505 loading class sun/reflect/misc/MethodUtil$1
Event: 21.505 loading class sun/reflect/misc/MethodUtil$1 done
Event: 21.511 Thread 0x000001d2c0531310 Thread added: 0x000001d2c0531310
Event: 21.517 loading class java/lang/Byte$ByteCache
Event: 21.518 loading class java/lang/Byte$ByteCache done
Event: 22.939 Thread 0x000001d2c02932f0 Thread exited: 0x000001d2c02932f0


Dynamic libraries:
0x00007ff727ff0000 - 0x00007ff727ffe000 	C:\Program Files\Microsoft\jdk-17.0.10.7-hotspot\bin\java.exe
0x00007ff8837b0000 - 0x00007ff8839a8000 	C:\Windows\SYSTEM32\ntdll.dll
0x00007ff881f50000 - 0x00007ff88200d000 	C:\Windows\System32\KERNEL32.DLL
0x00007ff8814e0000 - 0x00007ff8817d6000 	C:\Windows\System32\KERNELBASE.dll
0x00007ff880e60000 - 0x00007ff880f60000 	C:\Windows\System32\ucrtbase.dll
0x00007ff87baf0000 - 0x00007ff87bb0b000 	C:\Program Files\Microsoft\jdk-17.0.10.7-hotspot\bin\VCRUNTIME140.dll
0x00007ff87cbd0000 - 0x00007ff87cbe7000 	C:\Program Files\Microsoft\jdk-17.0.10.7-hotspot\bin\jli.dll
0x00007ff882270000 - 0x00007ff88240f000 	C:\Windows\System32\USER32.dll
0x00007ff8810c0000 - 0x00007ff8810e2000 	C:\Windows\System32\win32u.dll
0x00007ff881f20000 - 0x00007ff881f4b000 	C:\Windows\System32\GDI32.dll
0x00007ff86edf0000 - 0x00007ff86f08a000 	C:\Windows\WinSxS\amd64_microsoft.windows.common-controls_6595b64144ccf1df_6.0.19041.4355_none_60b8b9eb71f62e16\COMCTL32.dll
0x00007ff881170000 - 0x00007ff881287000 	C:\Windows\System32\gdi32full.dll
0x00007ff881910000 - 0x00007ff8819ae000 	C:\Windows\System32\msvcrt.dll
0x00007ff881390000 - 0x00007ff88142d000 	C:\Windows\System32\msvcp_win.dll
0x00007ff882070000 - 0x00007ff8820a2000 	C:\Windows\System32\IMM32.DLL
0x00007ff87cc10000 - 0x00007ff87cc1c000 	C:\Program Files\Microsoft\jdk-17.0.10.7-hotspot\bin\vcruntime140_1.dll
0x00007ff846cb0000 - 0x00007ff846d3d000 	C:\Program Files\Microsoft\jdk-17.0.10.7-hotspot\bin\msvcp140.dll
0x00007ff8269e0000 - 0x00007ff827645000 	C:\Program Files\Microsoft\jdk-17.0.10.7-hotspot\bin\server\jvm.dll
0x00007ff882ce0000 - 0x00007ff882d90000 	C:\Windows\System32\ADVAPI32.dll
0x00007ff8821d0000 - 0x00007ff882270000 	C:\Windows\System32\sechost.dll
0x00007ff8817e0000 - 0x00007ff881903000 	C:\Windows\System32\RPCRT4.dll
0x00007ff8810f0000 - 0x00007ff881117000 	C:\Windows\System32\bcrypt.dll
0x00007ff8803a0000 - 0x00007ff8803eb000 	C:\Windows\SYSTEM32\POWRPROF.dll
0x00007ff872a30000 - 0x00007ff872a39000 	C:\Windows\SYSTEM32\WSOCK32.dll
0x00007ff8835c0000 - 0x00007ff88362b000 	C:\Windows\System32\WS2_32.dll
0x00007ff872910000 - 0x00007ff87291a000 	C:\Windows\SYSTEM32\VERSION.dll
0x00007ff86aca0000 - 0x00007ff86acc7000 	C:\Windows\SYSTEM32\WINMM.dll
0x00007ff880210000 - 0x00007ff880222000 	C:\Windows\SYSTEM32\UMPDC.dll
0x00007ff87eca0000 - 0x00007ff87ecb2000 	C:\Windows\SYSTEM32\kernel.appcore.dll
0x00007ff87bae0000 - 0x00007ff87baea000 	C:\Program Files\Microsoft\jdk-17.0.10.7-hotspot\bin\jimage.dll
0x00007ff86f680000 - 0x00007ff86f864000 	C:\Windows\SYSTEM32\DBGHELP.DLL
0x00007ff86abd0000 - 0x00007ff86ac04000 	C:\Windows\SYSTEM32\dbgcore.DLL
0x00007ff881290000 - 0x00007ff881312000 	C:\Windows\System32\bcryptPrimitives.dll
0x00007ff86e140000 - 0x00007ff86e14e000 	C:\Program Files\Microsoft\jdk-17.0.10.7-hotspot\bin\instrument.dll
0x00007ff85f6c0000 - 0x00007ff85f6e5000 	C:\Program Files\Microsoft\jdk-17.0.10.7-hotspot\bin\java.dll
0x00007ff840e10000 - 0x00007ff840ee7000 	C:\Program Files\Microsoft\jdk-17.0.10.7-hotspot\bin\jsvml.dll
0x00007ff882d90000 - 0x00007ff8834fb000 	C:\Windows\System32\SHELL32.dll
0x00007ff87eea0000 - 0x00007ff87f63d000 	C:\Windows\SYSTEM32\windows.storage.dll
0x00007ff882420000 - 0x00007ff882773000 	C:\Windows\System32\combase.dll
0x00007ff8807a0000 - 0x00007ff8807ce000 	C:\Windows\SYSTEM32\Wldp.dll
0x00007ff881c20000 - 0x00007ff881ced000 	C:\Windows\System32\OLEAUT32.dll
0x00007ff8819b0000 - 0x00007ff881a5d000 	C:\Windows\System32\SHCORE.dll
0x00007ff8820b0000 - 0x00007ff882105000 	C:\Windows\System32\shlwapi.dll
0x00007ff880d90000 - 0x00007ff880db4000 	C:\Windows\SYSTEM32\profapi.dll
0x00007ff86e200000 - 0x00007ff86e218000 	C:\Program Files\Microsoft\jdk-17.0.10.7-hotspot\bin\zip.dll
0x00007ff86e430000 - 0x00007ff86e449000 	C:\Program Files\Microsoft\jdk-17.0.10.7-hotspot\bin\net.dll
0x00007ff877fe0000 - 0x00007ff8780ea000 	C:\Windows\SYSTEM32\WINHTTP.dll
0x00007ff880580000 - 0x00007ff8805ea000 	C:\Windows\system32\mswsock.dll
0x00007ff86e2b0000 - 0x00007ff86e2c6000 	C:\Program Files\Microsoft\jdk-17.0.10.7-hotspot\bin\nio.dll
0x00007ff870350000 - 0x00007ff870360000 	C:\Program Files\Microsoft\jdk-17.0.10.7-hotspot\bin\verify.dll
0x00007ff85c690000 - 0x00007ff85c6b7000 	C:\Users\muham\.gradle\native\68d5fa5c4cc2d200863cafc0d521ce42e7d3e7ee720ec0a83991735586a16f82\windows-amd64\native-platform.dll
0x00007ff835b50000 - 0x00007ff835c94000 	C:\Users\muham\.gradle\native\e376f236ea51e6404a007f0833ffe2c6e607c4080706a723a18a27aeea778392\windows-amd64\native-platform-file-events.dll
0x00007ff86ea10000 - 0x00007ff86ea19000 	C:\Program Files\Microsoft\jdk-17.0.10.7-hotspot\bin\management.dll
0x00007ff86e930000 - 0x00007ff86e93b000 	C:\Program Files\Microsoft\jdk-17.0.10.7-hotspot\bin\management_ext.dll
0x00007ff882410000 - 0x00007ff882418000 	C:\Windows\System32\PSAPI.DLL
0x00007ff8807e0000 - 0x00007ff8807f8000 	C:\Windows\SYSTEM32\CRYPTSP.dll
0x00007ff87fe50000 - 0x00007ff87fe84000 	C:\Windows\system32\rsaenh.dll
0x00007ff880d40000 - 0x00007ff880d6e000 	C:\Windows\SYSTEM32\USERENV.dll
0x00007ff880710000 - 0x00007ff88071c000 	C:\Windows\SYSTEM32\CRYPTBASE.dll
0x00007ff880230000 - 0x00007ff88026b000 	C:\Windows\SYSTEM32\IPHLPAPI.DLL
0x00007ff882cd0000 - 0x00007ff882cd8000 	C:\Windows\System32\NSI.dll
0x00007ff876c40000 - 0x00007ff876c57000 	C:\Windows\SYSTEM32\dhcpcsvc6.DLL
0x00007ff879330000 - 0x00007ff87934d000 	C:\Windows\SYSTEM32\dhcpcsvc.DLL
0x00007ff880270000 - 0x00007ff88033b000 	C:\Windows\SYSTEM32\DNSAPI.dll
0x00007ff86e150000 - 0x00007ff86e159000 	C:\Program Files\Microsoft\jdk-17.0.10.7-hotspot\bin\extnet.dll
0x00007ff86e0c0000 - 0x00007ff86e0ce000 	C:\Program Files\Microsoft\jdk-17.0.10.7-hotspot\bin\sunmscapi.dll
0x00007ff880f60000 - 0x00007ff8810be000 	C:\Windows\System32\CRYPT32.dll
0x00007ff8808f0000 - 0x00007ff880919000 	C:\Windows\SYSTEM32\ncrypt.dll
0x00007ff8808b0000 - 0x00007ff8808eb000 	C:\Windows\SYSTEM32\NTASN1.dll
0x00007ff86e0b0000 - 0x00007ff86e0b7000 	C:\Windows\system32\wshunix.dll

dbghelp: loaded successfully - version: 4.0.5 - missing functions: none
symbol engine: initialized successfully - sym options: 0x614 - pdb path: .;C:\Program Files\Microsoft\jdk-17.0.10.7-hotspot\bin;C:\Windows\SYSTEM32;C:\Windows\WinSxS\amd64_microsoft.windows.common-controls_6595b64144ccf1df_6.0.19041.4355_none_60b8b9eb71f62e16;C:\Program Files\Microsoft\jdk-17.0.10.7-hotspot\bin\server;C:\Users\muham\.gradle\native\68d5fa5c4cc2d200863cafc0d521ce42e7d3e7ee720ec0a83991735586a16f82\windows-amd64;C:\Users\muham\.gradle\native\e376f236ea51e6404a007f0833ffe2c6e607c4080706a723a18a27aeea778392\windows-amd64

VM Arguments:
jvm_args: -XX:MaxMetaspaceSize=512m --add-opens=java.base/java.util=ALL-UNNAMED --add-opens=java.base/java.lang=ALL-UNNAMED --add-opens=java.base/java.lang.invoke=ALL-UNNAMED --add-opens=java.prefs/java.util.prefs=ALL-UNNAMED --add-opens=java.base/java.nio.charset=ALL-UNNAMED --add-opens=java.base/java.net=ALL-UNNAMED --add-opens=java.base/java.util.concurrent.atomic=ALL-UNNAMED -Xmx2048m -Dfile.encoding=windows-1252 -Duser.country=US -Duser.language=en -Duser.variant -javaagent:C:\Users\muham\.gradle\wrapper\dists\gradle-8.3-all\6en3ugtfdg5xnpx44z4qbwgas\gradle-8.3\lib\agents\gradle-instrumentation-agent-8.3.jar 
java_command: org.gradle.launcher.daemon.bootstrap.GradleDaemon 8.3
java_class_path (initial): C:\Users\muham\.gradle\wrapper\dists\gradle-8.3-all\6en3ugtfdg5xnpx44z4qbwgas\gradle-8.3\lib\gradle-launcher-8.3.jar
Launcher Type: SUN_STANDARD

[Global flags]
     intx CICompilerCount                          = 3                                         {product} {ergonomic}
   size_t CompressedClassSpaceSize                 = 436207616                                 {product} {ergonomic}
     uint ConcGCThreads                            = 1                                         {product} {ergonomic}
     uint G1ConcRefinementThreads                  = 4                                         {product} {ergonomic}
   size_t G1HeapRegionSize                         = 1048576                                   {product} {ergonomic}
    uintx GCDrainStackTargetSize                   = 64                                        {product} {ergonomic}
   size_t InitialHeapSize                          = 134217728                                 {product} {ergonomic}
   size_t MarkStackSize                            = 4194304                                   {product} {ergonomic}
   size_t MaxHeapSize                              = 2147483648                                {product} {command line}
   size_t MaxMetaspaceSize                         = 536870912                                 {product} {command line}
   size_t MaxNewSize                               = 1287651328                                {product} {ergonomic}
   size_t MinHeapDeltaBytes                        = 1048576                                   {product} {ergonomic}
   size_t MinHeapSize                              = 8388608                                   {product} {ergonomic}
    uintx NonNMethodCodeHeapSize                   = 5832780                                {pd product} {ergonomic}
    uintx NonProfiledCodeHeapSize                  = 122912730                              {pd product} {ergonomic}
    uintx ProfiledCodeHeapSize                     = 122912730                              {pd product} {ergonomic}
    uintx ReservedCodeCacheSize                    = 251658240                              {pd product} {ergonomic}
     bool SegmentedCodeCache                       = true                                      {product} {ergonomic}
   size_t SoftMaxHeapSize                          = 2147483648                             {manageable} {ergonomic}
     bool UseCompressedClassPointers               = true                           {product lp64_product} {ergonomic}
     bool UseCompressedOops                        = true                           {product lp64_product} {ergonomic}
     bool UseG1GC                                  = true                                      {product} {ergonomic}
     bool UseLargePagesIndividualAllocation        = false                                  {pd product} {ergonomic}

Logging:
Log output configuration:
 #0: stdout all=warning uptime,level,tags
 #1: stderr all=off uptime,level,tags

Environment Variables:
JAVA_HOME=C:\Program Files\Microsoft\jdk-17.0.10.7-hotspot\
CLASSPATH=D:\Study Material\6th Semester\MAD\Projects\Practice\android\\gradle\wrapper\gradle-wrapper.jar
PATH=D:\Study Material\6th Semester\MAD\Projects\Practice\node_modules\.bin;D:\Study Material\6th Semester\MAD\Projects\node_modules\.bin;D:\Study Material\6th Semester\MAD\node_modules\.bin;D:\Study Material\6th Semester\node_modules\.bin;D:\Study Material\node_modules\.bin;D:\node_modules\.bin;C:\Program Files\nodejs\node_modules\npm\node_modules\@npmcli\run-script\lib\node-gyp-bin;C:\Program Files\Microsoft\jdk-17.0.10.7-hotspot\bin;C:\Python312\Scripts\;C:\Python312\;C:\Windows\system32;C:\Windows;C:\Windows\System32\Wbem;C:\Windows\System32\WindowsPowerShell\v1.0\;C:\Windows\System32\OpenSSH\;C:\xampp\php;C:\composer;C:\Program Files\Git\bin;D:\Softwares\Xampp\Xampp\php;D:\Softwares\PHP Composer;C:\ProgramData\ComposerSetup\bin;C:\Program Files (x86)\Microsoft SQL Server\160\Tools\Binn\;C:\Program Files\Microsoft SQL Server\160\Tools\Binn\;C:\Program Files\Microsoft SQL Server\Client SDK\ODBC\170\Tools\Binn\;C:\Program Files\Microsoft SQL Server\160\DTS\Binn\;C:\Program Files\Azure Data Studio\bin;D:\Softwares\Java\jdk-21.0.2\bin;C:\Program Files\nodejs\;C:\ProgramData\chocolatey\bin;D:\Softwares\Flutter\flutter\bin;C:\Program Files\MongoDB\Server\7.0\bin;D:\Softwares\Graphiz\Graphviz\bin\dot.exe;D:\Softwares\AndroidStudio\AndroidStudio\bin;C:\Users\muham\AppData\Local\Android\Sdk\platform-tools;C:\Users\muham\AppData\Local\jdk-11.0.2\bin;C:\Users\muham\.cargo\bin;C:\Users\muham\AppData\Local\Microsoft\WindowsApps;C:\Users\muham\AppData\Local\Programs\Microsoft VS Code\bin;C:\Users\muham\AppData\Roaming\Composer\vendor\bin;C:\Program Files\Git\bin;C:\Program Files\Azure Data Studio\bin;D:\Softwares\Java\jdk-21.0.2\bin;C:\Users\muham\AppData\Roaming\npm;D:\Softwares\Flutter\flutter\bin;C:\Program Files\mongosh\;C:\Program Files\MongoDB\Server\7.0\bin;C:\Users\muham\AppData\Roaming\Python\Python312\Scripts;D:\Softwares\Graphiz\Graphviz\bin;C:\Users\muham\AppData\Local\Android\Sdk\platform-tools;
USERNAME=muham
LANG=en_US.UTF-8
OS=Windows_NT
PROCESSOR_IDENTIFIER=Intel64 Family 6 Model 142 Stepping 9, GenuineIntel
TMP=C:\Users\muham\AppData\Local\Temp
TEMP=C:\Users\muham\AppData\Local\Temp



Periodic native trim disabled


---------------  S Y S T E M  ---------------

OS:
 Windows 10 , 64 bit Build 19041 (10.0.19041.3636)
OS uptime: 0 days 5:18 hours
Hyper-V role detected

CPU: total 4 (initial active 4) (2 cores per cpu, 2 threads per core) family 6 model 142 stepping 9 microcode 0xf4, cx8, cmov, fxsr, ht, mmx, 3dnowpref, sse, sse2, sse3, ssse3, sse4.1, sse4.2, popcnt, lzcnt, tsc, tscinvbit, avx, avx2, aes, erms, clmul, bmi1, bmi2, rtm, adx, fma, vzeroupper, clflush, clflushopt, hv
Processor Information for all 4 processors :
  Max Mhz: 2904, Current Mhz: 2803, Mhz Limit: 2787

Memory: 4k page, system-wide physical 8067M (388M free)
TotalPageFile size 12163M (AvailPageFile size 8M)
current process WorkingSet (physical memory assigned to process): 277M, peak: 277M
current process commit charge ("private bytes"): 309M, peak: 316M

vm_info: OpenJDK 64-Bit Server VM (17.0.10+7-LTS) for windows-amd64 JRE (17.0.10+7-LTS), built on Jan 10 2024 19:47:12 by "MicrosoftCorporation" with MS VC++ 16.10 / 16.11 (VS2019)

END.
