#
# There is insufficient memory for the Java Runtime Environment to continue.
# Native memory allocation (mmap) failed to map 22020096 bytes for G1 virtual space
# Possible reasons:
#   The system is out of physical RAM or swap space
#   The process is running with CompressedOops enabled, and the Java Heap may be blocking the growth of the native heap
# Possible solutions:
#   Reduce memory load on the system
#   Increase physical memory or swap space
#   Check if swap backing store is full
#   Decrease Java heap size (-Xmx/-Xms)
#   Decrease number of Java threads
#   Decrease Java thread stack sizes (-Xss)
#   Set larger code cache with -XX:ReservedCodeCacheSize=
#   JVM is running with Unscaled Compressed Oops mode in which the Java heap is
#     placed in the first 4GB address space. The Java Heap base address is the
#     maximum limit for the native heap growth. Please use -XX:HeapBaseMinAddress
#     to set the Java Heap base and to place the Java Heap above 4GB virtual address.
# This output file may be truncated or incomplete.
#
#  Out of Memory Error (os_windows.cpp:3613), pid=16728, tid=6976
#
# JRE version: OpenJDK Runtime Environment Microsoft-8902769 (17.0.10+7) (build 17.0.10+7-LTS)
# Java VM: OpenJDK 64-Bit Server VM Microsoft-8902769 (17.0.10+7-LTS, mixed mode, sharing, tiered, compressed oops, compressed class ptrs, g1 gc, windows-amd64)
# No core dump will be written. Minidumps are not enabled by default on client versions of Windows
#

---------------  S U M M A R Y ------------

Command Line: -XX:MaxMetaspaceSize=512m --add-opens=java.base/java.util=ALL-UNNAMED --add-opens=java.base/java.lang=ALL-UNNAMED --add-opens=java.base/java.lang.invoke=ALL-UNNAMED --add-opens=java.prefs/java.util.prefs=ALL-UNNAMED --add-opens=java.base/java.nio.charset=ALL-UNNAMED --add-opens=java.base/java.net=ALL-UNNAMED --add-opens=java.base/java.util.concurrent.atomic=ALL-UNNAMED -Xmx2048m -Dfile.encoding=windows-1252 -Duser.country=US -Duser.language=en -Duser.variant -javaagent:C:\Users\muham\.gradle\wrapper\dists\gradle-8.3-all\6en3ugtfdg5xnpx44z4qbwgas\gradle-8.3\lib\agents\gradle-instrumentation-agent-8.3.jar org.gradle.launcher.daemon.bootstrap.GradleDaemon 8.3

Host: Intel(R) Core(TM) i7-7600U CPU @ 2.80GHz, 4 cores, 7G,  Windows 10 , 64 bit Build 19041 (10.0.19041.3636)
Time: Sun Mar 31 11:05:24 2024 Pakistan Standard Time elapsed time: 40.415309 seconds (0d 0h 0m 40s)

---------------  T H R E A D  ---------------

Current thread (0x000001637f49f670):  VMThread "VM Thread" [stack: 0x0000002e2f000000,0x0000002e2f100000] [id=6976]

Stack: [0x0000002e2f000000,0x0000002e2f100000]
Native frames: (J=compiled Java code, j=interpreted, Vv=VM code, C=native code)
V  [jvm.dll+0x67f829]
V  [jvm.dll+0x83750a]
V  [jvm.dll+0x838fce]
V  [jvm.dll+0x839633]
V  [jvm.dll+0x247cbf]
V  [jvm.dll+0x67c669]
V  [jvm.dll+0x6710da]
V  [jvm.dll+0x309b8b]
V  [jvm.dll+0x311036]
V  [jvm.dll+0x360d5e]
V  [jvm.dll+0x360f8f]
V  [jvm.dll+0x2e0798]
V  [jvm.dll+0x2de974]
V  [jvm.dll+0x2ddf7c]
V  [jvm.dll+0x322331]
V  [jvm.dll+0x83db2b]
V  [jvm.dll+0x83e871]
V  [jvm.dll+0x83ed8d]
V  [jvm.dll+0x83f164]
V  [jvm.dll+0x83f230]
V  [jvm.dll+0x7e69da]
V  [jvm.dll+0x67e715]
C  [ucrtbase.dll+0x21bb2]
C  [KERNEL32.DLL+0x17344]
C  [ntdll.dll+0x526b1]

VM_Operation (0x0000002e306f7d70): G1TryInitiateConcMark, mode: safepoint, requested by thread 0x000001637f7febe0


---------------  P R O C E S S  ---------------

Threads class SMR info:
_java_thread_list=0x0000016327452780, length=68, elements={
0x00000163639827b0, 0x000001637f4a4930, 0x000001637f4a66d0, 0x000001637f4be470,
0x000001637f4bf200, 0x000001637f4c2af0, 0x000001637f4c33c0, 0x000001637f4c4070,
0x000001637f4c51d0, 0x000001637f52d1b0, 0x0000016363a3dfe0, 0x000001637f78cc40,
0x000001632392e620, 0x000001637f8761f0, 0x00000163243e2420, 0x000001637f734830,
0x00000163244dbe10, 0x00000163238e5260, 0x000001637f7febe0, 0x000001637f821f10,
0x000001637f8214f0, 0x000001637f822420, 0x000001637f8200b0, 0x000001637f821a00,
0x000001637f8205c0, 0x000001637f820ad0, 0x0000016325552730, 0x0000016325553150,
0x0000016325552220, 0x000001632554ea70, 0x000001632554ef80, 0x0000016325554590,
0x0000016325553660, 0x0000016325553b70, 0x0000016325554080, 0x000001632554f9a0,
0x00000163255512f0, 0x000001632554e050, 0x00000163255508d0, 0x000001632554feb0,
0x00000163255559d0, 0x00000163255503c0, 0x000001637f822930, 0x000001637f820fe0,
0x000001637f822e40, 0x0000016325bba7e0, 0x0000016325bb51d0, 0x0000016325bba2d0,
0x00000163253fe760, 0x0000016325bb6b20, 0x0000016325bbb200, 0x0000016325bb7030,
0x0000016325bb6610, 0x0000016325bb4cc0, 0x0000016325bb7540, 0x0000016325bb8980,
0x0000016325bb7a50, 0x0000016325bb93a0, 0x0000016325bb7f60, 0x0000016325bb8470,
0x0000016325bb8e90, 0x0000016325bbb710, 0x0000016325bb98b0, 0x0000016325bb9dc0,
0x0000016325bb47b0, 0x0000016325bbc130, 0x000001632797ec70, 0x000001632797f180
}

Java Threads: ( => current thread )
  0x00000163639827b0 JavaThread "main" [_thread_blocked, id=6160, stack(0x0000002e2ea00000,0x0000002e2eb00000)]
  0x000001637f4a4930 JavaThread "Reference Handler" daemon [_thread_blocked, id=12464, stack(0x0000002e2f100000,0x0000002e2f200000)]
  0x000001637f4a66d0 JavaThread "Finalizer" daemon [_thread_blocked, id=13964, stack(0x0000002e2f200000,0x0000002e2f300000)]
  0x000001637f4be470 JavaThread "Signal Dispatcher" daemon [_thread_blocked, id=19504, stack(0x0000002e2f300000,0x0000002e2f400000)]
  0x000001637f4bf200 JavaThread "Attach Listener" daemon [_thread_blocked, id=16276, stack(0x0000002e2f400000,0x0000002e2f500000)]
  0x000001637f4c2af0 JavaThread "Service Thread" daemon [_thread_blocked, id=4712, stack(0x0000002e2f500000,0x0000002e2f600000)]
  0x000001637f4c33c0 JavaThread "Monitor Deflation Thread" daemon [_thread_blocked, id=18552, stack(0x0000002e2f600000,0x0000002e2f700000)]
  0x000001637f4c4070 JavaThread "C2 CompilerThread0" daemon [_thread_in_native, id=9352, stack(0x0000002e2f700000,0x0000002e2f800000)]
  0x000001637f4c51d0 JavaThread "C1 CompilerThread0" daemon [_thread_blocked, id=12516, stack(0x0000002e2f800000,0x0000002e2f900000)]
  0x000001637f52d1b0 JavaThread "Sweeper thread" daemon [_thread_blocked, id=20040, stack(0x0000002e2f900000,0x0000002e2fa00000)]
  0x0000016363a3dfe0 JavaThread "Common-Cleaner" daemon [_thread_blocked, id=9556, stack(0x0000002e2fa00000,0x0000002e2fb00000)]
  0x000001637f78cc40 JavaThread "Notification Thread" daemon [_thread_blocked, id=14764, stack(0x0000002e2fb00000,0x0000002e2fc00000)]
  0x000001632392e620 JavaThread "Daemon health stats" [_thread_blocked, id=17768, stack(0x0000002e30100000,0x0000002e30200000)]
  0x000001637f8761f0 JavaThread "Incoming local TCP Connector on port 62136" [_thread_in_native, id=6904, stack(0x0000002e30000000,0x0000002e30100000)]
  0x00000163243e2420 JavaThread "Daemon periodic checks" [_thread_blocked, id=11424, stack(0x0000002e30200000,0x0000002e30300000)]
  0x000001637f734830 JavaThread "Daemon" [_thread_blocked, id=19384, stack(0x0000002e30300000,0x0000002e30400000)]
  0x00000163244dbe10 JavaThread "Handler for socket connection from /127.0.0.1:62136 to /127.0.0.1:62137" [_thread_in_native, id=6828, stack(0x0000002e30400000,0x0000002e30500000)]
  0x00000163238e5260 JavaThread "Cancel handler" [_thread_blocked, id=15768, stack(0x0000002e30500000,0x0000002e30600000)]
  0x000001637f7febe0 JavaThread "Daemon worker" [_thread_blocked, id=14280, stack(0x0000002e30600000,0x0000002e30700000)]
  0x000001637f821f10 JavaThread "Asynchronous log dispatcher for DefaultDaemonConnection: socket connection from /127.0.0.1:62136 to /127.0.0.1:62137" [_thread_blocked, id=7952, stack(0x0000002e30700000,0x0000002e30800000)]
  0x000001637f8214f0 JavaThread "Stdin handler" [_thread_blocked, id=14920, stack(0x0000002e30800000,0x0000002e30900000)]
  0x000001637f822420 JavaThread "Daemon client event forwarder" [_thread_blocked, id=784, stack(0x0000002e30900000,0x0000002e30a00000)]
  0x000001637f8200b0 JavaThread "Cache worker for journal cache (C:\Users\muham\.gradle\caches\journal-1)" [_thread_blocked, id=19144, stack(0x0000002e30a00000,0x0000002e30b00000)]
  0x000001637f821a00 JavaThread "File lock request listener" [_thread_in_native, id=10332, stack(0x0000002e30b00000,0x0000002e30c00000)]
  0x000001637f8205c0 JavaThread "Cache worker for file hash cache (C:\Users\muham\.gradle\caches\8.3\fileHashes)" [_thread_blocked, id=9300, stack(0x0000002e30c00000,0x0000002e30d00000)]
  0x000001637f820ad0 JavaThread "File watcher server" daemon [_thread_blocked, id=17896, stack(0x0000002e30d00000,0x0000002e30e00000)]
  0x0000016325552730 JavaThread "File watcher consumer" daemon [_thread_blocked, id=8584, stack(0x0000002e30e00000,0x0000002e30f00000)]
  0x0000016325553150 JavaThread "Cache worker for checksums cache (D:\Study Material\6th Semester\MAD\Projects\Practice\android\.gradle\8.3\checksums)" [_thread_blocked, id=5440, stack(0x0000002e30f00000,0x0000002e31000000)]
  0x0000016325552220 JavaThread "Cache worker for file hash cache (D:\Study Material\6th Semester\MAD\Projects\Practice\android\.gradle\8.3\fileHashes)" [_thread_blocked, id=14924, stack(0x0000002e31000000,0x0000002e31100000)]
  0x000001632554ea70 JavaThread "Cache worker for cache directory md-supplier (C:\Users\muham\.gradle\caches\8.3\md-supplier)" [_thread_blocked, id=17828, stack(0x0000002e31100000,0x0000002e31200000)]
  0x000001632554ef80 JavaThread "Cache worker for file content cache (C:\Users\muham\.gradle\caches\8.3\fileContent)" [_thread_blocked, id=16420, stack(0x0000002e31200000,0x0000002e31300000)]
  0x0000016325554590 JavaThread "Cache worker for cache directory md-rule (C:\Users\muham\.gradle\caches\8.3\md-rule)" [_thread_blocked, id=8688, stack(0x0000002e31500000,0x0000002e31600000)]
  0x0000016325553660 JavaThread "Cache worker for execution history cache (C:\Users\muham\.gradle\caches\8.3\executionHistory)" [_thread_blocked, id=16500, stack(0x0000002e31600000,0x0000002e31700000)]
  0x0000016325553b70 JavaThread "jar transforms" [_thread_blocked, id=17252, stack(0x0000002e31800000,0x0000002e31900000)]
  0x0000016325554080 JavaThread "jar transforms Thread 2" [_thread_blocked, id=17708, stack(0x0000002e31900000,0x0000002e31a00000)]
  0x000001632554f9a0 JavaThread "jar transforms Thread 3" [_thread_blocked, id=5116, stack(0x0000002e31a00000,0x0000002e31b00000)]
  0x00000163255512f0 JavaThread "jar transforms Thread 4" [_thread_blocked, id=14632, stack(0x0000002e31b00000,0x0000002e31c00000)]
  0x000001632554e050 JavaThread "File lock release action executor" [_thread_blocked, id=14740, stack(0x0000002e31700000,0x0000002e31800000)]
  0x00000163255508d0 JavaThread "Cache worker for kotlin-dsl (C:\Users\muham\.gradle\caches\8.3\kotlin-dsl)" [_thread_blocked, id=14216, stack(0x0000002e31d00000,0x0000002e31e00000)]
  0x000001632554feb0 JavaThread "Unconstrained build operations" [_thread_blocked, id=9252, stack(0x0000002e31e00000,0x0000002e31f00000)]
  0x00000163255559d0 JavaThread "Unconstrained build operations Thread 2" [_thread_blocked, id=13716, stack(0x0000002e31f00000,0x0000002e32000000)]
  0x00000163255503c0 JavaThread "Cache worker for dependencies-accessors (D:\Study Material\6th Semester\MAD\Projects\Practice\android\.gradle\8.3\dependencies-accessors)" [_thread_blocked, id=19920, stack(0x0000002e32000000,0x0000002e32100000)]
  0x000001637f822930 JavaThread "Cache worker for Build Output Cleanup Cache (D:\Study Material\6th Semester\MAD\Projects\Practice\node_modules\@react-native\gradle-plugin\.gradle\buildOutputCleanup)" [_thread_blocked, id=13328, stack(0x0000002e32100000,0x0000002e32200000)]
  0x000001637f820fe0 JavaThread "Unconstrained build operations Thread 3" [_thread_blocked, id=7960, stack(0x0000002e31c00000,0x0000002e31d00000)]
  0x000001637f822e40 JavaThread "Unconstrained build operations Thread 4" [_thread_blocked, id=14912, stack(0x0000002e32200000,0x0000002e32300000)]
  0x0000016325bba7e0 JavaThread "Unconstrained build operations Thread 5" [_thread_blocked, id=3536, stack(0x0000002e32300000,0x0000002e32400000)]
  0x0000016325bb51d0 JavaThread "Memory manager" [_thread_blocked, id=14300, stack(0x0000002e32500000,0x0000002e32600000)]
  0x0000016325bba2d0 JavaThread "Cache worker for Build Output Cleanup Cache (D:\Study Material\6th Semester\MAD\Projects\Practice\android\.gradle\buildOutputCleanup)" [_thread_blocked, id=13216, stack(0x0000002e32800000,0x0000002e32900000)]
  0x00000163253fe760 JavaThread "C2 CompilerThread1" daemon [_thread_in_native, id=16896, stack(0x0000002e32400000,0x0000002e32500000)]
  0x0000016325bb6b20 JavaThread "ForkJoinPool.commonPool-worker-1" daemon [_thread_blocked, id=8244, stack(0x0000002e32900000,0x0000002e32a00000)]
  0x0000016325bbb200 JavaThread "ForkJoinPool.commonPool-worker-2" daemon [_thread_blocked, id=4768, stack(0x0000002e32a00000,0x0000002e32b00000)]
  0x0000016325bb7030 JavaThread "ForkJoinPool.commonPool-worker-3" daemon [_thread_blocked, id=19496, stack(0x0000002e32b00000,0x0000002e32c00000)]
  0x0000016325bb6610 JavaThread "Exec process" [_thread_blocked, id=12800, stack(0x0000002e32c00000,0x0000002e32d00000)]
  0x0000016325bb4cc0 JavaThread "Exec process Thread 2" [_thread_blocked, id=6000, stack(0x0000002e32d00000,0x0000002e32e00000)]
  0x0000016325bb7540 JavaThread "Exec process Thread 3" [_thread_blocked, id=20112, stack(0x0000002e32e00000,0x0000002e32f00000)]
  0x0000016325bb8980 JavaThread "included builds" [_thread_blocked, id=16660, stack(0x0000002e32f00000,0x0000002e33000000)]
  0x0000016325bb7a50 JavaThread "Execution worker" [_thread_blocked, id=10428, stack(0x0000002e33000000,0x0000002e33100000)]
  0x0000016325bb93a0 JavaThread "Execution worker Thread 2" [_thread_blocked, id=19672, stack(0x0000002e33100000,0x0000002e33200000)]
  0x0000016325bb7f60 JavaThread "Execution worker Thread 3" [_thread_blocked, id=11444, stack(0x0000002e33200000,0x0000002e33300000)]
  0x0000016325bb8470 JavaThread "Cache worker for execution history cache (D:\Study Material\6th Semester\MAD\Projects\Practice\node_modules\@react-native\gradle-plugin\.gradle\8.3\executionHistory)" [_thread_blocked, id=19676, stack(0x0000002e33300000,0x0000002e33400000)]
  0x0000016325bb8e90 JavaThread "Unconstrained build operations Thread 6" [_thread_blocked, id=20096, stack(0x0000002e33400000,0x0000002e33500000)]
  0x0000016325bbb710 JavaThread "Unconstrained build operations Thread 7" [_thread_blocked, id=7364, stack(0x0000002e33500000,0x0000002e33600000)]
  0x0000016325bb98b0 JavaThread "Unconstrained build operations Thread 8" [_thread_blocked, id=16640, stack(0x0000002e33600000,0x0000002e33700000)]
  0x0000016325bb9dc0 JavaThread "Unconstrained build operations Thread 9" [_thread_blocked, id=17292, stack(0x0000002e33700000,0x0000002e33800000)]
  0x0000016325bb47b0 JavaThread "Unconstrained build operations Thread 10" [_thread_blocked, id=6172, stack(0x0000002e33800000,0x0000002e33900000)]
  0x0000016325bbc130 JavaThread "Unconstrained build operations Thread 11" [_thread_blocked, id=19952, stack(0x0000002e33900000,0x0000002e33a00000)]
  0x000001632797ec70 JavaThread "Unconstrained build operations Thread 12" [_thread_blocked, id=11932, stack(0x0000002e33a00000,0x0000002e33b00000)]
  0x000001632797f180 JavaThread "Unconstrained build operations Thread 13" [_thread_blocked, id=17080, stack(0x0000002e33b00000,0x0000002e33c00000)]

Other Threads:
=>0x000001637f49f670 VMThread "VM Thread" [stack: 0x0000002e2f000000,0x0000002e2f100000] [id=6976]
  0x000001637f78d120 WatcherThread [stack: 0x0000002e2fc00000,0x0000002e2fd00000] [id=17512]
  0x00000163639ded20 GCTaskThread "GC Thread#0" [stack: 0x0000002e2eb00000,0x0000002e2ec00000] [id=19460]
  0x000001637f946a80 GCTaskThread "GC Thread#1" [stack: 0x0000002e2fd00000,0x0000002e2fe00000] [id=14876]
  0x000001637f886c30 GCTaskThread "GC Thread#2" [stack: 0x0000002e2fe00000,0x0000002e2ff00000] [id=14044]
  0x0000016323a079f0 GCTaskThread "GC Thread#3" [stack: 0x0000002e2ff00000,0x0000002e30000000] [id=12540]
  0x00000163639f0b90 ConcurrentGCThread "G1 Main Marker" [stack: 0x0000002e2ec00000,0x0000002e2ed00000] [id=9160]
  0x00000163639f14c0 ConcurrentGCThread "G1 Conc#0" [stack: 0x0000002e2ed00000,0x0000002e2ee00000] [id=6940]
  0x0000016363a34330 ConcurrentGCThread "G1 Refine#0" [stack: 0x0000002e2ee00000,0x0000002e2ef00000] [id=17656]
  0x00000163253ba140 ConcurrentGCThread "G1 Refine#1" [stack: 0x0000002e31300000,0x0000002e31400000] [id=18076]
  0x00000163253b9ac0 ConcurrentGCThread "G1 Refine#2" [stack: 0x0000002e31400000,0x0000002e31500000] [id=12748]
  0x0000016363a34c70 ConcurrentGCThread "G1 Service" [stack: 0x0000002e2ef00000,0x0000002e2f000000] [id=16540]

Threads with active compile tasks:
C2 CompilerThread0    40469 8303       4       org.gradle.cache.internal.btree.CachingBlockStore::read (56 bytes)
C2 CompilerThread1    40469 8325       4       org.gradle.cache.internal.btree.StateCheckBlockStore::read (33 bytes)

VM state: at safepoint (normal execution)

VM Mutex/Monitor currently owned by a thread:  ([mutex/lock_event])
[0x000001636397f140] Threads_lock - owner thread: 0x000001637f49f670
[0x000001636397f530] Heap_lock - owner thread: 0x000001637f7febe0

Heap address: 0x0000000080000000, size: 2048 MB, Compressed Oops mode: 32-bit

CDS archive(s) mapped at: [0x0000016304000000-0x0000016304bb0000-0x0000016304bb0000), size 12255232, SharedBaseAddress: 0x0000016304000000, ArchiveRelocationMode: 1.
Compressed class space mapped at: 0x0000016305000000-0x000001631f000000, reserved size: 436207616
Narrow klass base: 0x0000016304000000, Narrow klass shift: 0, Narrow klass range: 0x100000000

GC Precious Log:
 CPUs: 4 total, 4 available
 Memory: 8067M
 Large Page Support: Disabled
 NUMA Support: Disabled
 Compressed Oops: Enabled (32-bit)
 Heap Region Size: 1M
 Heap Min Capacity: 8M
 Heap Initial Capacity: 128M
 Heap Max Capacity: 2G
 Pre-touch: Disabled
 Parallel Workers: 4
 Concurrent Workers: 1
 Concurrent Refinement Workers: 4
 Periodic GC: Disabled

Heap:
 garbage-first heap   total 107520K, used 65382K [0x0000000080000000, 0x0000000100000000)
  region size 1024K, 3 young (3072K), 3 survivors (3072K)
 Metaspace       used 64831K, committed 65536K, reserved 491520K
  class space    used 9189K, committed 9536K, reserved 425984K

Heap Regions: E=young(eden), S=young(survivor), O=old, HS=humongous(starts), HC=humongous(continues), CS=collection set, F=free, OA=open archive, CA=closed archive, TAMS=top-at-mark-start (previous, next)
|   0|0x0000000080000000, 0x0000000080100000, 0x0000000080100000|100%| O|  |TAMS 0x0000000080100000, 0x0000000080100000| Untracked 
|   1|0x0000000080100000, 0x0000000080200000, 0x0000000080200000|100%| O|  |TAMS 0x0000000080200000, 0x0000000080200000| Untracked 
|   2|0x0000000080200000, 0x0000000080300000, 0x0000000080300000|100%|HS|  |TAMS 0x0000000080300000, 0x0000000080300000| Complete 
|   3|0x0000000080300000, 0x0000000080400000, 0x0000000080400000|100%|HC|  |TAMS 0x0000000080400000, 0x0000000080400000| Complete 
|   4|0x0000000080400000, 0x0000000080500000, 0x0000000080500000|100%|HC|  |TAMS 0x0000000080500000, 0x0000000080500000| Complete 
|   5|0x0000000080500000, 0x0000000080600000, 0x0000000080600000|100%|HC|  |TAMS 0x0000000080600000, 0x0000000080600000| Complete 
|   6|0x0000000080600000, 0x0000000080700000, 0x0000000080700000|100%| O|  |TAMS 0x0000000080700000, 0x0000000080700000| Untracked 
|   7|0x0000000080700000, 0x0000000080800000, 0x0000000080800000|100%| O|  |TAMS 0x0000000080800000, 0x0000000080800000| Untracked 
|   8|0x0000000080800000, 0x0000000080900000, 0x0000000080900000|100%| O|  |TAMS 0x0000000080900000, 0x0000000080900000| Untracked 
|   9|0x0000000080900000, 0x0000000080a00000, 0x0000000080a00000|100%| O|  |TAMS 0x0000000080a00000, 0x0000000080a00000| Untracked 
|  10|0x0000000080a00000, 0x0000000080b00000, 0x0000000080b00000|100%| O|  |TAMS 0x0000000080b00000, 0x0000000080b00000| Untracked 
|  11|0x0000000080b00000, 0x0000000080c00000, 0x0000000080c00000|100%| O|  |TAMS 0x0000000080c00000, 0x0000000080c00000| Untracked 
|  12|0x0000000080c00000, 0x0000000080d00000, 0x0000000080d00000|100%| O|  |TAMS 0x0000000080d00000, 0x0000000080d00000| Untracked 
|  13|0x0000000080d00000, 0x0000000080e00000, 0x0000000080e00000|100%| O|  |TAMS 0x0000000080e00000, 0x0000000080e00000| Untracked 
|  14|0x0000000080e00000, 0x0000000080f00000, 0x0000000080f00000|100%| O|  |TAMS 0x0000000080f00000, 0x0000000080f00000| Untracked 
|  15|0x0000000080f00000, 0x0000000081000000, 0x0000000081000000|100%| O|  |TAMS 0x0000000081000000, 0x0000000081000000| Untracked 
|  16|0x0000000081000000, 0x0000000081100000, 0x0000000081100000|100%| O|  |TAMS 0x0000000081100000, 0x0000000081100000| Untracked 
|  17|0x0000000081100000, 0x0000000081200000, 0x0000000081200000|100%| O|  |TAMS 0x0000000081200000, 0x0000000081200000| Untracked 
|  18|0x0000000081200000, 0x0000000081300000, 0x0000000081300000|100%| O|  |TAMS 0x0000000081300000, 0x0000000081300000| Untracked 
|  19|0x0000000081300000, 0x00000000813d0600, 0x0000000081400000| 81%| O|  |TAMS 0x00000000813d0600, 0x00000000813d0600| Untracked 
|  20|0x0000000081400000, 0x0000000081500000, 0x0000000081500000|100%| O|  |TAMS 0x0000000081500000, 0x0000000081500000| Untracked 
|  21|0x0000000081500000, 0x0000000081600000, 0x0000000081600000|100%| O|  |TAMS 0x0000000081600000, 0x0000000081600000| Untracked 
|  22|0x0000000081600000, 0x0000000081700000, 0x0000000081700000|100%| O|  |TAMS 0x0000000081700000, 0x0000000081700000| Untracked 
|  23|0x0000000081700000, 0x0000000081800000, 0x0000000081800000|100%| O|  |TAMS 0x0000000081800000, 0x0000000081800000| Untracked 
|  24|0x0000000081800000, 0x0000000081900000, 0x0000000081900000|100%| O|  |TAMS 0x0000000081900000, 0x0000000081900000| Untracked 
|  25|0x0000000081900000, 0x0000000081a00000, 0x0000000081a00000|100%| O|  |TAMS 0x0000000081a00000, 0x0000000081a00000| Untracked 
|  26|0x0000000081a00000, 0x0000000081b00000, 0x0000000081b00000|100%| O|  |TAMS 0x0000000081b00000, 0x0000000081b00000| Untracked 
|  27|0x0000000081b00000, 0x0000000081c00000, 0x0000000081c00000|100%| O|  |TAMS 0x0000000081c00000, 0x0000000081c00000| Untracked 
|  28|0x0000000081c00000, 0x0000000081d00000, 0x0000000081d00000|100%|HS|  |TAMS 0x0000000081d00000, 0x0000000081d00000| Complete 
|  29|0x0000000081d00000, 0x0000000081e00000, 0x0000000081e00000|100%|HC|  |TAMS 0x0000000081e00000, 0x0000000081e00000| Complete 
|  30|0x0000000081e00000, 0x0000000081f00000, 0x0000000081f00000|100%| O|  |TAMS 0x0000000081f00000, 0x0000000081f00000| Untracked 
|  31|0x0000000081f00000, 0x0000000082000000, 0x0000000082000000|100%| O|  |TAMS 0x0000000082000000, 0x0000000082000000| Untracked 
|  32|0x0000000082000000, 0x0000000082100000, 0x0000000082100000|100%| O|  |TAMS 0x0000000082100000, 0x0000000082100000| Untracked 
|  33|0x0000000082100000, 0x0000000082200000, 0x0000000082200000|100%| O|  |TAMS 0x0000000082200000, 0x0000000082200000| Untracked 
|  34|0x0000000082200000, 0x0000000082300000, 0x0000000082300000|100%| O|  |TAMS 0x0000000082300000, 0x0000000082300000| Untracked 
|  35|0x0000000082300000, 0x0000000082400000, 0x0000000082400000|100%| O|  |TAMS 0x0000000082400000, 0x0000000082400000| Untracked 
|  36|0x0000000082400000, 0x0000000082500000, 0x0000000082500000|100%| O|  |TAMS 0x0000000082500000, 0x0000000082500000| Untracked 
|  37|0x0000000082500000, 0x0000000082600000, 0x0000000082600000|100%|HS|  |TAMS 0x0000000082600000, 0x0000000082600000| Complete 
|  38|0x0000000082600000, 0x0000000082700000, 0x0000000082700000|100%|HC|  |TAMS 0x0000000082700000, 0x0000000082700000| Complete 
|  39|0x0000000082700000, 0x0000000082800000, 0x0000000082800000|100%| O|  |TAMS 0x0000000082800000, 0x0000000082800000| Untracked 
|  40|0x0000000082800000, 0x0000000082900000, 0x0000000082900000|100%|HS|  |TAMS 0x0000000082900000, 0x0000000082900000| Complete 
|  41|0x0000000082900000, 0x0000000082a00000, 0x0000000082a00000|100%|HC|  |TAMS 0x0000000082a00000, 0x0000000082a00000| Complete 
|  42|0x0000000082a00000, 0x0000000082b00000, 0x0000000082b00000|100%|HC|  |TAMS 0x0000000082b00000, 0x0000000082b00000| Complete 
|  43|0x0000000082b00000, 0x0000000082c00000, 0x0000000082c00000|100%|HC|  |TAMS 0x0000000082c00000, 0x0000000082c00000| Complete 
|  44|0x0000000082c00000, 0x0000000082d00000, 0x0000000082d00000|100%| O|  |TAMS 0x0000000082d00000, 0x0000000082d00000| Untracked 
|  45|0x0000000082d00000, 0x0000000082e00000, 0x0000000082e00000|100%| O|  |TAMS 0x0000000082e00000, 0x0000000082e00000| Untracked 
|  46|0x0000000082e00000, 0x0000000082f00000, 0x0000000082f00000|100%| O|  |TAMS 0x0000000082f00000, 0x0000000082f00000| Untracked 
|  47|0x0000000082f00000, 0x0000000083000000, 0x0000000083000000|100%| O|  |TAMS 0x0000000083000000, 0x0000000083000000| Untracked 
|  48|0x0000000083000000, 0x0000000083100000, 0x0000000083100000|100%|HS|  |TAMS 0x0000000083100000, 0x0000000083100000| Complete 
|  49|0x0000000083100000, 0x0000000083200000, 0x0000000083200000|100%|HC|  |TAMS 0x0000000083200000, 0x0000000083200000| Complete 
|  50|0x0000000083200000, 0x0000000083300000, 0x0000000083300000|100%|HC|  |TAMS 0x0000000083300000, 0x0000000083300000| Complete 
|  51|0x0000000083300000, 0x0000000083400000, 0x0000000083400000|100%|HC|  |TAMS 0x0000000083400000, 0x0000000083400000| Complete 
|  52|0x0000000083400000, 0x0000000083500000, 0x0000000083500000|100%| O|  |TAMS 0x0000000083500000, 0x0000000083500000| Untracked 
|  53|0x0000000083500000, 0x0000000083600000, 0x0000000083600000|100%| O|  |TAMS 0x0000000083600000, 0x0000000083600000| Untracked 
|  54|0x0000000083600000, 0x0000000083700000, 0x0000000083700000|100%| O|  |TAMS 0x0000000083700000, 0x0000000083700000| Untracked 
|  55|0x0000000083700000, 0x0000000083800000, 0x0000000083800000|100%| O|  |TAMS 0x0000000083800000, 0x0000000083800000| Untracked 
|  56|0x0000000083800000, 0x0000000083900000, 0x0000000083900000|100%| O|  |TAMS 0x0000000083881200, 0x0000000083900000| Untracked 
|  57|0x0000000083900000, 0x0000000083a00000, 0x0000000083a00000|100%| O|  |TAMS 0x0000000083900000, 0x0000000083a00000| Untracked 
|  58|0x0000000083a00000, 0x0000000083b00000, 0x0000000083b00000|100%| O|  |TAMS 0x0000000083a00000, 0x0000000083b00000| Untracked 
|  59|0x0000000083b00000, 0x0000000083c00000, 0x0000000083c00000|100%| O|  |TAMS 0x0000000083b00000, 0x0000000083c00000| Untracked 
|  60|0x0000000083c00000, 0x0000000083d00000, 0x0000000083d00000|100%| O|  |TAMS 0x0000000083c00000, 0x0000000083d00000| Untracked 
|  61|0x0000000083d00000, 0x0000000083db8400, 0x0000000083e00000| 71%| O|  |TAMS 0x0000000083d00000, 0x0000000083db8400| Untracked 
|  62|0x0000000083e00000, 0x0000000083e00000, 0x0000000083f00000|  0%| F|  |TAMS 0x0000000083e00000, 0x0000000083e00000| Untracked 
|  63|0x0000000083f00000, 0x0000000083f00000, 0x0000000084000000|  0%| F|  |TAMS 0x0000000083f00000, 0x0000000083f00000| Untracked 
|  64|0x0000000084000000, 0x0000000084000000, 0x0000000084100000|  0%| F|  |TAMS 0x0000000084000000, 0x0000000084000000| Untracked 
|  65|0x0000000084100000, 0x0000000084100000, 0x0000000084200000|  0%| F|  |TAMS 0x0000000084100000, 0x0000000084100000| Untracked 
|  66|0x0000000084200000, 0x0000000084200000, 0x0000000084300000|  0%| F|  |TAMS 0x0000000084200000, 0x0000000084200000| Untracked 
|  67|0x0000000084300000, 0x0000000084300000, 0x0000000084400000|  0%| F|  |TAMS 0x0000000084300000, 0x0000000084300000| Untracked 
|  68|0x0000000084400000, 0x0000000084400000, 0x0000000084500000|  0%| F|  |TAMS 0x0000000084400000, 0x0000000084400000| Untracked 
|  69|0x0000000084500000, 0x0000000084500000, 0x0000000084600000|  0%| F|  |TAMS 0x0000000084500000, 0x0000000084500000| Untracked 
|  70|0x0000000084600000, 0x0000000084600000, 0x0000000084700000|  0%| F|  |TAMS 0x0000000084600000, 0x0000000084600000| Untracked 
|  71|0x0000000084700000, 0x0000000084700000, 0x0000000084800000|  0%| F|  |TAMS 0x0000000084700000, 0x0000000084700000| Untracked 
|  72|0x0000000084800000, 0x0000000084800000, 0x0000000084900000|  0%| F|  |TAMS 0x0000000084800000, 0x0000000084800000| Untracked 
|  73|0x0000000084900000, 0x0000000084900000, 0x0000000084a00000|  0%| F|  |TAMS 0x0000000084900000, 0x0000000084900000| Untracked 
|  74|0x0000000084a00000, 0x0000000084a00000, 0x0000000084b00000|  0%| F|  |TAMS 0x0000000084a00000, 0x0000000084a00000| Untracked 
|  75|0x0000000084b00000, 0x0000000084b00000, 0x0000000084c00000|  0%| F|  |TAMS 0x0000000084b00000, 0x0000000084b00000| Untracked 
|  76|0x0000000084c00000, 0x0000000084c00000, 0x0000000084d00000|  0%| F|  |TAMS 0x0000000084c00000, 0x0000000084c00000| Untracked 
|  77|0x0000000084d00000, 0x0000000084d00000, 0x0000000084e00000|  0%| F|  |TAMS 0x0000000084d00000, 0x0000000084d00000| Untracked 
|  78|0x0000000084e00000, 0x0000000084e00000, 0x0000000084f00000|  0%| F|  |TAMS 0x0000000084e00000, 0x0000000084e00000| Untracked 
|  79|0x0000000084f00000, 0x0000000084f00000, 0x0000000085000000|  0%| F|  |TAMS 0x0000000084f00000, 0x0000000084f00000| Untracked 
|  80|0x0000000085000000, 0x0000000085000000, 0x0000000085100000|  0%| F|  |TAMS 0x0000000085000000, 0x0000000085000000| Untracked 
|  81|0x0000000085100000, 0x0000000085100000, 0x0000000085200000|  0%| F|  |TAMS 0x0000000085100000, 0x0000000085100000| Untracked 
|  82|0x0000000085200000, 0x0000000085200000, 0x0000000085300000|  0%| F|  |TAMS 0x0000000085200000, 0x0000000085200000| Untracked 
|  83|0x0000000085300000, 0x0000000085300000, 0x0000000085400000|  0%| F|  |TAMS 0x0000000085300000, 0x0000000085300000| Untracked 
|  84|0x0000000085400000, 0x0000000085400000, 0x0000000085500000|  0%| F|  |TAMS 0x0000000085400000, 0x0000000085400000| Untracked 
|  85|0x0000000085500000, 0x0000000085500000, 0x0000000085600000|  0%| F|  |TAMS 0x0000000085500000, 0x0000000085500000| Untracked 
|  86|0x0000000085600000, 0x0000000085600000, 0x0000000085700000|  0%| F|  |TAMS 0x0000000085600000, 0x0000000085600000| Untracked 
|  87|0x0000000085700000, 0x0000000085700000, 0x0000000085800000|  0%| F|  |TAMS 0x0000000085700000, 0x0000000085700000| Untracked 
|  88|0x0000000085800000, 0x0000000085800000, 0x0000000085900000|  0%| F|  |TAMS 0x0000000085800000, 0x0000000085800000| Untracked 
|  89|0x0000000085900000, 0x0000000085900000, 0x0000000085a00000|  0%| F|  |TAMS 0x0000000085900000, 0x0000000085900000| Untracked 
|  90|0x0000000085a00000, 0x0000000085a00000, 0x0000000085b00000|  0%| F|  |TAMS 0x0000000085a00000, 0x0000000085a00000| Untracked 
|  91|0x0000000085b00000, 0x0000000085b00000, 0x0000000085c00000|  0%| F|  |TAMS 0x0000000085b00000, 0x0000000085b00000| Untracked 
|  92|0x0000000085c00000, 0x0000000085c00000, 0x0000000085d00000|  0%| F|  |TAMS 0x0000000085c00000, 0x0000000085c00000| Untracked 
|  93|0x0000000085d00000, 0x0000000085d511e0, 0x0000000085e00000| 31%| S|CS|TAMS 0x0000000085d00000, 0x0000000085d00000| Complete 
|  94|0x0000000085e00000, 0x0000000085f00000, 0x0000000085f00000|100%| S|CS|TAMS 0x0000000085e00000, 0x0000000085e00000| Complete 
|  95|0x0000000085f00000, 0x0000000086000000, 0x0000000086000000|100%| S|CS|TAMS 0x0000000085f00000, 0x0000000085f00000| Complete 
|  96|0x0000000086000000, 0x0000000086000000, 0x0000000086100000|  0%| F|  |TAMS 0x0000000086000000, 0x0000000086000000| Untracked 
|  97|0x0000000086100000, 0x0000000086100000, 0x0000000086200000|  0%| F|  |TAMS 0x0000000086100000, 0x0000000086100000| Untracked 
|  98|0x0000000086200000, 0x0000000086200000, 0x0000000086300000|  0%| F|  |TAMS 0x0000000086200000, 0x0000000086200000| Untracked 
|  99|0x0000000086300000, 0x0000000086300000, 0x0000000086400000|  0%| F|  |TAMS 0x0000000086300000, 0x0000000086300000| Untracked 
| 100|0x0000000086400000, 0x0000000086400000, 0x0000000086500000|  0%| F|  |TAMS 0x0000000086400000, 0x0000000086400000| Untracked 
| 101|0x0000000086500000, 0x0000000086500000, 0x0000000086600000|  0%| F|  |TAMS 0x0000000086500000, 0x0000000086500000| Untracked 
| 102|0x0000000086600000, 0x0000000086600000, 0x0000000086700000|  0%| F|  |TAMS 0x0000000086600000, 0x0000000086600000| Untracked 
| 103|0x0000000086700000, 0x0000000086700000, 0x0000000086800000|  0%| F|  |TAMS 0x0000000086700000, 0x0000000086700000| Untracked 
| 127|0x0000000087f00000, 0x0000000087f00000, 0x0000000088000000|  0%| F|  |TAMS 0x0000000087f00000, 0x0000000087f00000| Untracked 

Card table byte_map: [0x000001637c6f0000,0x000001637caf0000] _byte_map_base: 0x000001637c2f0000

Marking Bits (Prev, Next): (CMBitMap*) 0x00000163639e02a0, (CMBitMap*) 0x00000163639e0260
 Prev Bits: [0x0000016300000000, 0x0000016302000000)
 Next Bits: [0x000001637cef0000, 0x000001637eef0000)

Polling page: 0x00000163637d0000

Metaspace:

Usage:
  Non-class:     54.34 MB used.
      Class:      8.97 MB used.
       Both:     63.31 MB used.

Virtual space:
  Non-class space:       64.00 MB reserved,      54.69 MB ( 85%) committed,  1 nodes.
      Class space:      416.00 MB reserved,       9.31 MB (  2%) committed,  1 nodes.
             Both:      480.00 MB reserved,      64.00 MB ( 13%) committed. 

Chunk freelists:
   Non-Class:  8.90 MB
       Class:  6.74 MB
        Both:  15.64 MB

MaxMetaspaceSize: 512.00 MB
CompressedClassSpaceSize: 416.00 MB
Initial GC threshold: 21.00 MB
Current GC threshold: 103.88 MB
CDS: on
MetaspaceReclaimPolicy: balanced
 - commit_granule_bytes: 65536.
 - commit_granule_words: 8192.
 - virtual_space_node_default_size: 8388608.
 - enlarge_chunks_in_place: 1.
 - new_chunks_are_fully_committed: 0.
 - uncommit_free_chunks: 1.
 - use_allocation_guard: 0.
 - handle_deallocations: 1.


Internal statistics:

num_allocs_failed_limit: 9.
num_arena_births: 804.
num_arena_deaths: 0.
num_vsnodes_births: 2.
num_vsnodes_deaths: 0.
num_space_committed: 1024.
num_space_uncommitted: 0.
num_chunks_returned_to_freelist: 9.
num_chunks_taken_from_freelist: 3459.
num_chunk_merges: 9.
num_chunk_splits: 2282.
num_chunks_enlarged: 1523.
num_inconsistent_stats: 0.

CodeHeap 'non-profiled nmethods': size=120000Kb used=4428Kb max_used=4428Kb free=115572Kb
 bounds [0x0000016374790000, 0x0000016374bf0000, 0x000001637bcc0000]
CodeHeap 'profiled nmethods': size=120000Kb used=14679Kb max_used=14679Kb free=105320Kb
 bounds [0x000001636ccc0000, 0x000001636db20000, 0x00000163741f0000]
CodeHeap 'non-nmethods': size=5760Kb used=2364Kb max_used=2452Kb free=3395Kb
 bounds [0x00000163741f0000, 0x0000016374470000, 0x0000016374790000]
 total_blobs=8462 nmethods=7573 adapters=799
 compilation: enabled
              stopped_count=0, restarted_count=0
 full_count=0

Compilation events (20 events):
Event: 40.375 Thread 0x000001637f4c51d0 8360       1       org.gradle.util.internal.DefaultGradleVersion::getVersion (5 bytes)
Event: 40.375 Thread 0x000001637f4c51d0 nmethod 8360 0x0000016374be2a10 code [0x0000016374be2ba0, 0x0000016374be2c78]
Event: 40.378 Thread 0x000001637f4c51d0 8361       3       org.gradle.internal.io.RandomAccessFileOutputStream::write (11 bytes)
Event: 40.378 Thread 0x000001637f4c51d0 nmethod 8361 0x000001636db10c90 code [0x000001636db10e40, 0x000001636db10fe8]
Event: 40.381 Thread 0x000001637f4c51d0 8362       3       java.io.RandomAccessFile::write (8 bytes)
Event: 40.381 Thread 0x000001637f4c51d0 nmethod 8362 0x000001636db11110 code [0x000001636db112a0, 0x000001636db113e8]
Event: 40.389 Thread 0x000001637f4c51d0 8363       3       org.gradle.cache.internal.filelock.DefaultLockStateSerializer$SequenceNumberLockState::isInInitialState (15 bytes)
Event: 40.390 Thread 0x000001637f4c51d0 nmethod 8363 0x000001636db11490 code [0x000001636db11620, 0x000001636db11798]
Event: 40.391 Thread 0x000001637f4c51d0 8364       3       org.gradle.api.internal.initialization.ClassLoaderScopeIdentifier::hashCode (23 bytes)
Event: 40.392 Thread 0x000001637f4c51d0 nmethod 8364 0x000001636db11810 code [0x000001636db11a00, 0x000001636db11da8]
Event: 40.394 Thread 0x000001637f4c51d0 8365       3       com.google.common.collect.LinkedHashMultimap$ValueSet$1::next (43 bytes)
Event: 40.395 Thread 0x000001637f4c51d0 nmethod 8365 0x000001636db11f90 code [0x000001636db121c0, 0x000001636db12ae8]
Event: 40.395 Thread 0x000001637f4c51d0 8366       3       java.util.stream.IntPipeline$1$1::accept (23 bytes)
Event: 40.395 Thread 0x000001637f4c51d0 nmethod 8366 0x000001636db12e10 code [0x000001636db12fc0, 0x000001636db13278]
Event: 40.396 Thread 0x000001637f4c51d0 8367       3       org.codehaus.groovy.reflection.CachedClass::getNewMetaMethods (166 bytes)
Event: 40.397 Thread 0x000001637f4c51d0 nmethod 8367 0x000001636db13390 code [0x000001636db13700, 0x000001636db14fc8]
Event: 40.397 Thread 0x000001637f4c51d0 8369       3       org.codehaus.groovy.reflection.stdclasses.CachedSAMClass::isAssignableFrom (30 bytes)
Event: 40.397 Thread 0x000001637f4c51d0 nmethod 8369 0x000001636db15790 code [0x000001636db15960, 0x000001636db15c78]
Event: 40.397 Thread 0x000001637f4c51d0 8368       1       org.codehaus.groovy.runtime.metaclass.NewInstanceMetaMethod::getModifiers (2 bytes)
Event: 40.398 Thread 0x000001637f4c51d0 nmethod 8368 0x0000016374be2d10 code [0x0000016374be2ea0, 0x0000016374be2f78]

GC Heap History (20 events):
Event: 33.270 GC heap after
{Heap after GC invocations=19 (full 0):
 garbage-first heap   total 81920K, used 48669K [0x0000000080000000, 0x0000000100000000)
  region size 1024K, 4 young (4096K), 4 survivors (4096K)
 Metaspace       used 49281K, committed 49920K, reserved 491520K
  class space    used 6900K, committed 7168K, reserved 425984K
}
Event: 33.856 GC heap before
{Heap before GC invocations=19 (full 0):
 garbage-first heap   total 81920K, used 68125K [0x0000000080000000, 0x0000000100000000)
  region size 1024K, 23 young (23552K), 4 survivors (4096K)
 Metaspace       used 51123K, committed 51776K, reserved 491520K
  class space    used 7203K, committed 7488K, reserved 425984K
}
Event: 33.864 GC heap after
{Heap after GC invocations=20 (full 0):
 garbage-first heap   total 81920K, used 49753K [0x0000000080000000, 0x0000000100000000)
  region size 1024K, 2 young (2048K), 2 survivors (2048K)
 Metaspace       used 51123K, committed 51776K, reserved 491520K
  class space    used 7203K, committed 7488K, reserved 425984K
}
Event: 34.105 GC heap before
{Heap before GC invocations=21 (full 0):
 garbage-first heap   total 92160K, used 56921K [0x0000000080000000, 0x0000000100000000)
  region size 1024K, 11 young (11264K), 2 survivors (2048K)
 Metaspace       used 51917K, committed 52608K, reserved 491520K
  class space    used 7345K, committed 7680K, reserved 425984K
}
Event: 34.109 GC heap after
{Heap after GC invocations=22 (full 0):
 garbage-first heap   total 92160K, used 50047K [0x0000000080000000, 0x0000000100000000)
  region size 1024K, 2 young (2048K), 2 survivors (2048K)
 Metaspace       used 51917K, committed 52608K, reserved 491520K
  class space    used 7345K, committed 7680K, reserved 425984K
}
Event: 34.713 GC heap before
{Heap before GC invocations=23 (full 0):
 garbage-first heap   total 97280K, used 78719K [0x0000000080000000, 0x0000000100000000)
  region size 1024K, 26 young (26624K), 2 survivors (2048K)
 Metaspace       used 53653K, committed 54336K, reserved 491520K
  class space    used 7573K, committed 7872K, reserved 425984K
}
Event: 34.718 GC heap after
{Heap after GC invocations=24 (full 0):
 garbage-first heap   total 97280K, used 55086K [0x0000000080000000, 0x0000000100000000)
  region size 1024K, 3 young (3072K), 3 survivors (3072K)
 Metaspace       used 53653K, committed 54336K, reserved 491520K
  class space    used 7573K, committed 7872K, reserved 425984K
}
Event: 35.343 GC heap before
{Heap before GC invocations=24 (full 0):
 garbage-first heap   total 97280K, used 78638K [0x0000000080000000, 0x0000000100000000)
  region size 1024K, 27 young (27648K), 3 survivors (3072K)
 Metaspace       used 55727K, committed 56384K, reserved 491520K
  class space    used 7874K, committed 8192K, reserved 425984K
}
Event: 35.348 GC heap after
{Heap after GC invocations=25 (full 0):
 garbage-first heap   total 97280K, used 56174K [0x0000000080000000, 0x0000000100000000)
  region size 1024K, 3 young (3072K), 3 survivors (3072K)
 Metaspace       used 55727K, committed 56384K, reserved 491520K
  class space    used 7874K, committed 8192K, reserved 425984K
}
Event: 35.961 GC heap before
{Heap before GC invocations=26 (full 0):
 garbage-first heap   total 102400K, used 78702K [0x0000000080000000, 0x0000000100000000)
  region size 1024K, 26 young (26624K), 3 survivors (3072K)
 Metaspace       used 58380K, committed 59072K, reserved 491520K
  class space    used 8206K, committed 8512K, reserved 425984K
}
Event: 35.968 GC heap after
{Heap after GC invocations=27 (full 0):
 garbage-first heap   total 102400K, used 57747K [0x0000000080000000, 0x0000000100000000)
  region size 1024K, 3 young (3072K), 3 survivors (3072K)
 Metaspace       used 58380K, committed 59072K, reserved 491520K
  class space    used 8206K, committed 8512K, reserved 425984K
}
Event: 36.692 GC heap before
{Heap before GC invocations=27 (full 0):
 garbage-first heap   total 102400K, used 83347K [0x0000000080000000, 0x0000000100000000)
  region size 1024K, 29 young (29696K), 3 survivors (3072K)
 Metaspace       used 59892K, committed 60608K, reserved 491520K
  class space    used 8433K, committed 8768K, reserved 425984K
}
Event: 36.699 GC heap after
{Heap after GC invocations=28 (full 0):
 garbage-first heap   total 102400K, used 59216K [0x0000000080000000, 0x0000000100000000)
  region size 1024K, 3 young (3072K), 3 survivors (3072K)
 Metaspace       used 59892K, committed 60608K, reserved 491520K
  class space    used 8433K, committed 8768K, reserved 425984K
}
Event: 37.615 GC heap before
{Heap before GC invocations=29 (full 0):
 garbage-first heap   total 104448K, used 83792K [0x0000000080000000, 0x0000000100000000)
  region size 1024K, 27 young (27648K), 3 survivors (3072K)
 Metaspace       used 61570K, committed 62208K, reserved 491520K
  class space    used 8703K, committed 9024K, reserved 425984K
}
Event: 37.622 GC heap after
{Heap after GC invocations=30 (full 0):
 garbage-first heap   total 104448K, used 60501K [0x0000000080000000, 0x0000000100000000)
  region size 1024K, 3 young (3072K), 3 survivors (3072K)
 Metaspace       used 61570K, committed 62208K, reserved 491520K
  class space    used 8703K, committed 9024K, reserved 425984K
}
Event: 38.809 GC heap before
{Heap before GC invocations=30 (full 0):
 garbage-first heap   total 104448K, used 86101K [0x0000000080000000, 0x0000000100000000)
  region size 1024K, 28 young (28672K), 3 survivors (3072K)
 Metaspace       used 63140K, committed 63808K, reserved 491520K
  class space    used 8918K, committed 9216K, reserved 425984K
}
Event: 38.820 GC heap after
{Heap after GC invocations=31 (full 0):
 garbage-first heap   total 104448K, used 63176K [0x0000000080000000, 0x0000000100000000)
  region size 1024K, 4 young (4096K), 4 survivors (4096K)
 Metaspace       used 63140K, committed 63808K, reserved 491520K
  class space    used 8918K, committed 9216K, reserved 425984K
}
Event: 40.050 GC heap before
{Heap before GC invocations=32 (full 0):
 garbage-first heap   total 107520K, used 85704K [0x0000000080000000, 0x0000000100000000)
  region size 1024K, 27 young (27648K), 4 survivors (4096K)
 Metaspace       used 64723K, committed 65408K, reserved 491520K
  class space    used 9181K, committed 9472K, reserved 425984K
}
Event: 40.061 GC heap after
{Heap after GC invocations=33 (full 0):
 garbage-first heap   total 107520K, used 65058K [0x0000000080000000, 0x0000000100000000)
  region size 1024K, 2 young (2048K), 2 survivors (2048K)
 Metaspace       used 64723K, committed 65408K, reserved 491520K
  class space    used 9181K, committed 9472K, reserved 425984K
}
Event: 40.400 GC heap before
{Heap before GC invocations=33 (full 0):
 garbage-first heap   total 107520K, used 73250K [0x0000000080000000, 0x0000000100000000)
  region size 1024K, 11 young (11264K), 2 survivors (2048K)
 Metaspace       used 64831K, committed 65536K, reserved 491520K
  class space    used 9189K, committed 9536K, reserved 425984K
}

Dll operation events (15 events):
Event: 0.012 Loaded shared library C:\Program Files\Microsoft\jdk-17.0.10.7-hotspot\bin\java.dll
Event: 0.046 Loaded shared library C:\Program Files\Microsoft\jdk-17.0.10.7-hotspot\bin\jsvml.dll
Event: 0.158 Loaded shared library C:\Program Files\Microsoft\jdk-17.0.10.7-hotspot\bin\zip.dll
Event: 0.198 Loaded shared library C:\Program Files\Microsoft\jdk-17.0.10.7-hotspot\bin\instrument.dll
Event: 0.205 Loaded shared library C:\Program Files\Microsoft\jdk-17.0.10.7-hotspot\bin\net.dll
Event: 0.208 Loaded shared library C:\Program Files\Microsoft\jdk-17.0.10.7-hotspot\bin\nio.dll
Event: 0.218 Loaded shared library C:\Program Files\Microsoft\jdk-17.0.10.7-hotspot\bin\zip.dll
Event: 1.307 Loaded shared library C:\Program Files\Microsoft\jdk-17.0.10.7-hotspot\bin\jimage.dll
Event: 1.557 Loaded shared library C:\Program Files\Microsoft\jdk-17.0.10.7-hotspot\bin\verify.dll
Event: 2.508 Loaded shared library C:\Users\muham\.gradle\native\68d5fa5c4cc2d200863cafc0d521ce42e7d3e7ee720ec0a83991735586a16f82\windows-amd64\native-platform.dll
Event: 2.519 Loaded shared library C:\Users\muham\.gradle\native\e376f236ea51e6404a007f0833ffe2c6e607c4080706a723a18a27aeea778392\windows-amd64\native-platform-file-events.dll
Event: 5.965 Loaded shared library C:\Program Files\Microsoft\jdk-17.0.10.7-hotspot\bin\management.dll
Event: 5.970 Loaded shared library C:\Program Files\Microsoft\jdk-17.0.10.7-hotspot\bin\management_ext.dll
Event: 6.532 Loaded shared library C:\Program Files\Microsoft\jdk-17.0.10.7-hotspot\bin\extnet.dll
Event: 7.633 Loaded shared library C:\Program Files\Microsoft\jdk-17.0.10.7-hotspot\bin\sunmscapi.dll

Deoptimization events (20 events):
Event: 40.043 Thread 0x000001632797f180 DEOPT PACKING pc=0x0000016374841c18 sp=0x0000002e33bfe3a0
Event: 40.043 Thread 0x000001632797f180 DEOPT UNPACKING pc=0x00000163742469a3 sp=0x0000002e33bfe300 mode 2
Event: 40.047 Thread 0x000001632797ec70 DEOPT PACKING pc=0x000001636d1144dc sp=0x0000002e33afcde0
Event: 40.047 Thread 0x000001632797ec70 DEOPT UNPACKING pc=0x0000016374247143 sp=0x0000002e33afc360 mode 0
Event: 40.310 Thread 0x000001637f7febe0 DEOPT PACKING pc=0x000001636cd603f3 sp=0x0000002e306f8fb0
Event: 40.310 Thread 0x000001637f7febe0 DEOPT UNPACKING pc=0x0000016374247143 sp=0x0000002e306f84e8 mode 0
Event: 40.314 Thread 0x000001637f7febe0 DEOPT PACKING pc=0x000001636d61a089 sp=0x0000002e306f8f30
Event: 40.314 Thread 0x000001637f7febe0 DEOPT UNPACKING pc=0x0000016374247143 sp=0x0000002e306f8428 mode 0
Event: 40.318 Thread 0x000001637f7febe0 DEOPT PACKING pc=0x000001636cd603f3 sp=0x0000002e306f8fb0
Event: 40.318 Thread 0x000001637f7febe0 DEOPT UNPACKING pc=0x0000016374247143 sp=0x0000002e306f84e8 mode 0
Event: 40.322 Thread 0x000001637f7febe0 DEOPT PACKING pc=0x000001636d61a089 sp=0x0000002e306f8f30
Event: 40.322 Thread 0x000001637f7febe0 DEOPT UNPACKING pc=0x0000016374247143 sp=0x0000002e306f8428 mode 0
Event: 40.326 Thread 0x000001637f7febe0 DEOPT PACKING pc=0x000001636cd603f3 sp=0x0000002e306f8fb0
Event: 40.326 Thread 0x000001637f7febe0 DEOPT UNPACKING pc=0x0000016374247143 sp=0x0000002e306f84e8 mode 0
Event: 40.330 Thread 0x000001637f7febe0 DEOPT PACKING pc=0x000001636d61a089 sp=0x0000002e306f8f30
Event: 40.330 Thread 0x000001637f7febe0 DEOPT UNPACKING pc=0x0000016374247143 sp=0x0000002e306f8428 mode 0
Event: 40.358 Thread 0x000001637f7febe0 Uncommon trap: trap_request=0xffffffbe fr.pc=0x0000016374adcfe4 relative=0x00000000000001c4
Event: 40.358 Thread 0x000001637f7febe0 Uncommon trap: reason=profile_predicate action=maybe_recompile pc=0x0000016374adcfe4 method=java.util.LinkedHashMap.keysToArray([Ljava/lang/Object;)[Ljava/lang/Object; @ 12 c2
Event: 40.358 Thread 0x000001637f7febe0 DEOPT PACKING pc=0x0000016374adcfe4 sp=0x0000002e306f7a60
Event: 40.358 Thread 0x000001637f7febe0 DEOPT UNPACKING pc=0x00000163742469a3 sp=0x0000002e306f7a18 mode 2

Classes unloaded (0 events):
No events

Classes redefined (0 events):
No events

Internal exceptions (20 events):
Event: 36.792 Thread 0x000001637f7febe0 Exception <a 'java/lang/ClassNotFoundException'{0x0000000086239fc8}: org/gradle/api/internal/artifacts/dsl/dependencies/DefaultDependencyHandlerBeanInfo> (0x0000000086239fc8) 
thrown [s\src\hotspot\share\classfile\systemDictionary.cpp, line 256]
Event: 36.793 Thread 0x000001637f7febe0 Exception <a 'java/lang/ClassNotFoundException'{0x00000000862501d0}: org/gradle/api/internal/artifacts/dsl/dependencies/DefaultDependencyHandlerCustomizer> (0x00000000862501d0) 
thrown [s\src\hotspot\share\classfile\systemDictionary.cpp, line 256]
Event: 36.812 Thread 0x000001637f7febe0 Exception <a 'java/lang/ClassNotFoundException'{0x0000000086298830}: org/gradle/api/internal/artifacts/dsl/dependencies/DefaultDependencyHandler_DecoratedCustomizer> (0x0000000086298830) 
thrown [s\src\hotspot\share\classfile\systemDictionary.cpp, line 256]
Event: 38.708 Thread 0x000001637f7febe0 Exception <a 'java/lang/NoSuchMethodError'{0x0000000084f46338}: 'java.lang.Object java.lang.invoke.DirectMethodHandle$Holder.newInvokeSpecial(java.lang.Object, java.lang.Object, java.lang.Object, java.lang.Object, java.lang.Object, java.lang.Object, int)'> (0x0000000084f46338) 
thrown [s\src\hotspot\share\interpreter\linkResolver.cpp, line 759]
Event: 38.712 Thread 0x000001637f7febe0 Exception <a 'java/lang/NoSuchMethodError'{0x0000000084f4c320}: 'java.lang.Object java.lang.invoke.DirectMethodHandle$Holder.invokeSpecial(java.lang.Object, java.lang.Object, java.lang.Object, java.lang.Object, java.lang.Object, java.lang.Object, java.lang.Object, int)'> (0x0000000084f4c320) 
thrown [s\src\hotspot\share\interpreter\linkResolver.cpp, line 759]
Event: 38.712 Thread 0x000001637f7febe0 Exception <a 'java/lang/NoSuchMethodError'{0x0000000084f51ef0}: 'java.lang.Object java.lang.invoke.Invokers$Holder.linkToTargetMethod(java.lang.Object, java.lang.Object, java.lang.Object, java.lang.Object, java.lang.Object, int, java.lang.Object)'> (0x0000000084f51ef0) 
thrown [s\src\hotspot\share\interpreter\linkResolver.cpp, line 759]
Event: 38.755 Thread 0x0000016325bb6b20 Implicit null exception at 0x0000016374a6c0e0 to 0x0000016374a6c180
Event: 39.125 Thread 0x0000016325bb6610 Exception <a 'java/lang/NoSuchMethodError'{0x0000000087f8ad40}: 'void java.lang.invoke.DirectMethodHandle$Holder.invokeSpecial(java.lang.Object, java.lang.Object, int)'> (0x0000000087f8ad40) 
thrown [s\src\hotspot\share\interpreter\linkResolver.cpp, line 759]
Event: 39.472 Thread 0x0000016325bb8980 Exception <a 'java/lang/NoSuchMethodError'{0x0000000085f7dcf0}: 'java.lang.Object java.lang.invoke.DirectMethodHandle$Holder.newInvokeSpecial(java.lang.Object, java.lang.Object, java.lang.Object, java.lang.Object, int, java.lang.Object)'> (0x0000000085f7dcf0) 
thrown [s\src\hotspot\share\interpreter\linkResolver.cpp, line 759]
Event: 39.472 Thread 0x0000016325bb8980 Exception <a 'java/lang/NoSuchMethodError'{0x0000000085f822b8}: 'java.lang.Object java.lang.invoke.Invokers$Holder.linkToTargetMethod(java.lang.Object, java.lang.Object, java.lang.Object, int, java.lang.Object, java.lang.Object)'> (0x0000000085f822b8) 
thrown [s\src\hotspot\share\interpreter\linkResolver.cpp, line 759]
Event: 39.492 Thread 0x0000016325bb8980 Exception <a 'java/lang/NoSuchMethodError'{0x0000000085e04a50}: 'void java.lang.invoke.DirectMethodHandle$Holder.invokeInterface(java.lang.Object, java.lang.Object, java.lang.Object, java.lang.Object)'> (0x0000000085e04a50) 
thrown [s\src\hotspot\share\interpreter\linkResolver.cpp, line 759]
Event: 39.629 Thread 0x0000016325bb8980 Exception <a 'java/lang/NoSuchMethodError'{0x0000000085c1b4a8}: 'int java.lang.invoke.DirectMethodHandle$Holder.invokeSpecial(java.lang.Object, java.lang.Object, java.lang.Object, java.lang.Object, java.lang.Object)'> (0x0000000085c1b4a8) 
thrown [s\src\hotspot\share\interpreter\linkResolver.cpp, line 759]
Event: 39.862 Thread 0x0000016325bb8980 Exception <a 'sun/nio/fs/WindowsException'{0x0000000085640148}> (0x0000000085640148) 
thrown [s\src\hotspot\share\prims\jni.cpp, line 516]
Event: 39.863 Thread 0x0000016325bb8980 Exception <a 'sun/nio/fs/WindowsException'{0x0000000085642cc0}> (0x0000000085642cc0) 
thrown [s\src\hotspot\share\prims\jni.cpp, line 516]
Event: 39.863 Thread 0x0000016325bb8980 Exception <a 'sun/nio/fs/WindowsException'{0x0000000085645618}> (0x0000000085645618) 
thrown [s\src\hotspot\share\prims\jni.cpp, line 516]
Event: 39.864 Thread 0x0000016325bb8980 Exception <a 'sun/nio/fs/WindowsException'{0x0000000085647be8}> (0x0000000085647be8) 
thrown [s\src\hotspot\share\prims\jni.cpp, line 516]
Event: 40.349 Thread 0x000001637f7febe0 Exception <a 'java/lang/ClassNotFoundException'{0x00000000861ac5f8}: build_bfb1rv82oafou80dvr8xhdvfmBeanInfo> (0x00000000861ac5f8) 
thrown [s\src\hotspot\share\classfile\systemDictionary.cpp, line 256]
Event: 40.350 Thread 0x000001637f7febe0 Exception <a 'java/lang/ClassNotFoundException'{0x00000000861b2fd8}: build_bfb1rv82oafou80dvr8xhdvfmCustomizer> (0x00000000861b2fd8) 
thrown [s\src\hotspot\share\classfile\systemDictionary.cpp, line 256]
Event: 40.397 Thread 0x000001637f7febe0 Exception <a 'java/lang/ClassNotFoundException'{0x00000000860c0fb0}: build_664hyhmbo5dudfskkwyv5nx0sBeanInfo> (0x00000000860c0fb0) 
thrown [s\src\hotspot\share\classfile\systemDictionary.cpp, line 256]
Event: 40.398 Thread 0x000001637f7febe0 Exception <a 'java/lang/ClassNotFoundException'{0x00000000860c79f0}: build_664hyhmbo5dudfskkwyv5nx0sCustomizer> (0x00000000860c79f0) 
thrown [s\src\hotspot\share\classfile\systemDictionary.cpp, line 256]

VM Operations (20 events):
Event: 38.769 Executing VM operation: HandshakeAllThreads done
Event: 38.773 Executing VM operation: ICBufferFull
Event: 38.774 Executing VM operation: ICBufferFull done
Event: 38.809 Executing VM operation: G1CollectForAllocation
Event: 38.820 Executing VM operation: G1CollectForAllocation done
Event: 38.956 Executing VM operation: G1PauseRemark
Event: 38.962 Executing VM operation: G1PauseRemark done
Event: 39.028 Executing VM operation: G1PauseCleanup
Event: 39.028 Executing VM operation: G1PauseCleanup done
Event: 39.137 Executing VM operation: HandshakeAllThreads
Event: 39.137 Executing VM operation: HandshakeAllThreads done
Event: 39.627 Executing VM operation: HandshakeAllThreads
Event: 39.627 Executing VM operation: HandshakeAllThreads done
Event: 39.718 Executing VM operation: ICBufferFull
Event: 39.719 Executing VM operation: ICBufferFull done
Event: 39.856 Executing VM operation: HandshakeAllThreads
Event: 39.856 Executing VM operation: HandshakeAllThreads done
Event: 40.050 Executing VM operation: G1CollectForAllocation
Event: 40.064 Executing VM operation: G1CollectForAllocation done
Event: 40.400 Executing VM operation: G1TryInitiateConcMark

Events (20 events):
Event: 39.135 loading class java/nio/file/attribute/DosFileAttributeView done
Event: 39.135 loading class sun/nio/fs/WindowsFileAttributeViews$Dos
Event: 39.136 loading class sun/nio/fs/WindowsFileAttributeViews$Dos done
Event: 39.393 loading class java/util/TreeMap$KeySpliterator
Event: 39.394 loading class java/util/TreeMap$KeySpliterator done
Event: 39.426 Thread 0x0000016325bb8980 Thread added: 0x0000016325bb8980
Event: 39.440 Thread 0x0000016325bb7a50 Thread added: 0x0000016325bb7a50
Event: 39.440 Thread 0x0000016325bb93a0 Thread added: 0x0000016325bb93a0
Event: 39.440 Thread 0x0000016325bb7f60 Thread added: 0x0000016325bb7f60
Event: 39.498 Thread 0x0000016325bb8470 Thread added: 0x0000016325bb8470
Event: 39.745 Thread 0x0000016325bb8e90 Thread added: 0x0000016325bb8e90
Event: 39.745 Thread 0x0000016325bbb710 Thread added: 0x0000016325bbb710
Event: 39.745 Thread 0x0000016325bb98b0 Thread added: 0x0000016325bb98b0
Event: 39.793 Thread 0x0000016325bb9dc0 Thread added: 0x0000016325bb9dc0
Event: 39.793 Thread 0x0000016325bb47b0 Thread added: 0x0000016325bb47b0
Event: 39.959 loading class java/util/concurrent/ConcurrentLinkedQueue$Itr
Event: 39.959 loading class java/util/concurrent/ConcurrentLinkedQueue$Itr done
Event: 39.977 Thread 0x0000016325bbc130 Thread added: 0x0000016325bbc130
Event: 39.977 Thread 0x000001632797ec70 Thread added: 0x000001632797ec70
Event: 39.978 Thread 0x000001632797f180 Thread added: 0x000001632797f180


Dynamic libraries:
0x00007ff70e1f0000 - 0x00007ff70e1fe000 	C:\Program Files\Microsoft\jdk-17.0.10.7-hotspot\bin\java.exe
0x00007ff86c670000 - 0x00007ff86c868000 	C:\Windows\SYSTEM32\ntdll.dll
0x00007ff86c570000 - 0x00007ff86c62d000 	C:\Windows\System32\KERNEL32.DLL
0x00007ff869d20000 - 0x00007ff86a016000 	C:\Windows\System32\KERNELBASE.dll
0x00007ff86a5a0000 - 0x00007ff86a6a0000 	C:\Windows\System32\ucrtbase.dll
0x00007ff8590f0000 - 0x00007ff859107000 	C:\Program Files\Microsoft\jdk-17.0.10.7-hotspot\bin\jli.dll
0x00007ff86bd40000 - 0x00007ff86bede000 	C:\Windows\System32\USER32.dll
0x00007ff86a100000 - 0x00007ff86a122000 	C:\Windows\System32\win32u.dll
0x00007ff86ab70000 - 0x00007ff86ab9b000 	C:\Windows\System32\GDI32.dll
0x00007ff86a130000 - 0x00007ff86a247000 	C:\Windows\System32\gdi32full.dll
0x00007ff86a250000 - 0x00007ff86a2ed000 	C:\Windows\System32\msvcp_win.dll
0x00007ff8642f0000 - 0x00007ff86430b000 	C:\Program Files\Microsoft\jdk-17.0.10.7-hotspot\bin\VCRUNTIME140.dll
0x00007ff850780000 - 0x00007ff850a1a000 	C:\Windows\WinSxS\amd64_microsoft.windows.common-controls_6595b64144ccf1df_6.0.19041.3636_none_60b6a03d71f818d5\COMCTL32.dll
0x00007ff86c4d0000 - 0x00007ff86c56e000 	C:\Windows\System32\msvcrt.dll
0x00007ff86aa80000 - 0x00007ff86aab2000 	C:\Windows\System32\IMM32.DLL
0x00007ff865830000 - 0x00007ff86583c000 	C:\Program Files\Microsoft\jdk-17.0.10.7-hotspot\bin\vcruntime140_1.dll
0x00007ff83ce80000 - 0x00007ff83cf0d000 	C:\Program Files\Microsoft\jdk-17.0.10.7-hotspot\bin\msvcp140.dll
0x00007ff82f5a0000 - 0x00007ff830205000 	C:\Program Files\Microsoft\jdk-17.0.10.7-hotspot\bin\server\jvm.dll
0x00007ff86c420000 - 0x00007ff86c4d0000 	C:\Windows\System32\ADVAPI32.dll
0x00007ff86ae40000 - 0x00007ff86aee0000 	C:\Windows\System32\sechost.dll
0x00007ff86a790000 - 0x00007ff86a8b5000 	C:\Windows\System32\RPCRT4.dll
0x00007ff86a4c0000 - 0x00007ff86a4e7000 	C:\Windows\System32\bcrypt.dll
0x00007ff8692b0000 - 0x00007ff8692fb000 	C:\Windows\SYSTEM32\POWRPROF.dll
0x00007ff8648a0000 - 0x00007ff8648a9000 	C:\Windows\SYSTEM32\WSOCK32.dll
0x00007ff86aee0000 - 0x00007ff86af4b000 	C:\Windows\System32\WS2_32.dll
0x00007ff854f90000 - 0x00007ff854fb7000 	C:\Windows\SYSTEM32\WINMM.dll
0x00007ff85e4c0000 - 0x00007ff85e4ca000 	C:\Windows\SYSTEM32\VERSION.dll
0x00007ff869130000 - 0x00007ff869142000 	C:\Windows\SYSTEM32\UMPDC.dll
0x00007ff867bd0000 - 0x00007ff867be2000 	C:\Windows\SYSTEM32\kernel.appcore.dll
0x00007ff865370000 - 0x00007ff86537a000 	C:\Program Files\Microsoft\jdk-17.0.10.7-hotspot\bin\jimage.dll
0x00007ff8556b0000 - 0x00007ff855894000 	C:\Windows\SYSTEM32\DBGHELP.DLL
0x00007ff854e70000 - 0x00007ff854ea4000 	C:\Windows\SYSTEM32\dbgcore.DLL
0x00007ff86a070000 - 0x00007ff86a0f2000 	C:\Windows\System32\bcryptPrimitives.dll
0x00007ff859150000 - 0x00007ff85915e000 	C:\Program Files\Microsoft\jdk-17.0.10.7-hotspot\bin\instrument.dll
0x00007ff854730000 - 0x00007ff854755000 	C:\Program Files\Microsoft\jdk-17.0.10.7-hotspot\bin\java.dll
0x00007ff83c1d0000 - 0x00007ff83c2a7000 	C:\Program Files\Microsoft\jdk-17.0.10.7-hotspot\bin\jsvml.dll
0x00007ff86af50000 - 0x00007ff86b6bb000 	C:\Windows\System32\SHELL32.dll
0x00007ff867dd0000 - 0x00007ff86856e000 	C:\Windows\SYSTEM32\windows.storage.dll
0x00007ff86c010000 - 0x00007ff86c363000 	C:\Windows\System32\combase.dll
0x00007ff869750000 - 0x00007ff86977e000 	C:\Windows\SYSTEM32\Wldp.dll
0x00007ff86a9b0000 - 0x00007ff86aa7d000 	C:\Windows\System32\OLEAUT32.dll
0x00007ff86c370000 - 0x00007ff86c41d000 	C:\Windows\System32\SHCORE.dll
0x00007ff86bce0000 - 0x00007ff86bd35000 	C:\Windows\System32\shlwapi.dll
0x00007ff869c50000 - 0x00007ff869c75000 	C:\Windows\SYSTEM32\profapi.dll
0x00007ff84d1b0000 - 0x00007ff84d1c8000 	C:\Program Files\Microsoft\jdk-17.0.10.7-hotspot\bin\zip.dll
0x00007ff859060000 - 0x00007ff859079000 	C:\Program Files\Microsoft\jdk-17.0.10.7-hotspot\bin\net.dll
0x00007ff859d90000 - 0x00007ff859e9a000 	C:\Windows\SYSTEM32\WINHTTP.dll
0x00007ff8694b0000 - 0x00007ff86951a000 	C:\Windows\system32\mswsock.dll
0x00007ff854710000 - 0x00007ff854726000 	C:\Program Files\Microsoft\jdk-17.0.10.7-hotspot\bin\nio.dll
0x00007ff864550000 - 0x00007ff864560000 	C:\Program Files\Microsoft\jdk-17.0.10.7-hotspot\bin\verify.dll
0x00007ff849ff0000 - 0x00007ff84a017000 	C:\Users\muham\.gradle\native\68d5fa5c4cc2d200863cafc0d521ce42e7d3e7ee720ec0a83991735586a16f82\windows-amd64\native-platform.dll
0x00007ff83ad10000 - 0x00007ff83ae54000 	C:\Users\muham\.gradle\native\e376f236ea51e6404a007f0833ffe2c6e607c4080706a723a18a27aeea778392\windows-amd64\native-platform-file-events.dll
0x00007ff862460000 - 0x00007ff862469000 	C:\Program Files\Microsoft\jdk-17.0.10.7-hotspot\bin\management.dll
0x00007ff862340000 - 0x00007ff86234b000 	C:\Program Files\Microsoft\jdk-17.0.10.7-hotspot\bin\management_ext.dll
0x00007ff86bee0000 - 0x00007ff86bee8000 	C:\Windows\System32\PSAPI.DLL
0x00007ff8696a0000 - 0x00007ff8696b8000 	C:\Windows\SYSTEM32\CRYPTSP.dll
0x00007ff868d70000 - 0x00007ff868da4000 	C:\Windows\system32\rsaenh.dll
0x00007ff869c10000 - 0x00007ff869c3e000 	C:\Windows\SYSTEM32\USERENV.dll
0x00007ff8696c0000 - 0x00007ff8696cc000 	C:\Windows\SYSTEM32\CRYPTBASE.dll
0x00007ff869150000 - 0x00007ff86918b000 	C:\Windows\SYSTEM32\IPHLPAPI.DLL
0x00007ff86a9a0000 - 0x00007ff86a9a8000 	C:\Windows\System32\NSI.dll
0x00007ff85d5c0000 - 0x00007ff85d5d7000 	C:\Windows\SYSTEM32\dhcpcsvc6.DLL
0x00007ff85dd30000 - 0x00007ff85dd4d000 	C:\Windows\SYSTEM32\dhcpcsvc.DLL
0x00007ff869190000 - 0x00007ff86925b000 	C:\Windows\SYSTEM32\DNSAPI.dll
0x00007ff8620d0000 - 0x00007ff8620d9000 	C:\Program Files\Microsoft\jdk-17.0.10.7-hotspot\bin\extnet.dll
0x00007ff859180000 - 0x00007ff85918e000 	C:\Program Files\Microsoft\jdk-17.0.10.7-hotspot\bin\sunmscapi.dll
0x00007ff86a2f0000 - 0x00007ff86a44d000 	C:\Windows\System32\CRYPT32.dll
0x00007ff8697c0000 - 0x00007ff8697e8000 	C:\Windows\SYSTEM32\ncrypt.dll
0x00007ff869780000 - 0x00007ff8697bb000 	C:\Windows\SYSTEM32\NTASN1.dll
0x00007ff84c450000 - 0x00007ff84c457000 	C:\Windows\system32\wshunix.dll
0x00007ff850a20000 - 0x00007ff850a37000 	C:\Windows\system32\napinsp.dll
0x00007ff84fc70000 - 0x00007ff84fc8b000 	C:\Windows\system32\pnrpnsp.dll
0x00007ff860700000 - 0x00007ff860715000 	C:\Windows\system32\wshbth.dll
0x00007ff865640000 - 0x00007ff86565d000 	C:\Windows\system32\NLAapi.dll
0x00007ff84fc50000 - 0x00007ff84fc62000 	C:\Windows\System32\winrnr.dll
0x00007ff858280000 - 0x00007ff85828a000 	C:\Windows\System32\rasadhlp.dll
0x00007ff858b30000 - 0x00007ff858bb0000 	C:\Windows\System32\fwpuclnt.dll

dbghelp: loaded successfully - version: 4.0.5 - missing functions: none
symbol engine: initialized successfully - sym options: 0x614 - pdb path: .;C:\Program Files\Microsoft\jdk-17.0.10.7-hotspot\bin;C:\Windows\SYSTEM32;C:\Windows\WinSxS\amd64_microsoft.windows.common-controls_6595b64144ccf1df_6.0.19041.3636_none_60b6a03d71f818d5;C:\Program Files\Microsoft\jdk-17.0.10.7-hotspot\bin\server;C:\Users\muham\.gradle\native\68d5fa5c4cc2d200863cafc0d521ce42e7d3e7ee720ec0a83991735586a16f82\windows-amd64;C:\Users\muham\.gradle\native\e376f236ea51e6404a007f0833ffe2c6e607c4080706a723a18a27aeea778392\windows-amd64

VM Arguments:
jvm_args: -XX:MaxMetaspaceSize=512m --add-opens=java.base/java.util=ALL-UNNAMED --add-opens=java.base/java.lang=ALL-UNNAMED --add-opens=java.base/java.lang.invoke=ALL-UNNAMED --add-opens=java.prefs/java.util.prefs=ALL-UNNAMED --add-opens=java.base/java.nio.charset=ALL-UNNAMED --add-opens=java.base/java.net=ALL-UNNAMED --add-opens=java.base/java.util.concurrent.atomic=ALL-UNNAMED -Xmx2048m -Dfile.encoding=windows-1252 -Duser.country=US -Duser.language=en -Duser.variant -javaagent:C:\Users\muham\.gradle\wrapper\dists\gradle-8.3-all\6en3ugtfdg5xnpx44z4qbwgas\gradle-8.3\lib\agents\gradle-instrumentation-agent-8.3.jar 
java_command: org.gradle.launcher.daemon.bootstrap.GradleDaemon 8.3
java_class_path (initial): C:\Users\muham\.gradle\wrapper\dists\gradle-8.3-all\6en3ugtfdg5xnpx44z4qbwgas\gradle-8.3\lib\gradle-launcher-8.3.jar
Launcher Type: SUN_STANDARD

[Global flags]
     intx CICompilerCount                          = 3                                         {product} {ergonomic}
   size_t CompressedClassSpaceSize                 = 436207616                                 {product} {ergonomic}
     uint ConcGCThreads                            = 1                                         {product} {ergonomic}
     uint G1ConcRefinementThreads                  = 4                                         {product} {ergonomic}
   size_t G1HeapRegionSize                         = 1048576                                   {product} {ergonomic}
    uintx GCDrainStackTargetSize                   = 64                                        {product} {ergonomic}
   size_t InitialHeapSize                          = 134217728                                 {product} {ergonomic}
   size_t MarkStackSize                            = 4194304                                   {product} {ergonomic}
   size_t MaxHeapSize                              = 2147483648                                {product} {command line}
   size_t MaxMetaspaceSize                         = 536870912                                 {product} {command line}
   size_t MaxNewSize                               = 1287651328                                {product} {ergonomic}
   size_t MinHeapDeltaBytes                        = 1048576                                   {product} {ergonomic}
   size_t MinHeapSize                              = 8388608                                   {product} {ergonomic}
    uintx NonNMethodCodeHeapSize                   = 5832780                                {pd product} {ergonomic}
    uintx NonProfiledCodeHeapSize                  = 122912730                              {pd product} {ergonomic}
    uintx ProfiledCodeHeapSize                     = 122912730                              {pd product} {ergonomic}
    uintx ReservedCodeCacheSize                    = 251658240                              {pd product} {ergonomic}
     bool SegmentedCodeCache                       = true                                      {product} {ergonomic}
   size_t SoftMaxHeapSize                          = 2147483648                             {manageable} {ergonomic}
     bool UseCompressedClassPointers               = true                           {product lp64_product} {ergonomic}
     bool UseCompressedOops                        = true                           {product lp64_product} {ergonomic}
     bool UseG1GC                                  = true                                      {product} {ergonomic}
     bool UseLargePagesIndividualAllocation        = false                                  {pd product} {ergonomic}

Logging:
Log output configuration:
 #0: stdout all=warning uptime,level,tags
 #1: stderr all=off uptime,level,tags

Environment Variables:
JAVA_HOME=C:\Program Files\Microsoft\jdk-17.0.10.7-hotspot\
CLASSPATH=D:\Study Material\6th Semester\MAD\Projects\Practice\android\\gradle\wrapper\gradle-wrapper.jar
PATH=D:\Study Material\6th Semester\MAD\Projects\Practice\node_modules\.bin;D:\Study Material\6th Semester\MAD\Projects\Practice\node_modules\.bin;D:\Study Material\6th Semester\MAD\Projects\node_modules\.bin;D:\Study Material\6th Semester\MAD\node_modules\.bin;D:\Study Material\6th Semester\node_modules\.bin;D:\Study Material\node_modules\.bin;D:\node_modules\.bin;C:\Program Files\nodejs\node_modules\npm\node_modules\@npmcli\run-script\lib\node-gyp-bin;D:\Study Material\6th Semester\MAD\Projects\Practice\node_modules\.bin;D:\Study Material\6th Semester\MAD\Projects\node_modules\.bin;D:\Study Material\6th Semester\MAD\node_modules\.bin;D:\Study Material\6th Semester\node_modules\.bin;D:\Study Material\node_modules\.bin;D:\node_modules\.bin;C:\Program Files\nodejs\node_modules\npm\node_modules\@npmcli\run-script\lib\node-gyp-bin;C:\Program Files\Microsoft\jdk-17.0.10.7-hotspot\bin;C:\Python312\Scripts\;C:\Python312\;C:\Windows\system32;C:\Windows;C:\Windows\System32\Wbem;C:\Windows\System32\WindowsPowerShell\v1.0\;C:\Windows\System32\OpenSSH\;C:\xampp\php;C:\composer;C:\Program Files\Git\bin;D:\Softwares\Xampp\Xampp\php;D:\Softwares\PHP Composer;C:\ProgramData\ComposerSetup\bin;C:\Program Files (x86)\Microsoft SQL Server\160\Tools\Binn\;C:\Program Files\Microsoft SQL Server\160\Tools\Binn\;C:\Program Files\Microsoft SQL Server\Client SDK\ODBC\170\Tools\Binn\;C:\Program Files\Microsoft SQL Server\160\DTS\Binn\;C:\Program Files (x86)\Microsoft SQL Server\160\DTS\Binn\;C:\Program Files\Azure Data Studio\bin;C:\Program Files\Microsoft SQL Server\150\Tools\Binn\;C:\Program Files\Microsoft SQL Server\130\DTS\Binn\;C:\Program Files\Microsoft SQL Server\140\DTS\Binn\;C:\Program Files\Microsoft SQL Server\150\DTS\Binn\;D:\Softwares\Java\jdk-21.0.2\bin;C:\Program Files\nodejs\;C:\ProgramData\chocolatey\bin;D:\Softwares\Flutter\flutter\bin;C:\Users\muham\AppData\Local\Android\Sdk\platform-tools;C:\Program Files\MongoDB\Server\7.0\bin;C:\Users\muham\AppData\Local\Android\Sdk\tools;
USERNAME=muham
OS=Windows_NT
PROCESSOR_IDENTIFIER=Intel64 Family 6 Model 142 Stepping 9, GenuineIntel
TMP=C:\Users\muham\AppData\Local\Temp
TEMP=C:\Users\muham\AppData\Local\Temp



Periodic native trim disabled


---------------  S Y S T E M  ---------------

OS:
 Windows 10 , 64 bit Build 19041 (10.0.19041.3636)
OS uptime: 6 days 11:49 hours

CPU: total 4 (initial active 4) (2 cores per cpu, 2 threads per core) family 6 model 142 stepping 9 microcode 0xf4, cx8, cmov, fxsr, ht, mmx, 3dnowpref, sse, sse2, sse3, ssse3, sse4.1, sse4.2, popcnt, lzcnt, tsc, tscinvbit, avx, avx2, aes, erms, clmul, bmi1, bmi2, rtm, adx, fma, vzeroupper, clflush, clflushopt
Processor Information for all 4 processors :
  Max Mhz: 2904, Current Mhz: 2803, Mhz Limit: 2787

Memory: 4k page, system-wide physical 8067M (396M free)
TotalPageFile size 12163M (AvailPageFile size 50M)
current process WorkingSet (physical memory assigned to process): 312M, peak: 312M
current process commit charge ("private bytes"): 345M, peak: 365M

vm_info: OpenJDK 64-Bit Server VM (17.0.10+7-LTS) for windows-amd64 JRE (17.0.10+7-LTS), built on Jan 10 2024 19:47:12 by "MicrosoftCorporation" with MS VC++ 16.10 / 16.11 (VS2019)

END.
