#
# There is insufficient memory for the Java Runtime Environment to continue.
# Native memory allocation (malloc) failed to allocate 852384 bytes for Chunk::new
# Possible reasons:
#   The system is out of physical RAM or swap space
#   The process is running with CompressedOops enabled, and the Java Heap may be blocking the growth of the native heap
# Possible solutions:
#   Reduce memory load on the system
#   Increase physical memory or swap space
#   Check if swap backing store is full
#   Decrease Java heap size (-Xmx/-Xms)
#   Decrease number of Java threads
#   Decrease Java thread stack sizes (-Xss)
#   Set larger code cache with -XX:ReservedCodeCacheSize=
#   JVM is running with Unscaled Compressed Oops mode in which the Java heap is
#     placed in the first 4GB address space. The Java Heap base address is the
#     maximum limit for the native heap growth. Please use -XX:HeapBaseMinAddress
#     to set the Java Heap base and to place the Java Heap above 4GB virtual address.
# This output file may be truncated or incomplete.
#
#  Out of Memory Error (arena.cpp:191), pid=18744, tid=9480
#
# JRE version: OpenJDK Runtime Environment Microsoft-8902769 (17.0.10+7) (build 17.0.10+7-LTS)
# Java VM: OpenJDK 64-Bit Server VM Microsoft-8902769 (17.0.10+7-LTS, mixed mode, sharing, tiered, compressed oops, compressed class ptrs, g1 gc, windows-amd64)
# No core dump will be written. Minidumps are not enabled by default on client versions of Windows
#

---------------  S U M M A R Y ------------

Command Line: -XX:MaxMetaspaceSize=512m --add-opens=java.base/java.util=ALL-UNNAMED --add-opens=java.base/java.lang=ALL-UNNAMED --add-opens=java.base/java.lang.invoke=ALL-UNNAMED --add-opens=java.prefs/java.util.prefs=ALL-UNNAMED --add-opens=java.base/java.nio.charset=ALL-UNNAMED --add-opens=java.base/java.net=ALL-UNNAMED --add-opens=java.base/java.util.concurrent.atomic=ALL-UNNAMED -Xmx2048m -Dfile.encoding=windows-1252 -Duser.country=US -Duser.language=en -Duser.variant -javaagent:C:\Users\muham\.gradle\wrapper\dists\gradle-8.3-all\6en3ugtfdg5xnpx44z4qbwgas\gradle-8.3\lib\agents\gradle-instrumentation-agent-8.3.jar org.gradle.launcher.daemon.bootstrap.GradleDaemon 8.3

Host: Intel(R) Core(TM) i7-7600U CPU @ 2.80GHz, 4 cores, 7G,  Windows 10 , 64 bit Build 19041 (10.0.19041.3636)
Time: Fri May 24 00:34:51 2024 Pakistan Standard Time elapsed time: 27.208151 seconds (0d 0h 0m 27s)

---------------  T H R E A D  ---------------

Current thread (0x0000020f2adc5520):  JavaThread "C2 CompilerThread1" daemon [_thread_in_native, id=9480, stack(0x000000d4fbb00000,0x000000d4fbc00000)]


Current CompileTask:
C2:  27208 8693       4       org.gradle.cache.internal.btree.FreeListBlockStore::read (12 bytes)

Stack: [0x000000d4fbb00000,0x000000d4fbc00000]
Native frames: (J=compiled Java code, j=interpreted, Vv=VM code, C=native code)
V  [jvm.dll+0x67f829]
V  [jvm.dll+0x83750a]
V  [jvm.dll+0x838fce]
V  [jvm.dll+0x839633]
V  [jvm.dll+0x247cbf]
V  [jvm.dll+0xac524]
V  [jvm.dll+0xacb6c]
V  [jvm.dll+0x368cf7]
V  [jvm.dll+0x1bd1c2]
V  [jvm.dll+0x21a559]
V  [jvm.dll+0x219821]
V  [jvm.dll+0x1a5176]
V  [jvm.dll+0x22957e]
V  [jvm.dll+0x22774c]
V  [jvm.dll+0x7ec5d7]
V  [jvm.dll+0x7e69da]
V  [jvm.dll+0x67e715]
C  [ucrtbase.dll+0x21bb2]
C  [KERNEL32.DLL+0x17344]
C  [ntdll.dll+0x526b1]


---------------  P R O C E S S  ---------------

Threads class SMR info:
_java_thread_list=0x0000020f78c26e70, length=64, elements={
0x0000020f69b72d00, 0x0000020f78735ba0, 0x0000020f78736930, 0x0000020f7874eaf0,
0x0000020f7874f880, 0x0000020f78753170, 0x0000020f78753a40, 0x0000020f787546f0,
0x0000020f787550b0, 0x0000020f788c8070, 0x0000020f7871e530, 0x0000020f78aba350,
0x0000020f7ec54450, 0x0000020f7ddfa100, 0x0000020f7f067a20, 0x0000020f7de47090,
0x0000020f7e468550, 0x0000020f7decc330, 0x0000020f7e468a30, 0x0000020f7f5acc70,
0x0000020f7d8c0ab0, 0x0000020f7d8c2910, 0x0000020f7d8c14d0, 0x0000020f7d8c2400,
0x0000020f7d8c0fc0, 0x0000020f7d8c19e0, 0x0000020f7d8c1ef0, 0x0000020f7d8c2e20,
0x0000020f7d8c3330, 0x0000020f7d8c3840, 0x0000020f7d8c0090, 0x0000020f2a05f670,
0x0000020f2a05bec0, 0x0000020f2a060090, 0x0000020f2a05cdf0, 0x0000020f2a0605a0,
0x0000020f2a05fb80, 0x0000020f2a0614d0, 0x0000020f2a05e230, 0x0000020f2a0619e0,
0x0000020f2a05dd20, 0x0000020f2a060ab0, 0x0000020f2a05e740, 0x0000020f2a060fc0,
0x0000020f2a05d810, 0x0000020f2a05af90, 0x0000020f2adc5520, 0x0000020f2a05b4a0,
0x0000020f2a05b9b0, 0x0000020f2a05ec50, 0x0000020f2a05c3d0, 0x0000020f2a05f160,
0x0000020f2a05c8e0, 0x0000020f2b3bbee0, 0x0000020f2b3be760, 0x0000020f2b3bdd40,
0x0000020f2b3bb4c0, 0x0000020f2b3baaa0, 0x0000020f2b3c00b0, 0x0000020f2b3bd320,
0x0000020f2b3c0ad0, 0x0000020f2b3c0fe0, 0x0000020f2b3bf180, 0x0000020f2b3bf690
}

Java Threads: ( => current thread )
  0x0000020f69b72d00 JavaThread "main" [_thread_blocked, id=11364, stack(0x000000d4f8700000,0x000000d4f8800000)]
  0x0000020f78735ba0 JavaThread "Reference Handler" daemon [_thread_blocked, id=17364, stack(0x000000d4f8e00000,0x000000d4f8f00000)]
  0x0000020f78736930 JavaThread "Finalizer" daemon [_thread_blocked, id=6664, stack(0x000000d4f8f00000,0x000000d4f9000000)]
  0x0000020f7874eaf0 JavaThread "Signal Dispatcher" daemon [_thread_blocked, id=3500, stack(0x000000d4f9000000,0x000000d4f9100000)]
  0x0000020f7874f880 JavaThread "Attach Listener" daemon [_thread_blocked, id=18256, stack(0x000000d4f9100000,0x000000d4f9200000)]
  0x0000020f78753170 JavaThread "Service Thread" daemon [_thread_blocked, id=12772, stack(0x000000d4f9200000,0x000000d4f9300000)]
  0x0000020f78753a40 JavaThread "Monitor Deflation Thread" daemon [_thread_blocked, id=6376, stack(0x000000d4f9300000,0x000000d4f9400000)]
  0x0000020f787546f0 JavaThread "C2 CompilerThread0" daemon [_thread_blocked, id=19476, stack(0x000000d4f9400000,0x000000d4f9500000)]
  0x0000020f787550b0 JavaThread "C1 CompilerThread0" daemon [_thread_in_vm, id=12380, stack(0x000000d4f9500000,0x000000d4f9600000)]
  0x0000020f788c8070 JavaThread "Sweeper thread" daemon [_thread_blocked, id=17424, stack(0x000000d4f9600000,0x000000d4f9700000)]
  0x0000020f7871e530 JavaThread "Common-Cleaner" daemon [_thread_blocked, id=14964, stack(0x000000d4f9700000,0x000000d4f9800000)]
  0x0000020f78aba350 JavaThread "Notification Thread" daemon [_thread_blocked, id=7700, stack(0x000000d4f9800000,0x000000d4f9900000)]
  0x0000020f7ec54450 JavaThread "Daemon health stats" [_thread_blocked, id=596, stack(0x000000d4f9e00000,0x000000d4f9f00000)]
  0x0000020f7ddfa100 JavaThread "Incoming local TCP Connector on port 55399" [_thread_in_native, id=8308, stack(0x000000d4f9f00000,0x000000d4fa000000)]
  0x0000020f7f067a20 JavaThread "Daemon periodic checks" [_thread_blocked, id=17052, stack(0x000000d4fa000000,0x000000d4fa100000)]
  0x0000020f7de47090 JavaThread "Daemon" [_thread_blocked, id=10736, stack(0x000000d4fa100000,0x000000d4fa200000)]
  0x0000020f7e468550 JavaThread "Handler for socket connection from /127.0.0.1:55399 to /127.0.0.1:55400" [_thread_in_native, id=14100, stack(0x000000d4fa200000,0x000000d4fa300000)]
  0x0000020f7decc330 JavaThread "Cancel handler" [_thread_blocked, id=15460, stack(0x000000d4fa300000,0x000000d4fa400000)]
  0x0000020f7e468a30 JavaThread "Daemon worker" [_thread_in_vm, id=17432, stack(0x000000d4fa400000,0x000000d4fa500000)]
  0x0000020f7f5acc70 JavaThread "Asynchronous log dispatcher for DefaultDaemonConnection: socket connection from /127.0.0.1:55399 to /127.0.0.1:55400" [_thread_blocked, id=1140, stack(0x000000d4fa500000,0x000000d4fa600000)]
  0x0000020f7d8c0ab0 JavaThread "Stdin handler" [_thread_blocked, id=17008, stack(0x000000d4fa600000,0x000000d4fa700000)]
  0x0000020f7d8c2910 JavaThread "Daemon client event forwarder" [_thread_blocked, id=1104, stack(0x000000d4fa700000,0x000000d4fa800000)]
  0x0000020f7d8c14d0 JavaThread "Cache worker for journal cache (C:\Users\muham\.gradle\caches\journal-1)" [_thread_blocked, id=20128, stack(0x000000d4f9a00000,0x000000d4f9b00000)]
  0x0000020f7d8c2400 JavaThread "File lock request listener" [_thread_in_native, id=18924, stack(0x000000d4fa800000,0x000000d4fa900000)]
  0x0000020f7d8c0fc0 JavaThread "Cache worker for file hash cache (C:\Users\muham\.gradle\caches\8.3\fileHashes)" [_thread_blocked, id=15884, stack(0x000000d4fa900000,0x000000d4faa00000)]
  0x0000020f7d8c19e0 JavaThread "File watcher server" daemon [_thread_in_native, id=16700, stack(0x000000d4fab00000,0x000000d4fac00000)]
  0x0000020f7d8c1ef0 JavaThread "File watcher consumer" daemon [_thread_blocked, id=19584, stack(0x000000d4fac00000,0x000000d4fad00000)]
  0x0000020f7d8c2e20 JavaThread "Cache worker for checksums cache (D:\Study Material\6th Semester\MAD\Projects\Practice\android\.gradle\8.3\checksums)" [_thread_blocked, id=16792, stack(0x000000d4fad00000,0x000000d4fae00000)]
  0x0000020f7d8c3330 JavaThread "Cache worker for file hash cache (D:\Study Material\6th Semester\MAD\Projects\Practice\android\.gradle\8.3\fileHashes)" [_thread_blocked, id=17128, stack(0x000000d4fae00000,0x000000d4faf00000)]
  0x0000020f7d8c3840 JavaThread "Cache worker for cache directory md-supplier (C:\Users\muham\.gradle\caches\8.3\md-supplier)" [_thread_blocked, id=7712, stack(0x000000d4faf00000,0x000000d4fb000000)]
  0x0000020f7d8c0090 JavaThread "Cache worker for file content cache (C:\Users\muham\.gradle\caches\8.3\fileContent)" [_thread_blocked, id=11192, stack(0x000000d4fb000000,0x000000d4fb100000)]
  0x0000020f2a05f670 JavaThread "Cache worker for cache directory md-rule (C:\Users\muham\.gradle\caches\8.3\md-rule)" [_thread_blocked, id=8668, stack(0x000000d4fb200000,0x000000d4fb300000)]
  0x0000020f2a05bec0 JavaThread "Cache worker for execution history cache (C:\Users\muham\.gradle\caches\8.3\executionHistory)" [_thread_blocked, id=19464, stack(0x000000d4fb300000,0x000000d4fb400000)]
  0x0000020f2a060090 JavaThread "jar transforms" [_thread_blocked, id=2696, stack(0x000000d4fb400000,0x000000d4fb500000)]
  0x0000020f2a05cdf0 JavaThread "jar transforms Thread 2" [_thread_blocked, id=10900, stack(0x000000d4faa00000,0x000000d4fab00000)]
  0x0000020f2a0605a0 JavaThread "jar transforms Thread 3" [_thread_blocked, id=15336, stack(0x000000d4fb600000,0x000000d4fb700000)]
  0x0000020f2a05fb80 JavaThread "jar transforms Thread 4" [_thread_blocked, id=19984, stack(0x000000d4fb700000,0x000000d4fb800000)]
  0x0000020f2a0614d0 JavaThread "Cache worker for kotlin-dsl (C:\Users\muham\.gradle\caches\8.3\kotlin-dsl)" [_thread_blocked, id=8648, stack(0x000000d4fb800000,0x000000d4fb900000)]
  0x0000020f2a05e230 JavaThread "Unconstrained build operations" [_thread_blocked, id=9792, stack(0x000000d4fb500000,0x000000d4fb600000)]
  0x0000020f2a0619e0 JavaThread "Unconstrained build operations Thread 2" [_thread_blocked, id=19560, stack(0x000000d4fba00000,0x000000d4fbb00000)]
  0x0000020f2a05dd20 JavaThread "Cache worker for dependencies-accessors (D:\Study Material\6th Semester\MAD\Projects\Practice\android\.gradle\8.3\dependencies-accessors)" [_thread_blocked, id=14120, stack(0x000000d4fbc00000,0x000000d4fbd00000)]
  0x0000020f2a060ab0 JavaThread "Cache worker for Build Output Cleanup Cache (D:\Study Material\6th Semester\MAD\Projects\Practice\node_modules\@react-native\gradle-plugin\.gradle\buildOutputCleanup)" [_thread_blocked, id=8808, stack(0x000000d4fbd00000,0x000000d4fbe00000)]
  0x0000020f2a05e740 JavaThread "Unconstrained build operations Thread 3" [_thread_blocked, id=15568, stack(0x000000d4fbe00000,0x000000d4fbf00000)]
  0x0000020f2a060fc0 JavaThread "Unconstrained build operations Thread 4" [_thread_blocked, id=18348, stack(0x000000d4fbf00000,0x000000d4fc000000)]
  0x0000020f2a05d810 JavaThread "Unconstrained build operations Thread 5" [_thread_blocked, id=9000, stack(0x000000d4fc000000,0x000000d4fc100000)]
  0x0000020f2a05af90 JavaThread "Memory manager" [_thread_blocked, id=13136, stack(0x000000d4fc100000,0x000000d4fc200000)]
=>0x0000020f2adc5520 JavaThread "C2 CompilerThread1" daemon [_thread_in_native, id=9480, stack(0x000000d4fbb00000,0x000000d4fbc00000)]
  0x0000020f2a05b4a0 JavaThread "Cache worker for Build Output Cleanup Cache (D:\Study Material\6th Semester\MAD\Projects\Practice\android\.gradle\buildOutputCleanup)" [_thread_blocked, id=19340, stack(0x000000d4fc200000,0x000000d4fc300000)]
  0x0000020f2a05b9b0 JavaThread "ForkJoinPool.commonPool-worker-1" daemon [_thread_blocked, id=18336, stack(0x000000d4fc300000,0x000000d4fc400000)]
  0x0000020f2a05ec50 JavaThread "ForkJoinPool.commonPool-worker-2" daemon [_thread_blocked, id=12092, stack(0x000000d4fc400000,0x000000d4fc500000)]
  0x0000020f2a05c3d0 JavaThread "ForkJoinPool.commonPool-worker-3" daemon [_thread_blocked, id=12320, stack(0x000000d4fc500000,0x000000d4fc600000)]
  0x0000020f2a05f160 JavaThread "included builds" [_thread_blocked, id=15524, stack(0x000000d4fc600000,0x000000d4fc700000)]
  0x0000020f2a05c8e0 JavaThread "Execution worker" [_thread_blocked, id=13908, stack(0x000000d4fc700000,0x000000d4fc800000)]
  0x0000020f2b3bbee0 JavaThread "Execution worker Thread 2" [_thread_blocked, id=16216, stack(0x000000d4fc800000,0x000000d4fc900000)]
  0x0000020f2b3be760 JavaThread "Execution worker Thread 3" [_thread_blocked, id=5716, stack(0x000000d4fc900000,0x000000d4fca00000)]
  0x0000020f2b3bdd40 JavaThread "Cache worker for execution history cache (D:\Study Material\6th Semester\MAD\Projects\Practice\node_modules\@react-native\gradle-plugin\.gradle\8.3\executionHistory)" [_thread_blocked, id=16496, stack(0x000000d4fca00000,0x000000d4fcb00000)]
  0x0000020f2b3bb4c0 JavaThread "Unconstrained build operations Thread 6" [_thread_blocked, id=9876, stack(0x000000d4fcb00000,0x000000d4fcc00000)]
  0x0000020f2b3baaa0 JavaThread "Unconstrained build operations Thread 7" [_thread_blocked, id=20368, stack(0x000000d4fcc00000,0x000000d4fcd00000)]
  0x0000020f2b3c00b0 JavaThread "Unconstrained build operations Thread 8" [_thread_blocked, id=13248, stack(0x000000d4fcd00000,0x000000d4fce00000)]
  0x0000020f2b3bd320 JavaThread "Unconstrained build operations Thread 9" [_thread_blocked, id=15024, stack(0x000000d4fce00000,0x000000d4fcf00000)]
  0x0000020f2b3c0ad0 JavaThread "Unconstrained build operations Thread 10" [_thread_blocked, id=16832, stack(0x000000d4fcf00000,0x000000d4fd000000)]
  0x0000020f2b3c0fe0 JavaThread "Unconstrained build operations Thread 11" [_thread_blocked, id=17960, stack(0x000000d4fd000000,0x000000d4fd100000)]
  0x0000020f2b3bf180 JavaThread "Unconstrained build operations Thread 12" [_thread_blocked, id=11044, stack(0x000000d4fd100000,0x000000d4fd200000)]
  0x0000020f2b3bf690 JavaThread "Unconstrained build operations Thread 13" [_thread_blocked, id=6572, stack(0x000000d4fd200000,0x000000d4fd300000)]

Other Threads:
  0x0000020f7872d9b0 VMThread "VM Thread" [stack: 0x000000d4f8d00000,0x000000d4f8e00000] [id=19608]
  0x0000020f78aba830 WatcherThread [stack: 0x000000d4f9900000,0x000000d4f9a00000] [id=15848]
  0x0000020f69bcf1f0 GCTaskThread "GC Thread#0" [stack: 0x000000d4f8800000,0x000000d4f8900000] [id=11516]
  0x0000020f78c7f630 GCTaskThread "GC Thread#1" [stack: 0x000000d4f9b00000,0x000000d4f9c00000] [id=7120]
  0x0000020f78c7f8f0 GCTaskThread "GC Thread#2" [stack: 0x000000d4f9c00000,0x000000d4f9d00000] [id=17120]
  0x0000020f7d9ade40 GCTaskThread "GC Thread#3" [stack: 0x000000d4f9d00000,0x000000d4f9e00000] [id=7720]
  0x0000020f69be1060 ConcurrentGCThread "G1 Main Marker" [stack: 0x000000d4f8900000,0x000000d4f8a00000] [id=17032]
  0x0000020f69be1990 ConcurrentGCThread "G1 Conc#0" [stack: 0x000000d4f8a00000,0x000000d4f8b00000] [id=13752]
  0x0000020f69c247f0 ConcurrentGCThread "G1 Refine#0" [stack: 0x000000d4f8b00000,0x000000d4f8c00000] [id=16200]
  0x0000020f7ec07380 ConcurrentGCThread "G1 Refine#1" [stack: 0x000000d4fb100000,0x000000d4fb200000] [id=19756]
  0x0000020f785f29c0 ConcurrentGCThread "G1 Service" [stack: 0x000000d4f8c00000,0x000000d4f8d00000] [id=11992]

Threads with active compile tasks:
C2 CompilerThread1    27256 8693       4       org.gradle.cache.internal.btree.FreeListBlockStore::read (12 bytes)

VM state: not at safepoint (normal execution)

VM Mutex/Monitor currently owned by a thread: None

Heap address: 0x0000000080000000, size: 2048 MB, Compressed Oops mode: 32-bit

CDS archive(s) mapped at: [0x0000020f0f000000-0x0000020f0fbb0000-0x0000020f0fbb0000), size 12255232, SharedBaseAddress: 0x0000020f0f000000, ArchiveRelocationMode: 1.
Compressed class space mapped at: 0x0000020f10000000-0x0000020f2a000000, reserved size: 436207616
Narrow klass base: 0x0000020f0f000000, Narrow klass shift: 0, Narrow klass range: 0x100000000

GC Precious Log:
 CPUs: 4 total, 4 available
 Memory: 8067M
 Large Page Support: Disabled
 NUMA Support: Disabled
 Compressed Oops: Enabled (32-bit)
 Heap Region Size: 1M
 Heap Min Capacity: 8M
 Heap Initial Capacity: 128M
 Heap Max Capacity: 2G
 Pre-touch: Disabled
 Parallel Workers: 4
 Concurrent Workers: 1
 Concurrent Refinement Workers: 4
 Periodic GC: Disabled

Heap:
 garbage-first heap   total 141312K, used 72863K [0x0000000080000000, 0x0000000100000000)
  region size 1024K, 6 young (6144K), 4 survivors (4096K)
 Metaspace       used 70975K, committed 71744K, reserved 491520K
  class space    used 9933K, committed 10304K, reserved 425984K

Heap Regions: E=young(eden), S=young(survivor), O=old, HS=humongous(starts), HC=humongous(continues), CS=collection set, F=free, OA=open archive, CA=closed archive, TAMS=top-at-mark-start (previous, next)
|   0|0x0000000080000000, 0x0000000080100000, 0x0000000080100000|100%| O|  |TAMS 0x0000000080100000, 0x0000000080100000| Untracked 
|   1|0x0000000080100000, 0x0000000080200000, 0x0000000080200000|100%| O|  |TAMS 0x0000000080200000, 0x0000000080200000| Untracked 
|   2|0x0000000080200000, 0x0000000080300000, 0x0000000080300000|100%|HS|  |TAMS 0x0000000080300000, 0x0000000080300000| Complete 
|   3|0x0000000080300000, 0x0000000080400000, 0x0000000080400000|100%|HC|  |TAMS 0x0000000080400000, 0x0000000080400000| Complete 
|   4|0x0000000080400000, 0x0000000080500000, 0x0000000080500000|100%|HC|  |TAMS 0x0000000080500000, 0x0000000080500000| Complete 
|   5|0x0000000080500000, 0x0000000080600000, 0x0000000080600000|100%|HC|  |TAMS 0x0000000080600000, 0x0000000080600000| Complete 
|   6|0x0000000080600000, 0x0000000080700000, 0x0000000080700000|100%| O|  |TAMS 0x0000000080700000, 0x0000000080700000| Untracked 
|   7|0x0000000080700000, 0x0000000080800000, 0x0000000080800000|100%| O|  |TAMS 0x0000000080800000, 0x0000000080800000| Untracked 
|   8|0x0000000080800000, 0x0000000080900000, 0x0000000080900000|100%| O|  |TAMS 0x0000000080900000, 0x0000000080900000| Untracked 
|   9|0x0000000080900000, 0x0000000080a00000, 0x0000000080a00000|100%| O|  |TAMS 0x0000000080a00000, 0x0000000080a00000| Untracked 
|  10|0x0000000080a00000, 0x0000000080b00000, 0x0000000080b00000|100%| O|  |TAMS 0x0000000080b00000, 0x0000000080b00000| Untracked 
|  11|0x0000000080b00000, 0x0000000080c00000, 0x0000000080c00000|100%| O|  |TAMS 0x0000000080c00000, 0x0000000080c00000| Untracked 
|  12|0x0000000080c00000, 0x0000000080d00000, 0x0000000080d00000|100%| O|  |TAMS 0x0000000080d00000, 0x0000000080d00000| Untracked 
|  13|0x0000000080d00000, 0x0000000080e00000, 0x0000000080e00000|100%| O|  |TAMS 0x0000000080e00000, 0x0000000080e00000| Untracked 
|  14|0x0000000080e00000, 0x0000000080f00000, 0x0000000080f00000|100%| O|  |TAMS 0x0000000080f00000, 0x0000000080f00000| Untracked 
|  15|0x0000000080f00000, 0x0000000081000000, 0x0000000081000000|100%| O|  |TAMS 0x0000000081000000, 0x0000000081000000| Untracked 
|  16|0x0000000081000000, 0x0000000081100000, 0x0000000081100000|100%| O|  |TAMS 0x0000000081100000, 0x0000000081100000| Untracked 
|  17|0x0000000081100000, 0x0000000081200000, 0x0000000081200000|100%| O|  |TAMS 0x0000000081200000, 0x0000000081200000| Untracked 
|  18|0x0000000081200000, 0x0000000081300000, 0x0000000081300000|100%| O|  |TAMS 0x0000000081300000, 0x0000000081300000| Untracked 
|  19|0x0000000081300000, 0x00000000813bba00, 0x0000000081400000| 73%| O|  |TAMS 0x00000000813bba00, 0x00000000813bba00| Untracked 
|  20|0x0000000081400000, 0x0000000081500000, 0x0000000081500000|100%| O|  |TAMS 0x0000000081500000, 0x0000000081500000| Untracked 
|  21|0x0000000081500000, 0x0000000081600000, 0x0000000081600000|100%| O|  |TAMS 0x0000000081600000, 0x0000000081600000| Untracked 
|  22|0x0000000081600000, 0x0000000081700000, 0x0000000081700000|100%| O|  |TAMS 0x0000000081700000, 0x0000000081700000| Untracked 
|  23|0x0000000081700000, 0x0000000081800000, 0x0000000081800000|100%| O|  |TAMS 0x0000000081800000, 0x0000000081800000| Untracked 
|  24|0x0000000081800000, 0x0000000081900000, 0x0000000081900000|100%| O|  |TAMS 0x0000000081900000, 0x0000000081900000| Untracked 
|  25|0x0000000081900000, 0x0000000081a00000, 0x0000000081a00000|100%| O|  |TAMS 0x0000000081a00000, 0x0000000081a00000| Untracked 
|  26|0x0000000081a00000, 0x0000000081b00000, 0x0000000081b00000|100%| O|  |TAMS 0x0000000081b00000, 0x0000000081b00000| Untracked 
|  27|0x0000000081b00000, 0x0000000081c00000, 0x0000000081c00000|100%| O|  |TAMS 0x0000000081c00000, 0x0000000081c00000| Untracked 
|  28|0x0000000081c00000, 0x0000000081d00000, 0x0000000081d00000|100%| O|  |TAMS 0x0000000081d00000, 0x0000000081d00000| Untracked 
|  29|0x0000000081d00000, 0x0000000081e00000, 0x0000000081e00000|100%| O|  |TAMS 0x0000000081e00000, 0x0000000081e00000| Untracked 
|  30|0x0000000081e00000, 0x0000000081f00000, 0x0000000081f00000|100%| O|  |TAMS 0x0000000081f00000, 0x0000000081f00000| Untracked 
|  31|0x0000000081f00000, 0x0000000082000000, 0x0000000082000000|100%| O|  |TAMS 0x0000000082000000, 0x0000000082000000| Untracked 
|  32|0x0000000082000000, 0x0000000082100000, 0x0000000082100000|100%| O|  |TAMS 0x0000000082100000, 0x0000000082100000| Untracked 
|  33|0x0000000082100000, 0x0000000082200000, 0x0000000082200000|100%| O|  |TAMS 0x0000000082200000, 0x0000000082200000| Untracked 
|  34|0x0000000082200000, 0x0000000082300000, 0x0000000082300000|100%| O|  |TAMS 0x0000000082300000, 0x0000000082300000| Untracked 
|  35|0x0000000082300000, 0x0000000082400000, 0x0000000082400000|100%| O|  |TAMS 0x0000000082400000, 0x0000000082400000| Untracked 
|  36|0x0000000082400000, 0x0000000082500000, 0x0000000082500000|100%| O|  |TAMS 0x0000000082500000, 0x0000000082500000| Untracked 
|  37|0x0000000082500000, 0x0000000082600000, 0x0000000082600000|100%| O|  |TAMS 0x0000000082600000, 0x0000000082600000| Untracked 
|  38|0x0000000082600000, 0x0000000082700000, 0x0000000082700000|100%| O|  |TAMS 0x0000000082700000, 0x0000000082700000| Untracked 
|  39|0x0000000082700000, 0x0000000082800000, 0x0000000082800000|100%|HS|  |TAMS 0x0000000082800000, 0x0000000082800000| Complete 
|  40|0x0000000082800000, 0x0000000082900000, 0x0000000082900000|100%|HC|  |TAMS 0x0000000082900000, 0x0000000082900000| Complete 
|  41|0x0000000082900000, 0x0000000082a00000, 0x0000000082a00000|100%|HS|  |TAMS 0x0000000082a00000, 0x0000000082a00000| Complete 
|  42|0x0000000082a00000, 0x0000000082b00000, 0x0000000082b00000|100%|HC|  |TAMS 0x0000000082b00000, 0x0000000082b00000| Complete 
|  43|0x0000000082b00000, 0x0000000082c00000, 0x0000000082c00000|100%|HS|  |TAMS 0x0000000082c00000, 0x0000000082c00000| Complete 
|  44|0x0000000082c00000, 0x0000000082d00000, 0x0000000082d00000|100%|HC|  |TAMS 0x0000000082d00000, 0x0000000082d00000| Complete 
|  45|0x0000000082d00000, 0x0000000082e00000, 0x0000000082e00000|100%|HC|  |TAMS 0x0000000082e00000, 0x0000000082e00000| Complete 
|  46|0x0000000082e00000, 0x0000000082f00000, 0x0000000082f00000|100%|HC|  |TAMS 0x0000000082f00000, 0x0000000082f00000| Complete 
|  47|0x0000000082f00000, 0x0000000083000000, 0x0000000083000000|100%| O|  |TAMS 0x0000000083000000, 0x0000000083000000| Untracked 
|  48|0x0000000083000000, 0x0000000083100000, 0x0000000083100000|100%| O|  |TAMS 0x0000000083100000, 0x0000000083100000| Untracked 
|  49|0x0000000083100000, 0x0000000083200000, 0x0000000083200000|100%| O|  |TAMS 0x0000000083200000, 0x0000000083200000| Untracked 
|  50|0x0000000083200000, 0x0000000083300000, 0x0000000083300000|100%| O|  |TAMS 0x0000000083300000, 0x0000000083300000| Untracked 
|  51|0x0000000083300000, 0x0000000083400000, 0x0000000083400000|100%|HS|  |TAMS 0x0000000083400000, 0x0000000083400000| Complete 
|  52|0x0000000083400000, 0x0000000083500000, 0x0000000083500000|100%|HC|  |TAMS 0x0000000083500000, 0x0000000083500000| Complete 
|  53|0x0000000083500000, 0x0000000083600000, 0x0000000083600000|100%|HC|  |TAMS 0x0000000083600000, 0x0000000083600000| Complete 
|  54|0x0000000083600000, 0x0000000083700000, 0x0000000083700000|100%|HC|  |TAMS 0x0000000083700000, 0x0000000083700000| Complete 
|  55|0x0000000083700000, 0x0000000083800000, 0x0000000083800000|100%| O|  |TAMS 0x0000000083800000, 0x0000000083800000| Untracked 
|  56|0x0000000083800000, 0x0000000083900000, 0x0000000083900000|100%| O|  |TAMS 0x0000000083900000, 0x0000000083900000| Untracked 
|  57|0x0000000083900000, 0x0000000083a00000, 0x0000000083a00000|100%| O|  |TAMS 0x0000000083a00000, 0x0000000083a00000| Untracked 
|  58|0x0000000083a00000, 0x0000000083b00000, 0x0000000083b00000|100%| O|  |TAMS 0x0000000083b00000, 0x0000000083b00000| Untracked 
|  59|0x0000000083b00000, 0x0000000083c00000, 0x0000000083c00000|100%| O|  |TAMS 0x0000000083c00000, 0x0000000083c00000| Untracked 
|  60|0x0000000083c00000, 0x0000000083d00000, 0x0000000083d00000|100%| O|  |TAMS 0x0000000083c26600, 0x0000000083d00000| Untracked 
|  61|0x0000000083d00000, 0x0000000083e00000, 0x0000000083e00000|100%| O|  |TAMS 0x0000000083d00000, 0x0000000083e00000| Untracked 
|  62|0x0000000083e00000, 0x0000000083f00000, 0x0000000083f00000|100%| O|  |TAMS 0x0000000083e00000, 0x0000000083e30800| Untracked 
|  63|0x0000000083f00000, 0x0000000084000000, 0x0000000084000000|100%| O|  |TAMS 0x0000000083f00000, 0x0000000083f00000| Untracked 
|  64|0x0000000084000000, 0x0000000084100000, 0x0000000084100000|100%|HS|  |TAMS 0x0000000084000000, 0x0000000084000000| Complete 
|  65|0x0000000084100000, 0x0000000084200000, 0x0000000084200000|100%|HS|  |TAMS 0x0000000084100000, 0x0000000084100000| Complete 
|  66|0x0000000084200000, 0x0000000084300000, 0x0000000084300000|100%|HS|  |TAMS 0x0000000084200000, 0x0000000084200000| Complete 
|  67|0x0000000084300000, 0x0000000084300000, 0x0000000084400000|  0%| F|  |TAMS 0x0000000084300000, 0x0000000084300000| Untracked 
|  68|0x0000000084400000, 0x0000000084400000, 0x0000000084500000|  0%| F|  |TAMS 0x0000000084400000, 0x0000000084400000| Untracked 
|  69|0x0000000084500000, 0x0000000084500000, 0x0000000084600000|  0%| F|  |TAMS 0x0000000084500000, 0x0000000084500000| Untracked 
|  70|0x0000000084600000, 0x0000000084600000, 0x0000000084700000|  0%| F|  |TAMS 0x0000000084600000, 0x0000000084600000| Untracked 
|  71|0x0000000084700000, 0x0000000084700000, 0x0000000084800000|  0%| F|  |TAMS 0x0000000084700000, 0x0000000084700000| Untracked 
|  72|0x0000000084800000, 0x0000000084800000, 0x0000000084900000|  0%| F|  |TAMS 0x0000000084800000, 0x0000000084800000| Untracked 
|  73|0x0000000084900000, 0x0000000084900000, 0x0000000084a00000|  0%| F|  |TAMS 0x0000000084900000, 0x0000000084900000| Untracked 
|  74|0x0000000084a00000, 0x0000000084a00000, 0x0000000084b00000|  0%| F|  |TAMS 0x0000000084a00000, 0x0000000084a00000| Untracked 
|  75|0x0000000084b00000, 0x0000000084b00000, 0x0000000084c00000|  0%| F|  |TAMS 0x0000000084b00000, 0x0000000084b00000| Untracked 
|  76|0x0000000084c00000, 0x0000000084c00000, 0x0000000084d00000|  0%| F|  |TAMS 0x0000000084c00000, 0x0000000084c00000| Untracked 
|  77|0x0000000084d00000, 0x0000000084d00000, 0x0000000084e00000|  0%| F|  |TAMS 0x0000000084d00000, 0x0000000084d00000| Untracked 
|  78|0x0000000084e00000, 0x0000000084e00000, 0x0000000084f00000|  0%| F|  |TAMS 0x0000000084e00000, 0x0000000084e00000| Untracked 
|  79|0x0000000084f00000, 0x0000000084f00000, 0x0000000085000000|  0%| F|  |TAMS 0x0000000084f00000, 0x0000000084f00000| Untracked 
|  80|0x0000000085000000, 0x0000000085000000, 0x0000000085100000|  0%| F|  |TAMS 0x0000000085000000, 0x0000000085000000| Untracked 
|  81|0x0000000085100000, 0x0000000085100000, 0x0000000085200000|  0%| F|  |TAMS 0x0000000085100000, 0x0000000085100000| Untracked 
|  82|0x0000000085200000, 0x0000000085200000, 0x0000000085300000|  0%| F|  |TAMS 0x0000000085200000, 0x0000000085200000| Untracked 
|  83|0x0000000085300000, 0x0000000085300000, 0x0000000085400000|  0%| F|  |TAMS 0x0000000085300000, 0x0000000085300000| Untracked 
|  84|0x0000000085400000, 0x0000000085400000, 0x0000000085500000|  0%| F|  |TAMS 0x0000000085400000, 0x0000000085400000| Untracked 
|  85|0x0000000085500000, 0x0000000085500000, 0x0000000085600000|  0%| F|  |TAMS 0x0000000085500000, 0x0000000085500000| Untracked 
|  86|0x0000000085600000, 0x0000000085600000, 0x0000000085700000|  0%| F|  |TAMS 0x0000000085600000, 0x0000000085600000| Untracked 
|  87|0x0000000085700000, 0x0000000085700000, 0x0000000085800000|  0%| F|  |TAMS 0x0000000085700000, 0x0000000085700000| Untracked 
|  88|0x0000000085800000, 0x0000000085800000, 0x0000000085900000|  0%| F|  |TAMS 0x0000000085800000, 0x0000000085800000| Untracked 
|  89|0x0000000085900000, 0x0000000085900000, 0x0000000085a00000|  0%| F|  |TAMS 0x0000000085900000, 0x0000000085900000| Untracked 
|  90|0x0000000085a00000, 0x0000000085a00000, 0x0000000085b00000|  0%| F|  |TAMS 0x0000000085a00000, 0x0000000085a00000| Untracked 
|  91|0x0000000085b00000, 0x0000000085b00000, 0x0000000085c00000|  0%| F|  |TAMS 0x0000000085b00000, 0x0000000085b00000| Untracked 
|  92|0x0000000085c00000, 0x0000000085c00000, 0x0000000085d00000|  0%| F|  |TAMS 0x0000000085c00000, 0x0000000085c00000| Untracked 
|  93|0x0000000085d00000, 0x0000000085d00000, 0x0000000085e00000|  0%| F|  |TAMS 0x0000000085d00000, 0x0000000085d00000| Untracked 
|  94|0x0000000085e00000, 0x0000000085e00000, 0x0000000085f00000|  0%| F|  |TAMS 0x0000000085e00000, 0x0000000085e00000| Untracked 
|  95|0x0000000085f00000, 0x0000000085f00000, 0x0000000086000000|  0%| F|  |TAMS 0x0000000085f00000, 0x0000000085f00000| Untracked 
|  96|0x0000000086000000, 0x0000000086000000, 0x0000000086100000|  0%| F|  |TAMS 0x0000000086000000, 0x0000000086000000| Untracked 
|  97|0x0000000086100000, 0x0000000086100000, 0x0000000086200000|  0%| F|  |TAMS 0x0000000086100000, 0x0000000086100000| Untracked 
|  98|0x0000000086200000, 0x0000000086200000, 0x0000000086300000|  0%| F|  |TAMS 0x0000000086200000, 0x0000000086200000| Untracked 
|  99|0x0000000086300000, 0x0000000086300000, 0x0000000086400000|  0%| F|  |TAMS 0x0000000086300000, 0x0000000086300000| Untracked 
| 100|0x0000000086400000, 0x0000000086400000, 0x0000000086500000|  0%| F|  |TAMS 0x0000000086400000, 0x0000000086400000| Untracked 
| 101|0x0000000086500000, 0x0000000086500000, 0x0000000086600000|  0%| F|  |TAMS 0x0000000086500000, 0x0000000086500000| Untracked 
| 102|0x0000000086600000, 0x0000000086600000, 0x0000000086700000|  0%| F|  |TAMS 0x0000000086600000, 0x0000000086600000| Untracked 
| 103|0x0000000086700000, 0x0000000086700000, 0x0000000086800000|  0%| F|  |TAMS 0x0000000086700000, 0x0000000086700000| Untracked 
| 104|0x0000000086800000, 0x0000000086800000, 0x0000000086900000|  0%| F|  |TAMS 0x0000000086800000, 0x0000000086800000| Untracked 
| 105|0x0000000086900000, 0x0000000086900000, 0x0000000086a00000|  0%| F|  |TAMS 0x0000000086900000, 0x0000000086900000| Untracked 
| 106|0x0000000086a00000, 0x0000000086a00000, 0x0000000086b00000|  0%| F|  |TAMS 0x0000000086a00000, 0x0000000086a00000| Untracked 
| 107|0x0000000086b00000, 0x0000000086b00000, 0x0000000086c00000|  0%| F|  |TAMS 0x0000000086b00000, 0x0000000086b00000| Untracked 
| 108|0x0000000086c00000, 0x0000000086c00000, 0x0000000086d00000|  0%| F|  |TAMS 0x0000000086c00000, 0x0000000086c00000| Untracked 
| 109|0x0000000086d00000, 0x0000000086d00000, 0x0000000086e00000|  0%| F|  |TAMS 0x0000000086d00000, 0x0000000086d00000| Untracked 
| 110|0x0000000086e00000, 0x0000000086e00000, 0x0000000086f00000|  0%| F|  |TAMS 0x0000000086e00000, 0x0000000086e00000| Untracked 
| 111|0x0000000086f00000, 0x0000000086f00000, 0x0000000087000000|  0%| F|  |TAMS 0x0000000086f00000, 0x0000000086f00000| Untracked 
| 112|0x0000000087000000, 0x0000000087000000, 0x0000000087100000|  0%| F|  |TAMS 0x0000000087000000, 0x0000000087000000| Untracked 
| 113|0x0000000087100000, 0x0000000087100000, 0x0000000087200000|  0%| F|  |TAMS 0x0000000087100000, 0x0000000087100000| Untracked 
| 114|0x0000000087200000, 0x0000000087200000, 0x0000000087300000|  0%| F|  |TAMS 0x0000000087200000, 0x0000000087200000| Untracked 
| 115|0x0000000087300000, 0x0000000087300000, 0x0000000087400000|  0%| F|  |TAMS 0x0000000087300000, 0x0000000087300000| Untracked 
| 116|0x0000000087400000, 0x0000000087400000, 0x0000000087500000|  0%| F|  |TAMS 0x0000000087400000, 0x0000000087400000| Untracked 
| 117|0x0000000087500000, 0x0000000087500000, 0x0000000087600000|  0%| F|  |TAMS 0x0000000087500000, 0x0000000087500000| Untracked 
| 118|0x0000000087600000, 0x0000000087600000, 0x0000000087700000|  0%| F|  |TAMS 0x0000000087600000, 0x0000000087600000| Untracked 
| 119|0x0000000087700000, 0x0000000087700000, 0x0000000087800000|  0%| F|  |TAMS 0x0000000087700000, 0x0000000087700000| Untracked 
| 120|0x0000000087800000, 0x0000000087800000, 0x0000000087900000|  0%| F|  |TAMS 0x0000000087800000, 0x0000000087800000| Untracked 
| 121|0x0000000087900000, 0x0000000087900000, 0x0000000087a00000|  0%| F|  |TAMS 0x0000000087900000, 0x0000000087900000| Untracked 
| 122|0x0000000087a00000, 0x0000000087a6c4e0, 0x0000000087b00000| 42%| S|CS|TAMS 0x0000000087a00000, 0x0000000087a00000| Complete 
| 123|0x0000000087b00000, 0x0000000087c00000, 0x0000000087c00000|100%| S|CS|TAMS 0x0000000087b00000, 0x0000000087b00000| Complete 
| 124|0x0000000087c00000, 0x0000000087d00000, 0x0000000087d00000|100%| S|CS|TAMS 0x0000000087c00000, 0x0000000087c00000| Complete 
| 125|0x0000000087d00000, 0x0000000087e00000, 0x0000000087e00000|100%| S|CS|TAMS 0x0000000087d00000, 0x0000000087d00000| Complete 
| 126|0x0000000087e00000, 0x0000000087e00000, 0x0000000087f00000|  0%| F|  |TAMS 0x0000000087e00000, 0x0000000087e00000| Untracked 
| 127|0x0000000087f00000, 0x0000000087f00000, 0x0000000088000000|  0%| F|  |TAMS 0x0000000087f00000, 0x0000000087f00000| Untracked 
| 128|0x0000000088000000, 0x0000000088000000, 0x0000000088100000|  0%| F|  |TAMS 0x0000000088000000, 0x0000000088000000| Untracked 
| 129|0x0000000088100000, 0x0000000088100000, 0x0000000088200000|  0%| F|  |TAMS 0x0000000088100000, 0x0000000088100000| Untracked 
| 130|0x0000000088200000, 0x0000000088200000, 0x0000000088300000|  0%| F|  |TAMS 0x0000000088200000, 0x0000000088200000| Untracked 
| 131|0x0000000088300000, 0x0000000088300000, 0x0000000088400000|  0%| F|  |TAMS 0x0000000088300000, 0x0000000088300000| Untracked 
| 132|0x0000000088400000, 0x0000000088400000, 0x0000000088500000|  0%| F|  |TAMS 0x0000000088400000, 0x0000000088400000| Untracked 
| 133|0x0000000088500000, 0x0000000088500000, 0x0000000088600000|  0%| F|  |TAMS 0x0000000088500000, 0x0000000088500000| Untracked 
| 134|0x0000000088600000, 0x0000000088600000, 0x0000000088700000|  0%| F|  |TAMS 0x0000000088600000, 0x0000000088600000| Untracked 
| 135|0x0000000088700000, 0x0000000088700000, 0x0000000088800000|  0%| F|  |TAMS 0x0000000088700000, 0x0000000088700000| Untracked 
| 136|0x0000000088800000, 0x0000000088900000, 0x0000000088900000|100%| E|  |TAMS 0x0000000088800000, 0x0000000088800000| Complete 
| 137|0x0000000088900000, 0x0000000088a00000, 0x0000000088a00000|100%| E|CS|TAMS 0x0000000088900000, 0x0000000088900000| Complete 

Card table byte_map: [0x0000020f71a90000,0x0000020f71e90000] _byte_map_base: 0x0000020f71690000

Marking Bits (Prev, Next): (CMBitMap*) 0x0000020f69bd0770, (CMBitMap*) 0x0000020f69bd0730
 Prev Bits: [0x0000020f74290000, 0x0000020f76290000)
 Next Bits: [0x0000020f72290000, 0x0000020f74290000)

Polling page: 0x0000020f679c0000

Metaspace:

Usage:
  Non-class:     59.61 MB used.
      Class:      9.70 MB used.
       Both:     69.31 MB used.

Virtual space:
  Non-class space:       64.00 MB reserved,      60.00 MB ( 94%) committed,  1 nodes.
      Class space:      416.00 MB reserved,      10.06 MB (  2%) committed,  1 nodes.
             Both:      480.00 MB reserved,      70.06 MB ( 15%) committed. 

Chunk freelists:
   Non-Class:  3.74 MB
       Class:  5.99 MB
        Both:  9.74 MB

MaxMetaspaceSize: 512.00 MB
CompressedClassSpaceSize: 416.00 MB
Initial GC threshold: 21.00 MB
Current GC threshold: 116.50 MB
CDS: on
MetaspaceReclaimPolicy: balanced
 - commit_granule_bytes: 65536.
 - commit_granule_words: 8192.
 - virtual_space_node_default_size: 8388608.
 - enlarge_chunks_in_place: 1.
 - new_chunks_are_fully_committed: 0.
 - uncommit_free_chunks: 1.
 - use_allocation_guard: 0.
 - handle_deallocations: 1.


Internal statistics:

num_allocs_failed_limit: 6.
num_arena_births: 830.
num_arena_deaths: 0.
num_vsnodes_births: 2.
num_vsnodes_deaths: 0.
num_space_committed: 1121.
num_space_uncommitted: 0.
num_chunks_returned_to_freelist: 6.
num_chunks_taken_from_freelist: 3549.
num_chunk_merges: 6.
num_chunk_splits: 2354.
num_chunks_enlarged: 1567.
num_inconsistent_stats: 0.

CodeHeap 'non-profiled nmethods': size=120000Kb used=4618Kb max_used=4618Kb free=115381Kb
 bounds [0x0000020f07ad0000, 0x0000020f07f60000, 0x0000020f0f000000]
CodeHeap 'profiled nmethods': size=120000Kb used=15703Kb max_used=15703Kb free=104296Kb
 bounds [0x0000020f00000000, 0x0000020f00f60000, 0x0000020f07530000]
CodeHeap 'non-nmethods': size=5760Kb used=2403Kb max_used=2477Kb free=3356Kb
 bounds [0x0000020f07530000, 0x0000020f077b0000, 0x0000020f07ad0000]
 total_blobs=8953 nmethods=8020 adapters=845
 compilation: enabled
              stopped_count=0, restarted_count=0
 full_count=0

Compilation events (20 events):
Event: 27.140 Thread 0x0000020f787546f0 8750       4       java.lang.ThreadLocal$ThreadLocalMap::cleanSomeSlots (61 bytes)
Event: 27.143 Thread 0x0000020f787546f0 nmethod 8750 0x0000020f07f52110 code [0x0000020f07f522a0, 0x0000020f07f523e8]
Event: 27.144 Thread 0x0000020f787550b0 nmethod 8754 0x0000020f00f40010 code [0x0000020f00f407c0, 0x0000020f00f453a8]
Event: 27.153 Thread 0x0000020f787550b0 8755       3       org.gradle.internal.classpath.DefaultClassPath$ImmutableUniqueList::of (63 bytes)
Event: 27.154 Thread 0x0000020f787550b0 nmethod 8755 0x0000020f00f46910 code [0x0000020f00f46be0, 0x0000020f00f47bf8]
Event: 27.154 Thread 0x0000020f787550b0 8756       1       org.gradle.util.internal.DefaultGradleVersion::getVersion (5 bytes)
Event: 27.154 Thread 0x0000020f787550b0 nmethod 8756 0x0000020f07f52590 code [0x0000020f07f52720, 0x0000020f07f527f8]
Event: 27.161 Thread 0x0000020f787550b0 8757       3       org.gradle.api.internal.initialization.ClassLoaderScopeIdentifier::hashCode (23 bytes)
Event: 27.162 Thread 0x0000020f787550b0 nmethod 8757 0x0000020f00f48110 code [0x0000020f00f48300, 0x0000020f00f486a8]
Event: 27.165 Thread 0x0000020f787550b0 8758       3       com.google.common.collect.LinkedHashMultimap$ValueEntry::getSuccessorInValueSet (11 bytes)
Event: 27.165 Thread 0x0000020f787550b0 nmethod 8758 0x0000020f00f48890 code [0x0000020f00f48a40, 0x0000020f00f48dc8]
Event: 27.165 Thread 0x0000020f787550b0 8759       3       com.google.common.collect.LinkedHashMultimap$ValueSet$1::next (43 bytes)
Event: 27.166 Thread 0x0000020f787550b0 nmethod 8759 0x0000020f00f48f10 code [0x0000020f00f49140, 0x0000020f00f49a68]
Event: 27.166 Thread 0x0000020f787550b0 8760       3       java.util.stream.IntPipeline$1$1::accept (23 bytes)
Event: 27.166 Thread 0x0000020f787550b0 nmethod 8760 0x0000020f00f49d90 code [0x0000020f00f49f40, 0x0000020f00f4a1f8]
Event: 27.166 Thread 0x0000020f787550b0 8761       3       org.codehaus.groovy.reflection.CachedClass::getNewMetaMethods (166 bytes)
Event: 27.168 Thread 0x0000020f787550b0 nmethod 8761 0x0000020f00f4a310 code [0x0000020f00f4a680, 0x0000020f00f4bf48]
Event: 27.168 Thread 0x0000020f787550b0 8762       1       org.codehaus.groovy.runtime.metaclass.NewInstanceMetaMethod::getModifiers (2 bytes)
Event: 27.168 Thread 0x0000020f787550b0 nmethod 8762 0x0000020f07f52890 code [0x0000020f07f52a20, 0x0000020f07f52af8]
Event: 27.203 Thread 0x0000020f787550b0 8763   !   3       java.util.zip.ZipFile$Source::findEND (669 bytes)

GC Heap History (20 events):
Event: 21.663 GC heap before
{Heap before GC invocations=18 (full 0):
 garbage-first heap   total 83968K, used 73033K [0x0000000080000000, 0x0000000100000000)
  region size 1024K, 27 young (27648K), 3 survivors (3072K)
 Metaspace       used 55414K, committed 56000K, reserved 491520K
  class space    used 7654K, committed 7936K, reserved 425984K
}
Event: 21.672 GC heap after
{Heap after GC invocations=19 (full 0):
 garbage-first heap   total 83968K, used 52406K [0x0000000080000000, 0x0000000100000000)
  region size 1024K, 4 young (4096K), 4 survivors (4096K)
 Metaspace       used 55414K, committed 56000K, reserved 491520K
  class space    used 7654K, committed 7936K, reserved 425984K
}
Event: 22.121 GC heap before
{Heap before GC invocations=19 (full 0):
 garbage-first heap   total 83968K, used 68790K [0x0000000080000000, 0x0000000100000000)
  region size 1024K, 21 young (21504K), 4 survivors (4096K)
 Metaspace       used 57029K, committed 57728K, reserved 491520K
  class space    used 7923K, committed 8256K, reserved 425984K
}
Event: 22.127 GC heap after
{Heap after GC invocations=20 (full 0):
 garbage-first heap   total 83968K, used 53181K [0x0000000080000000, 0x0000000100000000)
  region size 1024K, 1 young (1024K), 1 survivors (1024K)
 Metaspace       used 57029K, committed 57728K, reserved 491520K
  class space    used 7923K, committed 8256K, reserved 425984K
}
Event: 22.607 GC heap before
{Heap before GC invocations=21 (full 0):
 garbage-first heap   total 96256K, used 65469K [0x0000000080000000, 0x0000000100000000)
  region size 1024K, 15 young (15360K), 1 survivors (1024K)
 Metaspace       used 58268K, committed 58880K, reserved 491520K
  class space    used 8128K, committed 8448K, reserved 425984K
}
Event: 22.612 GC heap after
{Heap after GC invocations=22 (full 0):
 garbage-first heap   total 96256K, used 53681K [0x0000000080000000, 0x0000000100000000)
  region size 1024K, 2 young (2048K), 2 survivors (2048K)
 Metaspace       used 58268K, committed 58880K, reserved 491520K
  class space    used 8128K, committed 8448K, reserved 425984K
}
Event: 23.268 GC heap before
{Heap before GC invocations=23 (full 0):
 garbage-first heap   total 106496K, used 82353K [0x0000000080000000, 0x0000000100000000)
  region size 1024K, 26 young (26624K), 2 survivors (2048K)
 Metaspace       used 60052K, committed 60736K, reserved 491520K
  class space    used 8358K, committed 8704K, reserved 425984K
}
Event: 23.273 GC heap after
{Heap after GC invocations=24 (full 0):
 garbage-first heap   total 106496K, used 58758K [0x0000000080000000, 0x0000000100000000)
  region size 1024K, 3 young (3072K), 3 survivors (3072K)
 Metaspace       used 60052K, committed 60736K, reserved 491520K
  class space    used 8358K, committed 8704K, reserved 425984K
}
Event: 23.847 GC heap before
{Heap before GC invocations=24 (full 0):
 garbage-first heap   total 106496K, used 86406K [0x0000000080000000, 0x0000000100000000)
  region size 1024K, 30 young (30720K), 3 survivors (3072K)
 Metaspace       used 62563K, committed 63232K, reserved 491520K
  class space    used 8711K, committed 9024K, reserved 425984K
}
Event: 23.852 GC heap after
{Heap after GC invocations=25 (full 0):
 garbage-first heap   total 106496K, used 59867K [0x0000000080000000, 0x0000000100000000)
  region size 1024K, 3 young (3072K), 3 survivors (3072K)
 Metaspace       used 62563K, committed 63232K, reserved 491520K
  class space    used 8711K, committed 9024K, reserved 425984K
}
Event: 24.352 GC heap before
{Heap before GC invocations=26 (full 0):
 garbage-first heap   total 109568K, used 87515K [0x0000000080000000, 0x0000000100000000)
  region size 1024K, 31 young (31744K), 3 survivors (3072K)
 Metaspace       used 65025K, committed 65728K, reserved 491520K
  class space    used 9023K, committed 9344K, reserved 425984K
}
Event: 24.357 GC heap after
{Heap after GC invocations=27 (full 0):
 garbage-first heap   total 109568K, used 61330K [0x0000000080000000, 0x0000000100000000)
  region size 1024K, 3 young (3072K), 3 survivors (3072K)
 Metaspace       used 65025K, committed 65728K, reserved 491520K
  class space    used 9023K, committed 9344K, reserved 425984K
}
Event: 24.849 GC heap before
{Heap before GC invocations=27 (full 0):
 garbage-first heap   total 109568K, used 91026K [0x0000000080000000, 0x0000000100000000)
  region size 1024K, 32 young (32768K), 3 survivors (3072K)
 Metaspace       used 66905K, committed 67584K, reserved 491520K
  class space    used 9312K, committed 9664K, reserved 425984K
}
Event: 24.860 GC heap after
{Heap after GC invocations=28 (full 0):
 garbage-first heap   total 109568K, used 63533K [0x0000000080000000, 0x0000000100000000)
  region size 1024K, 4 young (4096K), 4 survivors (4096K)
 Metaspace       used 66905K, committed 67584K, reserved 491520K
  class space    used 9312K, committed 9664K, reserved 425984K
}
Event: 25.605 GC heap before
{Heap before GC invocations=29 (full 0):
 garbage-first heap   total 117760K, used 90157K [0x0000000080000000, 0x0000000100000000)
  region size 1024K, 30 young (30720K), 4 survivors (4096K)
 Metaspace       used 68604K, committed 69376K, reserved 491520K
  class space    used 9570K, committed 9920K, reserved 425984K
}
Event: 25.617 GC heap after
{Heap after GC invocations=30 (full 0):
 garbage-first heap   total 117760K, used 65416K [0x0000000080000000, 0x0000000100000000)
  region size 1024K, 4 young (4096K), 4 survivors (4096K)
 Metaspace       used 68604K, committed 69376K, reserved 491520K
  class space    used 9570K, committed 9920K, reserved 425984K
}
Event: 26.648 GC heap before
{Heap before GC invocations=30 (full 0):
 garbage-first heap   total 117760K, used 96136K [0x0000000080000000, 0x0000000100000000)
  region size 1024K, 35 young (35840K), 4 survivors (4096K)
 Metaspace       used 70821K, committed 71552K, reserved 491520K
  class space    used 9923K, committed 10240K, reserved 425984K
}
Event: 26.661 GC heap after
{Heap after GC invocations=31 (full 0):
 garbage-first heap   total 141312K, used 68436K [0x0000000080000000, 0x0000000100000000)
  region size 1024K, 5 young (5120K), 5 survivors (5120K)
 Metaspace       used 70821K, committed 71552K, reserved 491520K
  class space    used 9923K, committed 10240K, reserved 425984K
}
Event: 27.170 GC heap before
{Heap before GC invocations=32 (full 0):
 garbage-first heap   total 141312K, used 79700K [0x0000000080000000, 0x0000000100000000)
  region size 1024K, 17 young (17408K), 5 survivors (5120K)
 Metaspace       used 70961K, committed 71744K, reserved 491520K
  class space    used 9933K, committed 10304K, reserved 425984K
}
Event: 27.180 GC heap after
{Heap after GC invocations=33 (full 0):
 garbage-first heap   total 141312K, used 68767K [0x0000000080000000, 0x0000000100000000)
  region size 1024K, 4 young (4096K), 4 survivors (4096K)
 Metaspace       used 70961K, committed 71744K, reserved 491520K
  class space    used 9933K, committed 10304K, reserved 425984K
}

Dll operation events (15 events):
Event: 0.016 Loaded shared library C:\Program Files\Microsoft\jdk-17.0.10.7-hotspot\bin\java.dll
Event: 0.067 Loaded shared library C:\Program Files\Microsoft\jdk-17.0.10.7-hotspot\bin\jsvml.dll
Event: 0.311 Loaded shared library C:\Program Files\Microsoft\jdk-17.0.10.7-hotspot\bin\zip.dll
Event: 0.317 Loaded shared library C:\Program Files\Microsoft\jdk-17.0.10.7-hotspot\bin\instrument.dll
Event: 0.325 Loaded shared library C:\Program Files\Microsoft\jdk-17.0.10.7-hotspot\bin\net.dll
Event: 0.328 Loaded shared library C:\Program Files\Microsoft\jdk-17.0.10.7-hotspot\bin\nio.dll
Event: 0.335 Loaded shared library C:\Program Files\Microsoft\jdk-17.0.10.7-hotspot\bin\zip.dll
Event: 0.954 Loaded shared library C:\Program Files\Microsoft\jdk-17.0.10.7-hotspot\bin\jimage.dll
Event: 1.111 Loaded shared library C:\Program Files\Microsoft\jdk-17.0.10.7-hotspot\bin\verify.dll
Event: 1.421 Loaded shared library C:\Users\muham\.gradle\native\68d5fa5c4cc2d200863cafc0d521ce42e7d3e7ee720ec0a83991735586a16f82\windows-amd64\native-platform.dll
Event: 1.441 Loaded shared library C:\Users\muham\.gradle\native\e376f236ea51e6404a007f0833ffe2c6e607c4080706a723a18a27aeea778392\windows-amd64\native-platform-file-events.dll
Event: 2.982 Loaded shared library C:\Program Files\Microsoft\jdk-17.0.10.7-hotspot\bin\management.dll
Event: 2.984 Loaded shared library C:\Program Files\Microsoft\jdk-17.0.10.7-hotspot\bin\management_ext.dll
Event: 3.309 Loaded shared library C:\Program Files\Microsoft\jdk-17.0.10.7-hotspot\bin\extnet.dll
Event: 3.720 Loaded shared library C:\Program Files\Microsoft\jdk-17.0.10.7-hotspot\bin\sunmscapi.dll

Deoptimization events (20 events):
Event: 26.562 Thread 0x0000020f2a05c8e0 Uncommon trap: trap_request=0xffffff45 fr.pc=0x0000020f07c33684 relative=0x0000000000000424
Event: 26.562 Thread 0x0000020f2a05c8e0 Uncommon trap: reason=unstable_if action=reinterpret pc=0x0000020f07c33684 method=org.gradle.internal.snapshot.PathUtil.equalChars(CCLorg/gradle/internal/snapshot/CaseSensitivity;)Z @ 40 c2
Event: 26.562 Thread 0x0000020f2a05c8e0 DEOPT PACKING pc=0x0000020f07c33684 sp=0x000000d4fc7fb4f0
Event: 26.562 Thread 0x0000020f2a05c8e0 DEOPT UNPACKING pc=0x0000020f075869a3 sp=0x000000d4fc7fb498 mode 2
Event: 26.677 Thread 0x0000020f7e468a30 DEOPT PACKING pc=0x0000020f0044a7dc sp=0x000000d4fa4f7a10
Event: 26.677 Thread 0x0000020f7e468a30 DEOPT UNPACKING pc=0x0000020f07587143 sp=0x000000d4fa4f6f90 mode 0
Event: 26.757 Thread 0x0000020f2b3c0fe0 DEOPT PACKING pc=0x0000020f0044a7dc sp=0x000000d4fd0fd050
Event: 26.757 Thread 0x0000020f2b3c0fe0 DEOPT UNPACKING pc=0x0000020f07587143 sp=0x000000d4fd0fc5d0 mode 0
Event: 26.973 Thread 0x0000020f7d8c14d0 DEOPT PACKING pc=0x0000020f0095392c sp=0x000000d4f9afeaf0
Event: 26.973 Thread 0x0000020f7d8c14d0 DEOPT UNPACKING pc=0x0000020f07587143 sp=0x000000d4f9afdf58 mode 0
Event: 27.079 Thread 0x0000020f7e468a30 DEOPT PACKING pc=0x0000020f00935a89 sp=0x000000d4fa4f9070
Event: 27.079 Thread 0x0000020f7e468a30 DEOPT UNPACKING pc=0x0000020f07587143 sp=0x000000d4fa4f8568 mode 0
Event: 27.088 Thread 0x0000020f7e468a30 DEOPT PACKING pc=0x0000020f00935a89 sp=0x000000d4fa4f9070
Event: 27.088 Thread 0x0000020f7e468a30 DEOPT UNPACKING pc=0x0000020f07587143 sp=0x000000d4fa4f8568 mode 0
Event: 27.097 Thread 0x0000020f7e468a30 DEOPT PACKING pc=0x0000020f00935a89 sp=0x000000d4fa4f9070
Event: 27.097 Thread 0x0000020f7e468a30 DEOPT UNPACKING pc=0x0000020f07587143 sp=0x000000d4fa4f8568 mode 0
Event: 27.192 Thread 0x0000020f7e468a30 Uncommon trap: trap_request=0xffffff45 fr.pc=0x0000020f07c72348 relative=0x0000000000001fa8
Event: 27.192 Thread 0x0000020f7e468a30 Uncommon trap: reason=unstable_if action=reinterpret pc=0x0000020f07c72348 method=java.util.zip.ZipFile.getInputStream(Ljava/util/zip/ZipEntry;)Ljava/io/InputStream; @ 101 c2
Event: 27.192 Thread 0x0000020f7e468a30 DEOPT PACKING pc=0x0000020f07c72348 sp=0x000000d4fa4f3b90
Event: 27.192 Thread 0x0000020f7e468a30 DEOPT UNPACKING pc=0x0000020f075869a3 sp=0x000000d4fa4f3b48 mode 2

Classes unloaded (0 events):
No events

Classes redefined (0 events):
No events

Internal exceptions (20 events):
Event: 24.635 Thread 0x0000020f7e468a30 Exception <a 'java/lang/ClassNotFoundException'{0x000000008584fd78}: org/gradle/api/internal/artifacts/dsl/DefaultRepositoryHandler_DecoratedCustomizer> (0x000000008584fd78) 
thrown [s\src\hotspot\share\classfile\systemDictionary.cpp, line 256]
Event: 24.647 Thread 0x0000020f7e468a30 Exception <a 'java/lang/ClassNotFoundException'{0x00000000858ea3e0}: org/gradle/api/internal/artifacts/dsl/dependencies/DefaultDependencyHandler_DecoratedBeanInfo> (0x00000000858ea3e0) 
thrown [s\src\hotspot\share\classfile\systemDictionary.cpp, line 256]
Event: 24.649 Thread 0x0000020f7e468a30 Exception <a 'java/lang/ClassNotFoundException'{0x0000000085701040}: org/gradle/api/internal/artifacts/dsl/dependencies/DefaultDependencyHandlerBeanInfo> (0x0000000085701040) 
thrown [s\src\hotspot\share\classfile\systemDictionary.cpp, line 256]
Event: 24.650 Thread 0x0000020f7e468a30 Exception <a 'java/lang/ClassNotFoundException'{0x00000000857171b8}: org/gradle/api/internal/artifacts/dsl/dependencies/DefaultDependencyHandlerCustomizer> (0x00000000857171b8) 
thrown [s\src\hotspot\share\classfile\systemDictionary.cpp, line 256]
Event: 24.653 Thread 0x0000020f7e468a30 Exception <a 'java/lang/ClassNotFoundException'{0x0000000085753f78}: org/gradle/api/internal/artifacts/dsl/dependencies/DefaultDependencyHandler_DecoratedCustomizer> (0x0000000085753f78) 
thrown [s\src\hotspot\share\classfile\systemDictionary.cpp, line 256]
Event: 25.922 Thread 0x0000020f7e468a30 Exception <a 'java/lang/NoSuchMethodError'{0x0000000086aa6628}: 'java.lang.Object java.lang.invoke.DirectMethodHandle$Holder.newInvokeSpecial(java.lang.Object, java.lang.Object, java.lang.Object, java.lang.Object, java.lang.Object, java.lang.Object, int)'> (0x0000000086aa6628) 
thrown [s\src\hotspot\share\interpreter\linkResolver.cpp, line 759]
Event: 25.923 Thread 0x0000020f7e468a30 Exception <a 'java/lang/NoSuchMethodError'{0x0000000086aac610}: 'java.lang.Object java.lang.invoke.DirectMethodHandle$Holder.invokeSpecial(java.lang.Object, java.lang.Object, java.lang.Object, java.lang.Object, java.lang.Object, java.lang.Object, java.lang.Object, int)'> (0x0000000086aac610) 
thrown [s\src\hotspot\share\interpreter\linkResolver.cpp, line 759]
Event: 25.923 Thread 0x0000020f7e468a30 Exception <a 'java/lang/NoSuchMethodError'{0x0000000086ab21e0}: 'java.lang.Object java.lang.invoke.Invokers$Holder.linkToTargetMethod(java.lang.Object, java.lang.Object, java.lang.Object, java.lang.Object, java.lang.Object, int, java.lang.Object)'> (0x0000000086ab21e0) 
thrown [s\src\hotspot\share\interpreter\linkResolver.cpp, line 759]
Event: 25.939 Thread 0x0000020f2a05b9b0 Implicit null exception at 0x0000020f07d7a303 to 0x0000020f07d7a4e8
Event: 25.945 Thread 0x0000020f2a05c3d0 Implicit null exception at 0x0000020f07cca64b to 0x0000020f07cca670
Event: 26.190 Thread 0x0000020f2a05f160 Exception <a 'java/lang/NoSuchMethodError'{0x0000000085f76590}: 'java.lang.Object java.lang.invoke.DirectMethodHandle$Holder.newInvokeSpecial(java.lang.Object, java.lang.Object, java.lang.Object, java.lang.Object, int, java.lang.Object)'> (0x0000000085f76590) 
thrown [s\src\hotspot\share\interpreter\linkResolver.cpp, line 759]
Event: 26.190 Thread 0x0000020f2a05f160 Exception <a 'java/lang/NoSuchMethodError'{0x0000000085f7ab58}: 'java.lang.Object java.lang.invoke.Invokers$Holder.linkToTargetMethod(java.lang.Object, java.lang.Object, java.lang.Object, int, java.lang.Object, java.lang.Object)'> (0x0000000085f7ab58) 
thrown [s\src\hotspot\share\interpreter\linkResolver.cpp, line 759]
Event: 26.209 Thread 0x0000020f2a05f160 Exception <a 'java/lang/NoSuchMethodError'{0x0000000085e130d0}: 'void java.lang.invoke.DirectMethodHandle$Holder.invokeInterface(java.lang.Object, java.lang.Object, java.lang.Object, java.lang.Object)'> (0x0000000085e130d0) 
thrown [s\src\hotspot\share\interpreter\linkResolver.cpp, line 759]
Event: 26.276 Thread 0x0000020f2a05f160 Exception <a 'java/lang/NoSuchMethodError'{0x0000000085c1d620}: 'int java.lang.invoke.DirectMethodHandle$Holder.invokeSpecial(java.lang.Object, java.lang.Object, java.lang.Object, java.lang.Object, java.lang.Object)'> (0x0000000085c1d620) 
thrown [s\src\hotspot\share\interpreter\linkResolver.cpp, line 759]
Event: 26.524 Thread 0x0000020f2a05f160 Exception <a 'sun/nio/fs/WindowsException'{0x000000008523ca68}> (0x000000008523ca68) 
thrown [s\src\hotspot\share\prims\jni.cpp, line 516]
Event: 26.525 Thread 0x0000020f2a05f160 Exception <a 'sun/nio/fs/WindowsException'{0x000000008523f5e0}> (0x000000008523f5e0) 
thrown [s\src\hotspot\share\prims\jni.cpp, line 516]
Event: 26.526 Thread 0x0000020f2a05f160 Exception <a 'sun/nio/fs/WindowsException'{0x0000000085241f38}> (0x0000000085241f38) 
thrown [s\src\hotspot\share\prims\jni.cpp, line 516]
Event: 26.527 Thread 0x0000020f2a05f160 Exception <a 'sun/nio/fs/WindowsException'{0x0000000085244508}> (0x0000000085244508) 
thrown [s\src\hotspot\share\prims\jni.cpp, line 516]
Event: 27.119 Thread 0x0000020f7e468a30 Exception <a 'java/lang/ClassNotFoundException'{0x00000000880f0f58}: build_bfb1rv82oafou80dvr8xhdvfmBeanInfo> (0x00000000880f0f58) 
thrown [s\src\hotspot\share\classfile\systemDictionary.cpp, line 256]
Event: 27.120 Thread 0x0000020f7e468a30 Exception <a 'java/lang/ClassNotFoundException'{0x00000000880f78f0}: build_bfb1rv82oafou80dvr8xhdvfmCustomizer> (0x00000000880f78f0) 
thrown [s\src\hotspot\share\classfile\systemDictionary.cpp, line 256]

VM Operations (20 events):
Event: 25.967 Executing VM operation: ICBufferFull
Event: 25.967 Executing VM operation: ICBufferFull done
Event: 26.271 Executing VM operation: HandshakeAllThreads
Event: 26.271 Executing VM operation: HandshakeAllThreads done
Event: 26.274 Executing VM operation: HandshakeAllThreads
Event: 26.275 Executing VM operation: HandshakeAllThreads done
Event: 26.288 Executing VM operation: ICBufferFull
Event: 26.288 Executing VM operation: ICBufferFull done
Event: 26.512 Executing VM operation: HandshakeAllThreads
Event: 26.512 Executing VM operation: HandshakeAllThreads done
Event: 26.648 Executing VM operation: G1CollectForAllocation
Event: 26.664 Executing VM operation: G1CollectForAllocation done
Event: 26.813 Executing VM operation: G1PauseRemark
Event: 26.820 Executing VM operation: G1PauseRemark done
Event: 26.884 Executing VM operation: G1PauseCleanup
Event: 26.885 Executing VM operation: G1PauseCleanup done
Event: 27.146 Executing VM operation: HandshakeAllThreads
Event: 27.148 Executing VM operation: HandshakeAllThreads done
Event: 27.170 Executing VM operation: G1TryInitiateConcMark
Event: 27.180 Executing VM operation: G1TryInitiateConcMark done

Events (20 events):
Event: 25.934 loading class java/util/stream/ReferencePipeline$15$1 done
Event: 25.934 Thread 0x0000020f2a05ec50 Thread added: 0x0000020f2a05ec50
Event: 25.935 Thread 0x0000020f2a05c3d0 Thread added: 0x0000020f2a05c3d0
Event: 26.116 loading class java/util/TreeMap$KeySpliterator
Event: 26.117 loading class java/util/TreeMap$KeySpliterator done
Event: 26.147 Thread 0x0000020f2a05f160 Thread added: 0x0000020f2a05f160
Event: 26.156 Thread 0x0000020f2a05c8e0 Thread added: 0x0000020f2a05c8e0
Event: 26.156 Thread 0x0000020f2b3bbee0 Thread added: 0x0000020f2b3bbee0
Event: 26.156 Thread 0x0000020f2b3be760 Thread added: 0x0000020f2b3be760
Event: 26.213 Thread 0x0000020f2b3bdd40 Thread added: 0x0000020f2b3bdd40
Event: 26.370 Thread 0x0000020f2b3bb4c0 Thread added: 0x0000020f2b3bb4c0
Event: 26.371 Thread 0x0000020f2b3baaa0 Thread added: 0x0000020f2b3baaa0
Event: 26.375 Thread 0x0000020f2b3c00b0 Thread added: 0x0000020f2b3c00b0
Event: 26.456 Thread 0x0000020f2b3bd320 Thread added: 0x0000020f2b3bd320
Event: 26.457 Thread 0x0000020f2b3c0ad0 Thread added: 0x0000020f2b3c0ad0
Event: 26.594 loading class java/util/concurrent/ConcurrentLinkedQueue$Itr
Event: 26.594 loading class java/util/concurrent/ConcurrentLinkedQueue$Itr done
Event: 26.600 Thread 0x0000020f2b3c0fe0 Thread added: 0x0000020f2b3c0fe0
Event: 26.600 Thread 0x0000020f2b3bf180 Thread added: 0x0000020f2b3bf180
Event: 26.601 Thread 0x0000020f2b3bf690 Thread added: 0x0000020f2b3bf690


Dynamic libraries:
0x00007ff780150000 - 0x00007ff78015e000 	C:\Program Files\Microsoft\jdk-17.0.10.7-hotspot\bin\java.exe
0x00007ffe687b0000 - 0x00007ffe689a8000 	C:\Windows\SYSTEM32\ntdll.dll
0x00007ffe68190000 - 0x00007ffe6824d000 	C:\Windows\System32\KERNEL32.DLL
0x00007ffe664e0000 - 0x00007ffe667d6000 	C:\Windows\System32\KERNELBASE.dll
0x00007ffe65e60000 - 0x00007ffe65f60000 	C:\Windows\System32\ucrtbase.dll
0x00007ffe5ddc0000 - 0x00007ffe5ddd7000 	C:\Program Files\Microsoft\jdk-17.0.10.7-hotspot\bin\jli.dll
0x00007ffe668c0000 - 0x00007ffe66a5f000 	C:\Windows\System32\USER32.dll
0x00007ffe660c0000 - 0x00007ffe660e2000 	C:\Windows\System32\win32u.dll
0x00007ffe66c80000 - 0x00007ffe66cab000 	C:\Windows\System32\GDI32.dll
0x00007ffe66370000 - 0x00007ffe66487000 	C:\Windows\System32\gdi32full.dll
0x00007ffe66180000 - 0x00007ffe6621d000 	C:\Windows\System32\msvcp_win.dll
0x00007ffe541b0000 - 0x00007ffe5444a000 	C:\Windows\WinSxS\amd64_microsoft.windows.common-controls_6595b64144ccf1df_6.0.19041.4355_none_60b8b9eb71f62e16\COMCTL32.dll
0x00007ffe675e0000 - 0x00007ffe6767e000 	C:\Windows\System32\msvcrt.dll
0x00007ffe3a860000 - 0x00007ffe3a87b000 	C:\Program Files\Microsoft\jdk-17.0.10.7-hotspot\bin\VCRUNTIME140.dll
0x00007ffe66a60000 - 0x00007ffe66a92000 	C:\Windows\System32\IMM32.DLL
0x00007ffe537b0000 - 0x00007ffe537bc000 	C:\Program Files\Microsoft\jdk-17.0.10.7-hotspot\bin\vcruntime140_1.dll
0x00007ffe1bcd0000 - 0x00007ffe1bd5d000 	C:\Program Files\Microsoft\jdk-17.0.10.7-hotspot\bin\msvcp140.dll
0x00007ffe01bf0000 - 0x00007ffe02855000 	C:\Program Files\Microsoft\jdk-17.0.10.7-hotspot\bin\server\jvm.dll
0x00007ffe66810000 - 0x00007ffe668c0000 	C:\Windows\System32\ADVAPI32.dll
0x00007ffe68670000 - 0x00007ffe68710000 	C:\Windows\System32\sechost.dll
0x00007ffe68400000 - 0x00007ffe68523000 	C:\Windows\System32\RPCRT4.dll
0x00007ffe66290000 - 0x00007ffe662b7000 	C:\Windows\System32\bcrypt.dll
0x00007ffe653a0000 - 0x00007ffe653eb000 	C:\Windows\SYSTEM32\POWRPROF.dll
0x00007ffe494c0000 - 0x00007ffe494c9000 	C:\Windows\SYSTEM32\WSOCK32.dll
0x00007ffe68390000 - 0x00007ffe683fb000 	C:\Windows\System32\WS2_32.dll
0x00007ffe4f340000 - 0x00007ffe4f367000 	C:\Windows\SYSTEM32\WINMM.dll
0x00007ffe5da30000 - 0x00007ffe5da3a000 	C:\Windows\SYSTEM32\VERSION.dll
0x00007ffe65210000 - 0x00007ffe65222000 	C:\Windows\SYSTEM32\UMPDC.dll
0x00007ffe63ca0000 - 0x00007ffe63cb2000 	C:\Windows\SYSTEM32\kernel.appcore.dll
0x00007ffe53620000 - 0x00007ffe5362a000 	C:\Program Files\Microsoft\jdk-17.0.10.7-hotspot\bin\jimage.dll
0x00007ffe55500000 - 0x00007ffe556e4000 	C:\Windows\SYSTEM32\DBGHELP.DLL
0x00007ffe4f1c0000 - 0x00007ffe4f1f4000 	C:\Windows\SYSTEM32\dbgcore.DLL
0x00007ffe660f0000 - 0x00007ffe66172000 	C:\Windows\System32\bcryptPrimitives.dll
0x00007ffe3c630000 - 0x00007ffe3c63e000 	C:\Program Files\Microsoft\jdk-17.0.10.7-hotspot\bin\instrument.dll
0x00007ffe21b30000 - 0x00007ffe21b55000 	C:\Program Files\Microsoft\jdk-17.0.10.7-hotspot\bin\java.dll
0x00007ffe1bbf0000 - 0x00007ffe1bcc7000 	C:\Program Files\Microsoft\jdk-17.0.10.7-hotspot\bin\jsvml.dll
0x00007ffe66cb0000 - 0x00007ffe6741b000 	C:\Windows\System32\SHELL32.dll
0x00007ffe63ea0000 - 0x00007ffe6463d000 	C:\Windows\SYSTEM32\windows.storage.dll
0x00007ffe67b50000 - 0x00007ffe67ea3000 	C:\Windows\System32\combase.dll
0x00007ffe657a0000 - 0x00007ffe657ce000 	C:\Windows\SYSTEM32\Wldp.dll
0x00007ffe67eb0000 - 0x00007ffe67f7d000 	C:\Windows\System32\OLEAUT32.dll
0x00007ffe68250000 - 0x00007ffe682fd000 	C:\Windows\System32\SHCORE.dll
0x00007ffe68590000 - 0x00007ffe685e5000 	C:\Windows\System32\shlwapi.dll
0x00007ffe65d90000 - 0x00007ffe65db4000 	C:\Windows\SYSTEM32\profapi.dll
0x00007ffe2c3d0000 - 0x00007ffe2c3e8000 	C:\Program Files\Microsoft\jdk-17.0.10.7-hotspot\bin\zip.dll
0x00007ffe321c0000 - 0x00007ffe321d9000 	C:\Program Files\Microsoft\jdk-17.0.10.7-hotspot\bin\net.dll
0x00007ffe5daa0000 - 0x00007ffe5dbaa000 	C:\Windows\SYSTEM32\WINHTTP.dll
0x00007ffe65580000 - 0x00007ffe655ea000 	C:\Windows\system32\mswsock.dll
0x00007ffe31c10000 - 0x00007ffe31c26000 	C:\Program Files\Microsoft\jdk-17.0.10.7-hotspot\bin\nio.dll
0x00007ffe40fa0000 - 0x00007ffe40fb0000 	C:\Program Files\Microsoft\jdk-17.0.10.7-hotspot\bin\verify.dll
0x00007ffe20b00000 - 0x00007ffe20b27000 	C:\Users\muham\.gradle\native\68d5fa5c4cc2d200863cafc0d521ce42e7d3e7ee720ec0a83991735586a16f82\windows-amd64\native-platform.dll
0x00007ffe1baa0000 - 0x00007ffe1bbe4000 	C:\Users\muham\.gradle\native\e376f236ea51e6404a007f0833ffe2c6e607c4080706a723a18a27aeea778392\windows-amd64\native-platform-file-events.dll
0x00007ffe3f400000 - 0x00007ffe3f409000 	C:\Program Files\Microsoft\jdk-17.0.10.7-hotspot\bin\management.dll
0x00007ffe3e740000 - 0x00007ffe3e74b000 	C:\Program Files\Microsoft\jdk-17.0.10.7-hotspot\bin\management_ext.dll
0x00007ffe67420000 - 0x00007ffe67428000 	C:\Windows\System32\PSAPI.DLL
0x00007ffe657e0000 - 0x00007ffe657f8000 	C:\Windows\SYSTEM32\CRYPTSP.dll
0x00007ffe64e50000 - 0x00007ffe64e84000 	C:\Windows\system32\rsaenh.dll
0x00007ffe65d40000 - 0x00007ffe65d6e000 	C:\Windows\SYSTEM32\USERENV.dll
0x00007ffe65710000 - 0x00007ffe6571c000 	C:\Windows\SYSTEM32\CRYPTBASE.dll
0x00007ffe65230000 - 0x00007ffe6526b000 	C:\Windows\SYSTEM32\IPHLPAPI.DLL
0x00007ffe667e0000 - 0x00007ffe667e8000 	C:\Windows\System32\NSI.dll
0x00007ffe5ca60000 - 0x00007ffe5ca77000 	C:\Windows\SYSTEM32\dhcpcsvc6.DLL
0x00007ffe5d8e0000 - 0x00007ffe5d8fd000 	C:\Windows\SYSTEM32\dhcpcsvc.DLL
0x00007ffe65270000 - 0x00007ffe6533b000 	C:\Windows\SYSTEM32\DNSAPI.dll
0x00007ffe3c710000 - 0x00007ffe3c719000 	C:\Program Files\Microsoft\jdk-17.0.10.7-hotspot\bin\extnet.dll
0x00007ffe3c2b0000 - 0x00007ffe3c2be000 	C:\Program Files\Microsoft\jdk-17.0.10.7-hotspot\bin\sunmscapi.dll
0x00007ffe65f60000 - 0x00007ffe660be000 	C:\Windows\System32\CRYPT32.dll
0x00007ffe658f0000 - 0x00007ffe65919000 	C:\Windows\SYSTEM32\ncrypt.dll
0x00007ffe658b0000 - 0x00007ffe658eb000 	C:\Windows\SYSTEM32\NTASN1.dll
0x00007ffe3ab40000 - 0x00007ffe3ab47000 	C:\Windows\system32\wshunix.dll
0x00007ffe52a30000 - 0x00007ffe52a3a000 	C:\Windows\System32\rasadhlp.dll
0x00007ffe53100000 - 0x00007ffe53180000 	C:\Windows\System32\fwpuclnt.dll
0x00007ffe43aa0000 - 0x00007ffe43ab7000 	C:\Windows\system32\napinsp.dll
0x00007ffe43a80000 - 0x00007ffe43a9b000 	C:\Windows\system32\pnrpnsp.dll
0x00007ffe60c90000 - 0x00007ffe60ca5000 	C:\Windows\system32\wshbth.dll
0x00007ffe62980000 - 0x00007ffe6299d000 	C:\Windows\system32\NLAapi.dll
0x00007ffe43a60000 - 0x00007ffe43a72000 	C:\Windows\System32\winrnr.dll

dbghelp: loaded successfully - version: 4.0.5 - missing functions: none
symbol engine: initialized successfully - sym options: 0x614 - pdb path: .;C:\Program Files\Microsoft\jdk-17.0.10.7-hotspot\bin;C:\Windows\SYSTEM32;C:\Windows\WinSxS\amd64_microsoft.windows.common-controls_6595b64144ccf1df_6.0.19041.4355_none_60b8b9eb71f62e16;C:\Program Files\Microsoft\jdk-17.0.10.7-hotspot\bin\server;C:\Users\muham\.gradle\native\68d5fa5c4cc2d200863cafc0d521ce42e7d3e7ee720ec0a83991735586a16f82\windows-amd64;C:\Users\muham\.gradle\native\e376f236ea51e6404a007f0833ffe2c6e607c4080706a723a18a27aeea778392\windows-amd64

VM Arguments:
jvm_args: -XX:MaxMetaspaceSize=512m --add-opens=java.base/java.util=ALL-UNNAMED --add-opens=java.base/java.lang=ALL-UNNAMED --add-opens=java.base/java.lang.invoke=ALL-UNNAMED --add-opens=java.prefs/java.util.prefs=ALL-UNNAMED --add-opens=java.base/java.nio.charset=ALL-UNNAMED --add-opens=java.base/java.net=ALL-UNNAMED --add-opens=java.base/java.util.concurrent.atomic=ALL-UNNAMED -Xmx2048m -Dfile.encoding=windows-1252 -Duser.country=US -Duser.language=en -Duser.variant -javaagent:C:\Users\muham\.gradle\wrapper\dists\gradle-8.3-all\6en3ugtfdg5xnpx44z4qbwgas\gradle-8.3\lib\agents\gradle-instrumentation-agent-8.3.jar 
java_command: org.gradle.launcher.daemon.bootstrap.GradleDaemon 8.3
java_class_path (initial): C:\Users\muham\.gradle\wrapper\dists\gradle-8.3-all\6en3ugtfdg5xnpx44z4qbwgas\gradle-8.3\lib\gradle-launcher-8.3.jar
Launcher Type: SUN_STANDARD

[Global flags]
     intx CICompilerCount                          = 3                                         {product} {ergonomic}
   size_t CompressedClassSpaceSize                 = 436207616                                 {product} {ergonomic}
     uint ConcGCThreads                            = 1                                         {product} {ergonomic}
     uint G1ConcRefinementThreads                  = 4                                         {product} {ergonomic}
   size_t G1HeapRegionSize                         = 1048576                                   {product} {ergonomic}
    uintx GCDrainStackTargetSize                   = 64                                        {product} {ergonomic}
   size_t InitialHeapSize                          = 134217728                                 {product} {ergonomic}
   size_t MarkStackSize                            = 4194304                                   {product} {ergonomic}
   size_t MaxHeapSize                              = 2147483648                                {product} {command line}
   size_t MaxMetaspaceSize                         = 536870912                                 {product} {command line}
   size_t MaxNewSize                               = 1287651328                                {product} {ergonomic}
   size_t MinHeapDeltaBytes                        = 1048576                                   {product} {ergonomic}
   size_t MinHeapSize                              = 8388608                                   {product} {ergonomic}
    uintx NonNMethodCodeHeapSize                   = 5832780                                {pd product} {ergonomic}
    uintx NonProfiledCodeHeapSize                  = 122912730                              {pd product} {ergonomic}
    uintx ProfiledCodeHeapSize                     = 122912730                              {pd product} {ergonomic}
    uintx ReservedCodeCacheSize                    = 251658240                              {pd product} {ergonomic}
     bool SegmentedCodeCache                       = true                                      {product} {ergonomic}
   size_t SoftMaxHeapSize                          = 2147483648                             {manageable} {ergonomic}
     bool UseCompressedClassPointers               = true                           {product lp64_product} {ergonomic}
     bool UseCompressedOops                        = true                           {product lp64_product} {ergonomic}
     bool UseG1GC                                  = true                                      {product} {ergonomic}
     bool UseLargePagesIndividualAllocation        = false                                  {pd product} {ergonomic}

Logging:
Log output configuration:
 #0: stdout all=warning uptime,level,tags
 #1: stderr all=off uptime,level,tags

Environment Variables:
JAVA_HOME=C:\Program Files\Microsoft\jdk-17.0.10.7-hotspot\
CLASSPATH=D:\Study Material\6th Semester\MAD\Projects\Practice\android\\gradle\wrapper\gradle-wrapper.jar
PATH=D:\Study Material\6th Semester\MAD\Projects\Practice\node_modules\.bin;D:\Study Material\6th Semester\MAD\Projects\node_modules\.bin;D:\Study Material\6th Semester\MAD\node_modules\.bin;D:\Study Material\6th Semester\node_modules\.bin;D:\Study Material\node_modules\.bin;D:\node_modules\.bin;C:\Program Files\nodejs\node_modules\npm\node_modules\@npmcli\run-script\lib\node-gyp-bin;C:\Program Files\Microsoft\jdk-17.0.10.7-hotspot\bin;C:\Python312\Scripts\;C:\Python312\;C:\Windows\system32;C:\Windows;C:\Windows\System32\Wbem;C:\Windows\System32\WindowsPowerShell\v1.0\;C:\Windows\System32\OpenSSH\;C:\xampp\php;C:\composer;C:\Program Files\Git\bin;D:\Softwares\Xampp\Xampp\php;D:\Softwares\PHP Composer;C:\ProgramData\ComposerSetup\bin;C:\Program Files (x86)\Microsoft SQL Server\160\Tools\Binn\;C:\Program Files\Microsoft SQL Server\160\Tools\Binn\;C:\Program Files\Microsoft SQL Server\Client SDK\ODBC\170\Tools\Binn\;C:\Program Files\Microsoft SQL Server\160\DTS\Binn\;C:\Program Files\Azure Data Studio\bin;D:\Softwares\Java\jdk-21.0.2\bin;C:\Program Files\nodejs\;C:\ProgramData\chocolatey\bin;D:\Softwares\Flutter\flutter\bin;C:\Program Files\MongoDB\Server\7.0\bin;D:\Softwares\Graphiz\Graphviz\bin\dot.exe;D:\Softwares\AndroidStudio\AndroidStudio\bin;C:\Users\muham\AppData\Local\Android\Sdk\platform-tools;C:\Users\muham\AppData\Local\jdk-11.0.2\bin;C:\Users\muham\.cargo\bin;C:\Users\muham\AppData\Local\Microsoft\WindowsApps;C:\Users\muham\AppData\Local\Programs\Microsoft VS Code\bin;C:\Users\muham\AppData\Roaming\Composer\vendor\bin;C:\Program Files\Git\bin;C:\Program Files\Azure Data Studio\bin;D:\Softwares\Java\jdk-21.0.2\bin;C:\Users\muham\AppData\Roaming\npm;D:\Softwares\Flutter\flutter\bin;C:\Program Files\mongosh\;C:\Program Files\MongoDB\Server\7.0\bin;C:\Users\muham\AppData\Roaming\Python\Python312\Scripts;D:\Softwares\Graphiz\Graphviz\bin;C:\Users\muham\AppData\Local\Android\Sdk\platform-tools;
USERNAME=muham
LANG=en_US.UTF-8
OS=Windows_NT
PROCESSOR_IDENTIFIER=Intel64 Family 6 Model 142 Stepping 9, GenuineIntel
TMP=C:\Users\muham\AppData\Local\Temp
TEMP=C:\Users\muham\AppData\Local\Temp



Periodic native trim disabled


---------------  S Y S T E M  ---------------

OS:
 Windows 10 , 64 bit Build 19041 (10.0.19041.3636)
OS uptime: 1 days 0:53 hours
Hyper-V role detected

CPU: total 4 (initial active 4) (2 cores per cpu, 2 threads per core) family 6 model 142 stepping 9 microcode 0xf4, cx8, cmov, fxsr, ht, mmx, 3dnowpref, sse, sse2, sse3, ssse3, sse4.1, sse4.2, popcnt, lzcnt, tsc, tscinvbit, avx, avx2, aes, erms, clmul, bmi1, bmi2, rtm, adx, fma, vzeroupper, clflush, clflushopt, hv
Processor Information for all 4 processors :
  Max Mhz: 2904, Current Mhz: 801, Mhz Limit: 784

Memory: 4k page, system-wide physical 8067M (464M free)
TotalPageFile size 12163M (AvailPageFile size 10M)
current process WorkingSet (physical memory assigned to process): 345M, peak: 345M
current process commit charge ("private bytes"): 387M, peak: 390M

vm_info: OpenJDK 64-Bit Server VM (17.0.10+7-LTS) for windows-amd64 JRE (17.0.10+7-LTS), built on Jan 10 2024 19:47:12 by "MicrosoftCorporation" with MS VC++ 16.10 / 16.11 (VS2019)

END.
